0	45.1	51	36	5.5267	175.622
1	47.8	51	42	3.76534	168.044
2	48.8	51	44	2.78089	163.444
3	48.8	51	44	2.78089	163.444
4	49.4	51	44	2.22111	147.511
5	50.5	52	48	1.58114	140
6	51.7	54	48	2.21359	143.044
7	51.7	54	48	2.21359	143.044
8	51.7	54	48	2.21359	131.8
9	51.7	54	48	2.21359	131.8
10	52.3	54	50	1.88856	85.6
11	51.9	54	50	1.91195	80.9333
12	51.9	54	50	1.91195	80.1778
13	51.9	54	50	1.91195	80.1778
14	51.9	54	50	1.91195	83.8889
15	51.9	54	50	1.91195	83.8889
16	51.9	54	50	1.91195	83.8889
17	51.9	54	50	1.91195	83.8889
18	51.9	54	50	1.91195	83.8889
19	51.9	54	50	1.91195	83.8889
20	51.9	54	50	1.91195	86.6667
21	52	54	50	1.82574	86.6667
22	52	54	50	1.82574	86.6667
23	52.1	54	50	1.72884	86.6667
24	52.2	54	50	1.68655	86.6667
25	52.2	54	50	1.68655	86.6667
26	52.2	54	50	1.68655	86.6667
27	52.2	54	50	1.68655	69.4444
28	52.3	54	50	1.56702	69.4444
29	52.4	54	50	1.50555	69.4444
30	51	54	38	4.8074	69.3556
31	50.9	54	38	4.81779	67.7111
32	51.8	54	49	2.09762	69.6889
33	52	54	49	1.94365	71.6444
34	52	54	49	1.94365	71.6444
35	52	54	49	1.94365	71.6444
36	52	54	49	1.94365	71.6444
37	52	54	49	1.94365	71.6444
38	52.3	54	50	1.63639	71.6667
39	52.4	54	50	1.50555	72
40	51.4	54	42	3.62706	72.0889
41	52.2	54	50	1.68655	70.8222
42	52.4	54	51	1.42984	70.8222
43	52.4	54	51	1.42984	70.8222
44	52.4	54	51	1.42984	70.8222
45	52.4	54	51	1.42984	70.8222
46	52.4	54	51	1.42984	70.8222
47	54	56	51	2.26078	71.7111
48	54	56	51	2.26078	71.7111
49	52.8	56	44	3.76534	69.7111
50	54.1	56	51	2.13177	67.6
51	52.5	56	40	4.83621	59.4444
52	53	56	45	3.4641	61.6
53	53	56	45	3.4641	61.6
54	53.9	56	51	2.02485	60.1111
55	53.9	56	51	2.02485	60.1111
56	53.9	56	51	2.02485	60.1111
57	53.9	56	51	2.02485	60.1111
58	53.9	56	51	2.02485	60.1111
59	53.9	56	51	2.02485	60.1111
60	53.9	56	51	2.02485	60.1111
61	53.9	56	51	2.02485	37.6222
62	54	56	52	1.88562	37.6222
63	54	56	52	1.88562	37.6222
64	54	56	52	1.88562	40.6667
65	54	56	52	1.88562	40.6667
66	54.1	56	52	1.79196	45.2444
67	54.1	56	52	1.79196	43.7778
68	54.3	56	52	1.63639	49.1111
69	54.3	56	52	1.63639	49.1111
70	52.5	56	36	6.0231	57.3556
71	54.3	56	52	1.56702	49.9778
72	54.3	56	52	1.56702	49.9778
73	54.4	56	52	1.50555	49.9778
74	53.2	56	42	4.2111	44.9556
75	53.2	56	42	4.2111	44.9556
76	53.2	56	42	4.2111	44.9556
77	53.4	56	44	3.62706	41.9556
78	53.9	56	49	2.28279	43.9778
79	53.9	56	49	2.28279	43.9778
80	53.9	56	49	2.28279	50
81	54.2	56	52	1.68655	50
82	54.2	56	52	1.68655	50
83	54.2	56	52	1.68655	50
84	54.2	56	52	1.68655	50
85	54.2	56	52	1.68655	50
86	54.2	56	52	1.68655	50
87	54.2	56	52	1.68655	50
88	54.2	56	52	1.68655	50
89	54.2	56	52	1.68655	50
90	54.2	56	52	1.68655	50
91	54.2	56	52	1.68655	50
92	54.2	56	52	1.68655	50
93	54.2	56	52	1.68655	50
94	54.2	56	52	1.68655	50
95	54.2	56	52	1.68655	50
96	54.2	56	52	1.68655	54.4444
97	54.4	56	53	1.42984	54.4444
98	54.4	56	53	1.42984	54.4444
99	54.4	56	53	1.42984	54.4444
100	54.4	56	53	1.42984	54.4444
101	54.4	56	53	1.42984	57.9333
102	54.5	56	53	1.35401	57.9333
103	54.5	56	53	1.35401	54.1556
104	54.8	56	54	1.0328	44.4889
105	54.8	56	54	1.0328	44.5111
106	53	56	44	4.34614	56.3778
107	54.4	56	46	3.09839	53.7333
108	54.4	56	46	3.09839	40.1333
109	55.2	56	54	1.0328	36.5778
110	48.8	56	38	9.29516	52.7556
111	50.6	56	38	7.18331	51.0444
112	52.4	56	44	5.05964	47.7111
113	53	56	44	5.09902	53.1778
114	54.6	56	48	2.98887	50.1333
115	52.2	56	40	5.53373	55.4667
116	54.2	57	48	3.88158	45.4889
117	52.8	57	42	5.39135	42.6667
118	54.3	57	48	3.94546	42.6667
119	53.2	57	46	4.58984	30.7778
120	53.3	57	47	4.42342	31.0667
121	53.3	57	47	4.42342	28.6667
122	53.6	57	48	4.0332	34.6667
123	54.4	57	50	3.1693	34.8222
124	54.8	57	50	2.78089	30.2444
125	54.8	57	50	2.78089	30.2444
126	55.5	57	50	2.27303	24.0889
127	55.9	57	54	1.37032	23.7333
128	55.9	57	54	1.37032	23.7333
129	55.9	57	54	1.37032	23.7333
130	55.9	57	54	1.37032	23.7333
131	55.9	57	54	1.37032	23.7333
132	55.9	57	54	1.37032	23.7333
133	55.9	57	54	1.37032	23.7333
134	55.9	57	54	1.37032	23.7333
135	55.9	57	54	1.37032	27.0444
136	55.9	57	54	1.37032	27.0444
137	55.9	57	54	1.37032	27.0444
138	55.9	57	54	1.37032	27.0444
139	55.9	57	54	1.37032	34.1778
140	56.1	57	54	1.19722	40.9556
141	56.4	57	54	0.966092	40.9556
142	56.5	57	54	0.971825	40.9556
143	53.3	57	38	6.70075	48
144	56.3	57	54	0.948683	37.7556
145	56.6	57	56	0.516398	38.0889
146	55.3	57	44	4.00139	30.7778
147	56.1	57	52	1.52388	31.4222
148	56.1	57	52	1.52388	31.4222
149	56.3	57	54	0.948683	34.8222
150	56.3	57	54	0.948683	34.8222
151	56.3	57	54	0.948683	34.8222
152	56.3	57	54	0.948683	34.8222
153	56.3	57	54	0.948683	34.8222
154	56.3	57	54	0.948683	34.8222
155	56.3	57	54	0.948683	34.8222
156	56.3	57	54	0.948683	34.8222
157	56.3	57	54	0.948683	34.8222
158	56.3	57	54	0.948683	34.8222
159	56.4	57	55	0.699206	34.5111
160	56.4	57	55	0.699206	34.5111
161	56.4	57	55	0.699206	34.5111
162	56.4	57	55	0.699206	34.5111
163	56.4	57	55	0.699206	31.5333
164	56.4	57	55	0.699206	31.5333
165	56.4	57	55	0.699206	31.5333
166	56.4	57	55	0.699206	31.5333
167	56.4	57	55	0.699206	31.5333
168	56.4	57	55	0.699206	31.5333
169	56.4	57	55	0.699206	34.0444
170	56.4	57	55	0.699206	34.2889
171	56.4	57	55	0.699206	34.2889
172	56.4	57	55	0.699206	34.2889
173	56.5	57	56	0.527046	34.0889
174	56.5	57	56	0.527046	34.0889
175	56.6	57	56	0.516398	30.6667
176	56.6	57	56	0.516398	30.6667
177	56.6	57	56	0.516398	30.6667
178	56.6	57	56	0.516398	30.6667
179	56.6	57	56	0.516398	30.6667
180	56.6	57	56	0.516398	30.6667
181	56.6	57	56	0.516398	30.6667
182	56.6	57	56	0.516398	35.8667
183	56.6	57	56	0.516398	35.8667
184	56.6	57	56	0.516398	35.8667
185	56.6	57	56	0.516398	35.8667
186	56.6	57	56	0.516398	35.8667
187	56.6	57	56	0.516398	35.8667
188	56.6	57	56	0.516398	35.8667
189	56.6	57	56	0.516398	35.8667
190	56.6	57	56	0.516398	35.8667
191	56.6	57	56	0.516398	35.8667
192	56.6	57	56	0.516398	35.8667
193	56.6	57	56	0.516398	35.8667
194	56.6	57	56	0.516398	35.8667
195	56.6	57	56	0.516398	35.8667
196	56.6	57	56	0.516398	35.8667
197	56.6	57	56	0.516398	35.8667
198	56.6	57	56	0.516398	37.4889
199	56.6	57	56	0.516398	37.4889
200	56.6	57	56	0.516398	37.4889
201	56.6	57	56	0.516398	37.4889
202	56.6	57	56	0.516398	37.4889
203	56.6	57	56	0.516398	37.4889
204	56.6	57	56	0.516398	37.4889
205	56.6	57	56	0.516398	37.4889
206	56.6	57	56	0.516398	37.4889
207	56.6	57	56	0.516398	37.4889
208	56.6	57	56	0.516398	37.4889
209	56.7	57	56	0.483046	30.8
210	56.7	57	56	0.483046	30.8
211	56.8	57	56	0.421637	30.8
212	56.8	57	56	0.421637	30.8
213	56.8	57	56	0.421637	30.8
214	56.8	57	56	0.421637	30.8
215	56.8	57	56	0.421637	30.8
216	56.8	57	56	0.421637	30.8
217	56.8	57	56	0.421637	30.8
218	56.9	57	56	0.316228	30.8444
219	56.9	57	56	0.316228	30.8444
220	57	57	57	0	35.0667
221	57	57	57	0	35.0667
222	57	57	57	0	35.0667
223	57	57	57	0	35.0667
224	57	57	57	0	35.0667
225	57	57	57	0	30.5556
226	57	57	57	0	30.5556
227	57	57	57	0	30.5556
228	57	57	57	0	30.5556
229	57	57	57	0	30.5556
230	57	57	57	0	30.5556
231	57	57	57	0	30.5556
232	57	57	57	0	30.5556
233	57	57	57	0	30.5556
234	57	57	57	0	30.5556
235	57	57	57	0	30.5556
236	57	57	57	0	30.5556
237	57	57	57	0	30.5556
238	57	57	57	0	30.5556
239	57	57	57	0	30.5556
240	57	57	57	0	30.5556
241	57	57	57	0	30.5556
242	57	57	57	0	30.5556
243	57	57	57	0	30.5556
244	57	57	57	0	30.5556
245	57	57	57	0	30.5556
246	57	57	57	0	30.5556
247	57	57	57	0	30.5556
248	57	57	57	0	30.5556
249	57	57	57	0	30.5556
250	57	57	57	0	30.5556
