0	41.9	51	34	5.85852	175.622
1	50.2	51	44	2.20101	146.089
2	50.8	51	50	0.421637	150.6
3	50.8	51	50	0.421637	150.6
4	50.8	51	50	0.421637	150.6
5	50.8	51	50	0.421637	150.6
6	50.8	51	50	0.421637	150.6
7	50.8	51	50	0.421637	140.933
8	50.6	51	48	0.966092	158.356
9	50.7	51	49	0.674949	147.156
10	50.7	51	49	0.674949	147.156
11	50.7	51	49	0.674949	134.578
12	50.7	51	49	0.674949	133.533
13	50.7	51	49	0.674949	133.533
14	50.7	51	49	0.674949	133.533
15	50.7	51	49	0.674949	126.044
16	50.7	51	49	0.674949	126.044
17	50.7	51	49	0.674949	126.044
18	50.7	51	49	0.674949	126.044
19	50.7	51	49	0.674949	126.044
20	50.7	51	49	0.674949	126.044
21	50.7	51	49	0.674949	126.044
22	50.7	51	49	0.674949	126.044
23	50.7	51	49	0.674949	126.044
24	50.7	51	49	0.674949	135.422
25	50.7	51	49	0.674949	135.422
26	50.7	51	49	0.674949	135.422
27	50.7	51	49	0.674949	127.222
28	50.8	51	50	0.421637	127.222
29	50.8	51	50	0.421637	127.222
30	50.8	51	50	0.421637	127.222
31	50.8	51	50	0.421637	127.222
32	50.8	51	50	0.421637	127.222
33	50.8	51	50	0.421637	127.222
34	50.8	51	50	0.421637	127.222
35	50.8	51	50	0.421637	127.222
36	50.8	51	50	0.421637	127.222
37	50.8	51	50	0.421637	127.222
38	50.8	51	50	0.421637	127.222
39	50.8	51	50	0.421637	127.222
40	50.8	51	50	0.421637	127.222
41	50.8	51	50	0.421637	127.222
42	50.8	51	50	0.421637	127.222
43	50.8	51	50	0.421637	125.911
44	50.8	51	50	0.421637	125.911
45	50.8	51	50	0.421637	125.911
46	50.8	51	50	0.421637	125.911
47	50.8	51	50	0.421637	125.911
48	50.9	51	50	0.316228	133.289
49	50.9	51	50	0.316228	133.289
50	50.9	51	50	0.316228	133.289
51	50.9	51	50	0.316228	133.289
52	50.9	51	50	0.316228	133.289
53	50.9	51	50	0.316228	133.289
54	50.9	51	50	0.316228	133.289
55	50.9	51	50	0.316228	133.289
56	50.9	51	50	0.316228	133.289
57	50.9	51	50	0.316228	133.289
58	50.9	51	50	0.316228	160.4
59	50.9	51	50	0.316228	160.4
60	50.9	51	50	0.316228	160.4
61	51.8	52	51	0.421637	133.111
62	51.8	52	51	0.421637	133.111
63	51.8	52	51	0.421637	133.111
64	51.8	52	51	0.421637	133.111
65	51.8	52	51	0.421637	133.111
66	51.8	52	51	0.421637	133.111
67	51.8	52	51	0.421637	133.111
68	51.8	52	51	0.421637	128.022
69	50.7	52	40	3.77271	121.6
70	51.1	52	44	2.5144	121.8
71	51.1	52	44	2.5144	123.178
72	51.1	52	44	2.5144	122.067
73	51.1	52	44	2.5144	122.067
74	51.1	52	44	2.5144	122.067
75	51.3	52	46	1.88856	142.378
76	51.3	52	46	1.88856	142.378
77	51.3	52	46	1.88856	142.378
78	51.5	52	48	1.2693	125.467
79	51.5	52	48	1.2693	125.467
80	51.5	52	48	1.2693	128.067
81	51.8	52	51	0.421637	128.067
82	51.8	52	51	0.421637	128.067
83	51.8	52	51	0.421637	128.067
84	51.8	52	51	0.421637	128.067
85	51.8	52	51	0.421637	128.067
86	51.8	52	51	0.421637	128.067
87	51.8	52	51	0.421637	128.067
88	51.8	52	51	0.421637	128.067
89	51.8	52	51	0.421637	128.067
90	51.8	52	51	0.421637	128.067
91	51.8	52	51	0.421637	128.067
92	51.8	52	51	0.421637	128.067
93	51.8	52	51	0.421637	128.067
94	51.8	52	51	0.421637	128.067
95	51.8	52	51	0.421637	128.067
96	51.8	52	51	0.421637	128.067
97	51.8	52	51	0.421637	128.067
98	51.8	52	51	0.421637	128.067
99	51.8	52	51	0.421637	128.067
100	51.8	52	51	0.421637	128.067
101	51.8	52	51	0.421637	128.067
102	51.8	52	51	0.421637	128.067
103	51.8	52	51	0.421637	128.067
104	51.8	52	51	0.421637	128.067
105	51.8	52	51	0.421637	128.067
106	51.8	52	51	0.421637	128.067
107	51.8	52	51	0.421637	128.067
108	51.8	52	51	0.421637	128.067
109	51.8	52	51	0.421637	128.067
110	51.8	52	51	0.421637	128.067
111	51.8	52	51	0.421637	128.067
112	51.8	52	51	0.421637	128.067
113	51.8	52	51	0.421637	128.067
114	51.8	52	51	0.421637	128.067
115	51.8	52	51	0.421637	128.067
116	51.8	52	51	0.421637	128.067
117	51.8	52	51	0.421637	128.067
118	51.8	52	51	0.421637	128.067
119	51.8	52	51	0.421637	128.067
120	51.8	52	51	0.421637	128.067
121	51.8	52	51	0.421637	132.244
122	51.8	52	51	0.421637	132.244
123	51.8	52	51	0.421637	132.244
124	51.8	52	51	0.421637	132.244
125	51.8	52	51	0.421637	132.244
126	51.8	52	51	0.421637	132.244
127	51.8	52	51	0.421637	132.244
128	51.8	52	51	0.421637	132.244
129	51.8	52	51	0.421637	132.244
130	51.8	52	51	0.421637	132.244
131	51.8	52	51	0.421637	132.244
132	51.8	52	51	0.421637	132.244
133	51.8	52	51	0.421637	132.244
134	51.8	52	51	0.421637	132.244
135	51.8	52	51	0.421637	132.244
136	51.8	52	51	0.421637	132.244
137	51.8	52	51	0.421637	132.244
138	51.8	52	51	0.421637	132.244
139	51.8	52	51	0.421637	132.244
140	51.8	52	51	0.421637	132.244
141	51.8	52	51	0.421637	132.244
142	51.8	52	51	0.421637	132.244
143	51.8	52	51	0.421637	132.244
144	51.8	52	51	0.421637	132.244
145	51.8	52	51	0.421637	132.244
146	51.8	52	51	0.421637	132.244
147	51.8	52	51	0.421637	132.244
148	51.8	52	51	0.421637	132.244
149	51.8	52	51	0.421637	132.244
150	51.8	52	51	0.421637	132.244
151	51.8	52	51	0.421637	132.244
152	51.8	52	51	0.421637	132.244
153	51.8	52	51	0.421637	127.244
154	51.8	52	51	0.421637	127.244
155	51.8	52	51	0.421637	127.244
156	51.8	52	51	0.421637	127.244
157	51.8	52	51	0.421637	127.244
158	51.8	52	51	0.421637	127.244
159	51.8	52	51	0.421637	127.244
160	51.8	52	51	0.421637	127.244
161	51.8	52	51	0.421637	127.244
162	51.8	52	51	0.421637	127.244
163	51.8	52	51	0.421637	127.244
164	51.8	52	51	0.421637	127.244
165	51.8	52	51	0.421637	127.244
166	51.8	52	51	0.421637	127.244
167	51.8	52	51	0.421637	127.244
168	51.8	52	51	0.421637	127.244
169	51.8	52	51	0.421637	127.244
170	51.8	52	51	0.421637	127.244
171	51.8	52	51	0.421637	127.244
172	51.8	52	51	0.421637	127.244
173	51.8	52	51	0.421637	127.244
174	51.8	52	51	0.421637	127.244
175	51.8	52	51	0.421637	127.244
176	51.8	52	51	0.421637	127.244
177	51.8	52	51	0.421637	127.244
178	51.9	52	51	0.316228	121.289
179	51.9	52	51	0.316228	121.289
180	51.9	52	51	0.316228	121.289
181	51.9	52	51	0.316228	121.289
182	51.9	52	51	0.316228	121.289
183	51.9	52	51	0.316228	121.289
184	51.9	52	51	0.316228	121.289
185	51.9	52	51	0.316228	121.289
186	51.9	52	51	0.316228	121.289
187	51.9	52	51	0.316228	119.578
188	51.9	52	51	0.316228	119.578
189	51.9	52	51	0.316228	119.578
190	51.9	52	51	0.316228	119.578
191	51.9	52	51	0.316228	119.578
192	51.9	52	51	0.316228	119.578
193	52.8	53	52	0.421637	108.844
194	52.8	53	52	0.421637	108.844
195	52.8	53	52	0.421637	108.844
196	52.8	53	52	0.421637	108.844
197	52.8	53	52	0.421637	108.844
198	52.8	53	52	0.421637	108.844
199	52.8	53	52	0.421637	108.844
200	52.8	53	52	0.421637	108.844
201	52.8	53	52	0.421637	108.844
202	52.8	53	52	0.421637	101.489
203	51.8	53	42	3.45768	102.467
204	52	53	44	2.82843	97.5333
205	52	53	44	2.82843	104.022
206	52.2	53	46	2.20101	117.756
207	52.2	53	46	2.20101	117.756
208	52.2	53	46	2.20101	117.756
209	52.2	53	46	2.20101	117.756
210	52.2	53	46	2.20101	117.756
211	52.2	53	46	2.20101	117.756
212	52.2	53	46	2.20101	117.756
213	52.2	53	46	2.20101	117.756
214	52.4	53	48	1.57762	95.6222
215	52.4	53	48	1.57762	95.6222
216	52.4	53	48	1.57762	95.6222
217	52.4	53	48	1.57762	101.889
218	52.8	53	52	0.421637	101.889
219	52.8	53	52	0.421637	101.889
220	52.8	53	52	0.421637	101.889
221	52.8	53	52	0.421637	101.889
222	52.9	53	52	0.316228	107.6
223	52.9	53	52	0.316228	107.6
224	52.9	53	52	0.316228	107.6
225	52.9	53	52	0.316228	107.6
226	52.9	53	52	0.316228	107.6
227	52.9	53	52	0.316228	107.6
228	52.9	53	52	0.316228	107.6
229	52.9	53	52	0.316228	111.089
230	52.9	53	52	0.316228	111.089
231	52.9	53	52	0.316228	111.089
232	52.9	53	52	0.316228	111.089
233	52.9	53	52	0.316228	111.089
234	53	53	53	0	112.867
235	53	53	53	0	112.867
236	53	53	53	0	112.867
237	53	53	53	0	112.867
238	53	53	53	0	112.867
239	53	53	53	0	112.867
240	53	53	53	0	112.867
241	53	53	53	0	112.867
242	53	53	53	0	112.867
243	53	53	53	0	112.867
244	53	53	53	0	112.867
245	53	53	53	0	112.867
246	53	53	53	0	112.867
247	53	53	53	0	112.867
248	53	53	53	0	113.267
249	53	53	53	0	106.022
250	53	53	53	0	106.022
