0	41.07	50	30	4.69097	-1
1	44.23	50	40	3.07435	-1
2	45.46	50	42	2.46765	-1
3	46	50	44	2.4037	-1
4	46.24	50	44	2.42512	-1
5	46.7	50	44	2.36771	-1
6	47.19	50	44	2.2993	-1
7	47.42	50	44	2.18433	-1
8	47.8	50	44	1.93845	-1
9	48.03	50	45	1.75496	-1
10	48.11	50	46	1.68712	-1
11	48.21	50	46	1.61617	-1
12	48.39	50	46	1.46263	-1
13	48.78	51	46	1.29942	-1
14	49.01	51	47	1.1055	-1
15	49.4	55	48	1.27921	-1
16	49.44	55	48	1.26587	-1
17	49.54	55	48	1.25062	-1
18	49.68	55	48	1.24625	-1
19	49.78	55	48	1.21089	-1
20	50.03	55	48	1.2428	-1
21	50.26	55	48	1.14256	-1
22	50.33	55	49	1.06415	-1
23	50.35	55	49	1.04809	-1
24	50.38	55	50	1.02277	-1
25	50.42	55	50	1.04621	-1
26	50.42	55	50	1.04621	-1
27	50.42	55	50	1.04621	-1
28	50.42	55	50	1.04621	-1
29	50.42	55	50	1.04621	-1
30	50.44	55	50	1.04755	-1
31	50.46	55	50	1.04852	-1
32	50.46	55	50	1.04852	-1
33	50.46	55	50	1.04852	-1
34	50.52	55	50	1.06818	-1
35	50.52	55	50	1.06818	-1
36	50.52	55	50	1.06818	-1
37	50.52	55	50	1.06818	-1
38	50.52	55	50	1.06818	-1
39	50.52	55	50	1.06818	-1
40	50.62	55	50	1.2373	-1
41	50.62	55	50	1.2373	-1
42	50.62	55	50	1.2373	-1
43	50.62	55	50	1.2373	-1
44	50.62	55	50	1.2373	-1
45	50.7	55	50	1.32192	-1
46	50.7	55	50	1.32192	-1
47	50.7	55	50	1.32192	-1
48	50.7	55	50	1.32192	-1
49	50.72	55	50	1.31871	-1
50	50.74	55	50	1.31518	-1
51	50.74	55	50	1.31518	-1
52	50.79	55	50	1.32035	-1
53	50.79	55	50	1.32035	-1
54	50.81	55	50	1.31575	-1
55	50.81	55	50	1.31575	-1
56	50.9	55	50	1.3817	-1
57	50.94	55	50	1.38403	-1
58	50.99	55	50	1.38166	-1
59	50.99	55	50	1.38166	-1
60	51.16	56	50	1.52898	-1
61	51.21	56	50	1.51954	-1
62	51.25	56	50	1.51341	-1
63	51.27	56	50	1.50323	-1
64	51.27	56	50	1.50323	-1
65	51.37	56	50	1.58053	-1
66	51.39	56	50	1.56924	-1
67	51.51	56	50	1.61117	-1
68	51.55	56	50	1.59782	-1
69	51.58	56	50	1.57749	-1
70	51.58	56	50	1.57749	-1
71	51.62	56	50	1.56205	-1
72	51.72	56	50	1.57043	-1
73	51.72	56	50	1.57043	-1
74	51.72	56	50	1.57043	-1
75	51.74	56	50	1.55453	-1
76	51.74	56	50	1.55453	-1
77	51.74	56	50	1.55453	-1
78	51.74	56	50	1.55453	-1
79	51.74	56	50	1.55453	-1
80	51.74	56	50	1.55453	-1
81	51.74	56	50	1.55453	-1
82	51.76	56	50	1.5382	-1
83	51.78	56	50	1.52143	-1
84	51.8	56	50	1.5042	-1
85	51.83	56	50	1.47747	-1
86	51.85	56	50	1.45904	-1
87	51.87	56	50	1.44008	-1
88	51.87	56	50	1.44008	-1
89	52.03	56	50	1.45959	-1
90	52.04	56	51	1.44893	-1
91	52.04	56	51	1.44893	-1
92	52.04	56	51	1.44893	-1
93	52.1	56	51	1.4668	-1
94	52.12	56	51	1.45838	-1
95	52.19	56	51	1.46815	-1
96	52.19	56	51	1.46815	-1
97	52.21	56	51	1.45848	-1
98	52.27	56	51	1.46925	-1
99	52.29	56	51	1.45848	-1
100	52.29	56	51	1.45848	-1
101	52.29	56	51	1.45848	-1
102	52.35	56	51	1.46594	-1
103	52.37	56	51	1.45404	-1
104	52.37	56	51	1.45404	-1
105	52.39	56	51	1.44177	-1
106	52.41	56	51	1.4291	-1
107	52.43	56	51	1.41603	-1
108	52.43	56	51	1.41603	-1
109	52.49	56	51	1.41774	-1
110	52.49	56	51	1.41774	-1
111	52.49	56	51	1.41774	-1
112	52.49	56	51	1.41774	-1
113	52.49	56	51	1.41774	-1
114	52.51	56	51	1.40342	-1
115	52.51	56	51	1.40342	-1
116	52.6	56	51	1.42134	-1
117	52.6	56	51	1.42134	-1
118	52.6	56	51	1.42134	-1
119	52.66	56	51	1.41578	-1
120	52.68	56	51	1.39899	-1
121	52.68	56	51	1.39899	-1
122	52.68	56	51	1.39899	-1
123	52.74	56	51	1.38986	-1
124	52.74	56	51	1.38986	-1
125	52.74	56	51	1.38986	-1
126	52.74	56	51	1.38986	-1
127	52.74	56	51	1.38986	-1
128	52.74	56	51	1.38986	-1
129	52.74	56	51	1.38986	-1
130	52.8	56	51	1.37804	-1
131	52.82	56	51	1.3587	-1
132	52.82	56	51	1.3587	-1
133	52.84	56	51	1.33878	-1
134	52.86	56	51	1.31825	-1
135	52.92	56	51	1.30019	-1
136	52.92	56	51	1.30019	-1
137	52.92	56	51	1.30019	-1
138	52.92	56	51	1.30019	-1
139	52.92	56	51	1.30019	-1
140	52.92	56	51	1.30019	-1
141	52.92	56	51	1.30019	-1
142	52.98	56	51	1.27905	-1
143	52.98	56	51	1.27905	-1
144	52.98	56	51	1.27905	-1
145	53.04	56	51	1.25465	-1
146	53.04	56	51	1.25465	-1
147	53.04	56	51	1.25465	-1
148	53.04	56	51	1.25465	-1
149	53.04	56	51	1.25465	-1
150	53.04	56	51	1.25465	-1
151	53.12	56	51	1.24948	-1
152	53.12	56	51	1.24948	-1
153	53.18	56	52	1.21755	-1
154	53.18	56	52	1.21755	-1
155	53.22	56	52	1.21089	-1
156	53.22	56	52	1.21089	-1
157	53.22	56	52	1.21089	-1
158	53.22	56	52	1.21089	-1
159	53.22	56	52	1.21089	-1
160	53.22	56	52	1.21089	-1
161	53.26	56	52	1.20286	-1
162	53.26	56	52	1.20286	-1
163	53.26	56	52	1.20286	-1
164	53.26	56	52	1.20286	-1
165	53.26	56	52	1.20286	-1
166	53.26	56	52	1.20286	-1
167	53.3	56	52	1.19342	-1
168	53.3	56	52	1.19342	-1
169	53.3	56	52	1.19342	-1
170	53.3	56	52	1.19342	-1
171	53.3	56	52	1.19342	-1
172	53.3	56	52	1.19342	-1
173	53.3	56	52	1.19342	-1
174	53.3	56	52	1.19342	-1
175	53.3	56	52	1.19342	-1
176	53.3	56	52	1.19342	-1
177	53.3	56	52	1.19342	-1
178	53.3	56	52	1.19342	-1
179	53.3	56	52	1.19342	-1
180	53.3	56	52	1.19342	-1
181	53.3	56	52	1.19342	-1
182	53.3	56	52	1.19342	-1
183	53.3	56	52	1.19342	-1
184	53.3	56	52	1.19342	-1
185	53.3	56	52	1.19342	-1
186	53.34	56	52	1.18253	-1
187	53.34	56	52	1.18253	-1
188	53.34	56	52	1.18253	-1
189	53.34	56	52	1.18253	-1
190	53.34	56	52	1.18253	-1
191	53.34	56	52	1.18253	-1
192	53.34	56	52	1.18253	-1
193	53.34	56	52	1.18253	-1
194	53.38	56	52	1.17017	-1
195	53.38	56	52	1.17017	-1
196	53.42	56	52	1.15627	-1
197	53.46	56	52	1.1408	-1
198	53.46	56	52	1.1408	-1
199	53.46	56	52	1.1408	-1
200	53.46	56	52	1.1408	-1
201	53.46	56	52	1.1408	-1
202	53.48	56	52	1.12349	-1
203	53.48	56	52	1.12349	-1
204	53.48	56	52	1.12349	-1
205	53.48	56	52	1.12349	-1
206	53.48	56	52	1.12349	-1
207	53.48	56	52	1.12349	-1
208	53.48	56	52	1.12349	-1
209	53.48	56	52	1.12349	-1
210	53.48	56	52	1.12349	-1
211	53.52	56	52	1.10536	-1
212	53.52	56	52	1.10536	-1
213	53.52	56	52	1.10536	-1
214	53.56	56	52	1.08544	-1
215	53.56	56	52	1.08544	-1
216	53.56	56	52	1.08544	-1
217	53.56	56	52	1.08544	-1
218	53.58	56	52	1.06534	-1
219	53.58	56	52	1.06534	-1
220	53.58	56	52	1.06534	-1
221	53.58	56	52	1.06534	-1
222	53.58	56	52	1.06534	-1
223	53.58	56	52	1.06534	-1
224	53.64	56	52	1.03005	-1
225	53.64	56	52	1.03005	-1
226	53.64	56	52	1.03005	-1
227	53.68	56	52	1.00383	-1
228	53.68	56	52	1.00383	-1
229	53.68	56	52	1.00383	-1
230	53.68	56	52	1.00383	-1
231	53.68	56	52	1.00383	-1
232	53.68	56	52	1.00383	-1
233	53.68	56	52	1.00383	-1
234	53.68	56	52	1.00383	-1
235	53.68	56	52	1.00383	-1
236	53.68	56	52	1.00383	-1
237	53.68	56	52	1.00383	-1
238	53.68	56	52	1.00383	-1
239	53.68	56	52	1.00383	-1
240	53.68	56	52	1.00383	-1
241	53.68	56	52	1.00383	-1
242	53.74	56	52	0.960008	-1
243	53.74	56	52	0.960008	-1
244	53.74	56	52	0.960008	-1
245	53.74	56	52	0.960008	-1
246	53.78	56	52	0.927471	-1
247	53.78	56	52	0.927471	-1
248	53.78	56	52	0.927471	-1
249	53.78	56	52	0.927471	-1
250	53.78	56	52	0.927471	-1
