#! /usr/local/bin/vvp
:ivl_version "11.0 (stable)" "(v11_0)";
:ivl_delay_selection "TYPICAL";
:vpi_time_precision - 11;
:vpi_module "/usr/local/lib/ivl/system.vpi";
:vpi_module "/usr/local/lib/ivl/vhdl_sys.vpi";
:vpi_module "/usr/local/lib/ivl/vhdl_textio.vpi";
:vpi_module "/usr/local/lib/ivl/v2005_math.vpi";
:vpi_module "/usr/local/lib/ivl/va_math.vpi";
:vpi_module "/usr/local/lib/ivl/v2009.vpi";
S_0x55d60bfb14a0 .scope package, "$unit" "$unit" 2 1;
 .timescale 0 0;
S_0x55d60bfeb550 .scope module, "mul4_testbench" "mul4_testbench" 3 5;
 .timescale -9 -11;
v0x55d60c005000_0 .var/2s "fitness", 31 0;
v0x55d60c005100_0 .var "misses_y0", 15 0;
v0x55d60c0051e0_0 .var "misses_y1", 15 0;
v0x55d60c0052a0_0 .var "misses_y2", 15 0;
v0x55d60c005380_0 .var "misses_y3", 15 0;
v0x55d60c005460_0 .var "test_a0", 15 0;
v0x55d60c005520_0 .var "test_a1", 15 0;
v0x55d60c0055f0_0 .var "test_b0", 15 0;
v0x55d60c0056c0_0 .var "test_b1", 15 0;
v0x55d60c005790_0 .net "test_y0", 15 0, v0x55d60c004b80_0;  1 drivers
v0x55d60c005860_0 .net "test_y1", 15 0, v0x55d60c004c60_0;  1 drivers
v0x55d60c005930_0 .net "test_y2", 15 0, v0x55d60c004d40_0;  1 drivers
v0x55d60c005a00_0 .net "test_y3", 15 0, v0x55d60c004e20_0;  1 drivers
S_0x55d60bfeb6e0 .scope module, "uut" "mul4" 3 19, 4 1 0, S_0x55d60bfeb550;
 .timescale 0 0;
    .port_info 0 /INPUT 16 "a1";
    .port_info 1 /INPUT 16 "a0";
    .port_info 2 /INPUT 16 "b1";
    .port_info 3 /INPUT 16 "b0";
    .port_info 4 /OUTPUT 16 "y3";
    .port_info 5 /OUTPUT 16 "y2";
    .port_info 6 /OUTPUT 16 "y1";
    .port_info 7 /OUTPUT 16 "y0";
v0x55d60bfc2670_0 .net "a0", 15 0, v0x55d60c005460_0;  1 drivers
v0x55d60c004530_0 .net "a1", 15 0, v0x55d60c005520_0;  1 drivers
v0x55d60c004610_0 .net "b0", 15 0, v0x55d60c0055f0_0;  1 drivers
v0x55d60c0046d0_0 .net "b1", 15 0, v0x55d60c0056c0_0;  1 drivers
v0x55d60c0047b0_0 .var "r0", 15 0;
v0x55d60c0048e0_0 .var "r1", 15 0;
v0x55d60c0049c0_0 .var "r2", 15 0;
v0x55d60c004aa0_0 .var "r3", 15 0;
v0x55d60c004b80_0 .var "y0", 15 0;
v0x55d60c004c60_0 .var "y1", 15 0;
v0x55d60c004d40_0 .var "y2", 15 0;
v0x55d60c004e20_0 .var "y3", 15 0;
E_0x55d60bfe89d0/0 .event edge, v0x55d60bfc2670_0, v0x55d60c004530_0, v0x55d60c004610_0, v0x55d60c0046d0_0;
E_0x55d60bfe89d0/1 .event edge, v0x55d60c0049c0_0, v0x55d60c004aa0_0, v0x55d60c0048e0_0, v0x55d60c0047b0_0;
E_0x55d60bfe89d0 .event/or E_0x55d60bfe89d0/0, E_0x55d60bfe89d0/1;
    .scope S_0x55d60bfeb6e0;
T_0 ;
    %wait E_0x55d60bfe89d0;
    %load/vec4 v0x55d60bfc2670_0;
    %store/vec4 v0x55d60c0047b0_0, 0, 16;
    %load/vec4 v0x55d60c004530_0;
    %store/vec4 v0x55d60c0048e0_0, 0, 16;
    %load/vec4 v0x55d60c004610_0;
    %store/vec4 v0x55d60c0049c0_0, 0, 16;
    %load/vec4 v0x55d60c0046d0_0;
    %store/vec4 v0x55d60c004aa0_0, 0, 16;
    ; show_stmt_assign_vector: Get l-value for compressed &= operand
    %load/vec4 v0x55d60c0047b0_0;
    %load/vec4 v0x55d60c004610_0;
    %and;
    %store/vec4 v0x55d60c0047b0_0, 0, 16;
    %load/vec4 v0x55d60c004530_0;
    %nor/r;
    %pad/u 16;
    %store/vec4 v0x55d60c0049c0_0, 0, 16;
    %load/vec4 v0x55d60c0049c0_0;
    %nor/r;
    %pad/u 16;
    %store/vec4 v0x55d60c004aa0_0, 0, 16;
    ; show_stmt_assign_vector: Get l-value for compressed &= operand
    %load/vec4 v0x55d60c0048e0_0;
    %load/vec4 v0x55d60c004610_0;
    %and;
    %store/vec4 v0x55d60c0048e0_0, 0, 16;
    ; show_stmt_assign_vector: Get l-value for compressed ^= operand
    %load/vec4 v0x55d60c0048e0_0;
    %load/vec4 v0x55d60c004aa0_0;
    %xor;
    %store/vec4 v0x55d60c0048e0_0, 0, 16;
    %load/vec4 v0x55d60c004aa0_0;
    %store/vec4 v0x55d60c004e20_0, 0, 16;
    %load/vec4 v0x55d60c0049c0_0;
    %store/vec4 v0x55d60c004d40_0, 0, 16;
    %load/vec4 v0x55d60c0048e0_0;
    %store/vec4 v0x55d60c004c60_0, 0, 16;
    %load/vec4 v0x55d60c0047b0_0;
    %store/vec4 v0x55d60c004b80_0, 0, 16;
    %jmp T_0;
    .thread T_0, $push;
    .scope S_0x55d60bfeb550;
T_1 ;
    %pushi/vec4 255, 0, 16;
    %store/vec4 v0x55d60c005520_0, 0, 16;
    %pushi/vec4 3855, 0, 16;
    %store/vec4 v0x55d60c005460_0, 0, 16;
    %pushi/vec4 13107, 0, 16;
    %store/vec4 v0x55d60c0056c0_0, 0, 16;
    %pushi/vec4 21845, 0, 16;
    %store/vec4 v0x55d60c0055f0_0, 0, 16;
    %delay 20000, 0;
    %load/vec4 v0x55d60c005a00_0;
    %pushi/vec4 1, 0, 16;
    %xor;
    %store/vec4 v0x55d60c005380_0, 0, 16;
    %load/vec4 v0x55d60c005930_0;
    %pushi/vec4 50, 0, 16;
    %xor;
    %store/vec4 v0x55d60c0052a0_0, 0, 16;
    %load/vec4 v0x55d60c005860_0;
    %pushi/vec4 854, 0, 16;
    %xor;
    %store/vec4 v0x55d60c0051e0_0, 0, 16;
    %load/vec4 v0x55d60c005790_0;
    %pushi/vec4 1285, 0, 16;
    %xor;
    %store/vec4 v0x55d60c005100_0, 0, 16;
    %vpi_call/w 3 49 "$display", "misses_y3 = %b ", v0x55d60c005380_0 {0 0 0};
    %vpi_call/w 3 50 "$display", "misses_y2 = %b ", v0x55d60c0052a0_0 {0 0 0};
    %vpi_call/w 3 51 "$display", "misses_y1 = %b ", v0x55d60c0051e0_0 {0 0 0};
    %vpi_call/w 3 52 "$display", "misses_y0 = %b ", v0x55d60c005100_0 {0 0 0};
    %load/vec4 v0x55d60c005380_0;
    %inv;
    %vpi_func 3 57 "$countones" 32, S<0,vec4,u16> {1 0 0};
    %load/vec4 v0x55d60c0052a0_0;
    %inv;
    %vpi_func 3 57 "$countones" 32, S<0,vec4,u16> {1 0 0};
    %add;
    %load/vec4 v0x55d60c0051e0_0;
    %inv;
    %vpi_func 3 57 "$countones" 32, S<0,vec4,u16> {1 0 0};
    %add;
    %load/vec4 v0x55d60c005100_0;
    %inv;
    %vpi_func 3 57 "$countones" 32, S<0,vec4,u16> {1 0 0};
    %add;
    %cast2;
    %store/vec4 v0x55d60c005000_0, 0, 32;
    %vpi_call/w 3 58 "$display", "fitness = %d", v0x55d60c005000_0 {0 0 0};
    %delay 20000, 0;
    %vpi_call/w 3 64 "$finish" {0 0 0};
    %end;
    .thread T_1;
# The file index is used to find the file name in the following table.
:file_names 5;
    "N/A";
    "<interactive>";
    "-";
    "mul4_tb.sv";
    "mul4.sv";
