0	41.07	50	30	4.69097	-1
1	43.82	50	40	3.02308	-1
2	45.29	54	42	2.72399	-1
3	46.02	54	44	2.68546	-1
4	46.38	54	44	2.69972	-1
5	46.89	54	44	2.63195	-1
6	47.43	54	44	2.49951	-1
7	47.95	54	44	2.20365	-1
8	48.4	54	46	1.8532	-1
9	48.58	54	46	1.79325	-1
10	48.77	54	46	1.68688	-1
11	48.94	54	46	1.54932	-1
12	49.18	54	46	1.34375	-1
13	49.4	54	48	1.27921	-1
14	49.55	54	48	1.21751	-1
15	49.7	54	48	1.15906	-1
16	49.92	54	48	1.23648	-1
17	49.98	54	48	1.18901	-1
18	50.05	54	48	1.12254	-1
19	50.24	54	49	0.965255	-1
20	50.29	54	49	0.924361	-1
21	50.35	54	50	0.936088	-1
22	50.35	54	50	0.936088	-1
23	50.35	54	50	0.936088	-1
24	50.35	54	50	0.936088	-1
25	50.35	54	50	0.936088	-1
26	50.35	54	50	0.936088	-1
27	50.36	54	50	0.937652	-1
28	50.38	54	50	0.940449	-1
29	50.38	54	50	0.940449	-1
30	50.4	54	50	0.94281	-1
31	50.42	54	50	0.944736	-1
32	50.44	54	50	0.94623	-1
33	50.48	54	50	0.969015	-1
34	50.54	54	50	0.989032	-1
35	50.54	54	50	0.989032	-1
36	50.56	54	50	0.988008	-1
37	50.56	54	50	0.988008	-1
38	50.56	54	50	0.988008	-1
39	50.6	54	50	1.00504	-1
40	50.6	54	50	1.00504	-1
41	50.65	54	50	1.01876	-1
42	50.65	54	50	1.01876	-1
43	50.75	55	50	1.18386	-1
44	50.75	55	50	1.18386	-1
45	50.75	55	50	1.18386	-1
46	50.77	55	50	1.17941	-1
47	50.77	55	50	1.17941	-1
48	50.77	55	50	1.17941	-1
49	50.77	55	50	1.17941	-1
50	50.77	55	50	1.17941	-1
51	50.81	55	50	1.18658	-1
52	50.83	55	50	1.18112	-1
53	50.83	55	50	1.18112	-1
54	50.85	55	50	1.17529	-1
55	50.85	55	50	1.17529	-1
56	50.85	55	50	1.17529	-1
57	50.85	55	50	1.17529	-1
58	50.87	55	50	1.16909	-1
59	50.95	55	50	1.24215	-1
60	50.99	55	50	1.24312	-1
61	50.99	55	50	1.24312	-1
62	51.01	55	50	1.23497	-1
63	51.01	55	50	1.23497	-1
64	51.05	55	50	1.23399	-1
65	51.11	55	50	1.22181	-1
66	51.13	55	50	1.21152	-1
67	51.13	55	50	1.21152	-1
68	51.13	55	50	1.21152	-1
69	51.18	55	50	1.20084	-1
70	51.18	55	50	1.20084	-1
71	51.22	55	50	1.17705	-1
72	51.25	55	50	1.15798	-1
73	51.28	55	50	1.13778	-1
74	51.28	55	50	1.13778	-1
75	51.33	55	50	1.11966	-1
76	51.33	55	50	1.11966	-1
77	51.35	55	50	1.1044	-1
78	51.45	55	50	1.1404	-1
79	51.45	55	50	1.1404	-1
80	51.5	55	50	1.11464	-1
81	51.54	55	50	1.09563	-1
82	51.58	55	50	1.07478	-1
83	51.6	55	50	1.05409	-1
84	51.63	55	50	1.02154	-1
85	51.63	55	50	1.02154	-1
86	51.63	55	50	1.02154	-1
87	51.63	55	50	1.02154	-1
88	51.63	55	50	1.02154	-1
89	51.63	55	50	1.02154	-1
90	51.63	55	50	1.02154	-1
91	51.71	55	51	1.04731	-1
92	51.71	55	51	1.04731	-1
93	51.79	55	51	1.13969	-1
94	51.79	55	51	1.13969	-1
95	51.79	55	51	1.13969	-1
96	51.79	55	51	1.13969	-1
97	51.79	55	51	1.13969	-1
98	51.79	55	51	1.13969	-1
99	51.79	55	51	1.13969	-1
100	51.85	55	51	1.17529	-1
101	51.87	55	51	1.16909	-1
102	51.87	55	51	1.16909	-1
103	51.93	55	51	1.19979	-1
104	51.93	55	51	1.19979	-1
105	51.95	55	51	1.19236	-1
106	51.95	55	51	1.19236	-1
107	51.95	55	51	1.19236	-1
108	51.95	55	51	1.19236	-1
109	51.95	55	51	1.19236	-1
110	51.99	55	51	1.19337	-1
111	51.99	55	51	1.19337	-1
112	51.99	55	51	1.19337	-1
113	51.99	55	51	1.19337	-1
114	51.99	55	51	1.19337	-1
115	51.99	55	51	1.19337	-1
116	51.99	55	51	1.19337	-1
117	51.99	55	51	1.19337	-1
118	52.05	55	51	1.21751	-1
119	52.13	55	51	1.27648	-1
120	52.13	55	51	1.27648	-1
121	52.13	55	51	1.27648	-1
122	52.13	55	51	1.27648	-1
123	52.13	55	51	1.27648	-1
124	52.13	55	51	1.27648	-1
125	52.13	55	51	1.27648	-1
126	52.13	55	51	1.27648	-1
127	52.19	55	51	1.29252	-1
128	52.19	55	51	1.29252	-1
129	52.19	55	51	1.29252	-1
130	52.21	55	51	1.28153	-1
131	52.21	55	51	1.28153	-1
132	52.27	55	51	1.29377	-1
133	52.27	55	51	1.29377	-1
134	52.29	55	51	1.28153	-1
135	52.31	55	51	1.26886	-1
136	52.31	55	51	1.26886	-1
137	52.31	55	51	1.26886	-1
138	52.37	55	51	1.27648	-1
139	52.37	55	51	1.27648	-1
140	52.37	55	51	1.27648	-1
141	52.37	55	51	1.27648	-1
142	52.37	55	51	1.27648	-1
143	52.37	55	51	1.27648	-1
144	52.39	55	51	1.26247	-1
145	52.39	55	51	1.26247	-1
146	52.43	55	51	1.24928	-1
147	52.43	55	51	1.24928	-1
148	52.45	55	51	1.23399	-1
149	52.47	55	51	1.21817	-1
150	52.47	55	51	1.21817	-1
151	52.47	55	51	1.21817	-1
152	52.47	55	51	1.21817	-1
153	52.47	55	51	1.21817	-1
154	52.47	55	51	1.21817	-1
155	52.47	55	51	1.21817	-1
156	52.47	55	51	1.21817	-1
157	52.47	55	51	1.21817	-1
158	52.47	55	51	1.21817	-1
159	52.53	55	51	1.21817	-1
160	52.55	55	51	1.2008	-1
161	52.58	55	51	1.17362	-1
162	52.6	55	51	1.1547	-1
163	52.6	55	51	1.1547	-1
164	52.62	55	51	1.13511	-1
165	52.62	55	51	1.13511	-1
166	52.62	55	51	1.13511	-1
167	52.64	55	51	1.11482	-1
168	52.64	55	51	1.11482	-1
169	52.64	55	51	1.11482	-1
170	52.64	55	51	1.11482	-1
171	52.64	55	51	1.11482	-1
172	52.68	55	51	1.09064	-1
173	52.68	55	51	1.09064	-1
174	52.68	55	51	1.09064	-1
175	52.68	55	51	1.09064	-1
176	52.73	55	51	1.0527	-1
177	52.73	55	51	1.0527	-1
178	52.73	55	51	1.0527	-1
179	52.73	55	51	1.0527	-1
180	52.75	55	51	1.02863	-1
181	52.75	55	51	1.02863	-1
182	52.75	55	51	1.02863	-1
183	52.75	55	51	1.02863	-1
184	52.75	55	51	1.02863	-1
185	52.75	55	51	1.02863	-1
186	52.75	55	51	1.02863	-1
187	52.75	55	51	1.02863	-1
188	52.75	55	51	1.02863	-1
189	52.75	55	51	1.02863	-1
190	52.75	55	51	1.02863	-1
191	52.75	55	51	1.02863	-1
192	52.75	55	51	1.02863	-1
193	52.8	55	52	1.02494	-1
194	52.8	55	52	1.02494	-1
195	52.8	55	52	1.02494	-1
196	52.8	55	52	1.02494	-1
197	52.8	55	52	1.02494	-1
198	52.8	55	52	1.02494	-1
199	52.8	55	52	1.02494	-1
200	52.8	55	52	1.02494	-1
201	52.8	55	52	1.02494	-1
202	52.8	55	52	1.02494	-1
203	52.8	55	52	1.02494	-1
204	52.8	55	52	1.02494	-1
205	52.8	55	52	1.02494	-1
206	52.8	55	52	1.02494	-1
207	52.8	55	52	1.02494	-1
208	52.8	55	52	1.02494	-1
209	52.8	55	52	1.02494	-1
210	52.8	55	52	1.02494	-1
211	52.8	55	52	1.02494	-1
212	52.8	55	52	1.02494	-1
213	52.88	56	52	1.11264	-1
214	52.88	56	52	1.11264	-1
215	52.88	56	52	1.11264	-1
216	52.88	56	52	1.11264	-1
217	52.88	56	52	1.11264	-1
218	52.88	56	52	1.11264	-1
219	52.88	56	52	1.11264	-1
220	52.88	56	52	1.11264	-1
221	52.9	56	52	1.10554	-1
222	52.9	56	52	1.10554	-1
223	52.9	56	52	1.10554	-1
224	52.9	56	52	1.10554	-1
225	52.9	56	52	1.10554	-1
226	52.9	56	52	1.10554	-1
227	52.9	56	52	1.10554	-1
228	52.9	56	52	1.10554	-1
229	52.9	56	52	1.10554	-1
230	52.92	56	52	1.09802	-1
231	52.92	56	52	1.09802	-1
232	52.92	56	52	1.09802	-1
233	52.92	56	52	1.09802	-1
234	52.92	56	52	1.09802	-1
235	52.92	56	52	1.09802	-1
236	52.92	56	52	1.09802	-1
237	52.92	56	52	1.09802	-1
238	52.92	56	52	1.09802	-1
239	52.96	56	52	1.10023	-1
240	52.96	56	52	1.10023	-1
241	52.96	56	52	1.10023	-1
242	52.96	56	52	1.10023	-1
243	52.96	56	52	1.10023	-1
244	52.96	56	52	1.10023	-1
245	52.96	56	52	1.10023	-1
246	52.96	56	52	1.10023	-1
247	52.96	56	52	1.10023	-1
248	52.96	56	52	1.10023	-1
249	52.96	56	52	1.10023	-1
250	52.96	56	52	1.10023	-1
