0	45.1	51	36	5.5267	175.622
1	47.7	51	44	3.335	178.556
2	48.4	51	44	3.20416	134.556
3	49.1	51	44	2.88483	153.111
4	49.9	51	46	2.079	169.889
5	49.9	51	46	2.079	169.889
6	50.4	51	46	1.57762	183.733
7	50.6	51	48	0.966092	188.6
8	52.1	54	50	1.66333	183.467
9	52.1	54	50	1.66333	204.111
10	52.1	54	50	1.66333	204.111
11	52.1	54	50	1.66333	177.289
12	52.2	54	51	1.54919	196.622
13	52.2	54	51	1.54919	193.356
14	51.7	54	46	2.49666	179.022
15	52.1	54	50	1.66333	173.422
16	52.1	54	50	1.66333	173.422
17	52.3	54	51	1.49443	180.311
18	52.3	54	51	1.49443	183.556
19	52.3	54	51	1.49443	183.556
20	52.3	54	51	1.49443	183.556
21	52.3	54	51	1.49443	183.556
22	52.3	54	51	1.49443	195.311
23	52.4	54	51	1.42984	196.089
24	53.9	57	51	2.80674	162.911
25	54.6	57	51	2.54733	141.511
26	55.2	57	51	2.20101	137.978
27	55.2	57	51	2.20101	137.978
28	55.2	57	51	2.20101	137.978
29	55.2	57	51	2.20101	137.978
30	55.2	57	51	2.20101	141.889
31	55.3	57	52	2.00278	132.889
32	55.3	57	52	2.00278	119.4
33	55.3	57	52	2.00278	119.4
34	55.3	57	52	2.00278	119.4
35	55.3	57	52	2.00278	119.4
36	55.3	57	52	2.00278	119.4
37	55.3	57	52	2.00278	119.4
38	55.3	57	52	2.00278	119.4
39	55.3	57	52	2.00278	119.4
40	55.3	57	52	2.00278	119.4
41	55.3	57	52	2.00278	119.4
42	55.3	57	52	2.00278	119.4
43	55.3	57	52	2.00278	119.4
44	55.3	57	52	2.00278	119.4
45	55.3	57	52	2.00278	140.978
46	55.7	57	54	1.33749	140.978
47	55.8	57	54	1.22927	140.978
48	55.8	57	54	1.22927	140.978
49	56.1	57	54	1.1005	134.156
50	56.3	57	54	1.05935	120.378
51	56.6	57	55	0.699206	113.6
52	56.5	57	55	0.849837	97.2222
53	56.5	57	55	0.849837	97.2222
54	56.6	57	55	0.699206	74.5556
55	56.6	57	55	0.699206	78.6222
56	56.6	57	55	0.699206	78.6222
57	56.6	57	55	0.699206	78.6222
58	56.8	57	56	0.421637	74.4
59	56.8	57	56	0.421637	74.4
60	56.8	57	56	0.421637	74.4
61	56.8	57	56	0.421637	74.4
62	56.8	57	56	0.421637	74.4
63	56.8	57	56	0.421637	76.9556
64	56.8	57	56	0.421637	76.9556
65	56.8	57	56	0.421637	76.9556
66	56.9	57	56	0.316228	68.5111
67	56.9	57	56	0.316228	68.5111
68	57	57	57	0	65.9556
69	57	57	57	0	64.2889
70	57	57	57	0	69.8889
71	57	57	57	0	69.8889
72	57	57	57	0	68.0222
73	57	57	57	0	68.0222
74	57	57	57	0	68.0222
75	57	57	57	0	68.0222
76	57	57	57	0	68.0222
77	57	57	57	0	68.0222
78	57	57	57	0	68.0222
79	57	57	57	0	68.0222
80	57	57	57	0	68.0222
81	57	57	57	0	69.1111
82	57	57	57	0	67.4444
83	57	57	57	0	77.8667
84	57	57	57	0	77.8667
85	57	57	57	0	77.8667
86	57	57	57	0	77.8667
87	57	57	57	0	78.8
88	57	57	57	0	78.8
89	57	57	57	0	85.9778
90	57	57	57	0	85.9778
91	57	57	57	0	85.9778
92	57	57	57	0	85.9778
93	57	57	57	0	85.9778
94	57	57	57	0	85.9778
95	57	57	57	0	85.9778
96	57	57	57	0	85.9778
97	57	57	57	0	85.9778
98	57	57	57	0	85.9778
99	57	57	57	0	88.7778
100	57	57	57	0	88.7778
101	57	57	57	0	88.7778
102	57	57	57	0	88.7778
103	57	57	57	0	88.7778
104	57	57	57	0	88.7778
105	57	57	57	0	88.7778
106	57	57	57	0	88.7778
107	57	57	57	0	88.7778
108	57	57	57	0	88.7778
109	57	57	57	0	88.7778
110	57	57	57	0	88.7778
111	57	57	57	0	88.7778
112	57	57	57	0	88.7778
113	57	57	57	0	88.7778
114	57	57	57	0	86.8889
115	57	57	57	0	91.1333
116	57	57	57	0	91.1333
117	57	57	57	0	91.1333
118	57	57	57	0	96.9333
119	57	57	57	0	96.9333
120	57	57	57	0	96.9333
121	57	57	57	0	96.6889
122	57	57	57	0	96.6889
123	57	57	57	0	96.6889
124	57	57	57	0	92.3111
125	57	57	57	0	83
126	57	57	57	0	88.4444
127	57	57	57	0	88.4444
128	57	57	57	0	94.0444
129	57	57	57	0	94.9111
130	57	57	57	0	94.9111
131	57	57	57	0	94.9111
132	57	57	57	0	94.9111
133	57	57	57	0	94.9111
134	57	57	57	0	94.9111
135	57	57	57	0	94.9111
136	57	57	57	0	94.9111
137	57	57	57	0	94.9111
138	57	57	57	0	94.9111
139	57	57	57	0	94.9111
140	57	57	57	0	94.9111
141	57	57	57	0	96.6667
142	57	57	57	0	87.7556
143	57	57	57	0	87.7556
144	57	57	57	0	87.7556
145	57	57	57	0	87.7556
146	57	57	57	0	87.7556
147	57	57	57	0	87.7556
148	57	57	57	0	87.7556
149	57	57	57	0	87.7556
150	57	57	57	0	87.7556
151	57	57	57	0	87.7556
152	57	57	57	0	87.7556
153	57	57	57	0	87.7556
154	57	57	57	0	87.7556
155	57	57	57	0	87.7556
156	57	57	57	0	87.7556
157	57	57	57	0	87.7556
158	57	57	57	0	66.3333
159	56.3	57	50	2.21359	66.9556
160	57	57	57	0	67.6667
161	56.9	57	56	0.316228	73.2
162	56.9	57	56	0.316228	73.2
163	57	57	57	0	72.3556
164	55.7	57	44	4.11096	74.0667
165	57	57	57	0	66.7333
166	57	57	57	0	66.7333
167	56.1	57	48	2.84605	61.8889
168	56.7	57	54	0.948683	73.2
169	57	57	57	0	62.6
170	57	57	57	0	58.5333
171	57	57	57	0	59.6222
172	57	57	57	0	59.6222
173	57	57	57	0	59.6222
174	57	57	57	0	58.9778
175	57	57	57	0	56.8444
176	56.5	57	52	1.58114	56.5111
177	56.5	57	52	1.58114	56.5111
178	57	57	57	0	60.3778
179	56.3	57	50	2.21359	56.6667
180	57	57	57	0	57.2222
181	57	57	57	0	57.2222
182	57	57	57	0	57.2222
183	57	57	57	0	57.2222
184	57	57	57	0	57.2222
185	57	57	57	0	57.2222
186	57	57	57	0	54.3778
187	54.2	57	42	5.92171	55.4222
188	55.3	57	44	4.16467	66.7778
189	53.6	57	40	6.31049	62.8889
190	55.3	57	44	4.16467	71.2222
191	56.3	57	53	1.49443	60.1333
192	56.7	57	54	0.948683	48.6
193	56.7	57	54	0.948683	48.6
194	56.7	57	54	0.948683	51.6222
195	56.5	57	52	1.58114	49.3333
196	56	57	52	2.10819	49.3333
197	56.5	57	52	1.58114	49.3333
198	56.5	57	52	1.58114	49.3333
199	56.7	57	54	0.948683	48.7111
200	56.7	57	54	0.948683	48.7111
201	56.7	57	54	0.948683	49.5111
202	56.7	57	54	0.948683	52.4222
203	57	57	57	0	52.4222
204	57	57	57	0	52.4222
205	56.6	57	53	1.26491	52.4222
206	55.2	57	48	3.79473	44.3333
207	55.9	57	50	2.42441	47.2667
208	56.5	57	53	1.2693	47.8
209	56.5	57	53	1.2693	47.8
210	56.5	57	53	1.2693	47.8
211	56.9	57	56	0.316228	49.6667
212	56.9	57	56	0.316228	49.6667
213	56.9	57	56	0.316228	49.6667
214	56.9	57	56	0.316228	49.6667
215	56.9	57	56	0.316228	55.1111
216	57	57	57	0	55.1111
217	56.4	57	51	1.89737	51.4444
218	56.5	57	52	1.58114	49.0444
219	56.9	57	56	0.316228	50.2667
220	56.9	57	56	0.316228	50.2667
221	56.9	57	56	0.316228	49.1778
222	57	57	57	0	49.9778
223	57	57	57	0	49.9778
224	57	57	57	0	49.9778
225	57	57	57	0	49.9778
226	57	57	57	0	49.9778
227	57	57	57	0	54.1111
228	57	57	57	0	54.1111
229	57	57	57	0	54.1111
230	57	57	57	0	54.1111
231	57	57	57	0	54.1111
232	57	57	57	0	54.1111
233	57	57	57	0	51.1333
234	57	57	57	0	27.8444
235	57	57	57	0	27.8444
236	57	57	57	0	27.8444
237	57	57	57	0	27.8444
238	57	57	57	0	27.8444
239	57	57	57	0	29.6444
240	57	57	57	0	37.5778
241	57	57	57	0	37.5778
242	57	57	57	0	37.5778
243	57	57	57	0	38.3556
244	57	57	57	0	38.9778
245	56.8	57	55	0.632456	39.2889
246	57	57	57	0	40.1778
247	57	57	57	0	40.1778
248	57	57	57	0	37.5556
249	57	57	57	0	44.2222
250	57	57	57	0	46.2222
