0	45.1	51	36	5.5267	175.622
1	47.8	51	42	3.76534	154.311
2	48.6	51	44	3.20416	144.867
3	49.2	51	44	2.78089	149.933
4	49.3	51	44	2.58414	128
5	49.3	51	44	2.58414	129.4
6	50.9	52	50	0.994429	118.511
7	50.9	52	50	0.994429	118.511
8	50.9	52	50	0.994429	118.511
9	50.9	52	50	0.994429	118.511
10	50.9	52	50	0.994429	126.467
11	50.9	52	50	0.994429	126.467
12	50.9	52	50	0.994429	120.178
13	51.2	52	50	0.918937	122.156
14	50.5	52	44	2.4608	121.867
15	50.5	52	44	2.4608	121.867
16	50.5	52	44	2.4608	121.867
17	50.5	52	44	2.4608	113.578
18	51.3	52	50	0.948683	120.267
19	51.3	52	50	0.948683	120.267
20	51.3	52	50	0.948683	120.267
21	51.3	52	50	0.948683	112.2
22	51.5	52	50	0.849837	99.7111
23	51.5	52	50	0.849837	99.7111
24	51.5	52	50	0.849837	99.7111
25	51.5	52	50	0.849837	116.556
26	51.5	52	50	0.849837	116.556
27	51.5	52	50	0.849837	116.556
28	51.5	52	50	0.849837	116.556
29	51.5	52	50	0.849837	116.556
30	51.5	52	50	0.849837	104.689
31	51.6	52	50	0.699206	104.689
32	51.6	52	50	0.699206	104.689
33	51.6	52	50	0.699206	104.689
34	51.6	52	50	0.699206	104.689
35	51.6	52	50	0.699206	104.689
36	51.8	52	51	0.421637	134.378
37	51.7	52	50	0.674949	150.578
38	51.7	52	50	0.674949	150.578
39	51.7	52	50	0.674949	150.578
40	51.7	52	50	0.674949	150.578
41	52.3	53	51	0.674949	153.178
42	52.9	54	52	0.994429	172.089
43	53.1	54	52	0.994429	170
44	53.2	54	52	0.918937	183.444
45	53.3	54	52	0.823273	196.956
46	53.7	54	53	0.483046	213.911
47	53.8	54	53	0.421637	191.222
48	53.8	54	53	0.421637	191.222
49	53.9	54	53	0.316228	171.089
50	53.9	54	53	0.316228	171.089
51	53.9	54	53	0.316228	155.867
52	54	54	54	0	155.867
53	54	54	54	0	155.867
54	53.6	54	50	1.26491	181.6
55	54	54	54	0	182.133
56	54	54	54	0	168.2
57	54	54	54	0	165.267
58	52.8	54	42	3.79473	157.889
59	54	54	54	0	168.622
60	54	54	54	0	164.022
61	54	54	54	0	163.267
62	53.2	54	50	1.68655	182.6
63	54	54	54	0	164.533
64	54	54	54	0	168.044
65	53.6	54	50	1.26491	183.689
66	53.6	54	50	1.26491	183.689
67	53.8	54	52	0.632456	161.711
68	54	54	54	0	158.933
69	54	54	54	0	165.533
70	54	54	54	0	150.467
71	54	54	54	0	150.467
72	54	54	54	0	145.511
73	54	54	54	0	140.689
74	54	54	54	0	141.844
75	54	54	54	0	141.844
76	54	54	54	0	141.844
77	54	54	54	0	136.244
78	54	54	54	0	136.244
79	54	54	54	0	136.8
80	54	54	54	0	116.2
81	54	54	54	0	93.8889
82	54	54	54	0	93.8889
83	54	54	54	0	83.4222
84	54	54	54	0	56.6444
85	53.6	54	50	1.26491	57.6444
86	54	54	54	0	55.0222
87	54	54	54	0	55.0222
88	54	54	54	0	54.1333
89	54	54	54	0	55.0444
90	54	54	54	0	44.9556
91	54	54	54	0	44.9556
92	54	54	54	0	44.9556
93	54	54	54	0	46.2222
94	54	54	54	0	46.2222
95	54	54	54	0	46.2222
96	54	54	54	0	50.9333
97	54	54	54	0	48
98	54	54	54	0	52.8222
99	54	54	54	0	52.8222
100	54	54	54	0	48.2222
101	54	54	54	0	48.2222
102	54	54	54	0	39.5111
103	54	54	54	0	39.5111
104	54	54	54	0	42.7556
105	54	54	54	0	29.0222
106	54	54	54	0	34.6444
107	54	54	54	0	34.6444
108	54	54	54	0	44.8222
109	54	54	54	0	54.2889
110	54	54	54	0	56.4
111	54	54	54	0	55.3556
112	54	54	54	0	46.8667
113	54	54	54	0	46.8667
114	54	54	54	0	46.8667
115	54	54	54	0	49.6889
116	54	54	54	0	49.6889
117	54	54	54	0	49.6889
118	54	54	54	0	49.6889
119	54	54	54	0	49.6889
120	54	54	54	0	49.6889
121	54	54	54	0	51.3556
122	54	54	54	0	51.6889
123	54	54	54	0	62.9111
124	54	54	54	0	62.8
125	54	54	54	0	71.3333
126	54	54	54	0	77.2
127	54	54	54	0	85.7333
128	54	54	54	0	83.3778
129	54	54	54	0	66.2444
130	54	54	54	0	66.7111
131	54	54	54	0	64.6667
132	54	54	54	0	64.6667
133	54	54	54	0	64.6667
134	54	54	54	0	68.7333
135	54.8	56	54	1.0328	59.7333
136	54.8	56	54	1.0328	62.3778
137	54.8	56	54	1.0328	64.4
138	54.8	56	54	1.0328	56.5778
139	55	56	54	1.05409	53.8667
140	55	56	54	1.05409	53.8667
141	55	56	54	1.05409	56.7556
142	55	56	54	1.05409	59.4
143	55	56	54	1.05409	59.4
144	55	56	54	1.05409	59.4
145	55	56	54	1.05409	59.4
146	55	56	54	1.05409	59.4
147	55	56	54	1.05409	59.4
148	55	56	54	1.05409	59.4
149	55	56	54	1.05409	59.4
150	55	56	54	1.05409	59.4
151	55	56	54	1.05409	59.4
152	55	56	54	1.05409	59.4
153	55	56	54	1.05409	59.4
154	55	56	54	1.05409	50.2444
155	55	56	54	1.05409	50.2444
156	55	56	54	1.05409	50.2444
157	55	56	54	1.05409	50.2444
158	55	56	54	1.05409	50.2444
159	55	56	54	1.05409	50.2444
160	55	56	54	1.05409	50.2444
161	55	56	54	1.05409	45.1556
162	55	56	54	1.05409	45.1556
163	55	56	54	1.05409	45.1556
164	55	56	54	1.05409	42.0667
165	55.2	56	54	1.0328	46.9778
166	55.2	56	54	1.0328	46.9778
167	55.2	56	54	1.0328	46.9778
168	55.2	56	54	1.0328	46.9778
169	55.4	56	54	0.966092	48.2667
170	55.4	56	54	0.966092	48.2
171	55.6	56	54	0.843274	52.2667
172	55.6	56	54	0.843274	52.2667
173	55.6	56	54	0.843274	55.3778
174	55.6	56	54	0.843274	55.3778
175	55.8	56	54	0.632456	82.8222
176	55.8	56	54	0.632456	82.8222
177	55.8	56	54	0.632456	82.8222
178	55.8	56	54	0.632456	82.8222
179	55.8	56	54	0.632456	82.8222
180	55.8	56	54	0.632456	82.8222
181	55.8	56	54	0.632456	82.8222
182	55.8	56	54	0.632456	82.8222
183	55.8	56	54	0.632456	82.8222
184	55.8	56	54	0.632456	82.8222
185	55.8	56	54	0.632456	82.8222
186	55.8	56	54	0.632456	94.4667
187	55.8	56	54	0.632456	94.4667
188	55.8	56	54	0.632456	94.4667
189	55.8	56	54	0.632456	82.8889
190	55.8	56	54	0.632456	103.844
191	55.8	56	54	0.632456	103.844
192	55.8	56	54	0.632456	103.844
193	55.8	56	54	0.632456	103.844
194	56	56	56	0	81.4444
195	56	56	56	0	81.4444
196	56	56	56	0	81.4444
197	56	56	56	0	81.4444
198	56	56	56	0	81.4444
199	56	56	56	0	81.4444
200	56	56	56	0	81.4444
201	56	56	56	0	81.4444
202	56	56	56	0	81.4444
203	56	56	56	0	81.4444
204	56	56	56	0	81.4444
205	56	56	56	0	81.4444
206	56	56	56	0	81.4444
207	56	56	56	0	81.4444
208	56	56	56	0	81.4444
209	56	56	56	0	81.4444
210	56	56	56	0	81.4444
211	56	56	56	0	81.4444
212	56	56	56	0	81.4444
213	56	56	56	0	81.4444
214	56	56	56	0	78.7556
215	56	56	56	0	84.8222
216	56	56	56	0	84.8222
217	56	56	56	0	84.8222
218	56	56	56	0	84.8222
219	56	56	56	0	84.8222
220	56	56	56	0	84.8222
221	56	56	56	0	84.8222
222	56	56	56	0	84.8222
223	56	56	56	0	84.8222
224	56	56	56	0	84.8222
225	56	56	56	0	84.8222
226	56	56	56	0	84.8222
227	56	56	56	0	84.8222
228	56	56	56	0	84.8222
229	56	56	56	0	84.8222
230	56	56	56	0	84.8222
231	56	56	56	0	81.8222
232	56	56	56	0	81.8222
233	56	56	56	0	81.8222
234	56	56	56	0	81.8222
235	56	56	56	0	72.3556
236	56	56	56	0	72.3556
237	56	56	56	0	72.3556
238	56	56	56	0	72.3556
239	56	56	56	0	42.7556
240	56	56	56	0	42.7556
241	56	56	56	0	42.7556
242	56	56	56	0	42.7556
243	56	56	56	0	42.7556
244	56	56	56	0	56.1333
245	56	56	56	0	65.3333
246	56	56	56	0	64.1111
247	56	56	56	0	68.4
248	56	56	56	0	68.4
249	56	56	56	0	68.4
250	56	56	56	0	68.4
