0	41.13	50	30	4.63769	170.172
1	43.51	50	38	3.34693	151.053
2	45.28	51	42	2.70084	149.294
3	45.86	51	44	2.48234	138.69
4	46.19	51	44	2.55325	130.064
5	46.39	51	44	2.5182	131.494
6	46.62	51	44	2.50567	141.258
7	47.02	51	44	2.43286	131.069
8	47.25	51	44	2.37995	136.69
9	47.81	51	44	2.02357	133.673
10	48.07	51	45	1.84366	135.875
11	48.5	52	46	1.73787	139.164
12	48.8	52	46	1.58274	151.061
13	49.2	54	46	1.42134	148.379
14	49.5	54	48	1.07778	152.675
15	49.57	54	48	1.03724	150.525
16	49.71	54	48	0.945964	157.071
17	49.93	54	48	0.7818	154.426
18	50.07	54	48	0.768771	153.259
19	50.17	54	49	0.711451	152.863
20	50.21	54	50	0.686006	153.996
21	50.23	54	50	0.694203	151.367
22	50.24	54	50	0.69805	148.051
23	50.24	54	50	0.69805	148.531
24	50.26	54	50	0.719428	147.267
25	50.28	54	50	0.725857	149.193
26	50.28	54	50	0.725857	145.927
27	50.31	54	50	0.747993	152.459
28	50.36	54	50	0.785217	149.452
29	50.36	54	50	0.785217	148.748
30	50.37	54	50	0.786951	149.593
31	50.42	54	50	0.866667	147.257
32	50.42	54	50	0.866667	144.928
33	50.42	54	50	0.866667	149.143
34	50.42	54	50	0.866667	147.63
35	50.42	54	50	0.866667	152.494
36	50.43	54	50	0.867539	152.368
37	50.43	54	50	0.867539	151.537
38	50.43	54	50	0.867539	150.995
39	50.43	54	50	0.867539	147.682
40	50.45	54	50	0.880484	146.137
41	50.46	54	50	0.881001	142.819
42	50.46	54	50	0.881001	144.952
43	50.47	54	50	0.881402	141.899
44	50.47	54	50	0.881402	136.744
45	50.51	54	50	0.948099	130.286
46	50.55	54	50	0.957426	130.391
47	50.59	54	50	1.01598	129.675
48	50.59	54	50	1.01598	130.624
49	50.59	54	50	1.01598	133.313
50	50.6	54	50	1.01504	136.168
51	50.65	54	50	1.06719	144.633
52	50.65	54	50	1.06719	145.495
53	50.65	54	50	1.06719	146.253
54	50.68	54	50	1.07196	149.227
55	50.69	54	50	1.07021	151.664
56	50.7	54	50	1.06837	154.596
57	50.77	57	50	1.23791	155.901
58	50.8	57	50	1.25529	153.325
59	50.81	57	50	1.25283	151.169
60	50.81	57	50	1.25283	151.563
61	50.81	57	50	1.25283	156.31
62	50.82	57	50	1.25029	153.171
63	50.88	57	50	1.24948	158.296
64	50.88	57	50	1.24948	158.317
65	50.94	57	50	1.26187	156.767
66	50.94	57	50	1.26187	155.935
67	50.95	57	50	1.25831	156.056
68	50.97	57	50	1.2509	154.311
69	50.99	57	50	1.25122	156.32
70	51.01	57	50	1.24312	161.572
71	51.03	57	50	1.2428	165.231
72	51.07	57	50	1.233	169.705
73	51.1	57	50	1.22681	172.482
74	51.12	57	50	1.22499	168.06
75	51.15	57	50	1.21751	160.464
76	51.15	57	50	1.21751	158.221
77	51.18	57	50	1.20922	154.029
78	51.21	57	50	1.21684	152.881
79	51.22	57	50	1.21089	154.702
80	51.22	57	50	1.21089	157.452
81	51.22	57	50	1.21089	161.117
82	51.24	57	50	1.19865	160.912
83	51.24	57	50	1.19865	162.266
84	51.27	57	50	1.18794	158.763
85	51.27	57	50	1.18794	161.772
86	51.27	57	50	1.18794	161.643
87	51.27	57	50	1.18794	157.584
88	51.29	57	50	1.18317	162.287
89	51.29	57	50	1.18317	158.686
90	51.31	57	50	1.16943	159.136
91	51.31	57	50	1.16943	158.93
92	51.34	57	50	1.15662	159.465
93	51.35	57	50	1.14922	160.344
94	51.36	57	50	1.14168	158.114
95	51.36	57	50	1.14168	157.422
96	51.36	57	50	1.14168	152.911
97	51.39	57	50	1.12721	154.396
98	51.4	57	50	1.11916	154.667
99	51.41	57	50	1.11096	157.748
100	51.46	57	50	1.12295	163.972
101	51.47	57	50	1.11423	171.764
102	51.47	57	50	1.11423	169.804
103	51.48	57	50	1.10536	166.03
104	51.49	57	50	1.09632	155.68
105	51.53	57	50	1.06794	161.212
106	51.53	57	50	1.06794	157.658
107	51.54	57	50	1.05811	161.854
108	51.56	57	50	1.04755	161.364
109	51.56	57	50	1.04755	161.812
110	51.58	57	50	1.02671	163.341
111	51.59	57	51	1.01598	166.861
112	51.59	57	51	1.01598	166.861
113	51.6	57	51	1.01504	166.315
114	51.6	57	51	1.01504	162.54
115	51.6	57	51	1.01504	158.491
116	51.6	57	51	1.01504	158.491
117	51.6	57	51	1.01504	158.491
118	51.62	57	51	1.01285	154.706
119	51.63	57	51	1.0116	154.959
120	51.63	57	51	1.0116	155.429
121	51.63	57	51	1.0116	154.019
122	51.67	57	51	1.06415	153.123
123	51.68	57	51	1.06249	150.717
124	51.68	57	51	1.06249	150.717
125	51.68	57	51	1.06249	150.808
126	51.68	57	51	1.06249	151.175
127	51.68	57	51	1.06249	151.175
128	51.68	57	51	1.06249	151.175
129	51.68	57	51	1.06249	151.342
130	51.68	57	51	1.06249	156.379
131	51.69	57	51	1.06073	156.415
132	51.69	57	51	1.06073	156.415
133	51.72	57	51	1.08321	158.505
134	51.72	57	51	1.08321	158.935
135	51.75	57	51	1.1044	158.945
136	51.75	57	51	1.1044	159.056
137	51.75	57	51	1.1044	164.906
138	51.75	57	51	1.1044	165.855
139	51.76	57	51	1.10206	164.561
140	51.76	57	51	1.10206	164.561
141	51.78	57	51	1.10627	169.348
142	51.79	57	51	1.10367	171.391
143	51.83	57	51	1.11966	170.227
144	51.86	57	51	1.13725	170.412
145	51.86	57	51	1.13725	170.412
146	51.87	57	51	1.134	170.716
147	51.87	57	51	1.134	170.716
148	51.9	57	51	1.15032	170.455
149	51.93	57	51	1.16563	169
150	51.98	57	51	1.19747	169.181
151	51.99	57	51	1.19337	169.599
152	52	57	51	1.18918	168.846
153	52	57	51	1.18918	164.482
154	52	57	51	1.18918	167.935
155	52	57	51	1.18918	167.935
156	52	57	51	1.18918	167.656
157	52.03	57	51	1.20147	167.774
158	52.03	57	51	1.20147	167.774
159	52.04	57	51	1.19697	163.298
160	52.05	57	51	1.19236	163.401
161	52.05	57	51	1.19236	161.984
162	52.05	57	51	1.19236	161.984
163	52.05	57	51	1.19236	162.268
164	52.05	57	51	1.19236	162.268
165	52.08	57	51	1.20336	158.494
166	52.09	57	51	1.19844	154.246
167	52.11	57	51	1.19675	154.536
168	52.11	57	51	1.19675	156.209
169	52.12	57	51	1.19155	156.11
170	52.12	57	51	1.19155	156.049
171	52.12	57	51	1.19155	156.049
172	52.12	57	51	1.19155	156.049
173	52.13	57	51	1.18624	154.275
174	52.13	57	51	1.18624	155.107
175	52.13	57	51	1.18624	155.107
176	52.13	57	51	1.18624	155.107
177	52.16	57	51	1.19528	150.485
178	52.16	57	51	1.19528	150.247
179	52.16	57	51	1.19528	150.133
180	52.18	57	51	1.1924	150.092
181	52.19	57	51	1.18658	150.379
182	52.25	57	51	1.2008	149.312
183	52.27	57	51	1.18794	150.69
184	52.3	57	51	1.19342	152.622
185	52.32	57	51	1.18816	151.619
186	52.33	57	51	1.18112	152.419
187	52.33	57	51	1.18112	151.689
188	52.41	57	51	1.23169	152.024
189	52.41	57	51	1.23169	153.035
190	52.44	57	51	1.23354	154.906
191	52.45	57	51	1.22578	153.959
192	52.46	57	51	1.21788	152.971
193	52.46	57	51	1.21788	152.971
194	52.49	57	51	1.2185	153.487
195	52.49	57	51	1.2185	153.462
196	52.51	57	51	1.20181	153.336
197	52.51	57	51	1.20181	153.336
198	52.51	57	51	1.20181	153.336
199	52.55	57	51	1.21751	154.463
200	52.55	57	51	1.21751	154.463
201	52.56	57	51	1.20872	154.879
202	52.57	57	51	1.19979	152.929
203	52.58	57	51	1.1907	155.347
204	52.59	57	51	1.18146	155.03
205	52.62	57	51	1.1615	153.915
206	52.62	57	51	1.1615	154.062
207	52.62	57	51	1.1615	154.062
208	52.65	57	51	1.15798	153.979
209	52.67	57	51	1.13756	159.073
210	52.67	57	51	1.13756	160.488
211	52.7	57	51	1.13262	160.509
212	52.73	57	51	1.10878	161.818
213	52.73	57	51	1.10878	161.818
214	52.76	57	52	1.08358	159.921
215	52.76	57	52	1.08358	159.771
216	52.76	57	52	1.08358	159.772
217	52.76	57	52	1.08358	159.772
218	52.78	57	52	1.08786	160.647
219	52.78	57	52	1.08786	160.647
220	52.78	57	52	1.08786	160.647
221	52.78	57	52	1.08786	160.46
222	52.78	57	52	1.08786	160.46
223	52.78	57	52	1.08786	160.46
224	52.78	57	52	1.08786	158.754
225	52.78	57	52	1.08786	158.754
226	52.78	57	52	1.08786	161.022
227	52.78	57	52	1.08786	161.022
228	52.78	57	52	1.08786	163.928
229	52.78	57	52	1.08786	163.928
230	52.8	57	52	1.09175	162.558
231	52.8	57	52	1.09175	162.345
232	52.82	57	52	1.09526	164.385
233	52.82	57	52	1.09526	164.873
234	52.82	57	52	1.09526	164.873
235	52.82	57	52	1.09526	164.873
236	52.82	57	52	1.09526	164.732
237	52.84	57	52	1.09839	165.266
238	52.84	57	52	1.09839	166.615
239	52.84	57	52	1.09839	166.615
240	52.84	57	52	1.09839	166.615
241	52.84	57	52	1.09839	166.615
242	52.84	57	52	1.09839	167.138
243	52.84	57	52	1.09839	167.867
244	52.84	57	52	1.09839	167.867
245	52.84	57	52	1.09839	167.867
246	52.84	57	52	1.09839	167.867
247	52.86	57	52	1.10115	169.137
248	52.86	57	52	1.10115	169.137
249	52.86	57	52	1.10115	169.137
250	52.86	57	52	1.10115	169.137
251	52.86	57	52	1.10115	169.576
252	52.86	57	52	1.10115	169.576
253	52.86	57	52	1.10115	169.576
254	52.86	57	52	1.10115	169.828
255	52.86	57	52	1.10115	169.828
256	52.86	57	52	1.10115	169.828
257	52.86	57	52	1.10115	169.828
258	52.86	57	52	1.10115	169.828
259	52.86	57	52	1.10115	169.828
260	52.86	57	52	1.10115	169.828
261	52.87	57	52	1.09779	173.792
262	52.87	57	52	1.09779	173.792
263	52.87	57	52	1.09779	173.792
264	52.87	57	52	1.09779	173.792
265	52.87	57	52	1.09779	173.792
266	52.89	57	52	1.1	172.851
267	52.89	57	52	1.1	172.851
268	52.89	57	52	1.1	172.851
269	52.89	57	52	1.1	172.851
270	52.89	57	52	1.1	174.758
271	52.91	57	52	1.10184	176.664
272	52.91	57	52	1.10184	176.664
273	52.91	57	52	1.10184	176.664
274	52.91	57	52	1.10184	176.664
275	52.91	57	52	1.10184	176.664
276	52.91	57	52	1.10184	176.664
277	52.91	57	52	1.10184	176.664
278	52.93	57	52	1.1033	176.194
279	52.93	57	52	1.1033	176.194
280	52.93	57	52	1.1033	176.194
281	52.95	57	52	1.1044	177.537
282	52.95	57	52	1.1044	177.537
283	52.95	57	52	1.1044	177.537
284	52.95	57	52	1.1044	177.537
285	52.95	57	52	1.1044	177.537
286	52.95	57	52	1.1044	177.722
287	52.95	57	52	1.1044	177.722
288	52.95	57	52	1.1044	177.324
289	52.95	57	52	1.1044	177.359
290	52.95	57	52	1.1044	177.57
291	52.95	57	52	1.1044	177.57
292	52.96	57	52	1.10023	177.674
293	52.96	57	52	1.10023	177.674
294	52.96	57	52	1.10023	177.849
295	52.98	57	52	1.10078	179.139
296	52.98	57	52	1.10078	179.139
297	52.98	57	52	1.10078	179.139
298	52.98	57	52	1.10078	180.892
299	52.99	57	52	1.09632	182.77
300	52.99	57	52	1.09632	184.814
301	52.99	57	52	1.09632	185.579
302	52.99	57	52	1.09632	185.579
303	52.99	57	52	1.09632	185.579
304	52.99	57	52	1.09632	185.579
305	52.99	57	52	1.09632	185.579
306	53.01	57	52	1.09632	185.11
307	53.01	57	52	1.09632	185.11
308	53.01	57	52	1.09632	184.846
309	53.01	57	52	1.09632	184.846
310	53.01	57	52	1.09632	184.846
311	53.02	57	52	1.09156	186.82
312	53.02	57	52	1.09156	186.472
313	53.02	57	52	1.09156	186.472
314	53.03	57	52	1.0867	189.311
315	53.03	57	52	1.0867	189.311
316	53.05	57	52	1.08595	189.005
317	53.05	57	52	1.08595	189.005
318	53.05	57	52	1.08595	189.005
319	53.05	57	52	1.08595	189.312
320	53.07	57	52	1.08483	187.04
321	53.07	57	52	1.08483	187.04
322	53.07	57	52	1.08483	187.04
323	53.14	57	52	1.09194	189.175
324	53.14	57	52	1.09194	189.791
325	53.16	57	52	1.08916	186.898
326	53.22	57	52	1.07853	186.415
327	53.22	57	52	1.07853	186.415
328	53.22	57	52	1.07853	182.07
329	53.25	57	52	1.08595	182.053
330	53.27	57	52	1.0811	182.437
331	53.27	57	52	1.0811	180.737
332	53.27	57	52	1.0811	180.737
333	53.3	57	52	1.06837	181.978
334	53.3	57	52	1.06837	187.894
335	53.31	57	52	1.06073	187.982
336	53.31	57	52	1.06073	187.875
337	53.31	57	52	1.06073	187.875
338	53.33	57	52	1.05462	189.474
339	53.33	57	52	1.05462	188.523
340	53.33	57	52	1.05462	188.523
341	53.33	57	52	1.05462	188.523
342	53.33	57	52	1.05462	189.133
343	53.33	57	52	1.05462	189.133
344	53.33	57	52	1.05462	189.133
345	53.35	57	52	1.04809	188.3
346	53.35	57	52	1.04809	187.696
347	53.37	57	52	1.04112	187.475
348	53.37	57	52	1.04112	186.412
349	53.37	57	52	1.04112	186.412
350	53.39	57	52	1.03372	186.88
351	53.39	57	52	1.03372	186.88
352	53.41	57	52	1.02588	190.618
353	53.41	57	52	1.02588	190.618
354	53.41	57	52	1.02588	190.618
355	53.41	57	52	1.02588	190.428
356	53.41	57	52	1.02588	191.647
357	53.41	57	52	1.02588	191.647
358	53.43	57	52	1.01757	191.517
359	53.43	57	52	1.01757	191.517
360	53.43	57	52	1.01757	191.72
361	53.43	57	52	1.01757	191.72
362	53.44	57	52	1.00825	184.452
363	53.44	57	52	1.00825	183.882
364	53.46	57	52	0.999191	183.202
365	53.46	57	52	0.999191	183.202
366	53.46	57	52	0.999191	183.205
367	53.46	57	52	0.999191	183.205
368	53.48	57	52	0.989644	184.121
369	53.5	57	52	0.97959	184.128
370	53.5	57	52	0.97959	184.128
371	53.5	57	52	0.97959	184.128
372	53.55	57	52	0.946818	184.042
373	53.55	57	52	0.946818	184.042
374	53.55	57	52	0.946818	184.042
375	53.55	57	52	0.946818	184.042
376	53.55	57	52	0.946818	184.042
377	53.55	57	52	0.946818	181.327
378	53.55	57	52	0.946818	185.87
379	53.55	57	52	0.946818	188.443
380	53.55	57	52	0.946818	188.119
381	53.55	57	52	0.946818	184.1
382	53.57	57	52	0.934793	183.317
383	53.57	57	52	0.934793	183.317
384	53.57	57	52	0.934793	183.317
385	53.57	57	52	0.934793	183.317
386	53.62	57	52	0.918717	182.638
387	53.62	57	52	0.918717	182.638
388	53.62	57	52	0.918717	182.638
389	53.62	57	52	0.918717	182.638
390	53.64	57	52	0.904757	179.105
391	53.64	57	52	0.904757	179.105
392	53.64	57	52	0.904757	179.105
393	53.65	57	52	0.891882	177.481
394	53.65	57	52	0.891882	177.481
395	53.67	57	52	0.876806	181.288
396	53.67	57	52	0.876806	179.519
397	53.67	57	52	0.876806	179.519
398	53.67	57	52	0.876806	181.106
399	53.67	57	52	0.876806	179.938
400	53.67	57	52	0.876806	179.938
401	53.67	57	52	0.876806	179.938
402	53.67	57	52	0.876806	179.938
403	53.67	57	52	0.876806	178.386
404	53.67	57	52	0.876806	178.386
405	53.67	57	52	0.876806	178.386
406	53.68	57	52	0.863163	178.387
407	53.7	57	52	0.84686	175.416
408	53.7	57	52	0.84686	173.936
409	53.73	57	52	0.839131	176.595
410	53.75	57	52	0.821123	177
411	53.75	57	52	0.821123	177
412	53.75	57	52	0.821123	171.919
413	53.75	57	52	0.821123	171.919
414	53.75	57	52	0.821123	171.919
415	53.75	57	52	0.821123	171.919
416	53.75	57	52	0.821123	171.919
417	53.75	57	52	0.821123	171.919
418	53.75	57	52	0.821123	171.919
419	53.79	57	52	0.832363	171.938
420	53.79	57	52	0.832363	171.938
421	53.79	57	52	0.832363	171.299
422	53.79	57	52	0.832363	171.299
423	53.79	57	52	0.832363	171.299
424	53.81	57	52	0.812715	170.222
425	53.81	57	52	0.812715	170.222
426	53.83	57	52	0.79207	170.215
427	53.85	57	52	0.770347	170.03
428	53.85	57	52	0.770347	171.563
429	53.87	57	52	0.747454	172.337
430	53.89	57	52	0.723278	174.22
431	53.91	57	52	0.697688	172.736
432	53.91	57	52	0.697688	172.633
433	53.95	57	53	0.672325	172.648
434	53.96	57	53	0.665453	167.795
435	53.96	57	53	0.665453	167.795
436	53.98	57	53	0.651029	167.719
437	53.98	57	53	0.651029	167.232
438	53.99	57	53	0.643459	167.048
439	53.99	57	53	0.643459	167.048
440	53.99	57	53	0.643459	167.048
441	53.99	57	53	0.643459	167.048
442	54	57	53	0.635642	166.493
443	54	57	53	0.635642	166.493
444	54.01	57	53	0.627565	166.212
445	54.02	57	53	0.619221	166.184
446	54.02	57	53	0.619221	166.184
447	54.02	57	53	0.619221	166.184
448	54.02	57	53	0.619221	166.184
449	54.02	57	53	0.619221	166.184
450	54.02	57	53	0.619221	166.184
451	54.02	57	53	0.619221	166.184
452	54.03	57	53	0.610597	165.908
453	54.03	57	53	0.610597	165.908
454	54.03	57	53	0.610597	165.908
455	54.03	57	53	0.610597	167.366
456	54.03	57	53	0.610597	167.366
457	54.03	57	53	0.610597	167.366
458	54.03	57	53	0.610597	167.366
459	54.03	57	53	0.610597	167.366
460	54.05	57	53	0.592462	166.357
461	54.05	57	53	0.592462	166.357
462	54.06	57	53	0.582923	170.512
463	54.06	57	53	0.582923	170.512
464	54.06	57	53	0.582923	170.512
465	54.06	57	53	0.582923	170.512
466	54.06	57	53	0.582923	170.512
467	54.06	57	53	0.582923	170.512
468	54.06	57	53	0.582923	170.512
469	54.06	57	53	0.582923	170.512
470	54.06	57	53	0.582923	170.512
471	54.07	57	53	0.573048	170.732
472	54.07	57	53	0.573048	170.732
473	54.07	57	53	0.573048	170.732
474	54.08	57	53	0.562822	170.779
475	54.1	57	53	0.54123	168.057
476	54.11	57	53	0.529818	168.102
477	54.11	57	53	0.529818	168.102
478	54.11	57	53	0.529818	168.102
479	54.12	57	53	0.517961	168.097
480	54.12	57	53	0.517961	168.097
481	54.12	57	53	0.517961	168.097
482	54.12	57	53	0.517961	168.097
483	54.12	57	53	0.517961	168.097
484	54.12	57	53	0.517961	168.097
485	54.12	57	53	0.517961	168.097
486	54.13	57	53	0.505626	168.644
487	54.15	57	53	0.5	167.428
488	54.15	57	53	0.5	167.428
489	54.15	57	53	0.5	167.428
490	54.15	57	53	0.5	167.428
491	54.16	57	54	0.486588	168.239
492	54.16	57	54	0.486588	169.446
493	54.16	57	54	0.486588	169.446
494	54.16	57	54	0.486588	169.446
495	54.18	57	54	0.519907	168.676
496	54.18	57	54	0.519907	168.676
497	54.18	57	54	0.519907	168.676
498	54.18	57	54	0.519907	168.676
499	54.18	57	54	0.519907	171.741
500	54.18	57	54	0.519907	170.767
