0	41.13	50	30	4.63769	170.172
1	44.05	53	40	3.01637	156.64
2	45.2	53	42	2.62467	145.696
3	45.69	53	44	2.48102	134.776
4	45.84	53	44	2.57698	126.707
5	46.02	53	44	2.62459	119.941
6	46.46	54	44	2.77587	122.27
7	46.84	54	44	2.72185	127.345
8	47.08	54	44	2.65406	136.341
9	47.59	54	44	2.55088	138.779
10	48.21	54	44	2.30193	137.583
11	48.66	54	46	1.88143	143.912
12	48.99	54	46	1.66056	138.597
13	49.05	54	46	1.61041	139.009
14	49.41	54	48	1.27995	140.931
15	49.48	54	48	1.2511	131.877
16	49.65	54	48	1.21751	134.762
17	49.83	54	48	1.1106	133.096
18	49.89	54	48	1.06263	140.304
19	50	54	48	0.953463	127.414
20	50.1	54	48	0.846859	123.842
21	50.23	54	49	0.862871	122.747
22	50.27	54	49	0.839131	120.45
23	50.33	54	50	0.899551	122.722
24	50.34	54	50	0.901402	129.728
25	50.35	54	50	0.903136	129.771
26	50.35	54	50	0.903136	125.964
27	50.35	54	50	0.903136	132.085
28	50.42	55	50	1.02671	133.445
29	50.42	55	50	1.02671	132.626
30	50.43	55	50	1.02745	132.757
31	50.44	55	50	1.02809	139.117
32	50.48	55	50	1.08693	140.436
33	50.49	55	50	1.08707	139.113
34	50.49	55	50	1.08707	139.113
35	50.49	55	50	1.08707	139.599
36	50.53	55	50	1.09595	142.548
37	50.54	55	50	1.09563	151.536
38	50.55	55	50	1.09521	167.115
39	50.55	55	50	1.09521	166.016
40	50.55	55	50	1.09521	166.571
41	50.57	55	50	1.1033	161.603
42	50.58	55	50	1.10261	161.35
43	50.58	55	50	1.10261	167.009
44	50.58	55	50	1.10261	169.906
45	50.58	55	50	1.10261	167.188
46	50.58	55	50	1.10261	166.959
47	50.58	55	50	1.10261	164.304
48	50.58	55	50	1.10261	164.995
49	50.58	55	50	1.10261	157.232
50	50.58	55	50	1.10261	157.473
51	50.58	55	50	1.10261	159.963
52	50.64	55	50	1.15049	153.161
53	50.66	55	50	1.14786	169.962
54	50.68	55	50	1.14486	174.604
55	50.71	55	50	1.14852	176.069
56	50.72	55	50	1.14662	175.058
57	50.72	55	50	1.14662	178.455
58	50.74	55	50	1.14256	180.277
59	50.75	55	50	1.1404	178.494
60	50.76	55	50	1.13814	201.832
61	50.76	55	50	1.13814	200.938
62	50.8	55	50	1.18065	205.572
63	50.8	55	50	1.18065	194.121
64	50.82	55	50	1.17534	187.787
65	50.84	55	50	1.16965	182.732
66	50.84	55	50	1.16965	178.389
67	50.89	55	50	1.23824	187.127
68	50.93	55	50	1.27331	186.242
69	50.94	55	50	1.26985	190.755
70	51	55	50	1.30268	200.287
71	51	55	50	1.30268	203.437
72	51.01	55	50	1.29876	201.676
73	51.05	55	50	1.30558	202.821
74	51.06	55	50	1.30128	187.972
75	51.08	55	50	1.2924	178.128
76	51.1	55	50	1.28315	176.423
77	51.11	55	50	1.27837	177.393
78	51.14	55	50	1.27144	183.094
79	51.14	55	50	1.27144	182.783
80	51.16	55	50	1.26107	183.789
81	51.16	55	50	1.26107	181.501
82	51.16	55	50	1.26107	185.283
83	51.17	55	50	1.25573	184.033
84	51.18	55	50	1.25029	181.112
85	51.19	55	50	1.24475	176.329
86	51.21	55	50	1.23333	182.629
87	51.23	55	50	1.22972	177.027
88	51.26	55	50	1.21954	186.073
89	51.26	55	50	1.21954	185.561
90	51.26	55	50	1.21954	186.68
91	51.28	55	50	1.20672	189.491
92	51.34	55	50	1.2245	188.935
93	51.35	55	50	1.21751	183.289
94	51.36	55	50	1.21039	183.116
95	51.45	55	50	1.19236	185.153
96	51.46	55	50	1.18424	178.005
97	51.52	55	50	1.19325	177.727
98	51.56	55	50	1.18339	179.209
99	51.6	55	50	1.17207	178.565
100	51.6	55	50	1.17207	176.369
101	51.66	55	50	1.16532	176.94
102	51.67	55	51	1.15518	179.966
103	51.67	55	51	1.15518	179.966
104	51.67	55	51	1.15518	179.108
105	51.68	55	51	1.15365	174.502
106	51.68	55	51	1.15365	174.575
107	51.68	55	51	1.15365	173.951
108	51.69	55	51	1.15203	169.019
109	51.69	55	51	1.15203	169.019
110	51.69	55	51	1.15203	169.907
111	51.69	55	51	1.15203	169.901
112	51.7	55	51	1.15032	165.42
113	51.73	55	51	1.17081	161.711
114	51.73	55	51	1.17081	160.493
115	51.74	55	51	1.16879	161.107
116	51.74	55	51	1.16879	161.107
117	51.74	55	51	1.16879	162.723
118	51.74	55	51	1.16879	168.944
119	51.77	55	51	1.18794	168.92
120	51.78	55	51	1.1856	170.997
121	51.78	55	51	1.1856	170.448
122	51.78	55	51	1.1856	170.448
123	51.79	55	51	1.18317	171.761
124	51.79	55	51	1.18317	171.761
125	51.79	55	51	1.18317	171.761
126	51.79	55	51	1.18317	167.591
127	51.81	55	51	1.17804	165.574
128	51.82	55	51	1.17534	160.051
129	51.82	55	51	1.17534	159.527
130	51.86	55	51	1.18935	161.501
131	51.9	55	51	1.22681	164.652
132	51.9	55	51	1.22681	163.902
133	51.94	55	51	1.23763	160.875
134	51.94	55	51	1.23763	160.875
135	51.98	55	51	1.27112	159.533
136	51.98	55	51	1.27112	159.533
137	51.99	55	51	1.26726	150.91
138	52	55	51	1.26331	152.437
139	52	55	51	1.26331	151.024
140	52	55	51	1.26331	148.426
141	52	55	51	1.26331	148.004
142	52	55	51	1.26331	146.009
143	52.02	55	51	1.25513	146.01
144	52.03	55	51	1.2509	146.473
145	52.03	55	51	1.2509	146.473
146	52.03	55	51	1.2509	146.495
147	52.03	55	51	1.2509	146.495
148	52.05	55	51	1.25025	145.453
149	52.09	55	51	1.25606	147.186
150	52.09	55	51	1.25606	147.186
151	52.11	55	51	1.25445	144.162
152	52.11	55	51	1.25445	144.162
153	52.14	55	51	1.26347	145.042
154	52.14	55	51	1.26347	141.039
155	52.14	55	51	1.26347	141.039
156	52.14	55	51	1.26347	141.039
157	52.14	55	51	1.26347	141.039
158	52.14	55	51	1.26347	140.275
159	52.14	55	51	1.26347	139.75
160	52.14	55	51	1.26347	139.006
161	52.14	55	51	1.26347	139.006
162	52.14	55	51	1.26347	139.006
163	52.14	55	51	1.26347	137.759
164	52.14	55	51	1.26347	137.759
165	52.14	55	51	1.26347	137.825
166	52.14	55	51	1.26347	137.825
167	52.14	55	51	1.26347	137.908
168	52.17	55	51	1.24766	138.181
169	52.17	55	51	1.24766	138.213
170	52.18	55	51	1.24219	138.661
171	52.2	55	51	1.23092	138.136
172	52.2	55	51	1.23092	138.136
173	52.2	55	51	1.23092	138.136
174	52.22	55	51	1.22746	140.323
175	52.22	55	51	1.22746	141.345
176	52.22	55	51	1.22746	141.345
177	52.26	55	51	1.22779	148.513
178	52.26	55	51	1.22779	148.772
179	52.26	55	51	1.22779	148.446
180	52.26	55	51	1.22779	148.59
181	52.26	55	51	1.22779	148.59
182	52.29	55	51	1.23333	152.528
183	52.29	55	51	1.23333	153.212
184	52.35	55	51	1.24215	151.757
185	52.38	55	51	1.24544	151.832
186	52.38	55	51	1.24544	153.036
187	52.41	55	51	1.24799	153.045
188	52.42	55	51	1.24056	157.723
189	52.42	55	51	1.24056	157.723
190	52.42	55	51	1.24056	156.768
191	52.42	55	51	1.24056	160.286
192	52.48	55	51	1.243	151.502
193	52.53	55	51	1.22643	154.857
194	52.55	55	51	1.20918	155.595
195	52.55	55	51	1.20918	155.906
196	52.55	55	51	1.20918	156.303
197	52.55	55	51	1.20918	161.439
198	52.55	55	51	1.20918	161.439
199	52.56	55	51	1.20034	163.163
200	52.59	55	51	1.19844	162.612
201	52.6	55	51	1.18918	162.034
202	52.62	55	51	1.17877	163.396
203	52.65	55	51	1.17529	160.935
204	52.65	55	51	1.17529	160.935
205	52.65	55	51	1.17529	159.773
206	52.65	55	51	1.17529	159.092
207	52.65	55	51	1.17529	153.11
208	52.65	55	51	1.17529	152.451
209	52.65	55	51	1.17529	152.328
210	52.69	55	51	1.16076	152.083
211	52.69	55	51	1.16076	153.552
212	52.69	55	51	1.16076	153.552
213	52.69	55	51	1.16076	152.185
214	52.72	55	51	1.1554	151.836
215	52.73	55	51	1.14464	152.645
216	52.73	55	51	1.14464	153.101
217	52.73	55	51	1.14464	152.281
218	52.76	55	51	1.13814	152.374
219	52.76	55	51	1.13814	152.455
220	52.76	55	51	1.13814	157.723
221	52.79	55	51	1.13079	157.767
222	52.79	55	51	1.13079	157.724
223	52.82	55	51	1.12259	158.141
224	52.82	55	51	1.12259	155.584
225	52.83	55	51	1.1106	156.135
226	52.84	55	51	1.09839	155.829
227	52.85	55	51	1.08595	155.265
228	52.87	55	51	1.06035	154.31
229	52.88	55	51	1.04717	155.059
230	52.9	55	52	1.02	153.028
231	52.92	55	52	1.02178	152.96
232	52.92	55	52	1.02178	152.96
233	52.92	55	52	1.02178	152.6
234	52.92	55	52	1.02178	152.6
235	52.93	55	52	1.01757	151.638
236	52.93	55	52	1.01757	145.571
237	52.93	55	52	1.01757	145.571
238	52.95	55	52	1.01876	145.043
239	52.95	55	52	1.01876	145.043
240	52.95	55	52	1.01876	145.043
241	52.95	55	52	1.01876	145.043
242	52.95	55	52	1.01876	145.043
243	52.95	55	52	1.01876	144.906
244	52.95	55	52	1.01876	144.906
245	52.99	55	52	1.01995	144.584
246	52.99	55	52	1.01995	144.584
247	53	55	52	1.01504	144.309
248	53	55	52	1.01504	144.309
249	53.02	55	52	1.01484	145.505
250	53.04	55	52	1.01424	143.697
251	53.04	55	52	1.01424	143.697
252	53.04	55	52	1.01424	143.583
253	53.04	55	52	1.01424	143.583
254	53.04	55	52	1.01424	143.994
255	53.08	56	52	1.05102	143.595
256	53.08	56	52	1.05102	143.595
257	53.08	56	52	1.05102	143.595
258	53.1	56	52	1.04929	143.58
259	53.11	56	52	1.04345	144.024
260	53.11	56	52	1.04345	144.024
261	53.11	56	52	1.04345	144.024
262	53.11	56	52	1.04345	144.024
263	53.11	56	52	1.04345	143.793
264	53.11	56	52	1.04345	143.097
265	53.11	56	52	1.04345	142.604
266	53.11	56	52	1.04345	142.604
267	53.11	56	52	1.04345	142.604
268	53.11	56	52	1.04345	142.308
269	53.15	56	52	1.07661	141.944
270	53.15	56	52	1.07661	141.944
271	53.15	56	52	1.07661	141.944
272	53.15	56	52	1.07661	141.152
273	53.15	56	52	1.07661	141.506
274	53.15	56	52	1.07661	141.506
275	53.17	56	52	1.0736	145.991
276	53.19	56	52	1.07021	146.165
277	53.21	56	52	1.06643	146.356
278	53.22	56	52	1.05964	145.352
279	53.22	56	52	1.05964	145.352
280	53.22	56	52	1.05964	145.352
281	53.22	56	52	1.05964	145.352
282	53.22	56	52	1.05964	145.481
283	53.22	56	52	1.05964	145.481
284	53.23	56	52	1.0527	145.712
285	53.23	56	52	1.0527	145.712
286	53.23	56	52	1.0527	145.712
287	53.25	56	52	1.04809	145.914
288	53.25	56	52	1.04809	145.914
289	53.25	56	52	1.04809	147.026
290	53.27	56	52	1.04306	146.139
291	53.29	56	52	1.03762	145.186
292	53.29	56	52	1.03762	143.642
293	53.31	56	52	1.03177	142.529
294	53.31	56	52	1.03177	142.529
295	53.31	56	52	1.03177	142.529
296	53.31	56	52	1.03177	142.529
297	53.31	56	52	1.03177	142.529
298	53.33	56	52	1.02548	147.977
299	53.33	56	52	1.02548	148.42
300	53.33	56	52	1.02548	149.512
301	53.33	56	52	1.02548	149.512
302	53.35	56	52	1.01876	147.714
303	53.35	56	52	1.01876	147.843
304	53.35	56	52	1.01876	147.843
305	53.35	56	52	1.01876	147.843
306	53.35	56	52	1.01876	147.895
307	53.35	56	52	1.01876	147.895
308	53.37	56	52	1.0116	146.234
309	53.37	56	52	1.0116	146.234
310	53.37	56	52	1.0116	146.234
311	53.37	56	52	1.0116	145.86
312	53.37	56	52	1.0116	145.64
313	53.37	56	52	1.0116	145.64
314	53.37	56	52	1.0116	145.42
315	53.37	56	52	1.0116	145.42
316	53.37	56	52	1.0116	145.42
317	53.41	56	52	0.9959	148.337
318	53.41	56	52	0.9959	148.337
319	53.41	56	52	0.9959	148.955
320	53.41	56	52	0.9959	148.955
321	53.43	56	52	0.987344	150.491
322	53.43	56	52	0.987344	150.491
323	53.43	56	52	0.987344	150.491
324	53.43	56	52	0.987344	150.597
325	53.43	56	52	0.987344	150.597
326	53.43	56	52	0.987344	150.597
327	53.43	56	52	0.987344	150.597
328	53.43	56	52	0.987344	150.597
329	53.43	56	52	0.987344	150.597
330	53.45	56	52	0.9783	150.688
331	53.47	56	52	0.968754	152.767
332	53.49	56	52	0.958692	147.75
333	53.51	56	52	0.948097	147.235
334	53.52	56	52	0.937222	147.618
335	53.52	56	52	0.937222	153.312
336	53.52	56	52	0.937222	155.838
337	53.52	56	52	0.937222	158.522
338	53.52	56	52	0.937222	157.229
339	53.52	56	52	0.937222	157.315
340	53.54	56	52	0.925726	157.143
341	53.54	56	52	0.925726	157.143
342	53.54	56	52	0.925726	157.143
343	53.56	56	52	0.913646	158.141
344	53.56	56	52	0.913646	158.141
345	53.56	56	52	0.913646	158.141
346	53.56	56	52	0.913646	158.141
347	53.56	56	52	0.913646	158.141
348	53.58	56	52	0.900954	155.229
349	53.58	56	52	0.900954	155.229
350	53.58	56	52	0.900954	155.312
351	53.58	56	52	0.900954	155.312
352	53.61	56	52	0.897753	157.022
353	53.61	56	52	0.897753	157.022
354	53.61	56	52	0.897753	157.022
355	53.63	56	52	0.883691	154.834
356	53.63	56	52	0.883691	154.834
357	53.63	56	52	0.883691	154.834
358	53.63	56	52	0.883691	154.834
359	53.64	56	52	0.87062	151.531
360	53.66	56	52	0.855405	152.981
361	53.66	56	52	0.855405	152.981
362	53.66	56	52	0.855405	152.981
363	53.66	56	52	0.855405	152.981
364	53.66	56	52	0.855405	154.309
365	53.66	56	52	0.855405	154.309
366	53.66	56	52	0.855405	155.625
367	53.66	56	52	0.855405	157.334
368	53.66	56	52	0.855405	158.329
369	53.68	56	52	0.839432	158.133
370	53.69	56	52	0.82505	161.244
371	53.69	56	52	0.82505	165.695
372	53.7	56	52	0.810288	165.563
373	53.71	56	52	0.795124	164.181
374	53.73	56	52	0.776616	164.913
375	53.73	56	52	0.776616	164.913
376	53.73	56	52	0.776616	164.913
377	53.73	56	52	0.776616	164.913
378	53.73	56	52	0.776616	164.913
379	53.73	56	52	0.776616	167.235
380	53.75	56	52	0.757121	167.496
381	53.75	56	52	0.757121	168.737
382	53.77	56	52	0.736563	170.167
383	53.83	56	52	0.72551	159.914
384	53.85	56	52	0.70173	159.182
385	53.86	56	52	0.681946	159.018
386	53.88	56	52	0.655667	153.249
387	53.88	56	52	0.655667	153.113
388	53.88	56	52	0.655667	153.113
389	53.88	56	52	0.655667	153.113
390	53.88	56	52	0.655667	153.113
391	53.92	56	53	0.597639	153.412
392	53.94	56	53	0.600001	153.146
393	53.95	56	53	0.592461	152.804
394	53.95	56	53	0.592461	152.804
395	53.95	56	53	0.592461	152.804
396	53.95	56	53	0.592461	152.804
397	53.95	56	53	0.592461	152.804
398	53.96	56	53	0.584652	157.725
399	53.96	56	53	0.584652	157.725
400	53.96	56	53	0.584652	157.725
401	53.96	56	53	0.584652	157.725
402	53.96	56	53	0.584652	157.725
403	53.97	56	53	0.576563	159.582
404	53.97	56	53	0.576563	159.582
405	53.99	56	53	0.55949	159.004
406	53.99	56	53	0.55949	159.004
407	54	56	53	0.550482	162.946
408	54	56	53	0.550482	162.946
409	54	56	53	0.550482	162.946
410	54	56	53	0.550482	164.905
411	54	56	53	0.550482	164.905
412	54	56	53	0.550482	164.905
413	54	56	53	0.550482	164.905
414	54	56	53	0.550482	164.905
415	54	56	53	0.550482	164.905
416	54	56	53	0.550482	164.905
417	54.01	56	53	0.541135	166.186
418	54.02	56	53	0.531436	166.482
419	54.02	56	53	0.531436	166.935
420	54.02	56	53	0.531436	166.935
421	54.02	56	53	0.531436	166.935
422	54.02	56	53	0.531436	165.302
423	54.03	56	53	0.521362	165.517
424	54.06	56	53	0.54717	166.572
425	54.06	56	53	0.54717	166.572
426	54.06	56	53	0.54717	167.956
427	54.06	56	53	0.54717	167.956
428	54.06	56	53	0.54717	167.956
429	54.06	56	53	0.54717	167.956
430	54.07	56	53	0.536637	167.775
431	54.08	56	53	0.525704	168.025
432	54.08	56	53	0.525704	168.025
433	54.08	56	53	0.525704	168.025
434	54.08	56	53	0.525704	168.025
435	54.08	56	53	0.525704	168.025
436	54.09	56	53	0.51434	167.868
437	54.09	56	53	0.51434	167.868
438	54.09	56	53	0.51434	167.868
439	54.09	56	53	0.51434	167.868
440	54.09	56	53	0.51434	167.868
441	54.09	56	53	0.51434	167.868
442	54.1	56	53	0.502519	165.666
443	54.1	56	53	0.502519	165.666
444	54.11	56	53	0.490207	164.728
445	54.11	56	53	0.490207	164.728
446	54.11	56	53	0.490207	164.728
447	54.12	56	53	0.477367	167.428
448	54.12	56	53	0.477367	167.428
449	54.12	56	53	0.477367	167.428
450	54.12	56	53	0.477367	167.428
451	54.13	56	53	0.463954	168.278
452	54.13	56	53	0.463954	168.278
453	54.13	56	53	0.463954	168.278
454	54.14	56	54	0.449916	168.402
455	54.14	56	54	0.449916	168.402
456	54.14	56	54	0.449916	168.402
457	54.14	56	54	0.449916	168.402
458	54.14	56	54	0.449916	170.627
459	54.14	56	54	0.449916	170.627
460	54.14	56	54	0.449916	170.627
461	54.14	56	54	0.449916	166.04
462	54.14	56	54	0.449916	166.04
463	54.14	56	54	0.449916	166.04
464	54.14	56	54	0.449916	166.04
465	54.14	56	54	0.449916	169.538
466	54.14	56	54	0.449916	169.538
467	54.14	56	54	0.449916	169.538
468	54.14	56	54	0.449916	169.538
469	54.14	56	54	0.449916	164.415
470	54.14	56	54	0.449916	164.415
471	54.14	56	54	0.449916	166.446
472	54.14	56	54	0.449916	166.446
473	54.14	56	54	0.449916	166.446
474	54.14	56	54	0.449916	166.446
475	54.14	56	54	0.449916	166.446
476	54.14	56	54	0.449916	166.446
477	54.14	56	54	0.449916	166.446
478	54.14	56	54	0.449916	166.446
479	54.14	56	54	0.449916	166.446
480	54.14	56	54	0.449916	166.553
481	54.14	56	54	0.449916	166.553
482	54.14	56	54	0.449916	166.553
483	54.14	56	54	0.449916	166.553
484	54.14	56	54	0.449916	166.553
485	54.14	56	54	0.449916	166.553
486	54.14	56	54	0.449916	169.34
487	54.16	56	54	0.486588	169.305
488	54.16	56	54	0.486588	170.295
489	54.16	56	54	0.486588	171.449
490	54.16	56	54	0.486588	171.449
491	54.16	56	54	0.486588	171.449
492	54.16	56	54	0.486588	171.449
493	54.16	56	54	0.486588	171.449
494	54.16	56	54	0.486588	171.449
495	54.16	56	54	0.486588	171.449
496	54.16	56	54	0.486588	171.449
497	54.16	56	54	0.486588	171.449
498	54.16	56	54	0.486588	171.498
499	54.18	56	54	0.519907	172.714
500	54.18	56	54	0.519907	173.433
