0	41.13	50	30	4.63769	170.172
1	44.09	50	40	3.002	157.518
2	45.34	50	43	2.29721	148.431
3	45.83	50	44	2.29648	139.324
4	46.07	50	44	2.27971	136.165
5	46.39	51	44	2.36513	135.296
6	46.83	51	44	2.31401	127.619
7	47.17	51	44	2.18376	124.215
8	47.46	51	44	2.09096	119.221
9	47.89	51	45	1.87431	125.809
10	48.15	51	45	1.7019	123.579
11	48.39	51	46	1.63852	116.822
12	48.61	51	46	1.52352	116.227
13	48.9	51	46	1.31426	119.636
14	49.15	51	46	1.06719	116.446
15	49.28	51	48	0.964836	115.642
16	49.37	51	48	0.928287	112.462
17	49.45	51	48	0.891883	106.132
18	49.55	51	48	0.833333	112.365
19	49.74	54	48	0.84829	103.713
20	49.87	54	48	0.705749	102.063
21	50.02	54	49	0.602688	102.368
22	50.1	54	49	0.689018	102.932
23	50.23	54	50	0.750151	104.467
24	50.24	54	50	0.753712	105.615
25	50.26	54	50	0.760383	105.141
26	50.29	54	50	0.782316	106.425
27	50.31	54	50	0.800189	105.326
28	50.33	54	50	0.817177	111.395
29	50.37	54	50	0.82456	109.84
30	50.37	54	50	0.82456	109.84
31	50.4	54	50	0.840875	116.728
32	50.4	54	50	0.840875	124.193
33	50.42	54	50	0.843035	132.111
34	50.44	54	50	0.84471	135.24
35	50.48	54	50	0.915413	139.498
36	50.48	54	50	0.915413	142.079
37	50.48	54	50	0.915413	147.547
38	50.48	54	50	0.915413	148.162
39	50.48	54	50	0.915413	144.596
40	50.48	54	50	0.915413	146.46
41	50.53	54	50	0.958271	141
42	50.54	54	50	0.957903	146.935
43	50.54	54	50	0.957903	141.124
44	50.54	54	50	0.957903	132.609
45	50.55	54	50	0.957426	133.048
46	50.55	54	50	0.957426	136.304
47	50.58	54	50	0.965883	131.125
48	50.58	54	50	0.965883	133.068
49	50.58	54	50	0.965883	124.854
50	50.59	54	50	0.964993	122.309
51	50.59	54	50	0.964993	120.72
52	50.59	54	50	0.964993	119.376
53	50.6	54	50	0.964	118.571
54	50.6	54	50	0.964	112.003
55	50.61	54	50	0.962898	109.384
56	50.66	54	50	0.966301	107.53
57	50.69	54	50	0.971253	102.678
58	50.69	54	50	0.971253	102.268
59	50.69	54	50	0.971253	101.887
60	50.69	54	50	0.971253	102.095
61	50.69	54	50	0.971253	101.02
62	50.69	54	50	0.971253	105.75
63	50.79	54	50	1.02784	109.887
64	50.84	54	50	1.03201	114.692
65	50.87	54	50	1.03138	114.475
66	50.93	54	50	1.06605	112.781
67	50.94	54	50	1.06192	112.009
68	50.94	54	50	1.06192	113.296
69	50.94	54	50	1.06192	113.2
70	50.98	54	50	1.0729	113.52
71	50.99	54	50	1.06832	114.511
72	51.01	54	50	1.06832	115.999
73	51.01	54	50	1.06832	119.498
74	51.01	54	50	1.06832	116.598
75	51.03	54	50	1.05844	117.61
76	51.05	54	50	1.05768	119.169
77	51.06	54	50	1.05237	118.446
78	51.07	54	50	1.04693	118.019
79	51.07	54	50	1.04693	118.572
80	51.07	54	50	1.04693	121.17
81	51.08	54	50	1.04137	116.606
82	51.11	54	50	1.05309	118.455
83	51.12	54	50	1.04717	113.678
84	51.14	54	50	1.04466	114.528
85	51.17	54	50	1.03529	109.595
86	51.18	54	50	1.02868	116.596
87	51.25	54	50	1.0384	116.085
88	51.28	54	50	1.04524	120.195
89	51.3	54	50	1.02986	115.287
90	51.31	54	50	1.02193	120.503
91	51.32	54	50	1.01384	118.161
92	51.32	54	50	1.01384	116.742
93	51.32	54	50	1.01384	114.596
94	51.33	54	50	1.00559	116.536
95	51.35	54	50	0.998736	118.083
96	51.35	54	50	0.998736	119.78
97	51.41	55	50	1.04538	120.806
98	51.41	55	50	1.04538	121.826
99	51.41	55	50	1.04538	119.235
100	51.43	55	50	1.03724	118.775
101	51.44	55	50	1.02809	120.925
102	51.48	55	50	1.0198	118.884
103	51.49	55	50	1.01	122.099
104	51.52	55	50	0.979384	118.132
105	51.54	55	50	0.96839	121.313
106	51.61	56	51	1.04345	120.344
107	51.61	56	51	1.04345	120.344
108	51.63	56	51	1.04113	114.826
109	51.64	56	51	1.03981	115.408
110	51.67	56	51	1.06415	115.9
111	51.67	56	51	1.06415	115.9
112	51.67	56	51	1.06415	116.003
113	51.67	56	51	1.06415	116.003
114	51.7	56	51	1.08711	113.291
115	51.7	56	51	1.08711	112.727
116	51.76	56	51	1.12923	111.114
117	51.76	56	51	1.12923	111.114
118	51.76	56	51	1.12923	110.813
119	51.76	56	51	1.12923	110.813
120	51.76	56	51	1.12923	110.256
121	51.76	56	51	1.12923	110.808
122	51.78	56	51	1.13333	110.269
123	51.8	56	51	1.13707	109.815
124	51.8	56	51	1.13707	108.926
125	51.8	56	51	1.13707	109.581
126	51.8	56	51	1.13707	109.581
127	51.83	56	51	1.15518	109.303
128	51.83	56	51	1.15518	109.303
129	51.86	56	51	1.17224	110.14
130	51.86	56	51	1.17224	110.14
131	51.86	56	51	1.17224	110.14
132	51.86	56	51	1.17224	110.14
133	51.89	56	51	1.18828	110.203
134	51.89	56	51	1.18828	109.457
135	51.91	56	51	1.18998	112.988
136	51.91	56	51	1.18998	112.988
137	51.95	56	51	1.2008	113.342
138	51.96	56	51	1.19697	114.021
139	52.02	56	51	1.22252	116.114
140	52.05	56	51	1.23399	121.88
141	52.05	56	51	1.23399	121.88
142	52.1	56	51	1.25931	123.012
143	52.11	56	51	1.25445	122.291
144	52.11	56	51	1.25445	122.736
145	52.11	56	51	1.25445	122.736
146	52.14	56	51	1.26347	121.387
147	52.14	56	51	1.26347	125.645
148	52.14	56	51	1.26347	127.41
149	52.14	56	51	1.26347	127.41
150	52.14	56	51	1.26347	126.971
151	52.14	56	51	1.26347	126.971
152	52.14	56	51	1.26347	126.032
153	52.14	56	51	1.26347	126.032
154	52.18	56	51	1.26635	123.381
155	52.18	56	51	1.26635	123.381
156	52.21	56	51	1.27362	122.718
157	52.22	56	51	1.26794	124.777
158	52.22	56	51	1.26794	124.777
159	52.22	56	51	1.26794	126.067
160	52.22	56	51	1.26794	126.067
161	52.25	56	51	1.27426	128.603
162	52.25	56	51	1.27426	128.603
163	52.25	56	51	1.27426	128.097
164	52.26	56	51	1.26826	128.336
165	52.27	56	51	1.26215	127.417
166	52.27	56	51	1.26215	127.932
167	52.28	56	51	1.25594	126.957
168	52.28	56	51	1.25594	125.351
169	52.31	56	51	1.26087	125.113
170	52.32	56	51	1.25433	126.282
171	52.32	56	51	1.25433	124.787
172	52.32	56	51	1.25433	124.787
173	52.32	56	51	1.25433	124.831
174	52.34	56	51	1.24089	124.529
175	52.36	56	51	1.22697	130.944
176	52.36	56	51	1.22697	130.944
177	52.36	56	51	1.22697	130.944
178	52.36	56	51	1.22697	130.944
179	52.39	56	51	1.23005	130.527
180	52.39	56	51	1.23005	130.579
181	52.42	56	51	1.23239	131.203
182	52.44	56	51	1.22532	132.502
183	52.44	56	51	1.22532	131.407
184	52.44	56	51	1.22532	131.469
185	52.44	56	51	1.22532	131.697
186	52.45	56	51	1.21751	131.933
187	52.45	56	51	1.21751	131.656
188	52.45	56	51	1.21751	132.092
189	52.45	56	51	1.21751	132.092
190	52.45	56	51	1.21751	132.092
191	52.45	56	51	1.21751	131.189
192	52.53	56	51	1.2509	133.018
193	52.53	56	51	1.2509	133.018
194	52.53	56	51	1.2509	132.179
195	52.54	56	51	1.24251	136.019
196	52.54	56	51	1.24251	136.019
197	52.54	56	51	1.24251	136.768
198	52.54	56	51	1.24251	136.768
199	52.55	56	51	1.23399	135.251
200	52.55	56	51	1.23399	135.251
201	52.55	56	51	1.23399	135.251
202	52.56	56	51	1.22532	135.279
203	52.6	56	51	1.21439	135.751
204	52.6	56	51	1.21439	136.948
205	52.64	56	51	1.20202	136.924
206	52.64	56	51	1.20202	136.924
207	52.67	56	51	1.1981	136.51
208	52.67	56	51	1.1981	136.51
209	52.67	56	51	1.1981	136.51
210	52.67	56	51	1.1981	136.51
211	52.69	56	51	1.17804	135.661
212	52.7	56	51	1.16775	134.142
213	52.71	56	51	1.15728	134.399
214	52.71	56	51	1.15728	133.871
215	52.73	56	51	1.14464	133.103
216	52.73	56	51	1.14464	133.103
217	52.73	56	51	1.14464	135.334
218	52.74	56	51	1.13369	139.208
219	52.74	56	51	1.13369	139.208
220	52.77	56	51	1.12685	140.008
221	52.81	56	51	1.13436	140.231
222	52.82	56	51	1.12259	140.667
223	52.82	56	51	1.12259	137.629
224	52.87	56	51	1.09779	133.552
225	52.93	56	51	1.07548	134.02
226	52.96	56	52	1.06287	132.938
227	53	56	52	1.06363	129.392
228	53	56	52	1.06363	129.392
229	53	56	52	1.06363	129.392
230	53	56	52	1.06363	129.392
231	53.02	56	52	1.06344	128.896
232	53.02	56	52	1.06344	128.896
233	53.02	56	52	1.06344	128.896
234	53.02	56	52	1.06344	128.896
235	53.02	56	52	1.06344	128.896
236	53.02	56	52	1.06344	128.896
237	53.04	56	52	1.06287	128.243
238	53.04	56	52	1.06287	127.757
239	53.04	56	52	1.06287	127.757
240	53.04	56	52	1.06287	127.521
241	53.04	56	52	1.06287	127.521
242	53.06	56	52	1.06192	125.712
243	53.06	56	52	1.06192	124.712
244	53.06	56	52	1.06192	124.627
245	53.06	56	52	1.06192	124.627
246	53.1	56	52	1.05887	124.541
247	53.12	56	52	1.05677	124.707
248	53.12	56	52	1.05677	124.707
249	53.12	56	52	1.05677	124.707
250	53.12	56	52	1.05677	122.532
251	53.12	56	52	1.05677	121.027
252	53.14	56	52	1.05428	119.968
253	53.14	56	52	1.05428	119.968
254	53.14	56	52	1.05428	119.968
255	53.14	56	52	1.05428	119.968
256	53.14	56	52	1.05428	119.53
257	53.15	56	52	1.04809	119.657
258	53.15	56	52	1.04809	119.657
259	53.17	56	52	1.045	120.105
260	53.17	56	52	1.045	120.105
261	53.17	56	52	1.045	119.203
262	53.17	56	52	1.045	116.039
263	53.17	56	52	1.045	116.039
264	53.18	56	52	1.03845	114.907
265	53.18	56	52	1.03845	114.907
266	53.18	56	52	1.03845	114.3
267	53.19	56	52	1.03177	116.192
268	53.23	56	52	1.02351	116.912
269	53.23	56	52	1.02351	116.912
270	53.23	56	52	1.02351	116.912
271	53.23	56	52	1.02351	116.912
272	53.23	56	52	1.02351	116.799
273	53.29	56	52	1.04731	110.857
274	53.29	56	52	1.04731	110.857
275	53.29	56	52	1.04731	110.857
276	53.3	56	52	1.03962	110.767
277	53.3	56	52	1.03962	110.612
278	53.3	56	52	1.03962	110.612
279	53.32	56	52	1.03358	110.894
280	53.32	56	52	1.03358	109.279
281	53.32	56	52	1.03358	109.279
282	53.35	56	52	1.0384	108.272
283	53.37	56	52	1.03138	110.934
284	53.37	56	52	1.03138	110.934
285	53.37	56	52	1.03138	110.934
286	53.37	56	52	1.03138	110.934
287	53.37	56	52	1.03138	110.934
288	53.37	56	52	1.03138	110.934
289	53.42	56	52	1.02671	110.712
290	53.42	56	52	1.02671	110.712
291	53.42	56	52	1.02671	110.712
292	53.42	56	52	1.02671	110.712
293	53.42	56	52	1.02671	108.994
294	53.44	56	52	1.01822	109.475
295	53.46	56	52	1.00925	109.294
296	53.48	56	52	0.999798	109.373
297	53.48	56	52	0.999798	109.373
298	53.5	56	52	0.989847	107.86
299	53.5	56	52	0.989847	107.86
300	53.5	56	52	0.989847	103.013
301	53.5	56	52	0.989847	107.489
302	53.5	56	52	0.989847	107.489
303	53.5	56	52	0.989847	108.285
304	53.5	56	52	0.989847	108.285
305	53.5	56	52	0.989847	108.285
306	53.51	56	52	0.979538	100.147
307	53.51	56	52	0.979538	97.783
308	53.51	56	52	0.979538	97.783
309	53.51	56	52	0.979538	97.8954
310	53.53	56	52	0.968754	97.8101
311	53.53	56	52	0.968754	97.8101
312	53.53	56	52	0.968754	97.8101
313	53.54	56	52	0.957901	96.8582
314	53.54	56	52	0.957901	96.7982
315	53.54	56	52	0.957901	96.8305
316	53.54	56	52	0.957901	96.9406
317	53.54	56	52	0.957901	96.9406
318	53.54	56	52	0.957901	96.9406
319	53.54	56	52	0.957901	97.1463
320	53.54	56	52	0.957901	97.1463
321	53.56	56	52	0.946231	97.0408
322	53.56	56	52	0.946231	97.0408
323	53.58	56	52	0.933983	96.9717
324	53.58	56	52	0.933983	96.9717
325	53.58	56	52	0.933983	96.9717
326	53.6	56	52	0.921132	95.7661
327	53.6	56	52	0.921132	95.5392
328	53.6	56	52	0.921132	95.5392
329	53.6	56	52	0.921132	95.7263
330	53.62	56	52	0.907656	94.4246
331	53.62	56	52	0.907656	94.4246
332	53.65	56	52	0.903137	97.2816
333	53.65	56	52	0.903137	97.6848
334	53.65	56	52	0.903137	97.6848
335	53.65	56	52	0.903137	97.0452
336	53.67	56	52	0.888251	96.3925
337	53.67	56	52	0.888251	95.9618
338	53.67	56	52	0.888251	95.9618
339	53.67	56	52	0.888251	95.8242
340	53.67	56	52	0.888251	95.8242
341	53.67	56	52	0.888251	91.4802
342	53.67	56	52	0.888251	91.4802
343	53.69	56	52	0.872649	87.8933
344	53.73	56	52	0.839131	88.184
345	53.75	56	52	0.821123	90.7479
346	53.75	56	52	0.821123	90.7479
347	53.77	56	52	0.802207	90.8038
348	53.77	56	52	0.802207	90.8038
349	53.77	56	52	0.802207	90.8038
350	53.77	56	52	0.802207	92.2731
351	53.77	56	52	0.802207	91.5414
352	53.79	56	52	0.782317	93.0515
353	53.79	56	52	0.782317	93.0515
354	53.79	56	52	0.782317	93.0515
355	53.79	56	52	0.782317	92.4101
356	53.81	56	52	0.761379	91.2446
357	53.84	56	52	0.748332	91.9135
358	53.84	56	52	0.748332	91.543
359	53.84	56	52	0.748332	91.543
360	53.85	56	52	0.729951	92.3018
361	53.85	56	52	0.729951	92.3018
362	53.85	56	52	0.729951	92.3018
363	53.85	56	52	0.729951	92.3018
364	53.87	56	52	0.705749	91.9311
365	53.87	56	52	0.705749	91.8444
366	53.87	56	52	0.705749	91.8444
367	53.87	56	52	0.705749	91.8444
368	53.87	56	52	0.705749	91.8444
369	53.89	56	52	0.680092	92.5
370	53.89	56	52	0.680092	93.344
371	53.89	56	52	0.680092	93.344
372	53.89	56	52	0.680092	93.615
373	53.89	56	52	0.680092	93.7523
374	53.89	56	52	0.680092	93.3208
375	53.91	56	52	0.652811	92.3616
376	53.91	56	52	0.652811	92.3616
377	53.91	56	52	0.652811	92.3616
378	53.91	56	52	0.652811	93.1624
379	53.94	56	52	0.632776	93.6081
380	53.94	56	52	0.632776	93.7188
381	53.94	56	52	0.632776	93.7188
382	53.94	56	52	0.632776	93.7188
383	53.94	56	52	0.632776	92.7994
384	53.97	56	53	0.593824	92.7547
385	53.97	56	53	0.593824	92.7547
386	53.98	56	53	0.585688	92.7846
387	53.98	56	53	0.585688	92.7846
388	53.99	56	53	0.577262	92.177
389	53.99	56	53	0.577262	92.177
390	53.99	56	53	0.577262	92.177
391	53.99	56	53	0.577262	92.177
392	53.99	56	53	0.577262	92.177
393	53.99	56	53	0.577262	92.177
394	53.99	56	53	0.577262	92.177
395	54	56	53	0.568535	89.9634
396	54	56	53	0.568535	89.9634
397	54	56	53	0.568535	89.9634
398	54	56	53	0.568535	89.9634
399	54	56	53	0.568535	89.9634
400	54	56	53	0.568535	89.9634
401	54	56	53	0.568535	89.9634
402	54.01	56	53	0.559491	89.9012
403	54.01	56	53	0.559491	89.9012
404	54.01	56	53	0.559491	89.9012
405	54.03	56	53	0.558769	90.7911
406	54.04	56	53	0.549012	90.6596
407	54.06	56	53	0.54717	93.3285
408	54.06	56	53	0.54717	93.3285
409	54.06	56	53	0.54717	93.5846
410	54.07	56	53	0.536637	94.5905
411	54.07	56	53	0.536637	94.4374
412	54.08	56	53	0.525704	95.5295
413	54.08	56	53	0.525704	95.5295
414	54.08	56	53	0.525704	95.5295
415	54.09	56	53	0.51434	95.8374
416	54.09	56	53	0.51434	95.8374
417	54.1	56	53	0.502519	96.2226
418	54.1	56	53	0.502519	96.2226
419	54.1	56	53	0.502519	96.2226
420	54.1	56	53	0.502519	96.2226
421	54.11	56	53	0.490207	93.8255
422	54.12	56	53	0.477367	93.5539
423	54.12	56	53	0.477367	93.5539
424	54.12	56	53	0.477367	93.5539
425	54.12	56	53	0.477367	93.5539
426	54.12	56	53	0.477367	93.5539
427	54.12	56	53	0.477367	93.5539
428	54.12	56	53	0.477367	93.5539
429	54.13	56	53	0.463954	93.565
430	54.13	56	53	0.463954	93.565
431	54.13	56	53	0.463954	93.565
432	54.13	56	53	0.463954	93.565
433	54.13	56	53	0.463954	90.6513
434	54.13	56	53	0.463954	90.6513
435	54.13	56	53	0.463954	90.6513
436	54.13	56	53	0.463954	90.6513
437	54.14	56	53	0.449916	90.8485
438	54.14	56	53	0.449916	90.8485
439	54.14	56	53	0.449916	90.8485
440	54.14	56	53	0.449916	90.8485
441	54.16	56	54	0.419716	89.2515
442	54.16	56	54	0.419716	89.2515
443	54.16	56	54	0.419716	89.2515
444	54.16	56	54	0.419716	89.2515
445	54.16	56	54	0.419716	89.2515
446	54.16	56	54	0.419716	89.2515
447	54.17	56	54	0.427703	89.4139
448	54.17	56	54	0.427703	89.4139
449	54.17	56	54	0.427703	89.3222
450	54.17	56	54	0.427703	89.3222
451	54.17	56	54	0.427703	88.8158
452	54.17	56	54	0.427703	88.8158
453	54.17	56	54	0.427703	88.8158
454	54.17	56	54	0.427703	88.8158
455	54.17	56	54	0.427703	88.0988
456	54.17	56	54	0.427703	88.0988
457	54.17	56	54	0.427703	88.0988
458	54.17	56	54	0.427703	87.884
459	54.17	56	54	0.427703	87.884
460	54.17	56	54	0.427703	87.884
461	54.17	56	54	0.427703	87.884
462	54.17	56	54	0.427703	87.884
463	54.17	56	54	0.427703	87.884
464	54.17	56	54	0.427703	87.884
465	54.17	56	54	0.427703	87.884
466	54.17	56	54	0.427703	87.884
467	54.17	56	54	0.427703	87.884
468	54.17	56	54	0.427703	87.884
469	54.17	56	54	0.427703	87.884
470	54.17	56	54	0.427703	87.884
471	54.17	56	54	0.427703	88.1743
472	54.17	56	54	0.427703	88.1743
473	54.17	56	54	0.427703	88.1743
474	54.19	56	54	0.464824	87.7871
475	54.19	56	54	0.464824	87.7871
476	54.19	56	54	0.464824	87.7871
477	54.19	56	54	0.464824	87.7871
478	54.19	56	54	0.464824	87.7871
479	54.19	56	54	0.464824	87.3182
480	54.19	56	54	0.464824	87.4329
481	54.19	56	54	0.464824	87.4329
482	54.19	56	54	0.464824	87.4329
483	54.19	56	54	0.464824	87.4329
484	54.19	56	54	0.464824	87.4329
485	54.19	56	54	0.464824	87.4329
486	54.19	56	54	0.464824	87.4329
487	54.19	56	54	0.464824	87.4329
488	54.19	56	54	0.464824	87.4329
489	54.19	56	54	0.464824	87.4329
490	54.19	56	54	0.464824	88.4804
491	54.19	56	54	0.464824	88.5386
492	54.19	56	54	0.464824	88.5386
493	54.19	56	54	0.464824	88.0653
494	54.19	56	54	0.464824	88.0653
495	54.19	56	54	0.464824	88.0653
496	54.19	56	54	0.464824	88.0653
497	54.19	56	54	0.464824	88.0653
498	54.19	56	54	0.464824	88.0653
499	54.19	56	54	0.464824	88.0653
500	54.19	56	54	0.464824	88.0653
