0	41.13	50	30	4.63769	170.172
1	43.55	51	38	3.13461	148.67
2	44.63	51	42	2.53324	144.356
3	45.38	51	44	2.23733	133.927
4	45.49	51	44	2.22699	126.172
5	45.89	51	44	2.27811	124.963
6	46.47	52	44	2.32011	123.967
7	46.85	52	44	2.162	121.492
8	47.44	52	44	2.0953	118.651
9	47.82	52	45	1.91422	114.481
10	48.26	54	46	1.80135	112.649
11	48.5	54	46	1.73205	112.437
12	49.01	54	46	1.52086	107.737
13	49.22	54	47	1.28378	105.268
14	49.31	54	48	1.22841	103.689
15	49.43	54	48	1.19134	107.687
16	49.47	54	48	1.17598	106.345
17	49.5	54	48	1.15907	104.736
18	49.65	54	48	1.09521	105.952
19	49.84	54	48	1.01225	102.883
20	50.02	54	48	0.963789	100.443
21	50.06	54	48	0.919157	100.371
22	50.13	54	49	0.824559	99.6731
23	50.18	54	49	0.783413	98.3891
24	50.22	54	49	0.759851	96.6739
25	50.28	54	50	0.753175	93.119
26	50.28	54	50	0.753175	93.7731
27	50.29	54	50	0.756052	97.9824
28	50.3	54	50	0.758787	98.0236
29	50.31	54	50	0.761378	94.5707
30	50.33	54	50	0.779213	95.3135
31	50.35	54	50	0.796139	92.6921
32	50.36	54	50	0.797977	89.8101
33	50.45	54	50	0.891882	88.1034
34	50.45	54	50	0.891882	86.4129
35	50.47	54	50	0.904032	85.5859
36	50.49	54	50	0.904479	92.6164
37	50.53	54	50	0.915137	95.6756
38	50.57	54	50	0.977059	95.139
39	50.59	54	50	0.985705	102.613
40	50.6	54	50	0.984733	105.557
41	50.61	54	50	0.983654	105.342
42	50.61	54	50	0.983654	104.009
43	50.61	54	50	0.983654	102.988
44	50.61	54	50	0.983654	102.116
45	50.61	54	50	0.983654	102.398
46	50.61	54	50	0.983654	105.771
47	50.62	54	50	0.982473	100.914
48	50.65	54	50	0.978299	102.905
49	50.65	54	50	0.978299	99.3907
50	50.68	54	50	0.983501	101.005
51	50.73	54	50	1.03333	102.983
52	50.74	54	50	1.03103	102.256
53	50.79	54	50	1.05691	105.619
54	50.8	54	50	1.05409	102.604
55	50.85	54	50	1.06719	103.987
56	50.85	54	50	1.06719	103.133
57	50.85	54	50	1.06719	103.805
58	50.86	54	50	1.06382	106.17
59	50.86	54	50	1.06382	107.212
60	50.86	54	50	1.06382	112.761
61	50.86	54	50	1.06382	112.48
62	50.89	54	50	1.06263	112.643
63	50.89	54	50	1.06263	114.071
64	50.95	54	50	1.09522	113.49
65	50.97	54	50	1.0867	112.149
66	50.99	54	50	1.08707	122.219
67	51	54	50	1.08246	117.741
68	51	54	50	1.08246	117.235
69	51.02	54	50	1.08227	116.625
70	51.02	54	50	1.08227	116.252
71	51.04	54	50	1.07233	121.242
72	51.05	54	50	1.06719	114.99
73	51.09	54	50	1.055	117.746
74	51.09	54	50	1.055	112.566
75	51.1	54	50	1.04929	107.362
76	51.12	54	50	1.03748	107.497
77	51.15	54	50	1.02863	109.094
78	51.16	54	50	1.02218	109.831
79	51.16	54	50	1.02218	107.978
80	51.22	55	50	1.07853	108.517
81	51.23	55	50	1.07172	110.534
82	51.24	55	50	1.06477	111.131
83	51.24	55	50	1.06477	109.274
84	51.27	55	50	1.0527	107.748
85	51.28	55	50	1.04524	109.924
86	51.28	55	50	1.04524	107.63
87	51.29	55	50	1.03762	108.402
88	51.31	55	50	1.02193	107.236
89	51.31	55	50	1.02193	112.368
90	51.37	56	50	1.11605	108.855
91	51.37	56	50	1.11605	107.913
92	51.38	56	50	1.1081	103.013
93	51.41	56	50	1.08334	100.681
94	51.41	56	50	1.08334	100.608
95	51.47	56	50	1.05844	101.199
96	51.48	56	50	1.0491	103.983
97	51.49	56	50	1.03957	103.231
98	51.49	56	50	1.03957	101.621
99	51.5	56	50	1.02986	102.498
100	51.52	56	50	1.00985	100.973
101	51.52	56	50	1.00985	100.925
102	51.52	56	50	1.00985	101.057
103	51.56	56	50	1.02809	99.7089
104	51.56	56	50	1.02809	100.748
105	51.57	56	51	1.01757	97.4224
106	51.57	56	51	1.01757	97.4224
107	51.57	56	51	1.01757	97.4224
108	51.58	56	51	1.01683	99.438
109	51.58	56	51	1.01683	99.4766
110	51.59	56	51	1.01598	99.6881
111	51.59	56	51	1.01598	101.76
112	51.59	56	51	1.01598	101.76
113	51.6	56	51	1.01504	103.32
114	51.6	56	51	1.01504	103.32
115	51.63	56	51	1.04113	103.429
116	51.66	56	51	1.06572	103.893
117	51.66	56	51	1.06572	104.88
118	51.66	56	51	1.06572	104.88
119	51.68	56	51	1.06249	101.915
120	51.68	56	51	1.06249	102.02
121	51.69	56	51	1.06073	102.784
122	51.69	56	51	1.06073	102.837
123	51.72	56	51	1.08321	102.836
124	51.76	56	51	1.10206	102.33
125	51.76	56	51	1.10206	102.705
126	51.78	56	51	1.0971	105.66
127	51.78	56	51	1.0971	105.66
128	51.78	56	51	1.0971	105.66
129	51.78	56	51	1.0971	105.66
130	51.78	56	51	1.0971	105.66
131	51.79	56	51	1.09448	105.257
132	51.79	56	51	1.09448	105.324
133	51.79	56	51	1.09448	106.183
134	51.79	56	51	1.09448	106.183
135	51.84	56	51	1.10755	104.871
136	51.84	56	51	1.10755	104.871
137	51.84	56	51	1.10755	104.54
138	51.84	56	51	1.10755	104.54
139	51.85	56	51	1.1044	105.17
140	51.91	56	51	1.13792	104.51
141	51.91	56	51	1.13792	103.918
142	51.91	56	51	1.13792	103.918
143	51.91	56	51	1.13792	103.989
144	51.91	56	51	1.13792	107.82
145	51.92	56	51	1.13422	107.884
146	51.92	56	51	1.13422	107.828
147	51.93	56	51	1.13043	108.937
148	51.93	56	51	1.13043	109.699
149	51.93	56	51	1.13043	109.699
150	51.93	56	51	1.13043	109.699
151	51.93	56	51	1.13043	109.699
152	51.97	56	51	1.14111	108.601
153	51.97	56	51	1.14111	110.279
154	51.97	56	51	1.14111	110.279
155	52.02	56	51	1.14574	106.118
156	52.02	56	51	1.14574	106.118
157	52.02	56	51	1.14574	106.118
158	52.02	56	51	1.14574	106.118
159	52.02	56	51	1.14574	105.064
160	52.05	56	51	1.15798	106.099
161	52.15	56	51	1.21751	107.633
162	52.15	56	51	1.21751	107.333
163	52.15	56	51	1.21751	109.26
164	52.18	56	51	1.20922	109.354
165	52.18	56	51	1.20922	109.354
166	52.19	56	51	1.20349	107.758
167	52.2	56	51	1.19764	106.349
168	52.22	56	51	1.1856	108.331
169	52.22	56	51	1.1856	108.51
170	52.29	56	51	1.19168	109.54
171	52.29	56	51	1.19168	109.54
172	52.3	56	51	1.18492	109.622
173	52.3	56	51	1.18492	111.277
174	52.33	56	51	1.18964	112.321
175	52.33	56	51	1.18964	110.307
176	52.33	56	51	1.18964	110.307
177	52.33	56	51	1.18964	110.372
178	52.33	56	51	1.18964	110.471
179	52.33	56	51	1.18964	110.471
180	52.33	56	51	1.18964	110.52
181	52.33	56	51	1.18964	110.52
182	52.34	56	51	1.18253	113.465
183	52.34	56	51	1.18253	113.465
184	52.34	56	51	1.18253	113.465
185	52.34	56	51	1.18253	112.316
186	52.35	56	51	1.17529	112.212
187	52.36	56	51	1.16792	112.756
188	52.36	56	51	1.16792	112.441
189	52.36	56	51	1.16792	113.431
190	52.36	56	51	1.16792	113.857
191	52.36	56	51	1.16792	113.857
192	52.36	56	51	1.16792	113.635
193	52.36	56	51	1.16792	113.635
194	52.36	56	51	1.16792	113.635
195	52.44	56	51	1.21705	114.265
196	52.46	56	51	1.20118	109.543
197	52.49	56	51	1.20181	112.015
198	52.5	56	51	1.19342	113.818
199	52.5	56	51	1.19342	112.773
200	52.5	56	51	1.19342	113.713
201	52.5	56	51	1.19342	115.521
202	52.51	56	51	1.18488	115.528
203	52.55	56	51	1.2008	116.058
204	52.56	56	51	1.19189	116.391
205	52.66	56	51	1.19949	115.773
206	52.66	56	51	1.19949	116.928
207	52.67	56	51	1.18964	117.057
208	52.7	56	51	1.18492	120.621
209	52.71	56	51	1.1746	117.318
210	52.73	56	51	1.15343	114.954
211	52.73	56	51	1.15343	114.558
212	52.8	56	52	1.12815	114.062
213	52.81	56	52	1.12542	114.411
214	52.83	56	52	1.12864	111.259
215	52.83	56	52	1.12864	111.259
216	52.85	56	52	1.1315	111.104
217	52.85	56	52	1.1315	111.104
218	52.85	56	52	1.1315	111.104
219	52.85	56	52	1.1315	111.104
220	52.85	56	52	1.1315	111.104
221	52.87	56	52	1.134	113.977
222	52.87	56	52	1.134	113.977
223	52.89	56	52	1.13614	112.809
224	52.89	56	52	1.13614	112.809
225	52.89	56	52	1.13614	112.809
226	52.89	56	52	1.13614	112.709
227	52.89	56	52	1.13614	112.804
228	52.89	56	52	1.13614	112.804
229	52.91	56	52	1.13791	113.431
230	52.91	56	52	1.13791	112.918
231	52.91	56	52	1.13791	117.266
232	52.91	56	52	1.13791	117.266
233	52.91	56	52	1.13791	115.579
234	52.91	56	52	1.13791	115.467
235	52.91	56	52	1.13791	115.467
236	52.91	56	52	1.13791	115.467
237	52.91	56	52	1.13791	115.467
238	52.91	56	52	1.13791	115.467
239	52.91	56	52	1.13791	115.467
240	52.93	56	52	1.13933	114.999
241	52.94	56	52	1.13547	113.37
242	52.94	56	52	1.13547	113.094
243	52.94	56	52	1.13547	113.094
244	52.94	56	52	1.13547	113.094
245	52.94	56	52	1.13547	113.094
246	52.94	56	52	1.13547	113.094
247	52.94	56	52	1.13547	113.094
248	52.96	56	52	1.13636	114.31
249	52.96	56	52	1.13636	114.31
250	52.99	56	52	1.15027	109.895
251	52.99	56	52	1.15027	109.895
252	52.99	56	52	1.15027	109.895
253	52.99	56	52	1.15027	109.895
254	52.99	56	52	1.15027	109.895
255	52.99	56	52	1.15027	109.249
256	52.99	56	52	1.15027	109.249
257	53.03	56	52	1.14992	109.296
258	53.03	56	52	1.14992	109.296
259	53.04	56	52	1.14521	106.314
260	53.06	56	52	1.14433	106.289
261	53.06	56	52	1.14433	106.289
262	53.06	56	52	1.14433	106.289
263	53.06	56	52	1.14433	106.289
264	53.06	56	52	1.14433	106.289
265	53.06	56	52	1.14433	106.289
266	53.06	56	52	1.14433	106.289
267	53.06	56	52	1.14433	106.289
268	53.06	56	52	1.14433	106.289
269	53.06	56	52	1.14433	106.464
270	53.06	56	52	1.14433	106.464
271	53.06	56	52	1.14433	106.464
272	53.08	56	52	1.1431	105.575
273	53.1	56	52	1.1415	107.722
274	53.1	56	52	1.1415	107.722
275	53.1	56	52	1.1415	107.722
276	53.1	56	52	1.1415	107.722
277	53.13	56	52	1.134	108.384
278	53.13	56	52	1.134	107.285
279	53.15	56	52	1.1315	108.101
280	53.15	56	52	1.1315	108.101
281	53.15	56	52	1.1315	108.101
282	53.15	56	52	1.1315	108.101
283	53.17	56	52	1.12864	109.622
284	53.19	56	52	1.12542	110.728
285	53.21	56	52	1.12182	109.994
286	53.21	56	52	1.12182	110.57
287	53.21	56	52	1.12182	110.57
288	53.21	56	52	1.12182	110.57
289	53.21	56	52	1.12182	110.57
290	53.21	56	52	1.12182	110.57
291	53.21	56	52	1.12182	109.398
292	53.21	56	52	1.12182	109.398
293	53.21	56	52	1.12182	110.087
294	53.23	56	52	1.11785	109.981
295	53.23	56	52	1.11785	111.398
296	53.23	56	52	1.11785	111.398
297	53.23	56	52	1.11785	111.398
298	53.23	56	52	1.11785	111.398
299	53.23	56	52	1.11785	112.371
300	53.23	56	52	1.11785	112.683
301	53.23	56	52	1.11785	112.14
302	53.23	56	52	1.11785	112.14
303	53.25	56	52	1.11351	109.23
304	53.27	56	52	1.10878	108.198
305	53.27	56	52	1.10878	108.198
306	53.27	56	52	1.10878	107.24
307	53.27	56	52	1.10878	106.751
308	53.27	56	52	1.10878	107.175
309	53.27	56	52	1.10878	107.175
310	53.34	56	52	1.10298	107.121
311	53.34	56	52	1.10298	109.992
312	53.34	56	52	1.10298	109.992
313	53.36	56	52	1.09655	107.908
314	53.36	56	52	1.09655	107.908
315	53.36	56	52	1.09655	107.908
316	53.36	56	52	1.09655	107.908
317	53.36	56	52	1.09655	107.488
318	53.38	56	52	1.08971	106.543
319	53.38	56	52	1.08971	104.508
320	53.4	56	52	1.08246	106.104
321	53.4	56	52	1.08246	105.299
322	53.4	56	52	1.08246	104.068
323	53.4	56	52	1.08246	104.068
324	53.42	56	52	1.07478	104.293
325	53.43	56	52	1.06605	103.88
326	53.45	56	52	1.05768	106.145
327	53.45	56	52	1.05768	106.135
328	53.45	56	52	1.05768	106.135
329	53.47	56	52	1.04886	106.332
330	53.47	56	52	1.04886	106.332
331	53.47	56	52	1.04886	105.971
332	53.48	56	52	1.03943	106.178
333	53.48	56	52	1.03943	106.178
334	53.48	56	52	1.03943	106.178
335	53.48	56	52	1.03943	106.08
336	53.5	56	52	1.02986	106.964
337	53.5	56	52	1.02986	106.964
338	53.5	56	52	1.02986	107.038
339	53.5	56	52	1.02986	107.038
340	53.5	56	52	1.02986	107.038
341	53.5	56	52	1.02986	107.038
342	53.5	56	52	1.02986	107.038
343	53.5	56	52	1.02986	106.136
344	53.5	56	52	1.02986	105.684
345	53.5	56	52	1.02986	105.405
346	53.52	56	52	1.0198	102.288
347	53.53	56	52	1.0096	106.176
348	53.57	56	52	1.02745	107.324
349	53.57	56	52	1.02745	107.284
350	53.59	56	52	1.01598	109.655
351	53.59	56	52	1.01598	109.655
352	53.59	56	52	1.01598	109.655
353	53.59	56	52	1.01598	109.655
354	53.59	56	52	1.01598	109.655
355	53.59	56	52	1.01598	110.372
356	53.59	56	52	1.01598	110.032
357	53.59	56	52	1.01598	112.034
358	53.59	56	52	1.01598	112.034
359	53.59	56	52	1.01598	112.034
360	53.61	56	52	1.00398	112.402
361	53.61	56	52	1.00398	112.287
362	53.61	56	52	1.00398	112.287
363	53.61	56	52	1.00398	112.287
364	53.61	56	52	1.00398	112.287
365	53.62	56	52	0.992701	110.58
366	53.62	56	52	0.992701	110.58
367	53.62	56	52	0.992701	111.891
368	53.64	56	52	0.979796	113.417
369	53.64	56	52	0.979796	113.417
370	53.64	56	52	0.979796	113.417
371	53.66	56	52	0.966301	111.907
372	53.66	56	52	0.966301	113.316
373	53.66	56	52	0.966301	113.316
374	53.68	56	52	0.95219	113.392
375	53.68	56	52	0.95219	114.944
376	53.68	56	52	0.95219	115.931
377	53.68	56	52	0.95219	111.836
378	53.72	56	52	0.922009	114.607
379	53.72	56	52	0.922009	114.607
380	53.72	56	52	0.922009	114.884
381	53.72	56	52	0.922009	114.884
382	53.72	56	52	0.922009	114.926
383	53.72	56	52	0.922009	113.745
384	53.72	56	52	0.922009	114.825
385	53.72	56	52	0.922009	114.638
386	53.72	56	52	0.922009	114.638
387	53.72	56	52	0.922009	115.612
388	53.72	56	52	0.922009	115.489
389	53.74	56	52	0.894653	113.13
390	53.74	56	52	0.894653	113.13
391	53.78	56	52	0.859645	112.419
392	53.78	56	52	0.859645	112.419
393	53.78	56	52	0.859645	112.419
394	53.78	56	52	0.859645	112.419
395	53.78	56	52	0.859645	112.419
396	53.78	56	52	0.859645	112.419
397	53.78	56	52	0.859645	112.419
398	53.78	56	52	0.859645	112.419
399	53.78	56	52	0.859645	112.419
400	53.8	56	52	0.840875	112.82
401	53.82	56	52	0.821184	113.725
402	53.82	56	52	0.821184	113.725
403	53.82	56	52	0.821184	115.411
404	53.83	56	52	0.804721	120.063
405	53.83	56	52	0.804721	120.063
406	53.86	56	52	0.791623	119.118
407	53.86	56	52	0.791623	119.118
408	53.86	56	52	0.791623	119.118
409	53.88	56	52	0.769101	119.109
410	53.88	56	52	0.769101	119.109
411	53.9	56	52	0.745356	116.301
412	53.9	56	52	0.745356	116.301
413	53.9	56	52	0.745356	116.301
414	53.9	56	52	0.745356	116.301
415	53.9	56	52	0.745356	116.301
416	53.9	56	52	0.745356	117.106
417	53.9	56	52	0.745356	115.296
418	53.9	56	52	0.745356	115.448
419	53.9	56	52	0.745356	115.483
420	53.92	56	52	0.72027	116.402
421	53.92	56	52	0.72027	116.402
422	53.92	56	52	0.72027	116.402
423	53.92	56	52	0.72027	115.857
424	53.92	56	52	0.72027	115.857
425	53.92	56	52	0.72027	115.857
426	53.95	56	52	0.672325	120.205
427	53.95	56	52	0.672325	120.205
428	53.95	56	52	0.672325	120.205
429	53.97	56	52	0.642832	119.993
430	53.99	56	53	0.611257	120.942
431	53.99	56	53	0.611257	120.942
432	53.99	56	53	0.611257	120.942
433	53.99	56	53	0.611257	120.942
434	54	56	53	0.603023	121.604
435	54.01	56	53	0.594503	120.763
436	54.01	56	53	0.594503	120.763
437	54.01	56	53	0.594503	120.763
438	54.01	56	53	0.594503	120.763
439	54.01	56	53	0.594503	120.763
440	54.01	56	53	0.594503	120.763
441	54.01	56	53	0.594503	120.763
442	54.02	56	53	0.585688	121.177
443	54.05	56	53	0.57516	117.91
444	54.05	56	53	0.57516	117.91
445	54.05	56	53	0.57516	117.91
446	54.05	56	53	0.57516	117.91
447	54.06	56	53	0.565329	118.823
448	54.06	56	53	0.565329	118.823
449	54.06	56	53	0.565329	118.823
450	54.06	56	53	0.565329	118.823
451	54.07	56	53	0.555141	118.756
452	54.07	56	53	0.555141	118.756
453	54.07	56	53	0.555141	118.756
454	54.11	56	53	0.548552	117.104
455	54.11	56	53	0.548552	117.104
456	54.11	56	53	0.548552	117.104
457	54.12	56	53	0.537108	117.947
458	54.12	56	53	0.537108	117.947
459	54.12	56	53	0.537108	117.947
460	54.12	56	53	0.537108	116.194
461	54.13	56	53	0.525223	117.151
462	54.13	56	53	0.525223	117.151
463	54.14	56	53	0.512865	117.248
464	54.14	56	53	0.512865	117.248
465	54.14	56	53	0.512865	117.248
466	54.14	56	53	0.512865	117.248
467	54.16	56	53	0.486588	121.372
468	54.16	56	53	0.486588	121.372
469	54.17	56	54	0.472582	121.603
470	54.17	56	54	0.472582	121.603
471	54.17	56	54	0.472582	121.622
472	54.17	56	54	0.472582	121.435
473	54.19	56	54	0.506424	120.339
474	54.19	56	54	0.506424	120.339
475	54.19	56	54	0.506424	120.339
476	54.19	56	54	0.506424	120.339
477	54.19	56	54	0.506424	120.339
478	54.19	56	54	0.506424	120.339
479	54.19	56	54	0.506424	120.339
480	54.19	56	54	0.506424	120.339
481	54.19	56	54	0.506424	120.339
482	54.19	56	54	0.506424	120.339
483	54.19	56	54	0.506424	119.563
484	54.19	56	54	0.506424	119.563
485	54.19	56	54	0.506424	119.563
486	54.19	56	54	0.506424	119.563
487	54.19	56	54	0.506424	119.563
488	54.19	56	54	0.506424	119.563
489	54.19	56	54	0.506424	119.563
490	54.19	56	54	0.506424	119.563
491	54.19	56	54	0.506424	119.563
492	54.19	56	54	0.506424	118.609
493	54.19	56	54	0.506424	118.609
494	54.19	56	54	0.506424	118.609
495	54.19	56	54	0.506424	118.609
496	54.19	56	54	0.506424	118.644
497	54.19	56	54	0.506424	120.86
498	54.19	56	54	0.506424	121.013
499	54.19	56	54	0.506424	121.013
500	54.19	56	54	0.506424	121.013
