0	41.9	51	34	5.85852	175.622
1	45.8	51	38	4.2374	159.444
2	45.8	51	38	4.2374	155.667
3	46.8	51	42	3.25918	123.289
4	47.5	51	44	2.83823	121.356
5	49.1	51	46	1.59513	87.4889
6	49.4	51	48	1.17379	92.5333
7	49.4	51	48	1.17379	92.5333
8	50.2	52	49	0.918937	99.5556
9	50.2	52	49	0.918937	99.5556
10	50.4	52	49	0.843274	90.3778
11	50.4	52	49	0.843274	90.3778
12	50.4	52	49	0.843274	90.3778
13	50.5	52	50	0.707107	85.9778
14	50.5	52	50	0.707107	66.9556
15	50.9	54	50	1.28668	63.6667
16	50.9	54	50	1.28668	63.6667
17	50.9	54	50	1.28668	57.9333
18	51.1	54	50	1.28668	56.0889
19	51.5	54	50	1.50923	55.8444
20	51.5	54	50	1.50923	51.9778
21	51.7	54	50	1.41814	59.9556
22	51.9	54	50	1.28668	70.1556
23	51.9	54	50	1.28668	70.1556
24	51.9	54	50	1.28668	93.1333
25	51.9	54	50	1.28668	93.1333
26	51.9	54	50	1.28668	75.3333
27	52.4	54	51	1.17379	99.8222
28	52.7	54	51	1.1595	98.2444
29	53	54	52	1.05409	105.067
30	53	54	52	1.05409	105.067
31	53.2	54	52	1.0328	119.289
32	53.2	54	52	1.0328	119.289
33	53.4	54	52	0.966092	152
34	53.6	54	52	0.843274	133.733
35	53.8	54	52	0.632456	144.778
36	53.8	54	52	0.632456	144.422
37	54	54	54	0	154.911
38	54	54	54	0	130.933
39	54	54	54	0	124.733
40	54	54	54	0	110.333
41	54	54	54	0	133.689
42	54	54	54	0	110.467
43	54	54	54	0	110.467
44	54	54	54	0	110.467
45	54	54	54	0	110.467
46	54	54	54	0	110.467
47	54	54	54	0	110.467
48	54	54	54	0	110.467
49	54	54	54	0	122.689
50	54	54	54	0	90.7333
51	54	54	54	0	112.644
52	54	54	54	0	132.956
53	54	54	54	0	132.956
54	54	54	54	0	132.956
55	54	54	54	0	132.956
56	54	54	54	0	154.6
57	54	54	54	0	154.6
58	54	54	54	0	162.756
59	54	54	54	0	153.133
60	54	54	54	0	153.133
61	54	54	54	0	153.133
62	54	54	54	0	153.133
63	54	54	54	0	153.222
64	54	54	54	0	153.222
65	54	54	54	0	142.6
66	54	54	54	0	142.6
67	54	54	54	0	150.956
68	54	54	54	0	150.956
69	54	54	54	0	150.956
70	54	54	54	0	150.956
71	54	54	54	0	150.956
72	54	54	54	0	150.956
73	54	54	54	0	142
74	54	54	54	0	142
75	54	54	54	0	146.4
76	54	54	54	0	149.911
77	54	54	54	0	166.244
78	54	54	54	0	166.244
79	54	54	54	0	161.778
80	54	54	54	0	184.044
81	54	54	54	0	184.044
82	54	54	54	0	184.044
83	54	54	54	0	188.889
84	54	54	54	0	188.889
85	54	54	54	0	188.889
86	54	54	54	0	188.889
87	54	54	54	0	188.889
88	54	54	54	0	186.222
89	54	54	54	0	186.222
90	54	54	54	0	186.222
91	54	54	54	0	186.222
92	54	54	54	0	219.689
93	54	54	54	0	219.689
94	54	54	54	0	220.578
95	54	54	54	0	220.578
96	54	54	54	0	220.578
97	54	54	54	0	220.578
98	54	54	54	0	220.578
99	54	54	54	0	220.578
100	54	54	54	0	220.578
101	54	54	54	0	212.933
102	54	54	54	0	212.933
103	54	54	54	0	218.822
104	54	54	54	0	218.822
105	54	54	54	0	218.822
106	54	54	54	0	218.822
107	54	54	54	0	218.822
108	54	54	54	0	218.822
109	54	54	54	0	214.822
110	54	54	54	0	214.822
111	54	54	54	0	214.822
112	54	54	54	0	214.822
113	54	54	54	0	236.822
114	54	54	54	0	236.822
115	54	54	54	0	232.778
116	54	54	54	0	232.778
117	54	54	54	0	232.778
118	54	54	54	0	207.267
119	54	54	54	0	207.267
120	54	54	54	0	207.267
121	54	54	54	0	188.467
122	54	54	54	0	188.467
123	54	54	54	0	188.467
124	54	54	54	0	188.467
125	54	54	54	0	188.467
126	54	54	54	0	188.467
127	54	54	54	0	193.289
128	54	54	54	0	186.244
129	54	54	54	0	182.333
130	54.1	55	54	0.316228	176.756
131	54.1	55	54	0.316228	165.644
132	54.1	55	54	0.316228	163.422
133	54.1	55	54	0.316228	163.422
134	54.1	55	54	0.316228	163.422
135	54.2	55	54	0.421637	133.978
136	54.2	55	54	0.421637	113.911
137	54.2	55	54	0.421637	113.911
138	54.2	55	54	0.421637	141.778
139	54.2	55	54	0.421637	128.756
140	54.3	55	54	0.483046	87.6444
141	54.3	55	54	0.483046	87.6444
142	54.3	55	54	0.483046	87.6444
143	54.3	55	54	0.483046	82.6667
144	54.3	55	54	0.483046	82.6667
145	54.3	55	54	0.483046	82.6667
146	54.3	55	54	0.483046	109.311
147	54.3	55	54	0.483046	109.311
148	54.3	55	54	0.483046	119.444
149	54.3	55	54	0.483046	95.2
150	54.3	55	54	0.483046	95.2
151	54.3	55	54	0.483046	96.8222
152	54.3	55	54	0.483046	96.8222
153	54.3	55	54	0.483046	81.7556
154	54.3	55	54	0.483046	79.8
155	54.3	55	54	0.483046	125.867
156	54.3	55	54	0.483046	133.156
157	54.3	55	54	0.483046	133.156
158	54.5	55	54	0.527046	178.489
159	54.7	55	54	0.483046	171.044
160	54.7	55	54	0.483046	171.044
161	54.7	55	54	0.483046	127.444
162	54.8	55	54	0.421637	153.844
163	54.8	55	54	0.421637	161.156
164	54.8	55	54	0.421637	146
165	55	55	55	0	156.6
166	55	55	55	0	156.6
167	55	55	55	0	152.267
168	55	55	55	0	135.044
169	55	55	55	0	135.044
170	55	55	55	0	135.044
171	55	55	55	0	135.044
172	55	55	55	0	135.044
173	55	55	55	0	135.044
174	55	55	55	0	155.444
175	55	55	55	0	155.444
176	55	55	55	0	155.444
177	55	55	55	0	155.444
178	55	55	55	0	155.444
179	55	55	55	0	155.444
180	55	55	55	0	155.444
181	55	55	55	0	155.444
182	55	55	55	0	155.444
183	55	55	55	0	155.111
184	55	55	55	0	155.111
185	55	55	55	0	155.111
186	55	55	55	0	155.111
187	55	55	55	0	155.111
188	55	55	55	0	155.111
189	55	55	55	0	155.111
190	55	55	55	0	123.956
191	55	55	55	0	123.956
192	55	55	55	0	123.956
193	55	55	55	0	110.911
194	55	55	55	0	110.911
195	55	55	55	0	134.311
196	55	55	55	0	134.311
197	55	55	55	0	134.311
198	55	55	55	0	134.311
199	55	55	55	0	134.311
200	55	55	55	0	134.311
201	55	55	55	0	134.311
202	55	55	55	0	134.311
203	55	55	55	0	134.311
204	55	55	55	0	134.311
205	55	55	55	0	134.311
206	55	55	55	0	134.311
207	55	55	55	0	169
208	55	55	55	0	194.578
209	55	55	55	0	194.578
210	55	55	55	0	194.578
211	55	55	55	0	194.578
212	55	55	55	0	194.578
213	55	55	55	0	194.578
214	55	55	55	0	194.578
215	55	55	55	0	213.778
216	55	55	55	0	208.8
217	55	55	55	0	208.8
218	55	55	55	0	217.578
219	55	55	55	0	217.578
220	55	55	55	0	217.578
221	55	55	55	0	212.4
222	55	55	55	0	212.4
223	55	55	55	0	212.4
224	55	55	55	0	212.4
225	55	55	55	0	212.4
226	55	55	55	0	212.4
227	55	55	55	0	212.4
228	55	55	55	0	213.467
229	55	55	55	0	213.467
230	55	55	55	0	213.467
231	55	55	55	0	207.622
232	55	55	55	0	231.8
233	55	55	55	0	231.8
234	55	55	55	0	231.8
235	55	55	55	0	231.8
236	55	55	55	0	230.311
237	55	55	55	0	230.311
238	55	55	55	0	230.311
239	55	55	55	0	254.978
240	55	55	55	0	254.978
241	55	55	55	0	347
242	55	55	55	0	347
243	55	55	55	0	347
244	55	55	55	0	347
245	55	55	55	0	340.733
246	55	55	55	0	340.733
247	55	55	55	0	340.733
248	55	55	55	0	376.178
249	55	55	55	0	346.133
250	55	55	55	0	271.578
