0	41.9	51	34	5.85852	175.622
1	43.7	51	38	4.27005	146.289
2	44.7	51	42	3.19896	153
3	46.5	51	44	2.95334	126.244
4	47.1	51	44	2.68535	149.089
5	48.1	51	44	2.23358	166.8
6	48.5	51	46	1.71594	151.6
7	48.9	51	46	1.52388	128.422
8	48.9	51	46	1.52388	132.511
9	49.3	51	48	1.1595	121.578
10	49.5	51	48	1.08012	104.356
11	49.7	51	48	0.948683	75.2444
12	50.2	51	50	0.421637	118.911
13	50.2	51	50	0.421637	147.8
14	50.2	51	50	0.421637	147.8
15	50.2	51	50	0.421637	147.8
16	50.2	51	50	0.421637	147.8
17	50.2	51	50	0.421637	147.8
18	50.2	51	50	0.421637	152.044
19	50.2	51	50	0.421637	152.044
20	50.2	51	50	0.421637	152.044
21	50.2	51	50	0.421637	153.444
22	50.2	51	50	0.421637	153.444
23	50.2	51	50	0.421637	170.556
24	50.2	51	50	0.421637	170.556
25	50.2	51	50	0.421637	170.556
26	50.4	52	50	0.699206	142.4
27	50.4	52	50	0.699206	142.4
28	50.4	52	50	0.699206	142.4
29	50.4	52	50	0.699206	142.4
30	50.5	52	50	0.707107	141.6
31	50.5	52	50	0.707107	138.533
32	50.5	52	50	0.707107	138.533
33	50.5	52	50	0.707107	138.533
34	50.5	52	50	0.707107	133.822
35	50.5	52	50	0.707107	133.822
36	50.5	52	50	0.707107	133.822
37	50.5	52	50	0.707107	133.822
38	50.8	53	50	1.0328	135.022
39	51	53	50	1.05409	93.4444
40	51.1	53	50	0.994429	90.7778
41	51.1	53	50	0.994429	90.7778
42	51.1	53	50	0.994429	83.1556
43	51.1	53	50	0.994429	83.1556
44	51.1	53	50	0.994429	83.1556
45	51.3	53	50	0.948683	67.8889
46	51.3	53	50	0.948683	67.8889
47	51.3	53	50	0.948683	67.8889
48	51.3	53	50	0.948683	67.8889
49	51.3	53	50	0.948683	106.867
50	51.3	53	50	0.948683	106.867
51	51.5	53	50	0.849837	79.0889
52	51.7	53	51	0.674949	65.6889
53	51.8	53	51	0.632456	55.0444
54	51.9	53	51	0.567646	59.1778
55	52.1	53	51	0.567646	43.5333
56	52.1	53	51	0.567646	40.6444
57	52.1	53	51	0.567646	40.6444
58	52.1	53	51	0.567646	40.6444
59	52.2	53	52	0.421637	46.3556
60	52.2	53	52	0.421637	53.3556
61	52.2	53	52	0.421637	53.3556
62	52.2	53	52	0.421637	48.3556
63	52.2	53	52	0.421637	48.3556
64	52.2	53	52	0.421637	48.3556
65	52.2	53	52	0.421637	48.3556
66	52.3	53	52	0.483046	52.4444
67	52.3	53	52	0.483046	52.4444
68	52.3	53	52	0.483046	47.5556
69	52.3	53	52	0.483046	47.5556
70	52.3	53	52	0.483046	47.5556
71	52.3	53	52	0.483046	47.5556
72	52.3	53	52	0.483046	47.5556
73	52.3	53	52	0.483046	47.5556
74	52.3	53	52	0.483046	47.5556
75	52.3	53	52	0.483046	47.5556
76	52.3	53	52	0.483046	47.5556
77	52.3	53	52	0.483046	47.5556
78	52.3	53	52	0.483046	45.8444
79	52.3	53	52	0.483046	45.8444
80	52.3	53	52	0.483046	53.5333
81	52.3	53	52	0.483046	53.5333
82	52.4	53	52	0.516398	52.7778
83	52.4	53	52	0.516398	52.7778
84	52.4	53	52	0.516398	52.7778
85	52.4	53	52	0.516398	52.7778
86	52.4	53	52	0.516398	52.7778
87	52.4	53	52	0.516398	52.7778
88	52.4	53	52	0.516398	52.7778
89	52.4	53	52	0.516398	52.7778
90	52.4	53	52	0.516398	52.7778
91	52.4	53	52	0.516398	52.7778
92	52.4	53	52	0.516398	52.7778
93	52.4	53	52	0.516398	52.7778
94	52.4	53	52	0.516398	52.7778
95	52.4	53	52	0.516398	52.7778
96	52.4	53	52	0.516398	52.7778
97	52.4	53	52	0.516398	52.7778
98	52.5	53	52	0.527046	45.8444
99	52.5	53	52	0.527046	45.8444
100	52.5	53	52	0.527046	47.3556
101	52.5	53	52	0.527046	47.3556
102	52.5	53	52	0.527046	47.3556
103	52.6	53	52	0.516398	40.5111
104	52.6	53	52	0.516398	40.5111
105	52.6	53	52	0.516398	40.5111
106	52.6	53	52	0.516398	40.5111
107	52.6	53	52	0.516398	40.5111
108	52.6	53	52	0.516398	40.5111
109	52.6	53	52	0.516398	36.3556
110	52.6	53	52	0.516398	36.3556
111	52.6	53	52	0.516398	40.1111
112	52.6	53	52	0.516398	40.1111
113	52.6	53	52	0.516398	40.1111
114	52.6	53	52	0.516398	40.1111
115	52.6	53	52	0.516398	40.1111
116	52.6	53	52	0.516398	40.1111
117	52.6	53	52	0.516398	40.1111
118	52.6	53	52	0.516398	51.6889
119	52.6	53	52	0.516398	51.6889
120	52.6	53	52	0.516398	51.6889
121	52.6	53	52	0.516398	51.6889
122	52.6	53	52	0.516398	51.6889
123	52.6	53	52	0.516398	51.6889
124	52.6	53	52	0.516398	51.6889
125	52.6	53	52	0.516398	51.6889
126	52.6	53	52	0.516398	51.6889
127	52.6	53	52	0.516398	51.6889
128	52.6	53	52	0.516398	44.8444
129	52.6	53	52	0.516398	47.8667
130	52.6	53	52	0.516398	47.8667
131	52.6	53	52	0.516398	49.2667
132	52.6	53	52	0.516398	49.2667
133	52.6	53	52	0.516398	46.9111
134	52.6	53	52	0.516398	51.6444
135	52.6	53	52	0.516398	52.8444
136	52.6	53	52	0.516398	52.8444
137	52.9	55	52	0.875595	46.4222
138	52.9	55	52	0.875595	46.4222
139	53.3	55	52	0.948683	70.8222
140	53.3	55	52	0.948683	70.8222
141	53.3	55	52	0.948683	70.8222
142	53.6	55	53	0.966092	76.5111
143	53.6	55	53	0.966092	76.5111
144	53.6	55	53	0.966092	76.5111
145	53.6	55	53	0.966092	76.5111
146	53.6	55	53	0.966092	76.7333
147	53.6	55	53	0.966092	76.7333
148	53.6	55	53	0.966092	76.7333
149	53.6	55	53	0.966092	76.7333
150	53.6	55	53	0.966092	76.7333
151	53.6	55	53	0.966092	76.7333
152	53.8	55	53	1.0328	76.0222
153	53.9	55	53	0.994429	67.2667
154	53.9	55	53	0.994429	67.2667
155	53.9	55	53	0.994429	67.2667
156	53.9	55	53	0.994429	71.5333
157	54	55	53	0.942809	70.6222
158	54	55	53	0.942809	70.6222
159	54.1	55	53	0.875595	70.9333
160	54.2	55	53	0.788811	78.6222
161	54.2	55	53	0.788811	78.6222
162	54.2	55	53	0.788811	78.6222
163	54.2	55	53	0.788811	78.6222
164	54.2	55	53	0.788811	78.6222
165	54.2	55	53	0.788811	78.6222
166	54.2	55	53	0.788811	87.6444
167	54.3	55	53	0.674949	87.6444
168	54.4	55	53	0.699206	87.6444
169	53.9	55	50	1.52388	88.6444
170	54.1	55	52	0.994429	84.5333
171	54.1	55	52	0.994429	84.5333
172	54.1	55	52	0.994429	84.5333
173	54.8	57	54	0.918937	94.5333
174	54.8	57	54	0.918937	94.5333
175	54.8	57	54	0.918937	94.5333
176	54.8	57	54	0.918937	94.5333
177	55	57	54	0.942809	108.222
178	55	57	54	0.942809	108.222
179	55	57	54	0.942809	108.222
180	55	57	54	0.942809	131.267
181	55	57	54	0.942809	131.267
182	55	57	54	0.942809	131.267
183	55	57	54	0.942809	131.267
184	55.5	57	54	0.971825	131.289
185	55.8	57	55	0.918937	117.778
186	55.8	57	55	0.918937	117.778
187	55.8	57	55	0.918937	117.778
188	55.8	57	55	0.918937	117.778
189	55.8	57	55	0.918937	116.044
190	55.8	57	55	0.918937	116.044
191	56.2	57	55	0.918937	113.844
192	55.5	57	50	2.12132	105.222
193	56.1	57	55	0.875595	103.133
194	56.1	57	55	0.875595	103.133
195	56.1	57	55	0.875595	103.133
196	56.1	57	55	0.875595	103.133
197	56.4	57	55	0.699206	108.578
198	56.4	57	55	0.699206	108.578
199	56.4	57	55	0.699206	108.578
200	56.4	57	55	0.699206	108.578
201	56.4	57	55	0.699206	108.578
202	56.4	57	55	0.699206	108.578
203	56.6	57	56	0.516398	111.178
204	56.6	57	56	0.516398	111.178
205	56.6	57	56	0.516398	111.178
206	56.7	57	56	0.483046	100.267
207	56.7	57	56	0.483046	100.267
208	56.7	57	56	0.483046	100.267
209	56.7	57	56	0.483046	100.267
210	56.7	57	56	0.483046	100.267
211	56.7	57	56	0.483046	100.267
212	56.7	57	56	0.483046	100.267
213	56.7	57	56	0.483046	100.267
214	56.7	57	56	0.483046	100.267
215	56.7	57	56	0.483046	100.267
216	56.7	57	56	0.483046	100.444
217	56.7	57	56	0.483046	100.444
218	56.7	57	56	0.483046	100.444
219	56.7	57	56	0.483046	100.444
220	56.7	57	56	0.483046	100.444
221	56.7	57	56	0.483046	100.444
222	56.7	57	56	0.483046	100.444
223	56.7	57	56	0.483046	100.444
224	56.7	57	56	0.483046	100.444
225	56.7	57	56	0.483046	100.444
226	56.8	57	56	0.421637	99.1111
227	56.8	57	56	0.421637	99.1111
228	56.9	57	56	0.316228	98.8222
229	56.9	57	56	0.316228	100.667
230	57	57	57	0	97.4667
231	57	57	57	0	97.4667
232	57	57	57	0	97.4667
233	57	57	57	0	97.4667
234	57	57	57	0	97.4667
235	57	57	57	0	97.4667
236	57	57	57	0	98.5333
237	57	57	57	0	98.2444
238	57	57	57	0	93.2889
239	57	57	57	0	93.2889
240	57	57	57	0	93.2889
241	57	57	57	0	93.2889
242	57	57	57	0	93.2889
243	57	57	57	0	94.6
244	57	57	57	0	94.6
245	57	57	57	0	94.6
246	57	57	57	0	94.6
247	57	57	57	0	94.6
248	57	57	57	0	94.6
249	57	57	57	0	94.6
250	57	57	57	0	94.6
