1	0	0.525906	0.0543537	0.00010001
2	0	0.673419	0.104284	0.00010001
3	0	0.675651	0.141108	0.00010001
4	0	0.675651	0.165463	0.00010001
5	0	0.675651	0.183451	0.00010001
6	0	0.675651	0.225479	0.00010001
7	0	0.675651	0.251089	0.088848
8	0	0.675651	0.271057	0.116656
9	0	0.675651	0.289599	0.128974
10	0	0.675651	0.3256	0.155191
11	0	0.675651	0.337393	0.162656
12	0	0.675651	0.36218	0.176674
13	0	0.675651	0.37201	0.185227
14	0	0.675651	0.396312	0.2012
15	0	0.675651	0.4122	0.225164
16	0	0.675651	0.421901	0.233955
17	0	0.675651	0.429877	0.2388
18	0	0.675651	0.436751	0.24473
19	0	0.675651	0.439275	0.247137
20	0	0.675651	0.452736	0.253869
21	0	0.675651	0.468841	0.273607
22	0	0.675651	0.479331	0.287846
23	0	0.675651	0.486686	0.311618
24	0	0.675651	0.488469	0.318928
25	0	0.675651	0.495198	0.319684
26	0	0.675651	0.505155	0.325557
27	0	0.675651	0.51242	0.346005
28	0	0.681138	0.522807	0.351922
29	0	0.681138	0.524273	0.365911
30	0	0.681138	0.528717	0.370671
31	0	0.681138	0.532692	0.371959
32	0	0.681138	0.535436	0.372657
33	0	0.681138	0.535578	0.372657
34	0	0.681138	0.538264	0.374751
35	0	0.681138	0.538584	0.376003
36	0	0.681138	0.539358	0.376118
37	0	0.681138	0.543175	0.382889
38	0	0.681138	0.548514	0.391093
39	0	0.681138	0.550966	0.392651
40	0	0.681138	0.555999	0.408789
41	0	0.681138	0.560464	0.411087
42	0	0.68122	0.568077	0.427798
43	0	0.68122	0.576207	0.443121
44	0	0.68122	0.579122	0.447757
45	0	0.68122	0.579222	0.447757
46	0	0.68122	0.584842	0.452101
47	0	0.68122	0.587331	0.46047
48	0	0.68122	0.587379	0.46047
49	0	0.68122	0.587379	0.46047
50	0	0.68122	0.588467	0.461118
51	0	0.68122	0.589777	0.465526
52	0	0.68122	0.594728	0.474263
53	0	0.68122	0.598704	0.485055
54	0	0.68122	0.598787	0.485055
55	0	0.68122	0.598787	0.485055
56	0	0.68122	0.601933	0.491624
57	0	0.68122	0.602727	0.492979
58	0	0.68122	0.604253	0.495695
59	0	0.68122	0.610773	0.512273
60	0	0.68122	0.611404	0.514711
61	0	0.68122	0.611441	0.514711
62	0	0.68122	0.611441	0.514711
63	0	0.68122	0.611441	0.514711
64	0	0.68122	0.611441	0.514711
65	0	0.68122	0.611507	0.521348
66	0	0.68122	0.614139	0.523891
67	0	0.68122	0.616111	0.528985
68	0	0.68122	0.616432	0.531371
69	0	0.68122	0.617622	0.531438
70	0	0.68122	0.61816	0.534386
71	0	0.68122	0.61816	0.534386
72	0	0.682325	0.620992	0.536873
73	0	0.682325	0.621693	0.539931
74	0	0.682325	0.623869	0.547706
75	0	0.682325	0.625156	0.550833
76	0	0.682325	0.626498	0.55132
77	0	0.682325	0.626621	0.55132
78	0	0.682325	0.627512	0.55132
79	0	0.682325	0.62796	0.551984
80	0	0.682325	0.629803	0.557371
81	0	0.682325	0.630532	0.559988
82	0	0.682325	0.631219	0.563355
83	0	0.682325	0.63249	0.565285
84	0	0.682325	0.632665	0.565285
85	0	0.682325	0.634075	0.566401
86	0	0.682325	0.635088	0.569278
87	0	0.682325	0.637682	0.580367
88	0	0.682325	0.638834	0.581301
89	0	0.682325	0.639545	0.582035
90	0	0.682325	0.639585	0.582035
91	0	0.682325	0.639585	0.582035
92	0	0.682325	0.639585	0.582035
93	0	0.682325	0.639867	0.582924
94	0	0.682325	0.639999	0.584757
95	0	0.682325	0.640331	0.586158
96	0	0.682325	0.640381	0.586158
97	0	0.682325	0.641137	0.587304
98	0	0.682325	0.641903	0.588173
99	0	0.682325	0.642569	0.590331
100	0	0.682325	0.64265	0.590331
101	0	0.682325	0.64639	0.598111
102	0	0.682325	0.646497	0.598111
103	0	0.682325	0.646498	0.598111
104	0	0.682325	0.646507	0.598111
105	0	0.682325	0.646509	0.598111
106	0	0.682325	0.64841	0.59908
107	0	0.682325	0.649096	0.599456
108	0	0.682325	0.649146	0.599456
109	0	0.682325	0.64915	0.599456
110	0	0.682325	0.649665	0.601416
111	0	0.682325	0.650923	0.603838
112	0	0.682325	0.650984	0.603838
113	0	0.682325	0.651016	0.605974
114	0	0.682325	0.651585	0.606167
115	0	0.682325	0.651602	0.606167
116	0	0.682325	0.651994	0.606311
117	0	0.682325	0.652024	0.606311
118	0	0.682325	0.652024	0.606311
119	0	0.682325	0.652859	0.610193
120	0	0.682325	0.652866	0.610193
121	0	0.682325	0.652866	0.610193
122	0	0.682325	0.652866	0.610193
123	0	0.682325	0.652866	0.610193
124	0	0.682325	0.653223	0.611241
125	0	0.682325	0.653632	0.612676
126	0	0.682325	0.65443	0.614632
127	0	0.682325	0.654496	0.614632
128	0	0.682325	0.655085	0.614686
129	0	0.682325	0.65517	0.614686
130	0	0.682325	0.65517	0.614686
131	0	0.682325	0.655668	0.61568
132	0	0.682325	0.656638	0.62067
133	0	0.682325	0.656718	0.62067
134	0	0.682325	0.657915	0.622459
135	0	0.682325	0.657952	0.622459
136	0	0.682325	0.658865	0.626469
137	0	0.682325	0.659511	0.628952
138	0	0.682325	0.659972	0.631262
139	0	0.682325	0.660343	0.632325
140	0	0.682325	0.661199	0.636516
141	0	0.682325	0.662032	0.637712
142	0	0.682325	0.662456	0.6379
143	0	0.682325	0.662584	0.638521
144	0	0.682325	0.662587	0.638521
145	0	0.682325	0.662801	0.639244
146	0	0.682325	0.662827	0.639244
147	0	0.682325	0.662827	0.639244
148	0	0.682325	0.66307	0.639274
149	0	0.682325	0.663089	0.639274
150	0	0.682325	0.663554	0.639986
