0	41.09	50	30	4.682	170.172
1	43.74	50	40	2.94262	152.253
2	44.84	51	42	2.45657	138.476
3	45.38	51	44	2.31281	131.65
4	45.87	52	44	2.49709	128.931
5	46.38	52	44	2.50567	122.827
6	46.63	52	44	2.45631	120.747
7	46.79	54	44	2.52381	121.244
8	47.07	54	44	2.41316	123.111
9	47.55	54	44	2.31977	122.98
10	47.89	54	44	2.12201	120.615
11	48.34	54	46	1.89214	127.572
12	48.5	54	46	1.82851	129.512
13	48.62	54	46	1.7683	129.859
14	48.86	54	46	1.63929	126.834
15	49.08	54	46	1.40475	124.264
16	49.25	54	47	1.21751	125.371
17	49.43	54	48	1.24117	125.378
18	49.65	54	48	1.2008	125.695
19	49.75	54	48	1.1404	119.988
20	49.83	54	48	1.08297	114.796
21	49.97	54	48	1.07736	118.726
22	50.05	54	48	1.0088	123.457
23	50.13	54	48	0.917341	123.792
24	50.22	54	49	0.823641	125.775
25	50.26	54	50	0.799243	126.177
26	50.27	54	50	0.802206	123.317
27	50.27	54	50	0.802206	124.156
28	50.3	54	50	0.822658	125.31
29	50.33	54	50	0.841536	123.472
30	50.34	54	50	0.843514	126.494
31	50.37	54	50	0.860527	128.558
32	50.37	54	50	0.860527	128.869
33	50.4	54	50	0.876173	131.564
34	50.4	54	50	0.876173	135.918
35	50.4	54	50	0.876173	141.373
36	50.43	54	50	0.890521	144.838
37	50.43	54	50	0.890521	140.532
38	50.45	54	50	0.891882	145.124
39	50.45	54	50	0.891882	139.032
40	50.45	54	50	0.891882	138.347
41	50.45	54	50	0.891882	138.719
42	50.45	54	50	0.891882	141.393
43	50.45	54	50	0.891882	138.713
44	50.49	54	50	0.958694	133.714
45	50.54	54	50	1.01921	135.821
46	50.55	54	50	1.01876	134.985
47	50.55	54	50	1.01876	134.918
48	50.55	54	50	1.01876	133.648
49	50.57	54	50	1.01757	137.133
50	50.57	54	50	1.01757	131.991
51	50.57	54	50	1.01757	133.091
52	50.58	54	50	1.01683	132.39
53	50.67	54	50	1.05462	126.651
54	50.7	54	50	1.04929	122.75
55	50.73	54	50	1.0527	124.388
56	50.73	54	50	1.0527	124.204
57	50.74	54	50	1.05044	122.041
58	50.74	54	50	1.05044	122.415
59	50.86	55	50	1.17224	121.244
60	50.9	55	50	1.21023	121.688
61	50.91	55	50	1.20684	125.565
62	50.91	55	50	1.20684	128.588
63	50.92	55	50	1.20336	129.72
64	50.94	55	50	1.20454	129.025
65	51.01	55	50	1.23497	131.529
66	51.02	55	50	1.23075	132.922
67	51.03	55	50	1.22643	132.935
68	51.03	55	50	1.22643	134.187
69	51.03	55	50	1.22643	136.8
70	51.05	55	50	1.21751	135.85
71	51.07	55	50	1.20818	134.127
72	51.09	55	50	1.20684	133.689
73	51.13	55	50	1.23628	132.8
74	51.13	55	50	1.23628	131.487
75	51.15	55	50	1.23399	131.345
76	51.15	55	50	1.23399	135.442
77	51.16	55	50	1.22861	132.938
78	51.19	55	50	1.23661	134.993
79	51.19	55	50	1.23661	134.434
80	51.21	55	50	1.23333	142.002
81	51.22	55	50	1.22746	146.436
82	51.25	55	50	1.21751	145.554
83	51.27	55	50	1.20483	141.587
84	51.27	55	50	1.20483	144.397
85	51.27	55	50	1.20483	144.248
86	51.27	55	50	1.20483	142.959
87	51.28	55	50	1.19832	136.8
88	51.28	55	50	1.19832	137.933
89	51.28	55	50	1.19832	132.741
90	51.32	55	50	1.19663	133.512
91	51.32	55	50	1.19663	130.104
92	51.33	55	50	1.18964	134.617
93	51.34	55	50	1.18253	136.674
94	51.36	55	50	1.16792	137.915
95	51.36	55	50	1.16792	134.514
96	51.37	55	50	1.16042	132.685
97	51.38	55	50	1.15277	131.877
98	51.39	55	50	1.14499	128.683
99	51.42	55	50	1.12976	130.322
100	51.44	55	50	1.11301	136.046
101	51.45	55	50	1.1044	135.553
102	51.46	55	50	1.09563	135.33
103	51.52	55	50	1.10536	139.953
104	51.53	55	50	1.09595	136.647
105	51.57	55	50	1.06605	137.116
106	51.61	55	50	1.03372	136.102
107	51.63	55	51	1.0116	135.399
108	51.63	55	51	1.0116	135.399
109	51.66	55	51	1.0369	135.024
110	51.66	55	51	1.0369	134.293
111	51.66	55	51	1.0369	133.851
112	51.66	55	51	1.0369	133.851
113	51.66	55	51	1.0369	133.851
114	51.66	55	51	1.0369	133.51
115	51.66	55	51	1.0369	132.938
116	51.69	55	51	1.06073	134.793
117	51.7	55	51	1.05887	134.172
118	51.7	55	51	1.05887	134.172
119	51.7	55	51	1.05887	134.172
120	51.7	55	51	1.05887	134.172
121	51.7	55	51	1.05887	134.787
122	51.7	55	51	1.05887	133.833
123	51.71	55	51	1.05691	133.414
124	51.71	55	51	1.05691	133.414
125	51.72	55	51	1.05486	132.378
126	51.72	55	51	1.05486	132.378
127	51.75	55	51	1.07661	131.458
128	51.8	55	51	1.10096	132.477
129	51.8	55	51	1.10096	132.477
130	51.8	55	51	1.10096	129.615
131	51.81	55	51	1.09816	129.615
132	51.82	55	51	1.09526	129.863
133	51.84	55	51	1.08916	127.108
134	51.84	55	51	1.08916	127.974
135	51.84	55	51	1.08916	128.207
136	51.87	55	51	1.10696	128.286
137	51.87	55	51	1.10696	129.386
138	51.87	55	51	1.10696	129.386
139	51.87	55	51	1.10696	129.453
140	51.87	55	51	1.10696	129.152
141	51.9	55	51	1.12367	128.137
142	51.9	55	51	1.12367	128.026
143	51.9	55	51	1.12367	128.026
144	51.93	55	51	1.13933	127.883
145	51.93	55	51	1.13933	127.883
146	51.93	55	51	1.13933	126.952
147	51.97	55	51	1.14992	127.596
148	51.98	55	51	1.14574	123.951
149	51.98	55	51	1.14574	122.83
150	51.98	55	51	1.14574	122.83
151	51.98	55	51	1.14574	124.509
152	52.04	55	51	1.17138	123.624
153	52.04	55	51	1.17138	123.624
154	52.06	55	51	1.16185	126.628
155	52.06	55	51	1.16185	129.148
156	52.06	55	51	1.16185	129.148
157	52.06	55	51	1.16185	129.273
158	52.07	55	51	1.15693	130.124
159	52.07	55	51	1.15693	130.732
160	52.07	55	51	1.15693	130.732
161	52.07	55	51	1.15693	130.732
162	52.11	55	51	1.18828	130.04
163	52.12	55	51	1.18304	129.783
164	52.12	55	51	1.18304	129.051
165	52.15	55	51	1.19236	129.252
166	52.15	55	51	1.19236	129.252
167	52.15	55	51	1.19236	129.252
168	52.17	55	51	1.18964	128.847
169	52.17	55	51	1.18964	128.847
170	52.18	55	51	1.1839	127.923
171	52.21	55	51	1.19168	126.249
172	52.21	55	51	1.19168	126.249
173	52.21	55	51	1.19168	126.249
174	52.21	55	51	1.19168	124.534
175	52.21	55	51	1.19168	124.859
176	52.21	55	51	1.19168	125.412
177	52.21	55	51	1.19168	127.751
178	52.22	55	51	1.1856	128.199
179	52.22	55	51	1.1856	128.199
180	52.22	55	51	1.1856	128.199
181	52.23	55	51	1.17941	125.971
182	52.23	55	51	1.17941	125.971
183	52.23	55	51	1.17941	126.668
184	52.23	55	51	1.17941	126.668
185	52.25	55	51	1.17529	130.087
186	52.25	55	51	1.17529	129.282
187	52.25	55	51	1.17529	126.301
188	52.26	55	51	1.16879	125.06
189	52.26	55	51	1.16879	125.259
190	52.26	55	51	1.16879	125.259
191	52.26	55	51	1.16879	128.907
192	52.27	55	51	1.16216	129.195
193	52.33	55	51	1.17254	131.142
194	52.33	55	51	1.17254	131.142
195	52.36	55	51	1.17654	133.233
196	52.36	55	51	1.17654	133.169
197	52.36	55	51	1.17654	133.238
198	52.37	55	51	1.16909	133.125
199	52.37	55	51	1.16909	136.742
200	52.4	55	51	1.17207	132.319
201	52.41	55	51	1.16424	129.389
202	52.44	55	51	1.16619	132.185
203	52.44	55	51	1.16619	131.91
204	52.46	55	51	1.14962	130.836
205	52.46	55	51	1.14962	133.518
206	52.47	55	51	1.14111	132.567
207	52.47	55	51	1.14111	132.567
208	52.47	55	51	1.14111	132.567
209	52.49	55	51	1.12362	129.553
210	52.49	55	51	1.12362	129.553
211	52.49	55	51	1.12362	129.614
212	52.49	55	51	1.12362	129.614
213	52.5	55	51	1.11464	129.286
214	52.53	55	51	1.11423	129.312
215	52.54	55	51	1.10481	129.734
216	52.54	55	51	1.10481	129.734
217	52.55	55	51	1.09521	124.491
218	52.55	55	51	1.09521	124.491
219	52.55	55	51	1.09521	124.491
220	52.55	55	51	1.09521	121.098
221	52.55	55	51	1.09521	121.098
222	52.55	55	51	1.09521	121.098
223	52.58	55	51	1.09342	121.285
224	52.63	55	51	1.06984	126.325
225	52.66	55	51	1.06572	123.963
226	52.69	55	51	1.06073	124.382
227	52.72	55	51	1.05486	123.595
228	52.72	55	51	1.05486	123.431
229	52.73	55	51	1.04306	122.744
230	52.76	55	51	1.03592	123.201
231	52.82	55	51	1.02868	125.577
232	52.83	55	51	1.01559	125.554
233	52.83	55	51	1.01559	126.009
234	52.83	55	51	1.01559	126.009
235	52.83	55	51	1.01559	125.257
236	52.84	55	52	1.00222	125.373
237	52.86	55	52	1.00524	124.52
238	52.88	55	52	1.00785	122.819
239	52.88	55	52	1.00785	122.819
240	52.9	55	52	1.01005	122.048
241	52.9	55	52	1.01005	122.048
242	52.9	55	52	1.01005	122.048
243	52.92	55	52	1.01185	121.501
244	52.94	55	52	1.01325	122.424
245	52.94	55	52	1.01325	122.424
246	52.94	55	52	1.01325	116.972
247	52.95	55	52	1.0088	117.303
248	52.95	55	52	1.0088	117.303
249	52.95	55	52	1.0088	116.977
250	52.97	55	52	1.0096	119.01
251	52.97	55	52	1.0096	119.01
252	52.97	55	52	1.0096	118.976
253	52.97	55	52	1.0096	119.865
254	52.97	55	52	1.0096	119.995
255	52.97	55	52	1.0096	119.995
256	52.97	55	52	1.0096	119.153
257	53	55	52	1.02494	117.201
258	53.02	55	52	1.02474	121.725
259	53.02	55	52	1.02474	121.725
260	53.02	55	52	1.02474	121.725
261	53.06	55	52	1.02317	120.536
262	53.06	55	52	1.02317	120.536
263	53.06	55	52	1.02317	120.073
264	53.06	55	52	1.02317	119.932
265	53.06	55	52	1.02317	119.932
266	53.06	55	52	1.02317	123.008
267	53.07	55	52	1.01757	120.947
268	53.07	55	52	1.01757	120.947
269	53.09	55	52	1.01598	119.162
270	53.09	55	52	1.01598	119.162
271	53.09	55	52	1.01598	121.973
272	53.09	55	52	1.01598	122.04
273	53.1	55	52	1.01005	121.619
274	53.1	55	52	1.01005	121.619
275	53.1	55	52	1.01005	121.619
276	53.1	55	52	1.01005	119.147
277	53.1	55	52	1.01005	119.147
278	53.11	55	52	1.00398	117.939
279	53.11	55	52	1.00398	117.939
280	53.11	55	52	1.00398	117.939
281	53.11	55	52	1.00398	117.939
282	53.11	55	52	1.00398	117.939
283	53.11	55	52	1.00398	117.939
284	53.11	55	52	1.00398	117.939
285	53.12	55	52	0.997775	118.161
286	53.12	55	52	0.997775	118.161
287	53.17	55	52	1.00559	117.124
288	53.2	55	52	0.994937	117.636
289	53.2	55	52	0.994937	117.325
290	53.24	55	52	0.985962	115.796
291	53.24	55	52	0.985962	116.026
292	53.24	55	52	0.985962	116.026
293	53.25	55	52	0.9783	116.402
294	53.27	55	52	0.972916	116.276
295	53.29	55	52	0.967084	116.65
296	53.3	55	52	0.958745	118.093
297	53.3	55	52	0.958745	118.093
298	53.32	55	52	0.95219	118.923
299	53.32	55	52	0.95219	118.923
300	53.32	55	52	0.95219	118.926
301	53.32	55	52	0.95219	118.926
302	53.38	55	52	0.929647	118.088
303	53.41	55	52	0.933063	118.202
304	53.41	55	52	0.933063	113.228
305	53.41	55	52	0.933063	113.552
306	53.41	55	52	0.933063	113.552
307	53.41	55	52	0.933063	113.552
308	53.44	55	52	0.935496	113.468
309	53.44	55	52	0.935496	113.468
310	53.46	55	52	0.925726	113.393
311	53.46	55	52	0.925726	113.696
312	53.46	55	52	0.925726	113.696
313	53.48	55	52	0.915413	115.889
314	53.48	55	52	0.915413	115.889
315	53.5	55	52	0.904534	115.737
316	53.5	55	52	0.904534	115.737
317	53.51	55	52	0.89324	115.378
318	53.51	55	52	0.89324	114.618
319	53.51	55	52	0.89324	114.663
320	53.54	55	52	0.869459	114.145
321	53.54	55	52	0.869459	114.145
322	53.54	55	52	0.869459	114.119
323	53.57	55	52	0.843932	114.637
324	53.58	55	52	0.830967	114.476
325	53.59	55	52	0.817671	112.095
326	53.61	55	52	0.80271	116.7
327	53.61	55	52	0.80271	116.7
328	53.61	55	52	0.80271	116.7
329	53.61	55	52	0.80271	116.7
330	53.64	55	52	0.797977	116.696
331	53.7	56	52	0.797724	117.069
332	53.73	56	52	0.763498	115.969
333	53.73	56	52	0.763498	116.492
334	53.73	56	52	0.763498	116.492
335	53.73	56	52	0.763498	116.492
336	53.73	56	52	0.763498	116.492
337	53.73	56	52	0.763498	116.492
338	53.73	56	52	0.763498	116.492
339	53.73	56	52	0.763498	116.492
340	53.73	56	52	0.763498	116.492
341	53.77	56	52	0.72272	118.939
342	53.77	56	52	0.72272	118.939
343	53.77	56	52	0.72272	118.939
344	53.77	56	52	0.72272	118.939
345	53.77	56	52	0.72272	118.455
346	53.77	56	52	0.72272	118.455
347	53.79	56	52	0.700577	118.99
348	53.81	56	52	0.66203	120.677
349	53.84	56	52	0.646982	119.777
350	53.86	56	52	0.619873	119.667
351	53.89	56	53	0.601261	118.102
352	53.9	56	53	0.594589	117.724
353	53.91	56	53	0.587668	116.884
354	53.92	56	53	0.580491	115.231
355	53.92	56	53	0.580491	115.231
356	53.92	56	53	0.580491	115.231
357	53.93	56	53	0.573048	112.6
358	53.93	56	53	0.573048	112.6
359	53.93	56	53	0.573048	112.6
360	53.93	56	53	0.573048	112.6
361	53.93	56	53	0.573048	111.256
362	53.94	56	53	0.565328	108.808
363	53.95	56	53	0.55732	107.43
364	53.95	56	53	0.55732	107.43
365	53.95	56	53	0.55732	107.43
366	53.96	56	53	0.549012	107.269
367	53.97	56	53	0.540389	110.308
368	53.98	56	53	0.531436	111.251
369	53.98	56	53	0.531436	111.251
370	53.99	56	53	0.522136	111.95
371	54.01	56	53	0.502418	115.507
372	54.01	56	53	0.502418	115.507
373	54.01	56	53	0.502418	115.507
374	54.01	56	53	0.502418	115.507
375	54.01	56	53	0.502418	115.507
376	54.01	56	53	0.502418	115.507
377	54.01	56	53	0.502418	115.507
378	54.02	56	53	0.491955	115.397
379	54.02	56	53	0.491955	115.397
380	54.03	56	53	0.481056	115.178
381	54.04	56	53	0.469687	115.224
382	54.04	56	53	0.469687	115.224
383	54.05	56	53	0.457816	114.419
384	54.05	56	53	0.457816	114.419
385	54.06	56	53	0.445403	114.848
386	54.06	56	53	0.445403	114.848
387	54.06	56	53	0.445403	114.848
388	54.07	56	53	0.4324	116.485
389	54.08	56	53	0.418752	116.664
390	54.08	56	53	0.418752	116.664
391	54.08	56	53	0.418752	116.664
392	54.08	56	53	0.418752	116.664
393	54.09	56	53	0.404395	116.433
394	54.09	56	53	0.404395	116.433
395	54.09	56	53	0.404395	116.433
396	54.1	56	53	0.389249	117.213
397	54.11	56	53	0.37322	117.734
398	54.12	56	54	0.356186	117.76
399	54.12	56	54	0.356186	117.76
400	54.12	56	54	0.356186	118.079
401	54.12	56	54	0.356186	118.079
402	54.12	56	54	0.356186	118.079
403	54.12	56	54	0.356186	118.079
404	54.12	56	54	0.356186	117.626
405	54.12	56	54	0.356186	117.772
406	54.12	56	54	0.356186	117.772
407	54.12	56	54	0.356186	117.772
408	54.12	56	54	0.356186	117.772
409	54.12	56	54	0.356186	117.772
410	54.12	56	54	0.356186	117.772
411	54.12	56	54	0.356186	117.772
412	54.12	56	54	0.356186	118.295
413	54.12	56	54	0.356186	118.295
414	54.12	56	54	0.356186	118.295
415	54.12	56	54	0.356186	118.295
416	54.12	56	54	0.356186	117.789
417	54.12	56	54	0.356186	117.789
418	54.12	56	54	0.356186	117.621
419	54.12	56	54	0.356186	115.306
420	54.12	56	54	0.356186	115.692
421	54.12	56	54	0.356186	115.692
422	54.13	56	54	0.366666	115.854
423	54.13	56	54	0.366666	115.839
424	54.13	56	54	0.366666	115.839
425	54.13	56	54	0.366666	114.998
426	54.13	56	54	0.366666	114.44
427	54.13	56	54	0.366666	114.44
428	54.13	56	54	0.366666	114.235
429	54.13	56	54	0.366666	114.235
430	54.13	56	54	0.366666	114.235
431	54.13	56	54	0.366666	114.235
432	54.13	56	54	0.366666	114.235
433	54.13	56	54	0.366666	114.235
434	54.13	56	54	0.366666	114.235
435	54.13	56	54	0.366666	114.235
436	54.13	56	54	0.366666	114.235
437	54.13	56	54	0.366666	114.235
438	54.13	56	54	0.366666	114.235
439	54.13	56	54	0.366666	114.235
440	54.14	56	54	0.376588	115.176
441	54.15	56	54	0.385992	114.424
442	54.15	56	54	0.385992	114.424
443	54.15	56	54	0.385992	114.424
444	54.15	56	54	0.385992	114.424
445	54.15	56	54	0.385992	114.424
446	54.15	56	54	0.385992	115.485
447	54.16	56	54	0.394917	114.846
448	54.16	56	54	0.394917	114.846
449	54.16	56	54	0.394917	114.846
450	54.16	56	54	0.394917	114.632
451	54.18	56	54	0.43531	113.753
452	54.18	56	54	0.43531	113.381
453	54.18	56	54	0.43531	113.381
454	54.18	56	54	0.43531	114.578
455	54.18	56	54	0.43531	114.578
456	54.18	56	54	0.43531	114.578
457	54.18	56	54	0.43531	113.339
458	54.18	56	54	0.43531	113.339
459	54.18	56	54	0.43531	113.339
460	54.18	56	54	0.43531	113.339
461	54.18	56	54	0.43531	113.6
462	54.18	56	54	0.43531	113.6
463	54.18	56	54	0.43531	113.662
464	54.18	56	54	0.43531	113.662
465	54.18	56	54	0.43531	113.662
466	54.18	56	54	0.43531	113.662
467	54.19	56	54	0.44256	112.904
468	54.19	56	54	0.44256	112.904
469	54.19	56	54	0.44256	113.974
470	54.19	56	54	0.44256	113.974
471	54.19	56	54	0.44256	113.503
472	54.19	56	54	0.44256	113.503
473	54.19	56	54	0.44256	112.954
474	54.19	56	54	0.44256	112.954
475	54.19	56	54	0.44256	110.256
476	54.19	56	54	0.44256	110.256
477	54.19	56	54	0.44256	110.256
478	54.19	56	54	0.44256	108.798
479	54.19	56	54	0.44256	108.948
480	54.19	56	54	0.44256	108.948
481	54.19	56	54	0.44256	108.948
482	54.19	56	54	0.44256	110.229
483	54.19	56	54	0.44256	111.96
484	54.19	56	54	0.44256	111.96
485	54.19	56	54	0.44256	109.255
486	54.19	56	54	0.44256	109.255
487	54.19	56	54	0.44256	110.319
488	54.19	56	54	0.44256	108.389
489	54.19	56	54	0.44256	108.389
490	54.19	56	54	0.44256	108.389
491	54.19	56	54	0.44256	108.389
492	54.19	56	54	0.44256	108.389
493	54.19	56	54	0.44256	108.535
494	54.19	56	54	0.44256	108.535
495	54.19	56	54	0.44256	108.535
496	54.19	56	54	0.44256	108.535
497	54.19	56	54	0.44256	108.535
498	54.19	56	54	0.44256	108.535
499	54.19	56	54	0.44256	108.701
500	54.19	56	54	0.44256	108.701
