0	41.09	50	30	4.682	170.172
1	43.75	50	40	2.82977	153.776
2	44.97	50	42	2.30701	147.171
3	45.33	50	44	2.11323	133.994
4	45.54	50	44	2.17153	117.879
5	46.01	50	44	2.31157	117.165
6	46.48	51	44	2.42662	108.827
7	46.78	51	44	2.43949	111.312
8	47.07	51	44	2.3366	109.536
9	47.54	51	44	2.12926	110.392
10	48.21	51	45	1.70143	117.01
11	48.44	51	46	1.59114	115.718
12	48.67	53	46	1.55086	117.24
13	48.8	53	46	1.5042	117.759
14	48.98	53	46	1.40691	117.287
15	49.22	53	47	1.13333	112.211
16	49.39	53	48	1.06263	117.257
17	49.49	53	48	1.01995	117.922
18	49.57	53	48	0.966666	118.733
19	49.7	53	48	0.858705	111.37
20	49.92	53	48	0.747792	106.645
21	50.08	53	49	0.630537	105.406
22	50.09	53	49	0.621094	105.719
23	50.18	53	49	0.592546	106.155
24	50.19	53	50	0.580752	110.061
25	50.19	53	50	0.580752	109.076
26	50.21	53	50	0.607943	104.75
27	50.21	53	50	0.607943	102.905
28	50.23	53	50	0.617177	101.263
29	50.23	53	50	0.617177	98.7729
30	50.23	53	50	0.617177	99.9879
31	50.24	53	50	0.621501	97.2032
32	50.25	53	50	0.625631	102.52
33	50.25	53	50	0.625631	104.021
34	50.26	53	50	0.629575	103.217
35	50.26	53	50	0.629575	106.944
36	50.27	53	50	0.633332	106.2
37	50.31	53	50	0.677114	106.366
38	50.31	53	50	0.677114	107.358
39	50.32	53	50	0.679868	107.285
40	50.33	53	50	0.682465	108.074
41	50.33	53	50	0.682465	110.237
42	50.35	53	50	0.687183	109.231
43	50.39	54	50	0.777135	114.08
44	50.39	54	50	0.777135	116.661
45	50.46	55	50	0.914751	113.695
46	50.47	55	50	0.915137	112.643
47	50.48	55	50	0.915413	114.427
48	50.48	55	50	0.915413	114.943
49	50.49	55	50	0.915579	114.897
50	50.5	55	50	0.915633	114.786
51	50.5	55	50	0.915633	113.288
52	50.5	55	50	0.915633	115.508
53	50.51	55	50	0.915579	115.742
54	50.51	55	50	0.915579	115.047
55	50.58	55	50	0.986577	114.097
56	50.58	55	50	0.986577	114.657
57	50.62	55	50	1.04234	117.324
58	50.64	55	50	1.03981	120.498
59	50.65	55	50	1.0384	119.198
60	50.65	55	50	1.0384	119.717
61	50.65	55	50	1.0384	118.239
62	50.65	55	50	1.0384	117.561
63	50.66	55	50	1.0369	111.873
64	50.66	55	50	1.0369	112.004
65	50.66	55	50	1.0369	112.099
66	50.67	55	50	1.03529	112.83
67	50.67	55	50	1.03529	112.559
68	50.67	55	50	1.03529	110.124
69	50.68	55	50	1.03358	108.441
70	50.68	55	50	1.03358	106.439
71	50.68	55	50	1.03358	108.224
72	50.69	55	50	1.03177	108.119
73	50.71	55	50	1.02784	109.458
74	50.71	55	50	1.02784	109.881
75	50.72	55	50	1.02573	111.89
76	50.73	55	50	1.02351	109.509
77	50.74	55	50	1.02119	109.301
78	50.75	55	50	1.01876	109.251
79	50.77	55	50	1.02351	106.039
80	50.77	55	50	1.02351	105.885
81	50.77	55	50	1.02351	102.868
82	50.79	55	50	1.01797	103.916
83	50.81	55	50	1.012	105.904
84	50.81	55	50	1.012	105.904
85	50.83	55	50	1.00559	107.126
86	50.86	55	50	1.00524	109.68
87	50.87	55	50	1.00156	107.812
88	50.9	55	50	1.02	106.478
89	50.91	55	50	1.01598	104.331
90	50.91	55	50	1.01598	104.493
91	50.95	55	50	1.05768	105.726
92	50.95	55	50	1.05768	104.544
93	50.95	55	50	1.05768	103.761
94	50.99	55	50	1.05883	101.774
95	50.99	55	50	1.05883	104.376
96	51	55	50	1.05409	103.453
97	51.04	55	50	1.03397	112.97
98	51.05	55	50	1.02863	112.14
99	51.06	55	50	1.02317	112.848
100	51.09	55	50	1.01598	110.047
101	51.1	55	50	1.01005	102.724
102	51.1	55	50	1.01005	103.023
103	51.1	55	50	1.01005	102.468
104	51.16	55	50	0.992089	108.962
105	51.16	55	50	0.992089	107.643
106	51.17	55	50	0.985296	107.02
107	51.17	55	50	0.985296	107.115
108	51.22	55	50	0.949003	109.888
109	51.26	55	50	0.927906	113.59
110	51.28	55	50	0.910988	110.345
111	51.29	55	50	0.902241	113.224
112	51.3	55	50	0.893297	112.038
113	51.3	55	50	0.893297	118.283
114	51.31	55	50	0.884147	111.688
115	51.34	55	50	0.855405	111.887
116	51.34	55	50	0.855405	117.983
117	51.37	55	50	0.824559	111.467
118	51.38	55	51	0.813771	112.32
119	51.38	55	51	0.813771	112.32
120	51.38	55	51	0.813771	112.543
121	51.38	55	51	0.813771	117.346
122	51.38	55	51	0.813771	117.346
123	51.45	55	51	0.925235	118.232
124	51.46	55	51	0.925728	118.733
125	51.46	55	51	0.925728	118.945
126	51.46	55	51	0.925728	118.208
127	51.46	55	51	0.925728	118.208
128	51.46	55	51	0.925728	118.208
129	51.46	55	51	0.925728	118.208
130	51.49	55	51	0.958694	119.041
131	51.49	55	51	0.958694	119.319
132	51.49	55	51	0.958694	119.319
133	51.5	55	51	0.958745	121.635
134	51.5	55	51	0.958745	119.192
135	51.5	55	51	0.958745	120.064
136	51.5	55	51	0.958745	121.484
137	51.5	55	51	0.958745	121.484
138	51.5	55	51	0.958745	121.484
139	51.5	55	51	0.958745	120.162
140	51.5	55	51	0.958745	119.823
141	51.5	55	51	0.958745	119.823
142	51.51	55	51	0.958694	118.474
143	51.54	55	51	0.989032	116.146
144	51.54	55	51	0.989032	116.146
145	51.54	55	51	0.989032	116.146
146	51.54	55	51	0.989032	119.484
147	51.55	55	51	0.98857	119.361
148	51.55	55	51	0.98857	120.116
149	51.55	55	51	0.98857	120.019
150	51.58	55	51	1.01683	119.061
151	51.59	55	51	1.01598	118.922
152	51.59	55	51	1.01598	118.385
153	51.59	55	51	1.01598	118.385
154	51.59	55	51	1.01598	118.385
155	51.61	55	51	1.02391	116.851
156	51.65	55	51	1.07661	123.345
157	51.65	55	51	1.07661	122.994
158	51.65	55	51	1.07661	122.784
159	51.65	55	51	1.07661	122.279
160	51.66	55	51	1.07516	120.637
161	51.67	55	51	1.0736	121.284
162	51.67	55	51	1.0736	119.505
163	51.73	55	51	1.11785	118.867
164	51.75	55	51	1.12254	115.546
165	51.75	55	51	1.12254	114.045
166	51.78	55	51	1.12439	115.314
167	51.82	55	51	1.14044	120.119
168	51.82	55	51	1.14044	120.119
169	51.84	55	51	1.13458	120.3
170	51.84	55	51	1.13458	120.731
171	51.84	55	51	1.13458	120.979
172	51.84	55	51	1.13458	120.908
173	51.84	55	51	1.13458	121.107
174	51.84	55	51	1.13458	120.497
175	51.85	55	51	1.1315	121.415
176	51.85	55	51	1.1315	121.91
177	51.85	55	51	1.1315	122.267
178	51.85	55	51	1.1315	121.629
179	51.85	55	51	1.1315	121.325
180	51.85	55	51	1.1315	121.394
181	51.85	55	51	1.1315	121.854
182	51.85	55	51	1.1315	121.854
183	51.85	55	51	1.1315	121.5
184	51.85	55	51	1.1315	120.034
185	51.85	55	51	1.1315	118.805
186	51.87	55	51	1.12506	119.942
187	51.87	55	51	1.12506	119.383
188	51.88	55	51	1.12169	120.398
189	51.89	55	51	1.11821	120.054
190	51.89	55	51	1.11821	120.465
191	51.89	55	51	1.11821	120.465
192	51.9	55	51	1.11464	120.739
193	51.9	55	51	1.11464	120.739
194	51.9	55	51	1.11464	120.42
195	51.94	55	51	1.15313	120.799
196	51.94	55	51	1.15313	120.799
197	51.94	55	51	1.15313	120.799
198	51.94	55	51	1.15313	121.194
199	51.94	55	51	1.15313	121.194
200	51.94	55	51	1.15313	121.194
201	51.94	55	51	1.15313	121.194
202	51.94	55	51	1.15313	120.542
203	51.94	55	51	1.15313	120.542
204	51.97	55	51	1.16736	115.279
205	51.98	55	51	1.16324	115.977
206	51.98	55	51	1.16324	116.242
207	51.99	55	51	1.15902	111.308
208	52.04	55	51	1.16272	110.546
209	52.07	55	51	1.17426	109.846
210	52.08	55	51	1.1693	109.591
211	52.08	55	51	1.1693	109.591
212	52.08	55	51	1.1693	108.698
213	52.13	55	51	1.1777	108.969
214	52.13	55	51	1.1777	109.666
215	52.13	55	51	1.1777	109.156
216	52.13	55	51	1.1777	109.156
217	52.14	55	51	1.17224	108.501
218	52.14	55	51	1.17224	108.209
219	52.16	55	51	1.16965	110.196
220	52.16	55	51	1.16965	110.808
221	52.16	55	51	1.16965	110.834
222	52.16	55	51	1.16965	110.757
223	52.22	55	51	1.1856	113.82
224	52.22	55	51	1.1856	114.198
225	52.26	55	51	1.18594	113.496
226	52.27	55	51	1.17941	112.96
227	52.27	55	51	1.17941	114.547
228	52.31	55	51	1.17804	115.078
229	52.31	55	51	1.17804	116.036
230	52.31	55	51	1.17804	116.689
231	52.31	55	51	1.17804	116.689
232	52.35	55	51	1.17529	116.626
233	52.35	55	51	1.17529	116.585
234	52.35	55	51	1.17529	116.585
235	52.35	55	51	1.17529	116.161
236	52.35	55	51	1.17529	116.161
237	52.36	55	51	1.16792	117.126
238	52.37	55	51	1.16042	116.051
239	52.37	55	51	1.16042	116.051
240	52.37	55	51	1.16042	116.051
241	52.37	55	51	1.16042	116.051
242	52.43	55	51	1.13933	119.152
243	52.49	56	51	1.17632	121.664
244	52.49	56	51	1.17632	121.664
245	52.5	56	51	1.16775	120.663
246	52.5	56	51	1.16775	120.663
247	52.5	56	51	1.16775	120.663
248	52.5	56	51	1.16775	120.877
249	52.53	56	51	1.16736	122.039
250	52.53	56	51	1.16736	122.039
251	52.54	56	51	1.15837	123.024
252	52.55	56	51	1.14922	123.382
253	52.55	56	51	1.14922	123.344
254	52.55	56	51	1.14922	123.344
255	52.55	56	51	1.14922	123.344
256	52.55	56	51	1.14922	123.344
257	52.55	56	51	1.14922	123.344
258	52.55	56	51	1.14922	123.086
259	52.56	56	51	1.13991	123.699
260	52.56	56	51	1.13991	123.186
261	52.56	56	51	1.13991	123.186
262	52.57	56	51	1.13043	125.696
263	52.57	56	51	1.13043	125.696
264	52.57	56	51	1.13043	125.696
265	52.57	56	51	1.13043	125.696
266	52.57	56	51	1.13043	125.696
267	52.57	56	51	1.13043	125.553
268	52.57	56	51	1.13043	125.553
269	52.59	56	51	1.11096	126.814
270	52.6	56	51	1.10096	128.245
271	52.6	56	51	1.10096	128.245
272	52.64	56	51	1.0873	132.391
273	52.64	56	51	1.0873	132.45
274	52.64	56	51	1.0873	132.45
275	52.67	56	51	1.08297	132.527
276	52.7	56	51	1.07778	131.833
277	52.77	56	52	1.03333	129.283
278	52.77	56	52	1.03333	129.283
279	52.78	56	52	1.03064	129.751
280	52.78	56	52	1.03064	129.751
281	52.78	56	52	1.03064	129.751
282	52.8	56	52	1.03475	128.852
283	52.8	56	52	1.03475	128.852
284	52.8	56	52	1.03475	128.852
285	52.8	56	52	1.03475	128.852
286	52.8	56	52	1.03475	128.852
287	52.8	56	52	1.03475	128.852
288	52.8	56	52	1.03475	128.852
289	52.8	56	52	1.03475	128.523
290	52.8	56	52	1.03475	128.523
291	52.8	56	52	1.03475	128.375
292	52.8	56	52	1.03475	128.375
293	52.84	56	52	1.04175	129.348
294	52.84	56	52	1.04175	129.348
295	52.84	56	52	1.04175	129.348
296	52.84	56	52	1.04175	128.982
297	52.84	56	52	1.04175	128.982
298	52.84	56	52	1.04175	128.26
299	52.84	56	52	1.04175	128.26
300	52.84	56	52	1.04175	128.26
301	52.84	56	52	1.04175	128.26
302	52.86	56	52	1.04466	129.083
303	52.86	56	52	1.04466	129.083
304	52.86	56	52	1.04466	130.027
305	52.86	56	52	1.04466	130.027
306	52.89	56	52	1.04345	136.926
307	52.89	56	52	1.04345	136.926
308	52.89	56	52	1.04345	137.774
309	52.89	56	52	1.04345	137.774
310	52.93	56	52	1.08483	137.816
311	52.93	56	52	1.08483	137.816
312	52.94	56	52	1.08078	138.043
313	52.94	56	52	1.08078	138.043
314	52.94	56	52	1.08078	139.025
315	52.94	56	52	1.08078	139.025
316	52.94	56	52	1.08078	139.025
317	52.96	56	52	1.08171	139.612
318	52.96	56	52	1.08171	139.565
319	52.96	56	52	1.08171	139.565
320	52.96	56	52	1.08171	139.565
321	52.96	56	52	1.08171	139.565
322	52.98	56	52	1.08227	139.868
323	52.98	56	52	1.08227	139.107
324	53	56	52	1.08246	139.051
325	53	56	52	1.08246	139.051
326	53.02	56	52	1.08227	145.268
327	53.02	56	52	1.08227	144.124
328	53.02	56	52	1.08227	144.124
329	53.02	56	52	1.08227	144.124
330	53.04	56	52	1.08171	143.687
331	53.04	56	52	1.08171	143.192
332	53.04	56	52	1.08171	143.192
333	53.06	56	52	1.08078	142.72
334	53.06	56	52	1.08078	145.13
335	53.06	56	52	1.08078	145.13
336	53.06	56	52	1.08078	145.34
337	53.06	56	52	1.08078	145.34
338	53.06	56	52	1.08078	145.34
339	53.06	56	52	1.08078	145.34
340	53.06	56	52	1.08078	145.34
341	53.06	56	52	1.08078	145.576
342	53.06	56	52	1.08078	146.49
343	53.06	56	52	1.08078	147.035
344	53.09	56	52	1.07398	153.346
345	53.09	56	52	1.07398	153.346
346	53.09	56	52	1.07398	153.172
347	53.11	56	52	1.0721	156.912
348	53.13	56	52	1.06983	156.09
349	53.13	56	52	1.06983	156.9
350	53.13	56	52	1.06983	156.9
351	53.15	56	52	1.06719	159.287
352	53.15	56	52	1.06719	158.507
353	53.15	56	52	1.06719	159.398
354	53.15	56	52	1.06719	158.828
355	53.19	56	52	1.06073	157.061
356	53.21	56	52	1.05691	156.766
357	53.23	56	52	1.0527	157.227
358	53.23	56	52	1.0527	157.227
359	53.23	56	52	1.0527	157.227
360	53.26	56	52	1.04078	157.028
361	53.26	56	52	1.04078	157.028
362	53.28	56	52	1.03553	158.119
363	53.28	56	52	1.03553	153.352
364	53.29	56	52	1.02784	154.127
365	53.29	56	52	1.02784	154.127
366	53.29	56	52	1.02784	154.127
367	53.29	56	52	1.02784	154.308
368	53.31	56	52	1.02193	152.642
369	53.31	56	52	1.02193	156.107
370	53.33	56	52	1.01559	159.603
371	53.33	56	52	1.01559	159.603
372	53.33	56	52	1.01559	159.603
373	53.35	56	52	1.0088	158.282
374	53.35	56	52	1.0088	158.282
375	53.35	56	52	1.0088	158.282
376	53.35	56	52	1.0088	159.03
377	53.35	56	52	1.0088	159.516
378	53.35	56	52	1.0088	159.598
379	53.35	56	52	1.0088	159.598
380	53.36	56	52	1.0002	158.763
381	53.38	56	52	0.992701	160.029
382	53.38	56	52	0.992701	160.029
383	53.38	56	52	0.992701	160.336
384	53.38	56	52	0.992701	160.336
385	53.38	56	52	0.992701	160.336
386	53.38	56	52	0.992701	160.336
387	53.38	56	52	0.992701	160.336
388	53.38	56	52	0.992701	160.336
389	53.38	56	52	0.992701	160.336
390	53.38	56	52	0.992701	160.336
391	53.38	56	52	0.992701	160.336
392	53.4	56	52	0.984732	160.391
393	53.42	56	52	0.976285	160.337
394	53.42	56	52	0.976285	159.69
395	53.46	56	52	0.999191	159.647
396	53.46	56	52	0.999191	159.647
397	53.46	56	52	0.999191	159.78
398	53.46	56	52	0.999191	159.059
399	53.47	56	52	0.989388	159.98
400	53.47	56	52	0.989388	159.98
401	53.49	56	52	0.979538	160.842
402	53.49	56	52	0.979538	160.842
403	53.49	56	52	0.979538	160.58
404	53.49	56	52	0.979538	160.58
405	53.49	56	52	0.979538	160.58
406	53.49	56	52	0.979538	160.58
407	53.49	56	52	0.979538	165.786
408	53.49	56	52	0.979538	165.781
409	53.49	56	52	0.979538	165.854
410	53.49	56	52	0.979538	164.875
411	53.49	56	52	0.979538	164.875
412	53.49	56	52	0.979538	164.84
413	53.49	56	52	0.979538	164.84
414	53.49	56	52	0.979538	158.897
415	53.49	56	52	0.979538	158.897
416	53.51	56	52	0.969171	160.506
417	53.51	56	52	0.969171	160.506
418	53.51	56	52	0.969171	160.506
419	53.53	56	52	0.958271	160.582
420	53.53	56	52	0.958271	160.543
421	53.57	56	52	0.923924	164.81
422	53.57	56	52	0.923924	164.81
423	53.57	56	52	0.923924	164.81
424	53.59	56	52	0.911154	164.334
425	53.59	56	52	0.911154	164.334
426	53.6	56	52	0.898933	167.136
427	53.6	56	52	0.898933	167.136
428	53.62	56	52	0.885119	167.152
429	53.63	56	52	0.872185	172.862
430	53.65	56	52	0.857233	173.085
431	53.65	56	52	0.857233	173.085
432	53.65	56	52	0.857233	173.085
433	53.65	56	52	0.857233	173.085
434	53.65	56	52	0.857233	173.085
435	53.65	56	52	0.857233	169.659
436	53.69	56	52	0.82505	169.566
437	53.73	56	52	0.802207	168.685
438	53.73	56	52	0.802207	168.685
439	53.73	56	52	0.802207	169.394
440	53.73	56	52	0.802207	169.394
441	53.75	56	52	0.783349	165.952
442	53.75	56	52	0.783349	167.143
443	53.75	56	52	0.783349	167.143
444	53.75	56	52	0.783349	167.143
445	53.75	56	52	0.783349	167.742
446	53.75	56	52	0.783349	168.161
447	53.78	56	52	0.74644	168.736
448	53.78	56	52	0.74644	172.623
449	53.78	56	52	0.74644	172.623
450	53.79	56	52	0.728843	176.684
451	53.79	56	52	0.728843	177.237
452	53.79	56	52	0.728843	174.965
453	53.8	56	52	0.710669	173.66
454	53.8	56	52	0.710669	173.348
455	53.87	57	52	0.733815	177.632
456	53.91	57	53	0.712018	176.928
457	53.91	57	53	0.712018	176.928
458	53.92	57	53	0.706107	178.028
459	53.92	57	53	0.706107	178.028
460	53.92	57	53	0.706107	178.028
461	53.93	57	53	0.7	178.891
462	53.93	57	53	0.7	178.891
463	53.93	57	53	0.7	178.891
464	53.95	57	53	0.70173	178.766
465	53.96	57	53	0.695149	178.303
466	53.98	57	53	0.696021	179.041
467	53.99	57	53	0.688945	176.681
468	54	57	53	0.68165	175.827
469	54	57	53	0.68165	175.827
470	54.01	57	53	0.674124	175.072
471	54.01	57	53	0.674124	175.072
472	54.01	57	53	0.674124	175.072
473	54.02	57	53	0.666364	176.315
474	54.02	57	53	0.666364	176.315
475	54.02	57	53	0.666364	176.315
476	54.02	57	53	0.666364	176.315
477	54.02	57	53	0.666364	176.315
478	54.03	57	53	0.658358	175.696
479	54.05	57	53	0.657129	176.123
480	54.05	57	53	0.657129	176.123
481	54.06	57	53	0.648542	175.435
482	54.06	57	53	0.648542	175.1
483	54.06	57	53	0.648542	175.1
484	54.08	57	53	0.630537	176.794
485	54.08	57	53	0.630537	176.794
486	54.08	57	53	0.630537	176.794
487	54.08	57	53	0.630537	176.794
488	54.08	57	53	0.630537	176.794
489	54.09	57	53	0.621094	176.445
490	54.09	57	53	0.621094	176.445
491	54.09	57	53	0.621094	176.445
492	54.09	57	53	0.621094	176.445
493	54.09	57	53	0.621094	176.445
494	54.11	57	53	0.601261	175.776
495	54.12	57	53	0.59084	171.757
496	54.15	57	53	0.609272	170.528
497	54.15	57	53	0.609272	170.528
498	54.15	57	53	0.609272	170.528
499	54.17	57	53	0.586981	171.382
500	54.17	57	53	0.586981	171.382
