0	41.09	50	30	4.682	170.172
1	43.98	50	40	3.03841	148.112
2	45.13	51	42	2.54914	132.134
3	45.75	51	44	2.41784	120.799
4	45.98	51	44	2.43286	126.019
5	46.2	51	44	2.43294	129.336
6	46.63	51	44	2.46452	127.413
7	47.23	51	44	2.35211	125.34
8	47.85	52	44	2.12429	126.025
9	48.17	52	45	1.86437	120.564
10	48.48	52	46	1.72023	111.051
11	48.85	54	46	1.64148	104.534
12	49.27	54	46	1.44848	111.266
13	49.41	54	48	1.31114	111.429
14	49.58	54	48	1.34975	109.361
15	49.66	54	48	1.31978	109.989
16	49.91	54	48	1.16424	110.038
17	50	54	48	1.08246	113.296
18	50.12	54	48	0.956424	116.448
19	50.22	54	49	1.00081	111.608
20	50.26	54	49	0.970472	106.196
21	50.32	54	49	0.919816	106.204
22	50.35	54	49	0.891882	106.834
23	50.36	54	50	0.882146	102.38
24	50.37	54	50	0.883692	98.958
25	50.38	54	50	0.885119	98.0855
26	50.4	54	50	0.898934	96.3148
27	50.4	54	50	0.898934	99.9612
28	50.44	54	50	0.967344	98.5677
29	50.44	54	50	0.967344	99.303
30	50.44	54	50	0.967344	100.539
31	50.44	54	50	0.967344	100.682
32	50.44	54	50	0.967344	99.321
33	50.44	54	50	0.967344	101.439
34	50.45	54	50	0.967919	105.516
35	50.45	54	50	0.967919	104.775
36	50.49	54	50	1.02981	100.097
37	50.49	54	50	1.02981	101.648
38	50.51	54	50	1.02981	102.954
39	50.53	54	50	1.03918	103.96
40	50.63	56	50	1.21983	105.73
41	50.68	56	50	1.26235	111.933
42	50.76	56	50	1.34179	110.345
43	50.76	56	50	1.34179	111.077
44	50.76	56	50	1.34179	111.332
45	50.78	56	50	1.34525	113.146
46	50.79	56	50	1.34311	115.028
47	50.8	56	50	1.34089	111.263
48	50.8	56	50	1.34089	106.293
49	50.8	56	50	1.34089	106.293
50	50.81	56	50	1.33859	107.811
51	50.86	56	50	1.37083	116.595
52	50.87	56	50	1.36814	116.481
53	50.88	56	50	1.36537	114.185
54	50.89	56	50	1.36252	116.852
55	50.9	56	50	1.35959	112.86
56	50.91	56	50	1.35658	119.798
57	50.91	56	50	1.35658	116.941
58	50.91	56	50	1.35658	118.439
59	50.92	56	50	1.35348	113.447
60	50.92	56	50	1.35348	112.982
61	50.94	56	50	1.35453	117.347
62	50.94	56	50	1.35453	117.932
63	50.94	56	50	1.35453	123.211
64	50.94	56	50	1.35453	120.223
65	50.95	56	50	1.35121	121.9
66	50.95	56	50	1.35121	122.609
67	50.96	56	50	1.3478	119.602
68	50.96	56	50	1.3478	114.244
69	50.96	56	50	1.3478	112.252
70	50.98	56	50	1.34074	113.059
71	51.02	56	50	1.37054	123.361
72	51.03	56	50	1.36667	122.778
73	51.04	56	50	1.36271	125.412
74	51.07	56	50	1.37257	129.53
75	51.07	56	50	1.37257	130.732
76	51.12	56	50	1.36537	129.455
77	51.17	56	50	1.41461	126.709
78	51.2	56	50	1.40705	121.868
79	51.25	56	50	1.424	125.208
80	51.25	56	50	1.424	124.224
81	51.29	56	50	1.44457	124.28
82	51.29	56	50	1.44457	124.408
83	51.29	56	50	1.44457	124.981
84	51.29	56	50	1.44457	122.346
85	51.29	56	50	1.44457	121.364
86	51.34	56	50	1.48542	123.402
87	51.39	56	50	1.48321	122.286
88	51.4	56	50	1.4771	124.38
89	51.4	56	50	1.4771	121.43
90	51.49	56	50	1.50081	119.505
91	51.49	56	50	1.50081	121.747
92	51.53	56	50	1.48021	121.287
93	51.55	56	50	1.47282	122.442
94	51.59	56	50	1.48457	122.342
95	51.59	56	50	1.48457	123.983
96	51.59	56	50	1.48457	122.597
97	51.59	56	50	1.48457	129.917
98	51.63	56	50	1.49514	132.284
99	51.69	56	50	1.48864	126.624
100	51.69	56	50	1.48864	122.615
101	51.7	56	50	1.48051	118.804
102	51.71	56	50	1.47227	121.258
103	51.74	56	50	1.46763	122.369
104	51.74	56	50	1.46763	121.105
105	51.75	56	50	1.45904	121.247
106	51.77	56	50	1.44148	127.265
107	51.78	56	50	1.43252	130.385
108	51.78	56	50	1.43252	128.988
109	51.8	56	50	1.41421	130.211
110	51.8	56	50	1.41421	128.809
111	51.81	56	50	1.40486	124.944
112	51.89	56	50	1.39186	133.834
113	51.91	56	50	1.37139	135.419
114	51.92	56	50	1.36093	137.564
115	51.93	56	50	1.35031	136.471
116	51.95	56	51	1.33617	134.329
117	51.95	56	51	1.33617	134.799
118	51.95	56	51	1.33617	132.635
119	51.95	56	51	1.33617	133.878
120	51.95	56	51	1.33617	134.767
121	51.95	56	51	1.33617	134.749
122	51.95	56	51	1.33617	136.317
123	51.96	56	51	1.33273	136.16
124	51.96	56	51	1.33273	135.358
125	51.96	56	51	1.33273	131.746
126	52.01	56	51	1.38895	131.606
127	52.01	56	51	1.38895	131.144
128	52.06	56	51	1.44124	132.277
129	52.06	56	51	1.44124	133.238
130	52.11	56	51	1.49	134.592
131	52.11	56	51	1.49	134.955
132	52.11	56	51	1.49	134.955
133	52.11	56	51	1.49	135.055
134	52.11	56	51	1.49	135.055
135	52.12	56	51	1.48582	134.029
136	52.12	56	51	1.48582	134.468
137	52.14	56	51	1.47723	135.817
138	52.17	56	51	1.4843	136.5
139	52.17	56	51	1.4843	138.071
140	52.19	56	51	1.47501	139.618
141	52.21	56	51	1.47227	139.11
142	52.21	56	51	1.47227	138.123
143	52.24	56	51	1.47792	138.228
144	52.3	56	51	1.48732	136.492
145	52.3	56	51	1.48732	136.492
146	52.33	56	51	1.49108	136.517
147	52.35	56	51	1.48647	136.871
148	52.36	56	51	1.48065	136.699
149	52.39	56	51	1.48321	136.728
150	52.43	56	51	1.47884	133.267
151	52.43	56	51	1.47884	134.941
152	52.43	56	51	1.47884	135.082
153	52.46	56	51	1.47997	138.345
154	52.46	56	51	1.47997	138.345
155	52.46	56	51	1.47997	138.345
156	52.46	56	51	1.47997	138.345
157	52.47	56	51	1.47337	138.212
158	52.47	56	51	1.47337	138.212
159	52.47	56	51	1.47337	136.675
160	52.48	56	51	1.46667	135.558
161	52.49	56	51	1.45987	136.078
162	52.49	56	51	1.45987	136.078
163	52.55	56	51	1.45904	138.029
164	52.58	56	51	1.45769	139.687
165	52.58	56	51	1.45769	138.475
166	52.58	56	51	1.45769	142.967
167	52.58	56	51	1.45769	142.967
168	52.63	56	51	1.44008	145.74
169	52.63	56	51	1.44008	145.747
170	52.64	56	51	1.4321	142.339
171	52.66	56	51	1.4229	142.335
172	52.69	56	51	1.40486	138.409
173	52.7	56	51	1.39624	134.571
174	52.73	56	51	1.39157	135.708
175	52.73	56	51	1.39157	136.265
176	52.78	56	51	1.36759	136.439
177	52.82	56	51	1.37349	138.444
178	52.82	56	51	1.37349	138.944
179	52.82	56	51	1.37349	138.944
180	52.82	56	51	1.37349	138.944
181	52.85	56	51	1.34371	139.77
182	52.85	56	51	1.34371	139.77
183	52.86	56	51	1.33348	139.209
184	52.86	56	51	1.33348	139.209
185	52.87	56	51	1.3231	139.278
186	52.88	56	51	1.31256	139.134
187	52.9	56	51	1.29099	138.806
188	52.94	56	51	1.2935	139.05
189	52.97	56	51	1.28279	140.182
190	52.98	56	51	1.27112	139.484
191	53.09	56	51	1.26407	139.82
192	53.09	56	51	1.26407	139.82
193	53.15	56	51	1.23399	140.896
194	53.16	56	51	1.22036	142.008
195	53.2	56	52	1.18918	142.031
196	53.24	56	52	1.18168	142.611
197	53.24	56	52	1.18168	142.611
198	53.24	56	52	1.18168	142.443
199	53.24	56	52	1.18168	142.443
200	53.24	56	52	1.18168	141.042
201	53.26	56	52	1.1774	140.899
202	53.28	56	52	1.17275	140.063
203	53.3	56	52	1.16775	140.37
204	53.3	56	52	1.16775	140.37
205	53.33	56	52	1.17254	139.933
206	53.33	56	52	1.17254	139.933
207	53.33	56	52	1.17254	139.933
208	53.33	56	52	1.17254	139.933
209	53.33	56	52	1.17254	145.251
210	53.33	56	52	1.17254	145.251
211	53.33	56	52	1.17254	145.251
212	53.33	56	52	1.17254	141.358
213	53.35	56	52	1.16667	143.304
214	53.37	56	52	1.16042	141.715
215	53.37	56	52	1.16042	141.715
216	53.37	56	52	1.16042	141.715
217	53.39	56	52	1.15378	145.476
218	53.41	56	52	1.14676	145.576
219	53.41	56	52	1.14676	145.576
220	53.41	56	52	1.14676	145.576
221	53.41	56	52	1.14676	145.576
222	53.44	56	52	1.13101	145.497
223	53.45	56	52	1.12254	146.492
224	53.45	56	52	1.12254	147.982
225	53.48	56	52	1.10536	146.545
226	53.49	56	52	1.09632	147.772
227	53.49	56	52	1.09632	147.772
228	53.53	56	52	1.11423	147.75
229	53.55	56	52	1.1044	155.515
230	53.57	56	52	1.09411	156.233
231	53.57	56	52	1.09411	155.723
232	53.57	56	52	1.09411	155.723
233	53.57	56	52	1.09411	155.68
234	53.57	56	52	1.09411	155.68
235	53.59	56	52	1.08334	152.515
236	53.59	56	52	1.08334	152.515
237	53.6	56	52	1.07309	159.586
238	53.6	56	52	1.07309	159.586
239	53.66	56	52	1.06572	162.707
240	53.72	56	52	1.06439	163.318
241	53.72	56	52	1.06439	163.318
242	53.72	56	52	1.06439	163.318
243	53.75	56	52	1.0384	165.882
244	53.75	56	52	1.0384	165.882
245	53.75	56	52	1.0384	165.882
246	53.75	56	52	1.0384	165.882
247	53.75	56	52	1.0384	167.079
248	53.75	56	52	1.0384	167.079
249	53.75	56	52	1.0384	167.079
250	53.75	56	52	1.0384	168.598
251	53.75	56	52	1.0384	168.598
252	53.75	56	52	1.0384	167.77
253	53.75	56	52	1.0384	167.77
254	53.75	56	52	1.0384	168.196
255	53.75	56	52	1.0384	168.196
256	53.77	56	52	1.02351	173.25
257	53.77	56	52	1.02351	173.25
258	53.79	56	52	1.008	172.489
259	53.79	56	52	1.008	172.489
260	53.79	56	52	1.008	172.489
261	53.79	56	52	1.008	172.489
262	53.81	56	52	0.991835	170.963
263	53.81	56	52	0.991835	170.876
264	53.82	56	52	0.978351	171.181
265	53.82	56	52	0.978351	171.181
266	53.82	56	52	0.978351	171.181
267	53.82	56	52	0.978351	170.488
268	53.86	56	52	0.943023	177.751
269	53.86	56	52	0.943023	177.751
270	53.86	56	52	0.943023	171.227
271	53.88	56	52	0.924198	171.066
272	53.88	56	52	0.924198	171.066
273	53.88	56	52	0.924198	170.919
274	53.9	56	52	0.904533	172.147
275	53.9	56	52	0.904533	172.147
276	53.92	56	52	0.883977	172.76
277	53.96	56	52	0.839913	172.562
278	53.98	56	52	0.816249	172.49
279	54.01	56	52	0.79766	172.068
280	54.05	56	53	0.743659	171.703
281	54.06	56	53	0.736084	171.294
282	54.07	56	53	0.728287	176.738
283	54.07	56	53	0.728287	176.738
284	54.07	56	53	0.728287	174.971
285	54.07	56	53	0.728287	174.971
286	54.07	56	53	0.728287	174.971
287	54.08	56	53	0.72027	178.134
288	54.08	56	53	0.72027	178.134
289	54.09	56	53	0.712017	177.92
290	54.09	56	53	0.712017	177.92
291	54.09	56	53	0.712017	177.92
292	54.09	56	53	0.712017	177.92
293	54.09	56	53	0.712017	177.92
294	54.1	56	53	0.703526	186.767
295	54.11	56	53	0.694786	185.825
296	54.11	56	53	0.694786	185.825
297	54.11	56	53	0.694786	185.825
298	54.11	56	53	0.694786	185.825
299	54.11	56	53	0.694786	185.825
300	54.11	56	53	0.694786	185.825
301	54.11	56	53	0.694786	185.825
302	54.14	56	53	0.66697	181.455
303	54.14	56	53	0.66697	181.455
304	54.14	56	53	0.66697	181.455
305	54.14	56	53	0.66697	181.455
306	54.14	56	53	0.66697	181.455
307	54.14	56	53	0.66697	181.455
308	54.15	56	53	0.657128	182.018
309	54.16	56	53	0.646982	181.782
310	54.17	56	53	0.636516	181.203
311	54.17	56	53	0.636516	181.203
312	54.17	56	53	0.636516	181.203
313	54.17	56	53	0.636516	181.203
314	54.17	56	53	0.636516	181.203
315	54.17	56	53	0.636516	181.203
316	54.17	56	53	0.636516	181.203
317	54.17	56	53	0.636516	181.203
318	54.17	56	53	0.636516	181.203
319	54.17	56	53	0.636516	181.203
320	54.17	56	53	0.636516	181.203
321	54.17	56	53	0.636516	181.203
322	54.17	56	53	0.636516	181.203
323	54.17	56	53	0.636516	181.203
324	54.17	56	53	0.636516	181.203
325	54.17	56	53	0.636516	181.203
326	54.18	56	53	0.625711	182.138
327	54.18	56	53	0.625711	182.087
328	54.18	56	53	0.625711	182.087
329	54.18	56	53	0.625711	182.087
330	54.18	56	53	0.625711	182.087
331	54.18	56	53	0.625711	182.087
332	54.18	56	53	0.625711	182.087
333	54.18	56	53	0.625711	182.087
334	54.18	56	53	0.625711	182.087
335	54.18	56	53	0.625711	182.087
336	54.18	56	53	0.625711	182.087
337	54.18	56	53	0.625711	182.087
338	54.18	56	53	0.625711	182.087
339	54.19	56	53	0.614554	183.677
340	54.19	56	53	0.614554	183.677
341	54.2	56	53	0.603023	189.8
342	54.2	56	53	0.603023	189.8
343	54.2	56	53	0.603023	189.8
344	54.2	56	53	0.603023	189.8
345	54.2	56	53	0.603023	189.8
346	54.2	56	53	0.603023	189.8
347	54.2	56	53	0.603023	189.8
348	54.23	56	53	0.617177	189.832
349	54.23	56	53	0.617177	190.044
350	54.23	56	53	0.617177	190.044
351	54.23	56	53	0.617177	194.856
352	54.24	56	54	0.60503	189.752
353	54.24	56	54	0.60503	189.752
354	54.24	56	54	0.60503	189.752
355	54.24	56	54	0.60503	189.752
356	54.24	56	54	0.60503	189.752
357	54.24	56	54	0.60503	189.752
358	54.24	56	54	0.60503	189.752
359	54.24	56	54	0.60503	194.49
360	54.24	56	54	0.60503	194.611
361	54.24	56	54	0.60503	194.611
362	54.24	56	54	0.60503	194.611
363	54.25	56	54	0.609272	194.142
364	54.25	56	54	0.609272	194.142
365	54.26	56	54	0.613321	193.553
366	54.26	56	54	0.613321	193.553
367	54.26	56	54	0.613321	193.553
368	54.26	56	54	0.613321	193.553
369	54.26	56	54	0.613321	193.553
370	54.26	56	54	0.613321	193.269
371	54.26	56	54	0.613321	192.15
372	54.26	56	54	0.613321	191.923
373	54.27	56	54	0.617177	192.713
374	54.27	56	54	0.617177	192.713
375	54.27	56	54	0.617177	192.713
376	54.27	56	54	0.617177	192.882
377	54.27	56	54	0.617177	192.882
378	54.27	56	54	0.617177	192.882
379	54.27	56	54	0.617177	192.882
380	54.27	56	54	0.617177	192.882
381	54.27	56	54	0.617177	192.882
382	54.27	56	54	0.617177	192.882
383	54.27	56	54	0.617177	192.882
384	54.27	56	54	0.617177	192.882
385	54.27	56	54	0.617177	189.646
386	54.27	56	54	0.617177	189.646
387	54.27	56	54	0.617177	189.646
388	54.27	56	54	0.617177	190.155
389	54.27	56	54	0.617177	190.848
390	54.27	56	54	0.617177	193.416
391	54.27	56	54	0.617177	193.416
392	54.27	56	54	0.617177	189.661
393	54.27	56	54	0.617177	189.661
394	54.27	56	54	0.617177	189.661
395	54.27	56	54	0.617177	189.661
396	54.27	56	54	0.617177	189.661
397	54.27	56	54	0.617177	189.965
398	54.27	56	54	0.617177	189.965
399	54.27	56	54	0.617177	189.965
400	54.27	56	54	0.617177	189.965
401	54.27	56	54	0.617177	189.965
402	54.27	56	54	0.617177	189.965
403	54.27	56	54	0.617177	189.965
404	54.27	56	54	0.617177	189.965
405	54.27	56	54	0.617177	189.965
406	54.27	56	54	0.617177	190.345
407	54.27	56	54	0.617177	190.345
408	54.27	56	54	0.617177	190.345
409	54.27	56	54	0.617177	190.345
410	54.27	56	54	0.617177	190.345
411	54.27	56	54	0.617177	190.345
412	54.27	56	54	0.617177	190.345
413	54.27	56	54	0.617177	190.345
414	54.27	56	54	0.617177	190.529
415	54.27	56	54	0.617177	190.529
416	54.27	56	54	0.617177	190.529
417	54.27	56	54	0.617177	190.529
418	54.27	56	54	0.617177	190.529
419	54.27	56	54	0.617177	191.145
420	54.28	56	54	0.62085	190.804
421	54.28	56	54	0.62085	190.804
422	54.28	56	54	0.62085	190.804
423	54.28	56	54	0.62085	190.804
424	54.28	56	54	0.62085	190.804
425	54.28	56	54	0.62085	191.282
426	54.28	56	54	0.62085	191.282
427	54.28	56	54	0.62085	191.282
428	54.28	56	54	0.62085	191.282
429	54.28	56	54	0.62085	191.282
430	54.28	56	54	0.62085	191.286
431	54.29	56	54	0.624337	190.742
432	54.29	56	54	0.624337	190.742
433	54.29	56	54	0.624337	190.742
434	54.29	56	54	0.624337	190.742
435	54.29	56	54	0.624337	188.476
436	54.29	56	54	0.624337	188.476
437	54.29	56	54	0.624337	188.476
438	54.29	56	54	0.624337	188.476
439	54.29	56	54	0.624337	188.476
440	54.29	56	54	0.624337	188.476
441	54.29	56	54	0.624337	188.476
442	54.29	56	54	0.624337	188.204
443	54.29	56	54	0.624337	184.245
444	54.29	56	54	0.624337	184.245
445	54.29	56	54	0.624337	184.245
446	54.29	56	54	0.624337	184.245
447	54.29	56	54	0.624337	184.245
448	54.29	56	54	0.624337	184.245
449	54.29	56	54	0.624337	183.914
450	54.29	56	54	0.624337	183.914
451	54.29	56	54	0.624337	183.914
452	54.29	56	54	0.624337	183.914
453	54.29	56	54	0.624337	183.914
454	54.29	56	54	0.624337	177.932
455	54.29	56	54	0.624337	177.932
456	54.29	56	54	0.624337	177.901
457	54.29	56	54	0.624337	177.901
458	54.29	56	54	0.624337	177.901
459	54.29	56	54	0.624337	177.966
460	54.29	56	54	0.624337	177.966
461	54.29	56	54	0.624337	177.966
462	54.29	56	54	0.624337	177.966
463	54.31	56	54	0.646591	177.149
464	54.31	56	54	0.646591	177.149
465	54.31	56	54	0.646591	177.149
466	54.31	56	54	0.646591	177.617
467	54.31	56	54	0.646591	177.756
468	54.31	56	54	0.646591	177.756
469	54.31	56	54	0.646591	177.916
470	54.31	56	54	0.646591	177.916
471	54.31	56	54	0.646591	177.578
472	54.31	56	54	0.646591	177.578
473	54.31	56	54	0.646591	177.578
474	54.31	56	54	0.646591	177.578
475	54.31	56	54	0.646591	177.578
476	54.31	56	54	0.646591	177.578
477	54.31	56	54	0.646591	177.578
478	54.31	56	54	0.646591	177.578
479	54.31	56	54	0.646591	177.578
480	54.31	56	54	0.646591	177.578
481	54.31	56	54	0.646591	177.578
482	54.31	56	54	0.646591	177.578
483	54.31	56	54	0.646591	177.578
484	54.31	56	54	0.646591	177.046
485	54.31	56	54	0.646591	177.046
486	54.31	56	54	0.646591	177.046
487	54.31	56	54	0.646591	177.046
488	54.31	56	54	0.646591	177.046
489	54.31	56	54	0.646591	176.823
490	54.31	56	54	0.646591	171.985
491	54.31	56	54	0.646591	172.67
492	54.31	56	54	0.646591	172.67
493	54.31	56	54	0.646591	172.67
494	54.31	56	54	0.646591	172.642
495	54.31	56	54	0.646591	172.642
496	54.31	56	54	0.646591	172.642
497	54.31	56	54	0.646591	172.119
498	54.33	56	54	0.6675	173.163
499	54.33	56	54	0.6675	173.163
500	54.33	56	54	0.6675	173.163
