0	0.0384507	0.417508	0.00010001	0.0847343	-1
1	0.0775035	0.805487	0.00010001	0.146179	-1
2	0.129459	0.805487	0.00010001	0.17411	-1
3	0.180852	0.805487	0.00010001	0.170864	-1
4	0.234828	0.805487	0.0812706	0.179657	-1
5	0.259442	0.805487	0.110171	0.178842	-1
6	0.276641	0.805487	0.130433	0.170968	-1
7	0.292726	0.805487	0.143863	0.167175	-1
8	0.310812	0.823952	0.152598	0.174287	-1
9	0.315699	0.823952	0.163749	0.17168	-1
10	0.335545	0.823952	0.172934	0.171956	-1
11	0.367757	0.823952	0.190043	0.18144	-1
12	0.380345	0.823952	0.199494	0.186987	-1
13	0.406086	0.823952	0.212879	0.190203	-1
14	0.410638	0.823952	0.219516	0.188545	-1
15	0.423143	0.827997	0.221533	0.190825	-1
16	0.425145	0.827997	0.226238	0.190525	-1
17	0.431996	0.827997	0.234096	0.186237	-1
18	0.454547	0.827997	0.245315	0.183489	-1
19	0.469072	0.827997	0.252496	0.181113	-1
20	0.481652	0.827997	0.261799	0.179384	-1
21	0.506083	0.827997	0.285555	0.173269	-1
22	0.518277	0.844771	0.296307	0.17302	-1
23	0.528319	0.844771	0.304179	0.173926	-1
24	0.53124	0.844771	0.313808	0.171229	-1
25	0.541474	0.844771	0.321019	0.171457	-1
26	0.549364	0.844771	0.325352	0.170049	-1
27	0.554545	0.844771	0.32743	0.170862	-1
28	0.566524	0.844771	0.338961	0.163494	-1
29	0.569128	0.844771	0.34432	0.160813	-1
30	0.57281	0.844771	0.355204	0.156934	-1
31	0.578038	0.844771	0.371291	0.154014	-1
32	0.578392	0.844771	0.3723	0.153573	-1
33	0.591069	0.844771	0.379656	0.151222	-1
34	0.595267	0.844771	0.387757	0.149063	-1
35	0.603026	0.844771	0.398435	0.142387	-1
36	0.614758	0.844771	0.406049	0.13777	-1
37	0.623041	0.844771	0.417508	0.132688	-1
38	0.626565	0.844771	0.417678	0.131681	-1
39	0.630571	0.844771	0.428396	0.128046	-1
40	0.643486	0.844771	0.454446	0.120678	-1
41	0.649512	0.844771	0.458332	0.118647	-1
42	0.652529	0.844771	0.466919	0.116567	-1
43	0.658826	0.844771	0.473516	0.112582	-1
44	0.666324	0.844771	0.479883	0.110672	-1
45	0.666576	0.844771	0.479883	0.110787	-1
46	0.671955	0.844771	0.491142	0.108288	-1
47	0.676839	0.844771	0.493548	0.106133	-1
48	0.685184	0.844771	0.503974	0.100958	-1
49	0.692821	0.844771	0.525277	0.0961884	-1
50	0.69848	0.844771	0.534022	0.0946547	-1
51	0.706878	0.844771	0.550907	0.0928394	-1
52	0.70825	0.844771	0.556791	0.0914335	-1
53	0.711841	0.844771	0.563427	0.0891936	-1
54	0.71194	0.844771	0.563427	0.0892248	-1
55	0.717099	0.844771	0.565867	0.0879591	-1
56	0.719836	0.844771	0.567343	0.087315	-1
57	0.728735	0.859293	0.575628	0.0839722	-1
58	0.728801	0.859293	0.575628	0.0840482	-1
59	0.732818	0.859634	0.583964	0.0818931	-1
60	0.732962	0.859634	0.583964	0.0820249	-1
61	0.732962	0.859634	0.583964	0.0820249	-1
62	0.738939	0.859634	0.601371	0.0775425	-1
63	0.739882	0.859634	0.601911	0.0765774	-1
64	0.739882	0.859634	0.601911	0.0765774	-1
65	0.739882	0.859634	0.601911	0.0765774	-1
66	0.746698	0.859634	0.615917	0.0718271	-1
67	0.746839	0.859634	0.615917	0.0718594	-1
68	0.747954	0.859634	0.621904	0.0706599	-1
69	0.748825	0.859634	0.624188	0.0696128	-1
70	0.74884	0.859634	0.624188	0.0696013	-1
71	0.74884	0.859634	0.624188	0.0696013	-1
72	0.755166	0.859634	0.631766	0.0676352	-1
73	0.757473	0.859634	0.635797	0.0660532	-1
74	0.759317	0.859634	0.637179	0.0650323	-1
75	0.759378	0.859634	0.637179	0.0650104	-1
76	0.761816	0.859634	0.639032	0.062153	-1
77	0.76378	0.859634	0.644971	0.0608168	-1
78	0.763999	0.859634	0.646793	0.0605457	-1
79	0.764082	0.859634	0.646793	0.0605312	-1
80	0.766033	0.859634	0.657581	0.0582798	-1
81	0.767735	0.859634	0.659771	0.0562807	-1
82	0.767736	0.859634	0.659771	0.0562799	-1
83	0.767736	0.859634	0.659771	0.0562799	-1
84	0.769886	0.859634	0.667252	0.0546987	-1
85	0.771395	0.859634	0.669594	0.0537931	-1
86	0.773241	0.859634	0.669652	0.053265	-1
87	0.776807	0.859634	0.674605	0.0521208	-1
88	0.778606	0.859634	0.678165	0.051451	-1
89	0.778778	0.859634	0.678165	0.0513697	-1
90	0.778778	0.859634	0.678165	0.0513697	-1
91	0.779833	0.859634	0.678487	0.0503559	-1
92	0.782746	0.859634	0.683236	0.0471932	-1
93	0.782879	0.859634	0.683236	0.0470288	-1
94	0.784802	0.859634	0.690827	0.0462474	-1
95	0.785018	0.859634	0.690827	0.0464067	-1
96	0.787066	0.895656	0.69088	0.0467265	-1
97	0.787406	0.895656	0.69088	0.0468472	-1
98	0.787849	0.895656	0.691906	0.0461282	-1
99	0.789261	0.895656	0.696734	0.0443916	-1
100	0.789315	0.895656	0.696734	0.0443634	-1
101	0.789315	0.895656	0.696734	0.0443634	-1
102	0.789813	0.895656	0.705687	0.043586	-1
103	0.792684	0.895656	0.715969	0.0410646	-1
104	0.792769	0.895656	0.715969	0.0409703	-1
105	0.792769	0.895656	0.715969	0.0409703	-1
106	0.792769	0.895656	0.715969	0.0409703	-1
107	0.792769	0.895656	0.715969	0.0409703	-1
108	0.79361	0.895656	0.717159	0.0402345	-1
109	0.795658	0.895656	0.727299	0.0384193	-1
110	0.795676	0.895656	0.727299	0.0384183	-1
111	0.796126	0.895656	0.727299	0.0378694	-1
112	0.797124	0.895656	0.733107	0.0373375	-1
113	0.798955	0.895656	0.733937	0.036413	-1
114	0.798976	0.895656	0.733937	0.0364162	-1
115	0.798976	0.895656	0.733937	0.0364162	-1
116	0.79906	0.895656	0.733937	0.036311	-1
117	0.79906	0.895656	0.733937	0.036311	-1
118	0.800102	0.895656	0.734438	0.0359171	-1
119	0.800904	0.895656	0.735267	0.0353225	-1
120	0.800935	0.895656	0.735267	0.0353118	-1
121	0.800935	0.895656	0.735267	0.0353118	-1
122	0.802643	0.895656	0.740709	0.0341482	-1
123	0.802688	0.895656	0.740709	0.0341365	-1
124	0.803591	0.895656	0.742181	0.0336716	-1
125	0.803671	0.895656	0.742181	0.0336073	-1
126	0.80456	0.895656	0.74288	0.0331367	-1
127	0.804607	0.895656	0.74288	0.0331104	-1
128	0.804607	0.895656	0.74288	0.0331104	-1
129	0.805629	0.895656	0.74481	0.0327603	-1
130	0.805722	0.895656	0.74481	0.0327846	-1
131	0.805725	0.895656	0.744925	0.0327785	-1
132	0.805725	0.895656	0.744925	0.0327785	-1
133	0.805725	0.895656	0.744925	0.0327785	-1
134	0.807184	0.895656	0.747088	0.0313329	-1
135	0.808173	0.895656	0.747137	0.0309175	-1
136	0.808658	0.895656	0.747661	0.0303539	-1
137	0.810766	0.895656	0.749455	0.0300663	-1
138	0.810996	0.895656	0.749455	0.0302229	-1
139	0.810996	0.895656	0.749455	0.0302229	-1
140	0.810996	0.895656	0.749455	0.0302229	-1
141	0.811762	0.895656	0.757794	0.0296116	-1
142	0.811819	0.895656	0.757794	0.0295715	-1
143	0.811819	0.895656	0.757794	0.0295715	-1
144	0.812189	0.895656	0.758153	0.0291167	-1
145	0.813106	0.895656	0.758715	0.028775	-1
146	0.813232	0.895656	0.758715	0.0287923	-1
147	0.813233	0.895656	0.758809	0.0287905	-1
148	0.814319	0.895656	0.762769	0.0281502	-1
149	0.814742	0.895656	0.764393	0.0277022	-1
150	0.814755	0.895656	0.764393	0.0277022	-1
