0	0.0562779	0.748861	0.00010001	0.144377	-1
1	0.0955429	0.748861	0.00010001	0.158844	-1
2	0.139029	0.798708	0.00010001	0.172379	-1
3	0.188798	0.83631	0.00010001	0.179265	-1
4	0.236085	0.83631	0.0831994	0.172928	-1
5	0.258842	0.83631	0.109561	0.17146	-1
6	0.280167	0.83631	0.124543	0.174291	-1
7	0.306624	0.83631	0.145714	0.172941	-1
8	0.325102	0.887874	0.154625	0.183654	-1
9	0.337578	0.887874	0.164011	0.185217	-1
10	0.354639	0.887874	0.180732	0.183201	-1
11	0.385335	0.887874	0.190992	0.194372	-1
12	0.40021	0.887874	0.195065	0.191789	-1
13	0.429416	0.887874	0.208665	0.197049	-1
14	0.438314	0.887874	0.221589	0.196363	-1
15	0.442022	0.887874	0.22699	0.194356	-1
16	0.451619	0.887874	0.233751	0.19108	-1
17	0.464175	0.887874	0.245695	0.189091	-1
18	0.471478	0.887874	0.258304	0.185316	-1
19	0.485568	0.887874	0.260687	0.185308	-1
20	0.491166	0.887874	0.261967	0.183349	-1
21	0.501708	0.887874	0.268943	0.183236	-1
22	0.517579	0.887874	0.276281	0.180088	-1
23	0.532109	0.887874	0.302108	0.172893	-1
24	0.534493	0.887874	0.303497	0.171335	-1
25	0.535321	0.887874	0.30546	0.170408	-1
26	0.54121	0.887874	0.315157	0.168547	-1
27	0.545058	0.887874	0.323336	0.167474	-1
28	0.556651	0.887874	0.326621	0.164228	-1
29	0.561955	0.887874	0.330227	0.164419	-1
30	0.574808	0.887874	0.34059	0.162103	-1
31	0.587187	0.887874	0.34569	0.160168	-1
32	0.588944	0.887874	0.350422	0.158478	-1
33	0.599685	0.887874	0.352781	0.152854	-1
34	0.605406	0.887874	0.361199	0.149548	-1
35	0.609577	0.887874	0.370169	0.144721	-1
36	0.612019	0.887874	0.380433	0.141649	-1
37	0.61469	0.887874	0.393997	0.139347	-1
38	0.620162	0.887874	0.399917	0.137077	-1
39	0.622178	0.887874	0.415787	0.134994	-1
40	0.631429	0.887874	0.432002	0.13084	-1
41	0.634906	0.887874	0.439898	0.127838	-1
42	0.640091	0.887874	0.458983	0.125349	-1
43	0.648321	0.887874	0.467392	0.121997	-1
44	0.656092	0.887874	0.474453	0.122493	-1
45	0.66007	0.887874	0.475325	0.122272	-1
46	0.66405	0.887874	0.483776	0.119276	-1
47	0.668115	0.887874	0.48413	0.116638	-1
48	0.673242	0.887874	0.489661	0.112396	-1
49	0.674978	0.887874	0.493221	0.110202	-1
50	0.681271	0.887874	0.504494	0.107005	-1
51	0.682215	0.887874	0.506934	0.10607	-1
52	0.683432	0.887874	0.506936	0.104728	-1
53	0.68354	0.887874	0.506936	0.104622	-1
54	0.683562	0.887874	0.509173	0.104584	-1
55	0.683562	0.887874	0.509173	0.104584	-1
56	0.684441	0.887874	0.51496	0.103467	-1
57	0.691242	0.887874	0.525385	0.0984003	-1
58	0.694666	0.887874	0.531487	0.0980763	-1
59	0.699198	0.887874	0.535714	0.0956175	-1
60	0.700029	0.887874	0.541123	0.0947097	-1
61	0.70149	0.887874	0.548637	0.0933322	-1
62	0.701659	0.887874	0.548637	0.0931214	-1
63	0.702994	0.887874	0.554807	0.0914487	-1
64	0.708759	0.887874	0.558893	0.0909395	-1
65	0.713512	0.887874	0.56954	0.0891912	-1
66	0.715933	0.887874	0.570735	0.0882215	-1
67	0.720249	0.887874	0.583292	0.0842511	-1
68	0.720616	0.887874	0.583349	0.0838766	-1
69	0.727844	0.887874	0.595493	0.0798555	-1
70	0.730161	0.887874	0.596944	0.0791055	-1
71	0.730241	0.887874	0.596944	0.0790812	-1
72	0.730318	0.887874	0.596944	0.0790179	-1
73	0.732331	0.887874	0.597019	0.0781337	-1
74	0.735126	0.887874	0.601972	0.0762262	-1
75	0.736013	0.887874	0.602718	0.0750062	-1
76	0.736087	0.887874	0.602718	0.0749271	-1
77	0.736087	0.887874	0.602718	0.0749271	-1
78	0.736087	0.887874	0.602718	0.0749271	-1
79	0.740139	0.887874	0.608392	0.0731967	-1
80	0.744719	0.887874	0.620871	0.069607	-1
81	0.744779	0.887874	0.620871	0.0696027	-1
82	0.745824	0.887874	0.623674	0.0684993	-1
83	0.745984	0.887874	0.623674	0.0683505	-1
84	0.745984	0.887874	0.623674	0.0683505	-1
85	0.745984	0.887874	0.623674	0.0683505	-1
86	0.745984	0.887874	0.623674	0.0683505	-1
87	0.74655	0.887874	0.628673	0.0675573	-1
88	0.750568	0.887874	0.635685	0.0651297	-1
89	0.750695	0.887874	0.635685	0.0651286	-1
90	0.751291	0.887874	0.646383	0.0641835	-1
91	0.751623	0.887874	0.646621	0.0636868	-1
92	0.752889	0.887874	0.652331	0.0623672	-1
93	0.753744	0.887874	0.65563	0.061357	-1
94	0.755657	0.887874	0.659466	0.0609075	-1
95	0.756092	0.887874	0.661968	0.0604506	-1
96	0.756104	0.887874	0.661968	0.0604344	-1
97	0.756104	0.887874	0.661968	0.0604344	-1
98	0.76028	0.887874	0.669652	0.0590075	-1
99	0.762159	0.887874	0.669652	0.058769	-1
100	0.762362	0.887874	0.669652	0.0587334	-1
101	0.762811	0.887874	0.670371	0.0581785	-1
102	0.762949	0.887874	0.670371	0.0580297	-1
103	0.765478	0.887874	0.672411	0.0557445	-1
104	0.76567	0.887874	0.672411	0.0555164	-1
105	0.766865	0.887874	0.677431	0.0547696	-1
106	0.766993	0.887874	0.677431	0.0546684	-1
107	0.768235	0.887874	0.679496	0.0540201	-1
108	0.768427	0.887874	0.679496	0.053845	-1
109	0.768435	0.887874	0.68026	0.0538323	-1
110	0.769922	0.887874	0.68026	0.0533836	-1
111	0.770114	0.887874	0.68026	0.0533359	-1
112	0.770126	0.887874	0.68026	0.0533233	-1
113	0.770339	0.887874	0.681718	0.0530029	-1
114	0.771113	0.887874	0.684451	0.0522385	-1
115	0.773583	0.887874	0.685925	0.0508211	-1
116	0.773808	0.887874	0.685925	0.050731	-1
117	0.774285	0.887874	0.687901	0.0501129	-1
118	0.778076	0.887874	0.689127	0.0481438	-1
119	0.778255	0.887874	0.689127	0.0480701	-1
120	0.778323	0.887874	0.689127	0.0480505	-1
121	0.778326	0.887874	0.689429	0.0480449	-1
122	0.778326	0.887874	0.689429	0.0480449	-1
123	0.779262	0.887874	0.689429	0.0471999	-1
124	0.779533	0.887874	0.689429	0.0470274	-1
125	0.779533	0.887874	0.689429	0.0470274	-1
126	0.779533	0.887874	0.689429	0.0470274	-1
127	0.781946	0.887874	0.700911	0.0447352	-1
128	0.782572	0.887874	0.701509	0.0440465	-1
129	0.783789	0.887874	0.70613	0.043255	-1
130	0.783911	0.887874	0.70613	0.0432049	-1
131	0.784838	0.887874	0.706218	0.0425078	-1
132	0.785027	0.887874	0.706218	0.0423728	-1
133	0.785913	0.887874	0.712837	0.0416281	-1
134	0.787025	0.887874	0.713444	0.0410053	-1
135	0.792499	0.921807	0.717341	0.040733	-1
136	0.793757	0.921807	0.721178	0.0402289	-1
137	0.793863	0.921807	0.721178	0.0401813	-1
138	0.793888	0.921807	0.721178	0.0401808	-1
139	0.794119	0.921807	0.722633	0.0398239	-1
140	0.794741	0.921807	0.724139	0.03912	-1
141	0.794768	0.921807	0.724139	0.0390865	-1
142	0.795758	0.921807	0.725364	0.038529	-1
143	0.79585	0.921807	0.725364	0.0384811	-1
144	0.79585	0.921807	0.725364	0.0384811	-1
145	0.79585	0.921807	0.725364	0.0384811	-1
146	0.795886	0.921807	0.729049	0.0384147	-1
147	0.796245	0.921807	0.732367	0.0379492	-1
148	0.796556	0.921807	0.733058	0.0375363	-1
149	0.799339	0.921807	0.737375	0.0367833	-1
150	0.799434	0.921807	0.737375	0.0368706	-1
