0	0.0408095	0.656179	0.00010001	0.111234	-1
1	0.0840218	0.730915	0.00010001	0.144804	-1
2	0.114145	0.730915	0.00010001	0.148446	-1
3	0.174851	0.78486	0.00010001	0.152648	-1
4	0.237277	0.785418	0.078902	0.187802	-1
5	0.257836	0.855737	0.101211	0.192593	-1
6	0.274899	0.855737	0.112087	0.189968	-1
7	0.294757	0.855737	0.124776	0.193751	-1
8	0.30855	0.855737	0.143835	0.190584	-1
9	0.312843	0.855737	0.154153	0.187807	-1
10	0.328427	0.855737	0.173458	0.180636	-1
11	0.337054	0.855737	0.181652	0.179807	-1
12	0.349947	0.855737	0.186426	0.17858	-1
13	0.359932	0.855737	0.190163	0.178532	-1
14	0.373117	0.855737	0.195924	0.178615	-1
15	0.394543	0.855737	0.20934	0.176359	-1
16	0.403757	0.855737	0.218418	0.177337	-1
17	0.426509	0.855737	0.23162	0.181078	-1
18	0.43892	0.855737	0.234631	0.182427	-1
19	0.448316	0.855737	0.248341	0.179559	-1
20	0.460736	0.855737	0.259882	0.180924	-1
21	0.470387	0.855737	0.265505	0.177998	-1
22	0.491185	0.855737	0.280113	0.177952	-1
23	0.500561	0.855737	0.283926	0.172021	-1
24	0.522738	0.855737	0.29766	0.167057	-1
25	0.53169	0.855737	0.306168	0.165379	-1
26	0.549895	0.855737	0.316615	0.160902	-1
27	0.554624	0.855737	0.317016	0.16077	-1
28	0.556723	0.855737	0.324049	0.159013	-1
29	0.578697	0.855737	0.346685	0.154388	-1
30	0.59494	0.855737	0.35728	0.149233	-1
31	0.601084	0.855737	0.362206	0.145993	-1
32	0.611387	0.855737	0.378056	0.138741	-1
33	0.612543	0.855737	0.38036	0.137399	-1
34	0.618019	0.855737	0.39152	0.134338	-1
35	0.626326	0.855737	0.401987	0.127855	-1
36	0.63502	0.855737	0.432545	0.124965	-1
37	0.642887	0.855737	0.441707	0.121747	-1
38	0.652464	0.855737	0.454644	0.119032	-1
39	0.653473	0.855737	0.455184	0.118591	-1
40	0.656531	0.855737	0.466413	0.115307	-1
41	0.65862	0.855737	0.475928	0.112732	-1
42	0.66548	0.855737	0.485266	0.109723	-1
43	0.66589	0.855737	0.485266	0.109939	-1
44	0.670546	0.855737	0.494709	0.108359	-1
45	0.670956	0.855737	0.494709	0.108229	-1
46	0.672903	0.855737	0.494895	0.106768	-1
47	0.67817	0.855737	0.500172	0.105023	-1
48	0.682763	0.855737	0.501883	0.103452	-1
49	0.682991	0.855737	0.502193	0.103316	-1
50	0.68551	0.855737	0.502417	0.101925	-1
51	0.687086	0.855737	0.502417	0.100131	-1
52	0.694476	0.855737	0.519984	0.0960384	-1
53	0.697683	0.855737	0.530284	0.0948687	-1
54	0.704075	0.855737	0.54377	0.0911429	-1
55	0.708226	0.855737	0.558726	0.0873392	-1
56	0.712278	0.855737	0.558726	0.0853243	-1
57	0.712561	0.855737	0.558726	0.0852274	-1
58	0.721783	0.855737	0.58405	0.078906	-1
59	0.722638	0.855737	0.590425	0.077956	-1
60	0.72455	0.855737	0.596111	0.0770201	-1
61	0.727728	0.855737	0.603219	0.0753278	-1
62	0.729177	0.855737	0.605594	0.073881	-1
63	0.730575	0.855737	0.607868	0.0727031	-1
64	0.730628	0.855737	0.607868	0.0726485	-1
65	0.733655	0.855737	0.620557	0.0710113	-1
66	0.734003	0.855737	0.620557	0.0709788	-1
67	0.734044	0.855737	0.624659	0.0709137	-1
68	0.734044	0.855737	0.624659	0.0709137	-1
69	0.734045	0.855737	0.624692	0.0709127	-1
70	0.735898	0.855737	0.624692	0.0704125	-1
71	0.739312	0.855737	0.627314	0.0683144	-1
72	0.739544	0.855737	0.628013	0.0683385	-1
73	0.739544	0.855737	0.628013	0.0683385	-1
74	0.741727	0.855737	0.628013	0.0682259	-1
75	0.741979	0.855737	0.628013	0.0682108	-1
76	0.743766	0.855737	0.629088	0.0675328	-1
77	0.747755	0.858424	0.634987	0.0655924	-1
78	0.750201	0.858424	0.636185	0.0651946	-1
79	0.756065	0.858424	0.641292	0.0632007	-1
80	0.758318	0.858424	0.645759	0.0623245	-1
81	0.76034	0.858424	0.658668	0.0609162	-1
82	0.760509	0.858424	0.658668	0.0607973	-1
83	0.765434	0.858424	0.664554	0.0583443	-1
84	0.765632	0.858424	0.664554	0.0582543	-1
85	0.768811	0.858424	0.670959	0.0556508	-1
86	0.769279	0.858424	0.672918	0.0551141	-1
87	0.769318	0.858424	0.672918	0.0550695	-1
88	0.770278	0.858424	0.676965	0.0542019	-1
89	0.77133	0.858424	0.678135	0.053259	-1
90	0.771518	0.858424	0.678135	0.0531226	-1
91	0.772261	0.858424	0.688671	0.0520782	-1
92	0.772281	0.858424	0.688671	0.052053	-1
93	0.772281	0.858424	0.688671	0.052053	-1
94	0.773426	0.858424	0.689644	0.0508287	-1
95	0.773502	0.858424	0.689644	0.0507617	-1
96	0.775951	0.858424	0.690575	0.0485889	-1
97	0.777342	0.858424	0.692244	0.0479643	-1
98	0.779362	0.858424	0.694427	0.0463923	-1
99	0.779647	0.858424	0.694427	0.0461024	-1
100	0.779656	0.858424	0.694427	0.0461029	-1
101	0.779656	0.858424	0.694427	0.0461029	-1
102	0.779656	0.858424	0.694427	0.0461029	-1
103	0.7803	0.858424	0.69629	0.0451219	-1
104	0.780508	0.858424	0.70065	0.0447853	-1
105	0.780908	0.858424	0.700744	0.0442267	-1
106	0.781001	0.858424	0.700744	0.0440852	-1
107	0.781006	0.858424	0.700744	0.0440794	-1
108	0.781011	0.858424	0.700744	0.0440736	-1
109	0.781332	0.858424	0.701337	0.0435971	-1
110	0.78136	0.858424	0.701337	0.0435529	-1
111	0.78136	0.858424	0.701337	0.0435529	-1
112	0.782528	0.858424	0.709055	0.0421014	-1
113	0.782585	0.858424	0.709055	0.0420478	-1
114	0.782589	0.858424	0.709055	0.042043	-1
115	0.783947	0.858424	0.710637	0.0418369	-1
116	0.785082	0.858424	0.714863	0.0407525	-1
117	0.785284	0.858424	0.714863	0.0405801	-1
118	0.786298	0.858424	0.715907	0.0400662	-1
119	0.786402	0.858424	0.715907	0.0399972	-1
120	0.786402	0.858424	0.715907	0.0399972	-1
121	0.787476	0.858424	0.716971	0.0391139	-1
122	0.789579	0.858424	0.727299	0.0374846	-1
123	0.78973	0.858424	0.727299	0.0374168	-1
124	0.789839	0.858424	0.730915	0.03725	-1
125	0.789839	0.858424	0.730915	0.03725	-1
126	0.790529	0.858424	0.731424	0.0367836	-1
127	0.792015	0.858424	0.732025	0.0357384	-1
128	0.792639	0.858424	0.732657	0.0351717	-1
129	0.79322	0.858424	0.732916	0.0345325	-1
130	0.793382	0.858424	0.732916	0.034324	-1
131	0.793419	0.858424	0.733819	0.0342593	-1
132	0.793419	0.858424	0.733819	0.0342593	-1
133	0.793445	0.858424	0.7364	0.0342149	-1
134	0.794158	0.858424	0.736503	0.0334604	-1
135	0.794336	0.858424	0.736503	0.0332384	-1
136	0.794336	0.858424	0.736503	0.0332384	-1
137	0.794477	0.858424	0.736537	0.0330195	-1
138	0.794518	0.858424	0.736537	0.0329605	-1
139	0.794518	0.858424	0.736537	0.0329605	-1
140	0.794518	0.858424	0.736537	0.0329605	-1
141	0.794666	0.858424	0.736667	0.0327294	-1
142	0.794723	0.858424	0.736667	0.0326441	-1
143	0.795508	0.858424	0.737018	0.0321747	-1
144	0.79571	0.858424	0.737018	0.0320436	-1
145	0.795946	0.858424	0.738144	0.0316919	-1
146	0.79619	0.858424	0.739904	0.0313283	-1
147	0.796239	0.858424	0.739904	0.0312611	-1
148	0.796256	0.858424	0.741629	0.0312302	-1
149	0.798096	0.858524	0.742506	0.0308601	-1
150	0.798329	0.858524	0.742506	0.0310095	-1
