0	0.0293688	0.555177	0.00010001	0.101878	-1
1	0.0619609	0.555177	0.00010001	0.126969	-1
2	0.0986059	0.672816	0.00010001	0.160929	-1
3	0.153899	0.672816	0.00010001	0.188027	-1
4	0.195725	0.683989	0.00010001	0.197613	-1
5	0.207067	0.683989	0.00010001	0.19227	-1
6	0.22321	0.683989	0.00010001	0.190961	-1
7	0.246602	0.683989	0.00010001	0.179306	-1
8	0.265936	0.683989	0.00010001	0.172758	-1
9	0.285677	0.683989	0.109019	0.16011	-1
10	0.305306	0.683989	0.124815	0.163511	-1
11	0.334302	0.730994	0.158234	0.162375	-1
12	0.340671	0.730994	0.164625	0.165508	-1
13	0.369806	0.730994	0.177518	0.168544	-1
14	0.375155	0.730994	0.194821	0.165543	-1
15	0.405449	0.730994	0.21539	0.16044	-1
16	0.421327	0.730994	0.227131	0.15982	-1
17	0.42747	0.730994	0.231955	0.15832	-1
18	0.434127	0.730994	0.242605	0.153527	-1
19	0.439117	0.730994	0.244455	0.154807	-1
20	0.455285	0.730994	0.259596	0.151244	-1
21	0.47043	0.730994	0.265163	0.143868	-1
22	0.498893	0.779109	0.294518	0.135461	-1
23	0.499524	0.779109	0.29594	0.135722	-1
24	0.501106	0.779109	0.29594	0.134124	-1
25	0.503858	0.779109	0.309509	0.131962	-1
26	0.508389	0.779109	0.30965	0.131172	-1
27	0.512992	0.779109	0.312848	0.131543	-1
28	0.513855	0.779109	0.312848	0.131582	-1
29	0.513855	0.779109	0.312848	0.131582	-1
30	0.515243	0.779109	0.328131	0.130165	-1
31	0.515342	0.779109	0.328131	0.130063	-1
32	0.516964	0.779109	0.33478	0.128127	-1
33	0.520625	0.779109	0.335125	0.124599	-1
34	0.526857	0.779109	0.337705	0.122538	-1
35	0.527384	0.779109	0.337705	0.122486	-1
36	0.529071	0.779109	0.343875	0.120454	-1
37	0.529635	0.779109	0.347427	0.119705	-1
38	0.529638	0.779109	0.347427	0.119702	-1
39	0.532012	0.779109	0.351018	0.118398	-1
40	0.535073	0.779109	0.357516	0.117178	-1
41	0.540433	0.779109	0.366111	0.114949	-1
42	0.544547	0.779109	0.388093	0.111398	-1
43	0.545227	0.779109	0.392528	0.110615	-1
44	0.552272	0.779109	0.394667	0.10859	-1
45	0.557079	0.792036	0.39644	0.110059	-1
46	0.563712	0.792036	0.400447	0.106509	-1
47	0.565865	0.792036	0.401739	0.105024	-1
48	0.567024	0.792036	0.41001	0.103531	-1
49	0.567078	0.792036	0.41001	0.103473	-1
50	0.567097	0.792036	0.41001	0.103465	-1
51	0.567103	0.792036	0.41001	0.103463	-1
52	0.569523	0.792036	0.410201	0.102578	-1
53	0.574974	0.792036	0.415805	0.09918	-1
54	0.576306	0.792036	0.417932	0.0979364	-1
55	0.578356	0.792036	0.430353	0.0952658	-1
56	0.578834	0.792036	0.431778	0.094621	-1
57	0.581193	0.792036	0.438079	0.0924007	-1
58	0.58478	0.792036	0.438698	0.0909623	-1
59	0.586599	0.792036	0.443741	0.0899778	-1
60	0.589124	0.792036	0.443986	0.0894097	-1
61	0.59352	0.792036	0.45164	0.0874125	-1
62	0.59663	0.792036	0.45401	0.0849634	-1
63	0.597294	0.792036	0.459474	0.0840637	-1
64	0.597294	0.792036	0.459474	0.0840637	-1
65	0.597879	0.792036	0.461364	0.0832944	-1
66	0.60033	0.792036	0.464515	0.0816339	-1
67	0.602222	0.792036	0.467403	0.0796379	-1
68	0.602532	0.792036	0.470021	0.0792042	-1
69	0.604958	0.792036	0.484368	0.0779418	-1
70	0.609451	0.792036	0.491485	0.0741421	-1
71	0.609531	0.792036	0.491485	0.0740935	-1
72	0.609572	0.792036	0.491485	0.0740671	-1
73	0.609622	0.792036	0.496498	0.073988	-1
74	0.612502	0.792036	0.507321	0.0719366	-1
75	0.612716	0.792036	0.507321	0.0718222	-1
76	0.612716	0.792036	0.507321	0.0718222	-1
77	0.614051	0.792036	0.511878	0.0705104	-1
78	0.616424	0.792036	0.513837	0.0688342	-1
79	0.616666	0.792036	0.513837	0.0686413	-1
80	0.616666	0.792036	0.513837	0.0686413	-1
81	0.616666	0.792036	0.513837	0.0686413	-1
82	0.616666	0.792036	0.513837	0.0686413	-1
83	0.616666	0.792036	0.513837	0.0686413	-1
84	0.616666	0.792036	0.513837	0.0686413	-1
85	0.617476	0.792036	0.518031	0.0677011	-1
86	0.621029	0.792036	0.521777	0.0676568	-1
87	0.622583	0.792036	0.522845	0.0670237	-1
88	0.622719	0.792036	0.522845	0.0669245	-1
89	0.622719	0.792036	0.522845	0.0669245	-1
90	0.624025	0.792036	0.523051	0.0662265	-1
91	0.625338	0.792036	0.524902	0.0653059	-1
92	0.625595	0.792036	0.524902	0.0650553	-1
93	0.625615	0.792036	0.526825	0.0650255	-1
94	0.627344	0.792036	0.526825	0.0646705	-1
95	0.628024	0.792036	0.527759	0.0640186	-1
96	0.630691	0.792036	0.535296	0.0625248	-1
97	0.632209	0.792036	0.535383	0.0616281	-1
98	0.632669	0.792036	0.535734	0.0611858	-1
99	0.633463	0.792036	0.539804	0.0602589	-1
100	0.634943	0.792036	0.541882	0.0595029	-1
101	0.635895	0.792036	0.544637	0.0586423	-1
102	0.638233	0.792036	0.551884	0.0580157	-1
103	0.639129	0.792036	0.552464	0.0574673	-1
104	0.640289	0.792036	0.553553	0.0567125	-1
105	0.642545	0.792036	0.55448	0.057388	-1
106	0.643174	0.792036	0.55448	0.0579968	-1
107	0.643849	0.792036	0.555177	0.0573433	-1
108	0.643929	0.792036	0.555177	0.0572755	-1
109	0.643929	0.792036	0.555177	0.0572755	-1
110	0.643929	0.792036	0.555177	0.0572755	-1
111	0.643929	0.792036	0.555177	0.0572755	-1
112	0.646435	0.805835	0.555424	0.0588163	-1
113	0.649166	0.805835	0.556442	0.0578713	-1
114	0.65075	0.805835	0.562211	0.0564448	-1
115	0.655443	0.805835	0.5737	0.0539342	-1
116	0.655584	0.805835	0.5737	0.0539172	-1
117	0.655585	0.805835	0.5737	0.0539163	-1
118	0.655835	0.805835	0.574537	0.0535896	-1
119	0.655892	0.805835	0.574537	0.0535097	-1
120	0.655892	0.805835	0.574537	0.0535097	-1
121	0.655892	0.805835	0.574537	0.0535097	-1
122	0.655892	0.805835	0.574537	0.0535097	-1
123	0.655892	0.805835	0.574537	0.0535097	-1
124	0.655892	0.805835	0.574537	0.0535097	-1
125	0.657236	0.805835	0.57776	0.0531323	-1
126	0.658324	0.805835	0.578247	0.0525801	-1
127	0.660846	0.805835	0.58487	0.0515118	-1
128	0.661136	0.805835	0.58487	0.0514512	-1
129	0.661136	0.805835	0.58487	0.0514512	-1
130	0.662534	0.805835	0.589138	0.0503245	-1
131	0.663664	0.805835	0.598142	0.0492139	-1
132	0.663733	0.805835	0.598142	0.0491449	-1
133	0.666412	0.852588	0.599191	0.052039	-1
134	0.66703	0.852588	0.599191	0.0525458	-1
135	0.66703	0.852588	0.599191	0.0525458	-1
136	0.66703	0.852588	0.599191	0.0525458	-1
137	0.667764	0.852588	0.600998	0.0520994	-1
138	0.670222	0.852588	0.602534	0.0519817	-1
139	0.670601	0.852588	0.602534	0.0521041	-1
140	0.670601	0.852588	0.602534	0.0521041	-1
141	0.670601	0.852588	0.602534	0.0521041	-1
142	0.671689	0.852588	0.603769	0.0517693	-1
143	0.672031	0.852588	0.603769	0.051714	-1
144	0.672031	0.852588	0.603769	0.051714	-1
145	0.674673	0.852588	0.605281	0.0515438	-1
146	0.675288	0.852588	0.605281	0.0518838	-1
147	0.675288	0.852588	0.605281	0.0518838	-1
148	0.675832	0.852588	0.605422	0.0514253	-1
149	0.675939	0.852588	0.605422	0.0513298	-1
150	0.675939	0.852588	0.605422	0.0513298	-1
