0	0.0217265	0.415367	0.00010001	0.0821814	-1
1	0.0498046	0.59367	0.00010001	0.113529	-1
2	0.0880506	0.59367	0.00010001	0.143611	-1
3	0.127564	0.612222	0.00010001	0.154687	-1
4	0.159151	0.612222	0.00010001	0.159393	-1
5	0.185555	0.612222	0.00010001	0.150444	-1
6	0.22552	0.70275	0.00010001	0.155142	-1
7	0.243229	0.70275	0.096081	0.141978	-1
8	0.263731	0.855638	0.118083	0.150404	-1
9	0.274483	0.855638	0.124984	0.147628	-1
10	0.293841	0.855638	0.144319	0.143481	-1
11	0.302158	0.855638	0.15914	0.139742	-1
12	0.315757	0.855638	0.169797	0.141972	-1
13	0.320685	0.855638	0.172683	0.14024	-1
14	0.327505	0.855638	0.188064	0.136529	-1
15	0.335459	0.855638	0.194276	0.138981	-1
16	0.339734	0.855638	0.199006	0.13937	-1
17	0.347975	0.855638	0.208003	0.138366	-1
18	0.354655	0.855638	0.209553	0.137928	-1
19	0.359082	0.855638	0.213352	0.136323	-1
20	0.374547	0.855638	0.220419	0.136035	-1
21	0.387094	0.855638	0.230369	0.139814	-1
22	0.398728	0.855638	0.234781	0.141438	-1
23	0.401594	0.855638	0.235278	0.141434	-1
24	0.412723	0.855638	0.24075	0.139572	-1
25	0.416508	0.855638	0.249292	0.137113	-1
26	0.420906	0.855638	0.25205	0.135601	-1
27	0.425556	0.855638	0.253327	0.133726	-1
28	0.437642	0.855638	0.259972	0.134411	-1
29	0.444451	0.855638	0.265834	0.132424	-1
30	0.449099	0.855638	0.279041	0.13048	-1
31	0.456141	0.855638	0.286263	0.12748	-1
32	0.456198	0.855638	0.287708	0.127449	-1
33	0.461035	0.855638	0.292433	0.126211	-1
34	0.464725	0.855638	0.297272	0.123785	-1
35	0.468758	0.855638	0.301849	0.121411	-1
36	0.470991	0.855638	0.303318	0.120117	-1
37	0.473978	0.855638	0.306455	0.119082	-1
38	0.483693	0.855638	0.321181	0.118467	-1
39	0.486171	0.855638	0.323056	0.117618	-1
40	0.493284	0.855638	0.325358	0.115841	-1
41	0.496948	0.855638	0.336974	0.113043	-1
42	0.50419	0.855638	0.339778	0.113802	-1
43	0.509278	0.855638	0.342068	0.110464	-1
44	0.510264	0.855638	0.342149	0.10942	-1
45	0.513219	0.855638	0.356013	0.108003	-1
46	0.520271	0.855638	0.361027	0.109221	-1
47	0.525989	0.855638	0.375077	0.107865	-1
48	0.528341	0.855638	0.376316	0.106768	-1
49	0.529243	0.855638	0.378046	0.105907	-1
50	0.529243	0.855638	0.378046	0.105907	-1
51	0.533575	0.855638	0.385615	0.104712	-1
52	0.53442	0.855638	0.389707	0.103775	-1
53	0.537079	0.855638	0.390965	0.101713	-1
54	0.543837	0.855638	0.408348	0.0992138	-1
55	0.544212	0.855638	0.408664	0.0988427	-1
56	0.545693	0.855638	0.409235	0.0978962	-1
57	0.547151	0.855638	0.41496	0.0963855	-1
58	0.554375	0.855638	0.422735	0.0918293	-1
59	0.56141	0.855638	0.433518	0.0927472	-1
60	0.562117	0.855638	0.433518	0.0939071	-1
61	0.566857	0.855638	0.437744	0.0923455	-1
62	0.56754	0.855638	0.44452	0.0920002	-1
63	0.568984	0.855638	0.4447	0.0911836	-1
64	0.569239	0.855638	0.445157	0.0909513	-1
65	0.5701	0.855638	0.446677	0.090169	-1
66	0.571687	0.855638	0.455651	0.0887355	-1
67	0.573303	0.855638	0.459087	0.0873232	-1
68	0.574308	0.855638	0.466176	0.0865584	-1
69	0.577384	0.855638	0.467311	0.0845339	-1
70	0.577502	0.855638	0.467311	0.0844698	-1
71	0.577502	0.855638	0.467311	0.0844698	-1
72	0.578527	0.855638	0.468088	0.0837379	-1
73	0.579653	0.855638	0.471481	0.0829576	-1
74	0.579804	0.855638	0.471481	0.0828664	-1
75	0.581786	0.855638	0.474167	0.0818286	-1
76	0.582122	0.855638	0.476679	0.0815978	-1
77	0.584232	0.855638	0.48302	0.081055	-1
78	0.584441	0.855638	0.48302	0.0810358	-1
79	0.587269	0.855638	0.483921	0.0823836	-1
80	0.588292	0.855638	0.485566	0.0817844	-1
81	0.591183	0.855638	0.492476	0.0805147	-1
82	0.591324	0.855638	0.492476	0.0804392	-1
83	0.59133	0.855638	0.493043	0.0804322	-1
84	0.59133	0.855638	0.493043	0.0804322	-1
85	0.59511	0.855638	0.494311	0.0787017	-1
86	0.596484	0.855638	0.498575	0.0775511	-1
87	0.598446	0.855638	0.503079	0.0767839	-1
88	0.598624	0.855638	0.503079	0.0766719	-1
89	0.598923	0.855638	0.506058	0.0763538	-1
90	0.605638	0.855638	0.514273	0.0751482	-1
91	0.607946	0.855638	0.52003	0.0741233	-1
92	0.608162	0.855638	0.52003	0.0740428	-1
93	0.608162	0.855638	0.52003	0.0740428	-1
94	0.610092	0.855638	0.524996	0.0727087	-1
95	0.611395	0.855638	0.524996	0.0722467	-1
96	0.612708	0.855638	0.525909	0.0717278	-1
97	0.612834	0.855638	0.525909	0.0716533	-1
98	0.613498	0.855638	0.52732	0.0711457	-1
99	0.613552	0.855638	0.52732	0.0711031	-1
100	0.613552	0.855638	0.52732	0.0711031	-1
101	0.615181	0.855638	0.530385	0.0700354	-1
102	0.615445	0.855638	0.531213	0.0697964	-1
103	0.616229	0.855638	0.531247	0.0692443	-1
104	0.616333	0.855638	0.531247	0.0691788	-1
105	0.618679	0.855638	0.536113	0.0678223	-1
106	0.6188	0.855638	0.536113	0.0678034	-1
107	0.618811	0.855638	0.537293	0.067789	-1
108	0.618931	0.855638	0.540764	0.0676496	-1
109	0.618945	0.855638	0.540764	0.0676332	-1
110	0.623146	0.855638	0.542209	0.0692151	-1
111	0.625611	0.855638	0.543033	0.0689458	-1
112	0.625756	0.855638	0.543033	0.0689032	-1
113	0.627687	0.855638	0.545689	0.0679676	-1
114	0.627857	0.855638	0.545689	0.0679456	-1
115	0.627857	0.855638	0.545689	0.0679456	-1
116	0.628687	0.855638	0.545785	0.0674368	-1
117	0.63028	0.855638	0.546637	0.0671103	-1
118	0.632272	0.855638	0.548874	0.0665362	-1
119	0.632566	0.855638	0.548874	0.0664812	-1
120	0.632906	0.855638	0.551006	0.066135	-1
121	0.634157	0.855638	0.552207	0.0656896	-1
122	0.634336	0.855638	0.552207	0.065607	-1
123	0.634344	0.855638	0.552464	0.065606	-1
124	0.634344	0.855638	0.552464	0.065606	-1
125	0.634344	0.855638	0.552464	0.065606	-1
126	0.634344	0.855638	0.552464	0.065606	-1
127	0.637523	0.855638	0.556742	0.0658451	-1
128	0.638821	0.855638	0.55699	0.0656696	-1
129	0.638968	0.855638	0.55699	0.0655587	-1
130	0.641536	0.855638	0.559167	0.0652885	-1
131	0.641987	0.855638	0.559803	0.0651936	-1
132	0.641987	0.855638	0.559803	0.0651936	-1
133	0.641987	0.855638	0.559803	0.0651936	-1
134	0.642393	0.855638	0.563767	0.0648016	-1
135	0.642476	0.855638	0.563767	0.0647256	-1
136	0.64403	0.855638	0.564428	0.0646812	-1
137	0.644615	0.855638	0.5659	0.0644045	-1
138	0.645548	0.855638	0.567588	0.0636373	-1
139	0.647885	0.855638	0.567891	0.0648124	-1
140	0.648426	0.855638	0.567891	0.0651576	-1
141	0.648426	0.855638	0.567891	0.0651576	-1
142	0.648999	0.855638	0.569798	0.0646923	-1
143	0.651951	0.855638	0.571407	0.0632154	-1
144	0.653452	0.855638	0.573312	0.0627771	-1
145	0.654342	0.855638	0.573402	0.0622004	-1
146	0.656416	0.855638	0.577875	0.0619588	-1
147	0.656697	0.855638	0.577875	0.0619478	-1
148	0.656705	0.855638	0.577875	0.0619483	-1
149	0.660214	0.858653	0.578174	0.0641284	-1
150	0.661529	0.858653	0.581535	0.0649329	-1
