0	0.0309486	0.702529	0.00010001	0.109644	-1
1	0.0600997	0.702529	0.00010001	0.137202	-1
2	0.083474	0.702529	0.00010001	0.147996	-1
3	0.129137	0.702529	0.00010001	0.169358	-1
4	0.169723	0.840175	0.00010001	0.191851	-1
5	0.201677	0.840175	0.00010001	0.193172	-1
6	0.219866	0.840175	0.00010001	0.188061	-1
7	0.243847	0.840175	0.00010001	0.176596	-1
8	0.276629	0.840175	0.106533	0.162927	-1
9	0.290094	0.840175	0.123815	0.160346	-1
10	0.296375	0.840175	0.129928	0.1583	-1
11	0.315711	0.840175	0.155889	0.156122	-1
12	0.32728	0.840175	0.164693	0.159092	-1
13	0.336766	0.840175	0.17458	0.155194	-1
14	0.341878	0.840175	0.178551	0.157904	-1
15	0.351658	0.840175	0.182103	0.157018	-1
16	0.371648	0.840175	0.19407	0.155775	-1
17	0.38114	0.840175	0.202146	0.151188	-1
18	0.382748	0.840175	0.202231	0.150069	-1
19	0.410151	0.840175	0.212089	0.158843	-1
20	0.413067	0.840175	0.220633	0.156476	-1
21	0.415992	0.840175	0.224245	0.155269	-1
22	0.416158	0.840175	0.224245	0.155124	-1
23	0.42902	0.840175	0.226705	0.152445	-1
24	0.436465	0.840175	0.237738	0.150954	-1
25	0.439959	0.840175	0.25085	0.14803	-1
26	0.450654	0.840175	0.261209	0.145255	-1
27	0.454775	0.840175	0.264353	0.143988	-1
28	0.460886	0.840175	0.279643	0.141746	-1
29	0.466178	0.840175	0.291635	0.138807	-1
30	0.467146	0.840175	0.295664	0.13785	-1
31	0.470951	0.840175	0.297333	0.136	-1
32	0.480658	0.840175	0.30321	0.134029	-1
33	0.486229	0.840175	0.31213	0.130139	-1
34	0.486236	0.840175	0.31213	0.130139	-1
35	0.486236	0.840175	0.31213	0.130139	-1
36	0.493194	0.840175	0.317122	0.130386	-1
37	0.497299	0.840175	0.321583	0.126743	-1
38	0.497299	0.840175	0.321583	0.126743	-1
39	0.504011	0.840175	0.32853	0.124207	-1
40	0.505399	0.840175	0.338668	0.122898	-1
41	0.511536	0.840175	0.35027	0.119918	-1
42	0.516387	0.840175	0.35223	0.118007	-1
43	0.520799	0.840175	0.355141	0.116499	-1
44	0.525367	0.840175	0.358216	0.115083	-1
45	0.529499	0.840175	0.3586	0.113019	-1
46	0.534262	0.840175	0.367881	0.108662	-1
47	0.535469	0.840175	0.373886	0.107459	-1
48	0.537429	0.840175	0.375345	0.106263	-1
49	0.537443	0.840175	0.375345	0.106263	-1
50	0.537721	0.840175	0.378401	0.10587	-1
51	0.545581	0.840175	0.388896	0.10176	-1
52	0.54858	0.840175	0.395419	0.101357	-1
53	0.551834	0.840175	0.399544	0.0982104	-1
54	0.562257	0.840175	0.412871	0.0958722	-1
55	0.562413	0.840175	0.416697	0.0959152	-1
56	0.564198	0.840175	0.416699	0.0948309	-1
57	0.564677	0.840175	0.431133	0.0942373	-1
58	0.567293	0.840175	0.434476	0.0941238	-1
59	0.567328	0.840175	0.434476	0.0941212	-1
60	0.573169	0.840175	0.437755	0.0920166	-1
61	0.575003	0.840175	0.438515	0.0911146	-1
62	0.575862	0.840175	0.442283	0.090222	-1
63	0.575877	0.840175	0.443824	0.0901991	-1
64	0.575877	0.840175	0.443824	0.0901991	-1
65	0.577315	0.840175	0.445242	0.0886269	-1
66	0.578523	0.840175	0.446089	0.0875905	-1
67	0.580869	0.840175	0.454682	0.0853302	-1
68	0.584231	0.840175	0.46302	0.0836541	-1
69	0.585718	0.840175	0.463221	0.0824592	-1
70	0.585856	0.840175	0.463221	0.0823896	-1
71	0.585988	0.840175	0.465001	0.0822022	-1
72	0.587771	0.840175	0.467962	0.0814824	-1
73	0.587804	0.840175	0.467962	0.0814713	-1
74	0.590515	0.840175	0.475877	0.0802602	-1
75	0.591261	0.840175	0.47613	0.0795489	-1
76	0.593596	0.840175	0.479073	0.0783148	-1
77	0.595201	0.840175	0.480718	0.0775446	-1
78	0.595216	0.840175	0.480718	0.0775391	-1
79	0.598334	0.840175	0.482208	0.0760692	-1
80	0.600173	0.840175	0.483917	0.0743461	-1
81	0.600179	0.840175	0.483917	0.074343	-1
82	0.60207	0.840175	0.488587	0.0737589	-1
83	0.607298	0.840175	0.4952	0.0724023	-1
84	0.609011	0.840175	0.496868	0.071706	-1
85	0.610938	0.840175	0.498644	0.0711753	-1
86	0.612543	0.840175	0.503172	0.0692914	-1
87	0.613052	0.840175	0.503569	0.0686683	-1
88	0.613052	0.840175	0.503569	0.0686683	-1
89	0.613052	0.840175	0.503569	0.0686683	-1
90	0.613052	0.840175	0.503569	0.0686683	-1
91	0.613052	0.840175	0.503569	0.0686683	-1
92	0.613052	0.840175	0.503569	0.0686683	-1
93	0.615169	0.840175	0.504549	0.0685225	-1
94	0.615409	0.840175	0.512693	0.068344	-1
95	0.615696	0.840175	0.512756	0.067967	-1
96	0.617066	0.840175	0.515218	0.0672478	-1
97	0.618479	0.840175	0.515717	0.0665204	-1
98	0.619361	0.840175	0.516796	0.0657172	-1
99	0.619386	0.840175	0.516796	0.0657057	-1
100	0.621787	0.840175	0.525416	0.0634903	-1
101	0.623064	0.840175	0.527076	0.0627884	-1
102	0.623159	0.840175	0.527076	0.0627429	-1
103	0.623987	0.840175	0.5276	0.062004	-1
104	0.625268	0.840175	0.529211	0.0612757	-1
105	0.625293	0.840175	0.52942	0.0612594	-1
106	0.626123	0.840175	0.535956	0.0605049	-1
107	0.628548	0.840175	0.537983	0.0615345	-1
108	0.629803	0.840175	0.53919	0.0617201	-1
109	0.633029	0.840175	0.548748	0.0608565	-1
110	0.633117	0.840175	0.550652	0.0607969	-1
111	0.634545	0.840175	0.552464	0.0598091	-1
112	0.634575	0.840175	0.552464	0.0597896	-1
113	0.634787	0.840175	0.554357	0.0595152	-1
114	0.634821	0.840175	0.554357	0.0594752	-1
115	0.636742	0.840175	0.557941	0.0584657	-1
116	0.638395	0.840175	0.558336	0.0583405	-1
117	0.640254	0.840175	0.558879	0.0585685	-1
118	0.64141	0.840175	0.561814	0.0579944	-1
119	0.641504	0.840175	0.561814	0.0579347	-1
120	0.643823	0.840175	0.563668	0.0576599	-1
121	0.644686	0.840175	0.569947	0.0569439	-1
122	0.644719	0.840175	0.569947	0.0569217	-1
123	0.645429	0.840175	0.571519	0.0564202	-1
124	0.645486	0.840175	0.571519	0.0563878	-1
125	0.64702	0.840175	0.575943	0.0551029	-1
126	0.647134	0.840175	0.575943	0.0550279	-1
127	0.647145	0.840175	0.577082	0.0550131	-1
128	0.647145	0.840175	0.577082	0.0550131	-1
129	0.647163	0.840175	0.577986	0.05499	-1
130	0.647171	0.840175	0.577986	0.0549803	-1
131	0.647171	0.840175	0.577986	0.0549803	-1
132	0.647171	0.840175	0.577986	0.0549803	-1
133	0.647171	0.840175	0.577986	0.0549803	-1
134	0.647171	0.840175	0.577986	0.0549803	-1
135	0.647592	0.840175	0.57875	0.0545378	-1
136	0.647648	0.840175	0.57875	0.0544744	-1
137	0.647686	0.840175	0.582632	0.0544261	-1
138	0.647691	0.840175	0.582632	0.0544211	-1
139	0.647706	0.840175	0.582632	0.0544027	-1
140	0.648934	0.840175	0.582632	0.0543046	-1
141	0.651399	0.840175	0.584598	0.0538091	-1
142	0.652408	0.840175	0.586237	0.0533359	-1
143	0.652464	0.840175	0.586237	0.0532917	-1
144	0.654248	0.840175	0.586878	0.0540317	-1
145	0.654364	0.840175	0.586878	0.0539679	-1
146	0.654498	0.840175	0.590043	0.0538071	-1
147	0.654626	0.840175	0.592331	0.0536595	-1
148	0.656332	0.840175	0.592614	0.053393	-1
149	0.656479	0.840175	0.592614	0.0532656	-1
150	0.65649	0.840175	0.592614	0.0532526	-1
