0	0.0536467	0.532151	0.00010001	0.134415	-1
1	0.0993317	0.663243	0.00010001	0.163752	-1
2	0.145574	0.672276	0.00010001	0.181777	-1
3	0.160622	0.672276	0.00010001	0.185468	-1
4	0.195475	0.672276	0.00010001	0.178227	-1
5	0.222395	0.672276	0.00010001	0.170513	-1
6	0.242917	0.672276	0.00010001	0.161725	-1
7	0.272985	0.672276	0.116349	0.141036	-1
8	0.283934	0.672276	0.144517	0.136487	-1
9	0.300276	0.672276	0.170157	0.132541	-1
10	0.304551	0.672276	0.175723	0.130557	-1
11	0.315405	0.672276	0.186854	0.128616	-1
12	0.331607	0.672276	0.19455	0.126395	-1
13	0.343819	0.672276	0.203892	0.129673	-1
14	0.351909	0.672276	0.208686	0.127145	-1
15	0.367292	0.672276	0.21668	0.130704	-1
16	0.38336	0.672276	0.227752	0.128638	-1
17	0.392007	0.672276	0.22986	0.129647	-1
18	0.401877	0.672276	0.24255	0.131705	-1
19	0.405492	0.672276	0.245013	0.130538	-1
20	0.407919	0.672276	0.246228	0.129722	-1
21	0.410318	0.672276	0.251671	0.127994	-1
22	0.414837	0.682283	0.253243	0.12961	-1
23	0.415914	0.682283	0.255407	0.128739	-1
24	0.427416	0.682283	0.259549	0.129968	-1
25	0.438946	0.682283	0.27024	0.127625	-1
26	0.447697	0.682283	0.273064	0.127041	-1
27	0.44832	0.682283	0.279761	0.12671	-1
28	0.463352	0.682283	0.284798	0.124216	-1
29	0.46931	0.682283	0.287372	0.121689	-1
30	0.482364	0.682283	0.295674	0.120181	-1
31	0.48277	0.682283	0.295674	0.120547	-1
32	0.490552	0.682283	0.304726	0.118768	-1
33	0.490766	0.682283	0.304726	0.118789	-1
34	0.49616	0.682283	0.313855	0.116092	-1
35	0.504107	0.682283	0.332098	0.113537	-1
36	0.509045	0.682283	0.332439	0.110593	-1
37	0.512133	0.682283	0.34717	0.107696	-1
38	0.518919	0.682283	0.356543	0.105508	-1
39	0.527018	0.682283	0.378656	0.101807	-1
40	0.534968	0.682283	0.381681	0.0997162	-1
41	0.539331	0.682283	0.385781	0.0986362	-1
42	0.544827	0.682283	0.391475	0.097161	-1
43	0.550065	0.682283	0.393103	0.0956068	-1
44	0.556798	0.682283	0.402601	0.0922259	-1
45	0.562391	0.682283	0.405072	0.0883964	-1
46	0.563156	0.682283	0.406373	0.0875151	-1
47	0.564368	0.682283	0.410894	0.0855833	-1
48	0.564386	0.682283	0.410894	0.0855586	-1
49	0.5679	0.682283	0.422432	0.0833163	-1
50	0.573763	0.682283	0.430778	0.0795925	-1
51	0.574104	0.682283	0.430778	0.0792277	-1
52	0.576113	0.682283	0.436004	0.0780955	-1
53	0.582976	0.682283	0.448101	0.0744277	-1
54	0.585472	0.682283	0.448565	0.0719084	-1
55	0.589258	0.682283	0.459227	0.0679601	-1
56	0.591374	0.682283	0.462897	0.0666149	-1
57	0.591628	0.682283	0.462897	0.0666186	-1
58	0.591628	0.682283	0.462897	0.0666186	-1
59	0.592842	0.682283	0.463352	0.065343	-1
60	0.59471	0.682283	0.466737	0.0629213	-1
61	0.596477	0.682283	0.484174	0.0602608	-1
62	0.597893	0.682283	0.484415	0.0590564	-1
63	0.600752	0.682283	0.494648	0.0569956	-1
64	0.602113	0.682283	0.500957	0.0555814	-1
65	0.605605	0.682283	0.511375	0.0539837	-1
66	0.607307	0.682283	0.512137	0.0533394	-1
67	0.613889	0.682283	0.520881	0.0499431	-1
68	0.616573	0.682283	0.521503	0.0484147	-1
69	0.616823	0.682283	0.521765	0.0482157	-1
70	0.617564	0.682283	0.521873	0.0472811	-1
71	0.618689	0.682283	0.525171	0.046173	-1
72	0.618837	0.682283	0.525171	0.046017	-1
73	0.618837	0.682283	0.525171	0.046017	-1
74	0.620065	0.682283	0.53019	0.0447967	-1
75	0.620204	0.682283	0.53019	0.0446962	-1
76	0.622387	0.682283	0.534051	0.0427714	-1
77	0.622607	0.682283	0.534051	0.0428133	-1
78	0.622979	0.682283	0.538697	0.0421745	-1
79	0.623801	0.682283	0.54149	0.0412246	-1
80	0.625083	0.682283	0.543337	0.0405318	-1
81	0.625166	0.682283	0.543337	0.0405096	-1
82	0.625166	0.682283	0.543337	0.0405096	-1
83	0.625166	0.682283	0.543337	0.0405096	-1
84	0.625166	0.682283	0.543337	0.0405096	-1
85	0.625166	0.682283	0.543337	0.0405096	-1
86	0.626196	0.682283	0.548408	0.0388971	-1
87	0.626259	0.682283	0.548408	0.0388321	-1
88	0.628734	0.682283	0.548807	0.0376131	-1
89	0.628956	0.682283	0.548807	0.0373776	-1
90	0.629742	0.682283	0.563727	0.0361555	-1
91	0.631706	0.682283	0.566056	0.0343721	-1
92	0.631797	0.682283	0.566056	0.034334	-1
93	0.631797	0.682283	0.566056	0.034334	-1
94	0.631797	0.682283	0.566056	0.034334	-1
95	0.631813	0.682283	0.567638	0.0343037	-1
96	0.631813	0.682283	0.567638	0.0343037	-1
97	0.632686	0.682283	0.568383	0.0331857	-1
98	0.633504	0.682283	0.571735	0.0324697	-1
99	0.634545	0.682283	0.572868	0.0319898	-1
100	0.635155	0.682283	0.57438	0.031345	-1
101	0.635277	0.682283	0.57438	0.0312745	-1
102	0.636219	0.682283	0.57447	0.0308374	-1
103	0.636326	0.682283	0.57447	0.0308065	-1
104	0.638649	0.682283	0.579487	0.0287779	-1
105	0.640283	0.682283	0.58047	0.0276123	-1
106	0.64036	0.682283	0.58047	0.0275638	-1
107	0.641168	0.682283	0.584292	0.026968	-1
108	0.642241	0.682283	0.586456	0.0263312	-1
109	0.643665	0.682283	0.59258	0.0251788	-1
110	0.644461	0.682283	0.592777	0.024616	-1
111	0.644756	0.682283	0.595304	0.0242415	-1
112	0.644756	0.682283	0.595304	0.0242415	-1
113	0.644756	0.682283	0.595304	0.0242415	-1
114	0.644756	0.682283	0.595304	0.0242415	-1
115	0.646133	0.682283	0.598349	0.023358	-1
116	0.646213	0.682283	0.598349	0.0233243	-1
117	0.646466	0.682283	0.599938	0.0229342	-1
118	0.646526	0.682283	0.599938	0.0228551	-1
119	0.646526	0.682283	0.599938	0.0228551	-1
120	0.646526	0.682283	0.599938	0.0228551	-1
121	0.647223	0.682283	0.601863	0.0219741	-1
122	0.647607	0.682283	0.601973	0.021469	-1
123	0.647648	0.682283	0.601973	0.0214346	-1
124	0.647648	0.682283	0.601973	0.0214346	-1
125	0.647648	0.682283	0.601973	0.0214346	-1
126	0.648215	0.682283	0.603765	0.0209588	-1
127	0.649113	0.682283	0.607274	0.0205542	-1
128	0.650088	0.682283	0.610396	0.0198024	-1
129	0.650692	0.682283	0.610417	0.0193999	-1
130	0.650942	0.682283	0.611281	0.0190624	-1
131	0.651446	0.682283	0.615091	0.0186541	-1
132	0.651528	0.682283	0.615091	0.0185768	-1
133	0.651528	0.682283	0.615091	0.0185768	-1
134	0.651657	0.682283	0.616224	0.0183639	-1
135	0.653241	0.682283	0.619743	0.0170245	-1
136	0.653723	0.682283	0.620899	0.0166504	-1
137	0.654168	0.682283	0.623607	0.0161245	-1
138	0.654228	0.682283	0.623607	0.0160487	-1
139	0.654235	0.682283	0.623607	0.0160413	-1
140	0.654486	0.682283	0.625597	0.0156511	-1
141	0.654779	0.682283	0.627609	0.0153545	-1
142	0.65552	0.682283	0.628058	0.0148922	-1
143	0.655622	0.682283	0.629517	0.0147537	-1
144	0.655635	0.682283	0.629517	0.0147393	-1
145	0.655635	0.682283	0.629517	0.0147393	-1
146	0.656224	0.682283	0.630059	0.0142768	-1
147	0.656269	0.682283	0.630173	0.0142287	-1
148	0.657184	0.682283	0.631057	0.013498	-1
149	0.657292	0.682283	0.631658	0.0134782	-1
150	0.657292	0.682283	0.631658	0.0134782	-1
