0	0.0481973	0.593157	0.00010001	0.126555	-1
1	0.0874941	0.593157	0.00010001	0.151612	-1
2	0.11545	0.692632	0.00010001	0.177129	-1
3	0.151869	0.692632	0.00010001	0.189748	-1
4	0.185826	0.692632	0.00010001	0.189939	-1
5	0.223325	0.692632	0.00010001	0.180587	-1
6	0.244612	0.692632	0.00010001	0.17409	-1
7	0.27588	0.692632	0.09009	0.157965	-1
8	0.286925	0.692632	0.114869	0.156623	-1
9	0.316478	0.692632	0.147603	0.15766	-1
10	0.325595	0.692632	0.161078	0.158839	-1
11	0.332655	0.692632	0.169308	0.155351	-1
12	0.345085	0.692632	0.177389	0.149538	-1
13	0.356547	0.692632	0.188457	0.146617	-1
14	0.368923	0.692632	0.192682	0.149064	-1
15	0.379148	0.692632	0.206148	0.14456	-1
16	0.387474	0.692632	0.216298	0.143715	-1
17	0.403183	0.692632	0.226734	0.138915	-1
18	0.40748	0.692632	0.240043	0.134801	-1
19	0.418811	0.692632	0.246511	0.134662	-1
20	0.421227	0.692632	0.248463	0.132482	-1
21	0.431731	0.692632	0.252558	0.132423	-1
22	0.431731	0.692632	0.252558	0.132423	-1
23	0.440014	0.692632	0.258345	0.130469	-1
24	0.452759	0.692632	0.283815	0.126064	-1
25	0.464007	0.692632	0.296741	0.122846	-1
26	0.479676	0.692632	0.307119	0.118518	-1
27	0.483165	0.692632	0.316748	0.115591	-1
28	0.492894	0.692632	0.323245	0.111938	-1
29	0.496365	0.692632	0.323581	0.111869	-1
30	0.500499	0.692632	0.330269	0.109106	-1
31	0.502739	0.692632	0.343857	0.107051	-1
32	0.511199	0.692632	0.347751	0.103491	-1
33	0.516529	0.692632	0.360073	0.100582	-1
34	0.529548	0.692632	0.377619	0.094534	-1
35	0.533239	0.692632	0.381731	0.0922756	-1
36	0.536456	0.692632	0.38326	0.0918507	-1
37	0.539426	0.692632	0.391578	0.0889511	-1
38	0.543278	0.692632	0.397288	0.0869951	-1
39	0.543367	0.692632	0.397288	0.0869927	-1
40	0.545418	0.692632	0.397973	0.0859252	-1
41	0.550609	0.692632	0.403706	0.0835465	-1
42	0.556252	0.692632	0.419428	0.0823403	-1
43	0.557639	0.692632	0.42155	0.0810509	-1
44	0.560635	0.692632	0.425446	0.0795446	-1
45	0.565436	0.692632	0.430056	0.0783426	-1
46	0.565599	0.692632	0.430056	0.0782586	-1
47	0.568143	0.692632	0.435198	0.0758409	-1
48	0.568356	0.692632	0.435198	0.075762	-1
49	0.572751	0.692632	0.440029	0.0744578	-1
50	0.573104	0.692632	0.444801	0.074152	-1
51	0.580096	0.692632	0.457668	0.0688259	-1
52	0.585354	0.692632	0.461472	0.0662845	-1
53	0.586395	0.692632	0.464315	0.0652496	-1
54	0.588939	0.692632	0.465811	0.0635615	-1
55	0.590809	0.692632	0.472218	0.0613734	-1
56	0.596885	0.692632	0.490599	0.0579073	-1
57	0.598624	0.692632	0.490685	0.0570977	-1
58	0.602884	0.692632	0.502013	0.0551021	-1
59	0.604626	0.692632	0.513038	0.053489	-1
60	0.604748	0.692632	0.513038	0.053421	-1
61	0.607193	0.692632	0.51481	0.0514092	-1
62	0.607389	0.692632	0.51481	0.0514028	-1
63	0.611046	0.725306	0.51903	0.0514419	-1
64	0.612418	0.725306	0.521735	0.0502356	-1
65	0.612571	0.725306	0.521735	0.0501187	-1
66	0.612571	0.725306	0.521735	0.0501187	-1
67	0.614197	0.725306	0.522867	0.0495306	-1
68	0.616249	0.725306	0.528739	0.0478528	-1
69	0.618452	0.725306	0.530579	0.0461409	-1
70	0.621208	0.725306	0.534211	0.0447463	-1
71	0.621399	0.725306	0.534211	0.0446373	-1
72	0.62172	0.725306	0.535982	0.0441161	-1
73	0.622075	0.725306	0.536873	0.0435348	-1
74	0.62215	0.725306	0.536873	0.0434063	-1
75	0.625205	0.725306	0.550024	0.0409527	-1
76	0.627141	0.725306	0.553262	0.0393995	-1
77	0.627947	0.725306	0.556743	0.038625	-1
78	0.629134	0.725306	0.559531	0.0381612	-1
79	0.629457	0.725306	0.564778	0.037807	-1
80	0.629914	0.725306	0.566337	0.0371511	-1
81	0.629919	0.725306	0.566337	0.037145	-1
82	0.630543	0.725306	0.567736	0.0365861	-1
83	0.630672	0.725306	0.568048	0.0364516	-1
84	0.630672	0.725306	0.568048	0.0364516	-1
85	0.63185	0.725306	0.569724	0.0353472	-1
86	0.633535	0.725306	0.570667	0.0342812	-1
87	0.635739	0.725306	0.574811	0.0326456	-1
88	0.637406	0.725306	0.577255	0.0314417	-1
89	0.639205	0.725306	0.581641	0.0303995	-1
90	0.641566	0.725306	0.585441	0.0290881	-1
91	0.641642	0.725306	0.585441	0.0290544	-1
92	0.641642	0.725306	0.585441	0.0290544	-1
93	0.641642	0.725306	0.585441	0.0290544	-1
94	0.642422	0.725306	0.587959	0.0285733	-1
95	0.64354	0.725306	0.589343	0.028239	-1
96	0.644186	0.725306	0.591228	0.0276899	-1
97	0.645323	0.725306	0.601695	0.0266289	-1
98	0.645389	0.725306	0.601695	0.0265596	-1
99	0.645789	0.725306	0.6024	0.0261936	-1
100	0.645852	0.725306	0.6024	0.0261252	-1
101	0.645852	0.725306	0.6024	0.0261252	-1
102	0.645852	0.725306	0.6024	0.0261252	-1
103	0.645852	0.725306	0.6024	0.0261252	-1
104	0.645852	0.725306	0.6024	0.0261252	-1
105	0.646524	0.725306	0.603877	0.025859	-1
106	0.646629	0.725306	0.603877	0.0257936	-1
107	0.646629	0.725306	0.603877	0.0257936	-1
108	0.647379	0.725306	0.604093	0.0256288	-1
109	0.650572	0.725306	0.607689	0.0242483	-1
110	0.650687	0.725306	0.607689	0.0241951	-1
111	0.652005	0.725306	0.609071	0.0232908	-1
112	0.652096	0.725306	0.609071	0.0231869	-1
113	0.652096	0.725306	0.609071	0.0231869	-1
114	0.652889	0.725306	0.612788	0.0224427	-1
115	0.653632	0.725306	0.613392	0.0221409	-1
116	0.653908	0.725306	0.615328	0.0217948	-1
117	0.653925	0.725306	0.615328	0.0217674	-1
118	0.653925	0.725306	0.615328	0.0217674	-1
119	0.653925	0.725306	0.615328	0.0217674	-1
120	0.654418	0.725306	0.616287	0.0214402	-1
121	0.656462	0.725306	0.616674	0.02022	-1
122	0.656473	0.725306	0.616674	0.0202007	-1
123	0.657257	0.725306	0.61756	0.0193946	-1
124	0.657813	0.725306	0.621328	0.0189558	-1
125	0.657843	0.725306	0.621328	0.0189341	-1
126	0.657843	0.725306	0.621328	0.0189341	-1
127	0.657843	0.725306	0.621328	0.0189341	-1
128	0.657843	0.725306	0.621328	0.0189341	-1
129	0.657843	0.725306	0.621328	0.0189341	-1
130	0.657843	0.725306	0.621328	0.0189341	-1
131	0.657843	0.725306	0.621328	0.0189341	-1
132	0.657843	0.725306	0.621328	0.0189341	-1
133	0.657843	0.725306	0.621328	0.0189341	-1
134	0.658838	0.725306	0.624345	0.0183585	-1
135	0.658916	0.725306	0.624345	0.0182978	-1
136	0.658916	0.725306	0.624345	0.0182978	-1
137	0.659092	0.725306	0.62495	0.0180451	-1
138	0.659119	0.725306	0.62495	0.0180141	-1
139	0.659266	0.725306	0.625955	0.0177909	-1
140	0.660009	0.725306	0.630948	0.0169769	-1
141	0.660026	0.725306	0.630948	0.0169686	-1
142	0.660335	0.725306	0.631021	0.0167132	-1
143	0.660899	0.725306	0.631158	0.0165589	-1
144	0.660925	0.725306	0.631158	0.0165412	-1
145	0.660929	0.725306	0.631161	0.0165331	-1
146	0.66093	0.725306	0.631161	0.0165308	-1
147	0.661573	0.725306	0.631607	0.0159889	-1
148	0.661611	0.725306	0.631607	0.0159529	-1
149	0.661611	0.725306	0.631607	0.0159529	-1
150	0.661927	0.725306	0.632923	0.015663	-1
