0	0.0486042	0.650512	0.00010001	0.13752	-1
1	0.123116	0.664934	0.00010001	0.195425	-1
2	0.155565	0.664934	0.00010001	0.197304	-1
3	0.181044	0.664934	0.00010001	0.202327	-1
4	0.225815	0.674718	0.00010001	0.20881	-1
5	0.262544	0.674718	0.00010001	0.191496	-1
6	0.289835	0.674718	0.00010001	0.17567	-1
7	0.308344	0.674718	0.113078	0.167443	-1
8	0.3091	0.674718	0.116625	0.166631	-1
9	0.320462	0.674718	0.13781	0.160679	-1
10	0.348089	0.681513	0.157699	0.161828	-1
11	0.35301	0.681513	0.166091	0.157687	-1
12	0.369	0.681513	0.185566	0.158018	-1
13	0.379458	0.681513	0.190147	0.151496	-1
14	0.39769	0.722493	0.204757	0.149349	-1
15	0.416029	0.722493	0.214807	0.148703	-1
16	0.421037	0.722493	0.21979	0.147944	-1
17	0.442989	0.722493	0.241525	0.139586	-1
18	0.448193	0.722493	0.254321	0.139037	-1
19	0.451207	0.722493	0.25848	0.136528	-1
20	0.460351	0.722493	0.26723	0.133998	-1
21	0.463655	0.722493	0.272553	0.133167	-1
22	0.473361	0.722493	0.281512	0.129064	-1
23	0.477781	0.722493	0.286518	0.127568	-1
24	0.489067	0.722493	0.303473	0.122062	-1
25	0.489335	0.722493	0.303473	0.121879	-1
26	0.489819	0.722493	0.305429	0.121212	-1
27	0.490281	0.722493	0.312429	0.120571	-1
28	0.490799	0.722493	0.317277	0.1199	-1
29	0.500918	0.722493	0.332875	0.116851	-1
30	0.501815	0.722493	0.335014	0.115935	-1
31	0.514487	0.722493	0.33905	0.113977	-1
32	0.524182	0.722493	0.345261	0.112447	-1
33	0.528493	0.722493	0.347512	0.110643	-1
34	0.528733	0.722493	0.347512	0.110655	-1
35	0.533284	0.722493	0.357412	0.108652	-1
36	0.542823	0.722493	0.360473	0.104224	-1
37	0.544579	0.722493	0.365393	0.10207	-1
38	0.550091	0.722493	0.378807	0.0970672	-1
39	0.556726	0.722493	0.389676	0.0916466	-1
40	0.558153	0.722493	0.402215	0.0896404	-1
41	0.559975	0.722493	0.405029	0.0877064	-1
42	0.562575	0.722493	0.41261	0.0868123	-1
43	0.565567	0.722493	0.423973	0.0842104	-1
44	0.569844	0.722493	0.431441	0.082457	-1
45	0.571134	0.722493	0.432573	0.0813367	-1
46	0.571621	0.722493	0.433064	0.0806415	-1
47	0.571629	0.722493	0.433064	0.0806299	-1
48	0.575789	0.722493	0.437226	0.0782618	-1
49	0.578467	0.722493	0.450872	0.0766592	-1
50	0.581372	0.722493	0.458635	0.0744028	-1
51	0.582096	0.722493	0.460406	0.0736211	-1
52	0.586019	0.722493	0.463217	0.0720475	-1
53	0.588091	0.722493	0.464077	0.07133	-1
54	0.59011	0.722493	0.465518	0.0705028	-1
55	0.590225	0.722493	0.465518	0.0704672	-1
56	0.594653	0.722493	0.47046	0.067962	-1
57	0.59686	0.722493	0.471139	0.067227	-1
58	0.597044	0.722493	0.471139	0.0672368	-1
59	0.602736	0.722493	0.476253	0.0645946	-1
60	0.602917	0.722493	0.476253	0.064607	-1
61	0.602917	0.722493	0.476253	0.064607	-1
62	0.604104	0.722493	0.477514	0.0633342	-1
63	0.604792	0.722493	0.477957	0.0623201	-1
64	0.608894	0.722493	0.484666	0.0586439	-1
65	0.611407	0.722493	0.490488	0.0565813	-1
66	0.612674	0.722493	0.49077	0.0552493	-1
67	0.613717	0.722493	0.495044	0.0538923	-1
68	0.615534	0.722493	0.501414	0.0529048	-1
69	0.61559	0.722493	0.501414	0.0529198	-1
70	0.617122	0.722493	0.508196	0.0509221	-1
71	0.617184	0.722493	0.508196	0.0509085	-1
72	0.617731	0.722493	0.519488	0.0499942	-1
73	0.620555	0.722493	0.525229	0.0477694	-1
74	0.622109	0.722493	0.525414	0.0470776	-1
75	0.622185	0.722493	0.525414	0.0470802	-1
76	0.622185	0.722493	0.525414	0.0470802	-1
77	0.62339	0.722493	0.528313	0.0461104	-1
78	0.623439	0.722493	0.528313	0.0461155	-1
79	0.623439	0.722493	0.528313	0.0461155	-1
80	0.623937	0.722493	0.53177	0.0453403	-1
81	0.62637	0.722493	0.541975	0.0436614	-1
82	0.626404	0.722493	0.541975	0.0436629	-1
83	0.628082	0.722493	0.544772	0.0425029	-1
84	0.629543	0.722493	0.547103	0.0406327	-1
85	0.630179	0.722493	0.549216	0.039819	-1
86	0.631921	0.722493	0.55132	0.0383109	-1
87	0.631984	0.722493	0.55132	0.0383085	-1
88	0.631984	0.722493	0.55132	0.0383085	-1
89	0.632451	0.722493	0.555921	0.037529	-1
90	0.635042	0.722493	0.558387	0.0352868	-1
91	0.636313	0.722493	0.559989	0.0346647	-1
92	0.639408	0.722493	0.572173	0.032652	-1
93	0.640837	0.722493	0.578106	0.0313023	-1
94	0.640919	0.722493	0.578106	0.0312667	-1
95	0.640919	0.722493	0.578106	0.0312667	-1
96	0.640961	0.722493	0.578504	0.0311834	-1
97	0.640974	0.722493	0.579795	0.031157	-1
98	0.641462	0.722493	0.579823	0.0305655	-1
99	0.641468	0.722493	0.579823	0.0305625	-1
100	0.641832	0.722493	0.581391	0.0299239	-1
101	0.643367	0.722493	0.582724	0.028744	-1
102	0.643375	0.722493	0.582724	0.0287396	-1
103	0.643375	0.722493	0.582724	0.0287396	-1
104	0.643544	0.722493	0.585045	0.028428	-1
105	0.645139	0.722493	0.592792	0.0268821	-1
106	0.645365	0.722493	0.592792	0.0265518	-1
107	0.645365	0.722493	0.592792	0.0265518	-1
108	0.645365	0.722493	0.592792	0.0265518	-1
109	0.646446	0.722493	0.594716	0.0265907	-1
110	0.646515	0.722493	0.594716	0.0266039	-1
111	0.647588	0.722493	0.594973	0.0256869	-1
112	0.647693	0.722493	0.594973	0.0256666	-1
113	0.64825	0.722493	0.597138	0.0251093	-1
114	0.648269	0.722493	0.597138	0.0250998	-1
115	0.649227	0.722493	0.599585	0.0240727	-1
116	0.649764	0.722493	0.600349	0.023534	-1
117	0.649767	0.722493	0.600349	0.0235328	-1
118	0.649767	0.722493	0.600349	0.0235328	-1
119	0.650319	0.722493	0.60133	0.0230034	-1
120	0.650985	0.722493	0.601491	0.0224648	-1
121	0.651004	0.722493	0.601491	0.0224591	-1
122	0.652278	0.728873	0.602906	0.0232219	-1
123	0.652419	0.728873	0.603139	0.0230719	-1
124	0.652419	0.728873	0.603139	0.0230719	-1
125	0.654054	0.728873	0.608863	0.021658	-1
126	0.655394	0.728873	0.61069	0.02087	-1
127	0.656701	0.728873	0.61419	0.0200676	-1
128	0.657101	0.728873	0.617513	0.0195934	-1
129	0.658583	0.728873	0.620977	0.0184673	-1
130	0.659096	0.728873	0.625766	0.0179504	-1
131	0.659116	0.728873	0.625766	0.0179378	-1
132	0.659517	0.728873	0.626455	0.0176303	-1
133	0.659895	0.728873	0.627025	0.017309	-1
134	0.659902	0.728873	0.627025	0.0173056	-1
135	0.660699	0.728873	0.628608	0.0167161	-1
136	0.661302	0.728873	0.630006	0.0160263	-1
137	0.66197	0.728873	0.632803	0.0154019	-1
138	0.66198	0.728873	0.632803	0.0153978	-1
139	0.661983	0.728873	0.633146	0.0153913	-1
140	0.661993	0.728873	0.633146	0.0153903	-1
141	0.661993	0.728873	0.633146	0.0153903	-1
142	0.661993	0.728873	0.633146	0.0153903	-1
143	0.662439	0.728873	0.633146	0.0151903	-1
144	0.662913	0.728873	0.634166	0.0149534	-1
145	0.662985	0.728873	0.634166	0.0149674	-1
146	0.662985	0.728873	0.634166	0.0149674	-1
147	0.662985	0.728873	0.634166	0.0149674	-1
148	0.663311	0.728873	0.638627	0.0146857	-1
149	0.663334	0.728873	0.638627	0.0146707	-1
150	0.663334	0.728873	0.638627	0.0146707	-1
