0	0.0621165	0.808422	0.00010001	0.157062	-1
1	0.0996634	0.808422	0.00010001	0.1647	-1
2	0.1757	0.808422	0.00010001	0.181817	-1
3	0.20503	0.808422	0.061381	0.166437	-1
4	0.22925	0.808422	0.0898503	0.160923	-1
5	0.2448	0.808422	0.103785	0.156208	-1
6	0.258871	0.808422	0.122822	0.150362	-1
7	0.276615	0.808422	0.146124	0.14653	-1
8	0.286033	0.808422	0.15743	0.146929	-1
9	0.290434	0.808422	0.16064	0.146406	-1
10	0.301239	0.808422	0.167965	0.152987	-1
11	0.310756	0.808422	0.173805	0.154475	-1
12	0.319455	0.808422	0.176246	0.152881	-1
13	0.326612	0.808422	0.187161	0.149949	-1
14	0.330727	0.808422	0.190092	0.150726	-1
15	0.331078	0.808422	0.190092	0.150534	-1
16	0.33625	0.808422	0.19406	0.150857	-1
17	0.338336	0.808422	0.195925	0.149619	-1
18	0.345325	0.808422	0.199287	0.148832	-1
19	0.358759	0.808422	0.203103	0.158559	-1
20	0.360351	0.808422	0.205788	0.157694	-1
21	0.369566	0.808422	0.209138	0.153936	-1
22	0.379781	0.826147	0.219392	0.15711	-1
23	0.391123	0.826147	0.224876	0.159492	-1
24	0.395053	0.826147	0.227357	0.16023	-1
25	0.399289	0.826147	0.230225	0.159226	-1
26	0.404914	0.826147	0.238777	0.156494	-1
27	0.416558	0.826147	0.249822	0.156688	-1
28	0.422293	0.826147	0.250621	0.160793	-1
29	0.425236	0.826147	0.252034	0.161195	-1
30	0.43183	0.826147	0.253036	0.163159	-1
31	0.43273	0.826147	0.256589	0.163162	-1
32	0.440181	0.826147	0.264324	0.164671	-1
33	0.450355	0.826147	0.274456	0.163071	-1
34	0.463455	0.826147	0.284995	0.166348	-1
35	0.476912	0.826147	0.28888	0.169709	-1
36	0.485567	0.826147	0.297914	0.169166	-1
37	0.485769	0.826147	0.304928	0.168953	-1
38	0.490207	0.826147	0.30528	0.169979	-1
39	0.490227	0.826147	0.30528	0.169961	-1
40	0.496327	0.914007	0.306348	0.174106	-1
41	0.497424	0.914007	0.306348	0.176226	-1
42	0.498335	0.914007	0.307456	0.175462	-1
43	0.498519	0.914007	0.312162	0.175273	-1
44	0.504599	0.914007	0.315231	0.176514	-1
45	0.50477	0.914007	0.315231	0.176767	-1
46	0.507409	0.914007	0.316802	0.175877	-1
47	0.511163	0.914007	0.316922	0.175622	-1
48	0.519915	0.914007	0.318448	0.17634	-1
49	0.522437	0.914007	0.319522	0.174293	-1
50	0.539405	0.914007	0.33148	0.174768	-1
51	0.542945	0.914007	0.332297	0.172478	-1
52	0.551848	0.914007	0.335521	0.171788	-1
53	0.56141	0.914007	0.343731	0.166953	-1
54	0.562458	0.914007	0.344181	0.165898	-1
55	0.564659	0.914007	0.349626	0.163671	-1
56	0.568788	0.914007	0.349804	0.1632	-1
57	0.574324	0.914007	0.356658	0.16067	-1
58	0.576999	0.914007	0.357854	0.159137	-1
59	0.581855	0.914007	0.366221	0.158487	-1
60	0.586114	0.914007	0.370914	0.157653	-1
61	0.586164	0.914007	0.370914	0.157591	-1
62	0.588855	0.914007	0.378423	0.155311	-1
63	0.593959	0.914007	0.387761	0.153861	-1
64	0.602449	0.914007	0.394631	0.150701	-1
65	0.604373	0.914007	0.397857	0.149126	-1
66	0.607826	0.914007	0.400257	0.148244	-1
67	0.610659	0.914007	0.401569	0.146925	-1
68	0.6107	0.914007	0.401569	0.146871	-1
69	0.6107	0.914007	0.401569	0.146871	-1
70	0.61481	0.914007	0.40629	0.146204	-1
71	0.621662	0.914007	0.408333	0.145472	-1
72	0.626743	0.914007	0.415518	0.144557	-1
73	0.63215	0.914007	0.423682	0.143178	-1
74	0.642231	0.914007	0.4342	0.137626	-1
75	0.64294	0.914007	0.44163	0.136681	-1
76	0.64302	0.914007	0.44163	0.136572	-1
77	0.645289	0.914007	0.442374	0.13419	-1
78	0.648	0.914007	0.443156	0.13191	-1
79	0.650416	0.914007	0.448554	0.129217	-1
80	0.664504	0.914007	0.472764	0.122558	-1
81	0.664561	0.914007	0.472979	0.122469	-1
82	0.665885	0.914007	0.474863	0.121064	-1
83	0.66678	0.914007	0.475365	0.11996	-1
84	0.674631	0.924428	0.476692	0.12029	-1
85	0.683161	0.924428	0.481971	0.117384	-1
86	0.685499	0.924428	0.483781	0.115753	-1
87	0.691328	0.924428	0.485958	0.112768	-1
88	0.693322	0.924428	0.494633	0.11002	-1
89	0.697306	0.924428	0.517108	0.106324	-1
90	0.69932	0.924428	0.520703	0.104786	-1
91	0.69932	0.924428	0.520703	0.104786	-1
92	0.703561	0.924428	0.528745	0.101082	-1
93	0.707741	0.924428	0.548079	0.098183	-1
94	0.707766	0.924428	0.548079	0.0981937	-1
95	0.707766	0.924428	0.548079	0.0981937	-1
96	0.708993	0.924428	0.549777	0.0969365	-1
97	0.708993	0.924428	0.549777	0.0969365	-1
98	0.71107	0.924428	0.558978	0.0949045	-1
99	0.712368	0.924428	0.559251	0.0936831	-1
100	0.712368	0.924428	0.559251	0.0936831	-1
101	0.716408	0.924428	0.563803	0.0913463	-1
102	0.716483	0.924428	0.563803	0.0913823	-1
103	0.716947	0.924428	0.569781	0.0907142	-1
104	0.716947	0.924428	0.569781	0.0907142	-1
105	0.722634	0.924428	0.577329	0.086501	-1
106	0.726274	0.924428	0.579392	0.0841588	-1
107	0.726727	0.924428	0.580001	0.0837222	-1
108	0.726727	0.924428	0.580001	0.0837222	-1
109	0.727586	0.924428	0.58274	0.0826349	-1
110	0.732469	0.924428	0.592178	0.0805035	-1
111	0.733019	0.924428	0.600395	0.0801476	-1
112	0.735196	0.924428	0.602841	0.0794631	-1
113	0.735311	0.924428	0.602841	0.0795504	-1
114	0.739217	0.924428	0.603544	0.0771801	-1
115	0.739325	0.924428	0.603544	0.0771874	-1
116	0.740618	0.924428	0.60986	0.0754132	-1
117	0.743325	0.924428	0.610236	0.0740406	-1
118	0.743499	0.924428	0.610236	0.0740797	-1
119	0.745	0.924428	0.610527	0.072863	-1
120	0.745086	0.924428	0.610527	0.0727965	-1
121	0.745698	0.924428	0.611199	0.0719056	-1
122	0.745698	0.924428	0.611199	0.0719056	-1
123	0.745698	0.924428	0.611199	0.0719056	-1
124	0.745698	0.924428	0.611199	0.0719056	-1
125	0.745698	0.924428	0.611199	0.0719056	-1
126	0.745716	0.924428	0.612982	0.0718721	-1
127	0.746991	0.924428	0.612982	0.0706135	-1
128	0.747062	0.924428	0.612982	0.070545	-1
129	0.747062	0.924428	0.612982	0.070545	-1
130	0.747062	0.924428	0.612982	0.070545	-1
131	0.749441	0.924428	0.616424	0.0680673	-1
132	0.750905	0.924428	0.61792	0.0667235	-1
133	0.752941	0.924428	0.621333	0.0641512	-1
134	0.754388	0.924428	0.625537	0.062753	-1
135	0.754421	0.924428	0.625537	0.0627237	-1
136	0.755755	0.924428	0.630047	0.0613586	-1
137	0.755816	0.924428	0.630047	0.0612974	-1
138	0.757466	0.924428	0.632177	0.0600867	-1
139	0.760473	0.924428	0.661306	0.0580093	-1
140	0.760674	0.924428	0.661306	0.0579379	-1
141	0.760674	0.924428	0.661306	0.0579379	-1
142	0.760674	0.924428	0.661306	0.0579379	-1
143	0.761201	0.924428	0.665951	0.0572604	-1
144	0.761224	0.924428	0.665951	0.0572393	-1
145	0.763513	0.924428	0.670824	0.0557109	-1
146	0.763569	0.924428	0.670824	0.0557094	-1
147	0.763569	0.924428	0.670824	0.0557094	-1
148	0.764764	0.924428	0.671733	0.0549771	-1
149	0.764834	0.924428	0.671733	0.0549909	-1
150	0.766278	0.924428	0.675821	0.0540707	-1
