0	0.0608038	0.808326	0.00010001	0.135133	-1
1	0.0888392	0.808326	0.00010001	0.151429	-1
2	0.132809	0.820632	0.00010001	0.165383	-1
3	0.188303	0.820632	0.0614677	0.170436	-1
4	0.234892	0.820632	0.0927046	0.184383	-1
5	0.258689	0.820632	0.109921	0.187967	-1
6	0.287482	0.820632	0.121397	0.195777	-1
7	0.298483	0.820632	0.142335	0.190441	-1
8	0.31405	0.820632	0.149042	0.191568	-1
9	0.334931	0.820632	0.161241	0.192929	-1
10	0.339158	0.820632	0.169784	0.189969	-1
11	0.345801	0.820632	0.174862	0.192058	-1
12	0.351472	0.820632	0.184442	0.18937	-1
13	0.353089	0.820632	0.186039	0.188423	-1
14	0.364238	0.820632	0.195401	0.188815	-1
15	0.370739	0.820632	0.198555	0.188292	-1
16	0.37785	0.820632	0.201018	0.191441	-1
17	0.379793	0.820632	0.203269	0.190318	-1
18	0.397542	0.820632	0.216923	0.186987	-1
19	0.404845	0.820632	0.222314	0.1849	-1
20	0.410314	0.820632	0.227023	0.183497	-1
21	0.414801	0.820632	0.233884	0.180861	-1
22	0.421199	0.820632	0.237622	0.179496	-1
23	0.427577	0.820632	0.23869	0.181326	-1
24	0.43484	0.820632	0.243808	0.180872	-1
25	0.440252	0.820632	0.246677	0.179726	-1
26	0.445271	0.820632	0.251139	0.177271	-1
27	0.449904	0.820632	0.259877	0.175233	-1
28	0.449984	0.820632	0.259877	0.175158	-1
29	0.45605	0.820632	0.264973	0.174568	-1
30	0.464511	0.820632	0.277013	0.172242	-1
31	0.472142	0.820632	0.281244	0.170075	-1
32	0.473442	0.820632	0.281618	0.169074	-1
33	0.476567	0.820632	0.283955	0.168215	-1
34	0.476697	0.820632	0.283955	0.168106	-1
35	0.477004	0.820632	0.285021	0.167778	-1
36	0.478513	0.820632	0.286145	0.166413	-1
37	0.478602	0.820632	0.286145	0.166319	-1
38	0.48491	0.820632	0.288844	0.167031	-1
39	0.493127	0.926168	0.293163	0.170593	-1
40	0.494714	0.926168	0.296557	0.169777	-1
41	0.494743	0.926168	0.296557	0.169748	-1
42	0.497782	0.926168	0.30579	0.1679	-1
43	0.507725	0.926168	0.308752	0.17013	-1
44	0.51152	0.926168	0.308857	0.169759	-1
45	0.521862	0.926168	0.310738	0.171453	-1
46	0.528531	0.926168	0.317506	0.169481	-1
47	0.53444	0.926168	0.320191	0.166677	-1
48	0.540767	0.926168	0.323853	0.165538	-1
49	0.551119	0.926168	0.334781	0.159764	-1
50	0.55575	0.926168	0.34997	0.159238	-1
51	0.55608	0.926168	0.34997	0.159141	-1
52	0.559611	0.926168	0.356473	0.158277	-1
53	0.566713	0.926168	0.360847	0.155046	-1
54	0.56722	0.926168	0.360847	0.154573	-1
55	0.571327	0.926168	0.366745	0.151898	-1
56	0.57517	0.926168	0.368789	0.151195	-1
57	0.576988	0.926168	0.371014	0.149815	-1
58	0.581981	0.926168	0.376039	0.148408	-1
59	0.589736	0.926168	0.376886	0.147182	-1
60	0.590885	0.926168	0.377875	0.146014	-1
61	0.590901	0.926168	0.377875	0.145998	-1
62	0.594937	0.926168	0.380144	0.145627	-1
63	0.605245	0.926168	0.39185	0.143165	-1
64	0.607867	0.926168	0.39185	0.141564	-1
65	0.61462	0.926168	0.399196	0.135843	-1
66	0.615966	0.926168	0.399485	0.134382	-1
67	0.619042	0.926168	0.399886	0.132638	-1
68	0.621603	0.926168	0.402929	0.130736	-1
69	0.623655	0.926168	0.407221	0.128779	-1
70	0.629223	0.926168	0.410821	0.126736	-1
71	0.633746	0.926168	0.42053	0.126285	-1
72	0.649059	0.926168	0.44197	0.119987	-1
73	0.649589	0.926168	0.446995	0.11943	-1
74	0.654337	0.926168	0.455659	0.114481	-1
75	0.654445	0.926168	0.457347	0.11438	-1
76	0.657651	0.926168	0.458434	0.113288	-1
77	0.657844	0.926168	0.458434	0.113238	-1
78	0.657844	0.926168	0.458434	0.113238	-1
79	0.657844	0.926168	0.458434	0.113238	-1
80	0.658207	0.926168	0.46076	0.112621	-1
81	0.658673	0.926168	0.463738	0.111879	-1
82	0.658755	0.926168	0.463738	0.11175	-1
83	0.660729	0.926168	0.475582	0.109108	-1
84	0.663506	0.926168	0.476838	0.107455	-1
85	0.670071	0.926168	0.489734	0.105483	-1
86	0.67375	0.926168	0.490396	0.104503	-1
87	0.67412	0.926168	0.490396	0.104487	-1
88	0.675434	0.926168	0.502669	0.102968	-1
89	0.678285	0.926168	0.504907	0.101911	-1
90	0.678493	0.926168	0.504907	0.101803	-1
91	0.678493	0.926168	0.504907	0.101803	-1
92	0.678493	0.926168	0.504907	0.101803	-1
93	0.678493	0.926168	0.504907	0.101803	-1
94	0.688549	0.926168	0.515562	0.0971007	-1
95	0.688742	0.926168	0.51666	0.0970403	-1
96	0.692467	0.926168	0.526303	0.0955748	-1
97	0.695825	0.926168	0.526961	0.0925766	-1
98	0.701571	0.926168	0.532243	0.0894259	-1
99	0.701655	0.926168	0.532243	0.089398	-1
100	0.701655	0.926168	0.532243	0.089398	-1
101	0.701655	0.926168	0.532243	0.089398	-1
102	0.701655	0.926168	0.532243	0.089398	-1
103	0.701655	0.926168	0.532243	0.089398	-1
104	0.701655	0.926168	0.532243	0.089398	-1
105	0.704915	0.926168	0.549506	0.0870683	-1
106	0.707832	0.926168	0.549908	0.086386	-1
107	0.713134	0.926168	0.55568	0.0844122	-1
108	0.713652	0.926168	0.558911	0.084115	-1
109	0.713652	0.926168	0.558911	0.084115	-1
110	0.71516	0.926168	0.56136	0.0826519	-1
111	0.716554	0.926168	0.565996	0.0811369	-1
112	0.716597	0.926168	0.565996	0.0810851	-1
113	0.716632	0.926168	0.566409	0.08102	-1
114	0.726758	0.926168	0.582138	0.0765432	-1
115	0.728676	0.926168	0.584552	0.0752244	-1
116	0.728993	0.926168	0.584552	0.0748238	-1
117	0.731898	0.926168	0.594435	0.0724792	-1
118	0.734067	0.926168	0.617147	0.0697138	-1
119	0.734187	0.926168	0.617147	0.0695896	-1
120	0.735162	0.926168	0.61796	0.0682646	-1
121	0.737238	0.926168	0.619418	0.0676039	-1
122	0.737447	0.926168	0.619418	0.0676717	-1
123	0.739707	0.926168	0.62188	0.0673002	-1
124	0.742033	0.926168	0.623167	0.0666644	-1
125	0.742177	0.926168	0.623167	0.0666595	-1
126	0.746001	0.926168	0.625749	0.065239	-1
127	0.747659	0.926168	0.628213	0.0639962	-1
128	0.747898	0.926168	0.628213	0.0638912	-1
129	0.747898	0.926168	0.628213	0.0638912	-1
130	0.747898	0.926168	0.628213	0.0638912	-1
131	0.747898	0.926168	0.628213	0.0638912	-1
132	0.754022	0.940253	0.643624	0.0672982	-1
133	0.755286	0.940253	0.645676	0.0654194	-1
134	0.756001	0.940253	0.645676	0.0664365	-1
135	0.756001	0.940253	0.645676	0.0664365	-1
136	0.758296	0.940253	0.65249	0.0646412	-1
137	0.759696	0.940253	0.654167	0.0636231	-1
138	0.759993	0.940253	0.65696	0.0632466	-1
139	0.764598	0.940253	0.666292	0.0615761	-1
140	0.764765	0.940253	0.666292	0.0615358	-1
141	0.764812	0.940253	0.666292	0.0614785	-1
142	0.764812	0.940253	0.666292	0.0614785	-1
143	0.765553	0.940253	0.667696	0.0607207	-1
144	0.765986	0.940253	0.67361	0.0601407	-1
145	0.76608	0.940253	0.67361	0.0600213	-1
146	0.76608	0.940253	0.67361	0.0600213	-1
147	0.766085	0.940253	0.674048	0.0600145	-1
148	0.766102	0.940253	0.674923	0.0599876	-1
149	0.766115	0.940253	0.674923	0.0599683	-1
150	0.77074	0.940253	0.676183	0.0616679	-1
