0	0.0374935	0.358543	0.00010001	0.0818423	-1
1	0.0726455	0.777214	0.00010001	0.128949	-1
2	0.107544	0.777214	0.00010001	0.138885	-1
3	0.159049	0.786288	0.00010001	0.170041	-1
4	0.198136	0.786288	0.00010001	0.176796	-1
5	0.222826	0.786288	0.0852903	0.180278	-1
6	0.243058	0.786288	0.104763	0.18522	-1
7	0.269153	0.786288	0.119916	0.184592	-1
8	0.304603	0.786288	0.134872	0.191518	-1
9	0.318046	0.786288	0.143663	0.194494	-1
10	0.328213	0.786288	0.155767	0.189947	-1
11	0.341146	0.786288	0.166353	0.184346	-1
12	0.369863	0.786288	0.180891	0.191333	-1
13	0.381669	0.786288	0.202094	0.188745	-1
14	0.398499	0.786288	0.209053	0.187055	-1
15	0.406472	0.786288	0.213596	0.18297	-1
16	0.420194	0.786288	0.226016	0.182477	-1
17	0.447175	0.807618	0.234518	0.192257	-1
18	0.468608	0.807618	0.244504	0.190444	-1
19	0.471818	0.807618	0.24562	0.188338	-1
20	0.484635	0.807618	0.250833	0.188858	-1
21	0.502779	0.807618	0.259704	0.181435	-1
22	0.512131	0.807618	0.269993	0.177751	-1
23	0.516032	0.807618	0.273765	0.176306	-1
24	0.5197	0.807618	0.280235	0.173102	-1
25	0.520271	0.807618	0.29062	0.172377	-1
26	0.522904	0.807618	0.29068	0.170745	-1
27	0.526041	0.807618	0.291325	0.169111	-1
28	0.53959	0.82026	0.303735	0.164029	-1
29	0.545301	0.82026	0.305264	0.164682	-1
30	0.548512	0.82026	0.307925	0.163057	-1
31	0.548634	0.82026	0.307925	0.162969	-1
32	0.548634	0.82026	0.307925	0.162969	-1
33	0.548634	0.82026	0.307925	0.162969	-1
34	0.552414	0.82026	0.31215	0.161709	-1
35	0.553717	0.82026	0.313672	0.160374	-1
36	0.561299	0.82026	0.335628	0.153607	-1
37	0.568757	0.82026	0.345904	0.147633	-1
38	0.571887	0.82026	0.347748	0.146111	-1
39	0.583884	0.82026	0.358543	0.139531	-1
40	0.588453	0.82026	0.383733	0.136218	-1
41	0.593997	0.82026	0.390929	0.134832	-1
42	0.596513	0.82026	0.391599	0.133538	-1
43	0.596545	0.82026	0.391599	0.133536	-1
44	0.599701	0.82026	0.394973	0.130498	-1
45	0.604949	0.834052	0.401577	0.129852	-1
46	0.605654	0.834052	0.402981	0.130503	-1
47	0.605654	0.834052	0.402981	0.130503	-1
48	0.607147	0.834052	0.408083	0.128708	-1
49	0.614539	0.834052	0.414237	0.126582	-1
50	0.618728	0.834052	0.421724	0.126327	-1
51	0.620015	0.834052	0.423122	0.125185	-1
52	0.62173	0.834052	0.425765	0.123446	-1
53	0.62193	0.834052	0.431394	0.12317	-1
54	0.626365	0.834052	0.4337	0.120235	-1
55	0.626612	0.834052	0.4337	0.120189	-1
56	0.626612	0.834052	0.4337	0.120189	-1
57	0.630115	0.834052	0.44293	0.11761	-1
58	0.630171	0.834052	0.44293	0.117601	-1
59	0.634104	0.834052	0.446606	0.1134	-1
60	0.63717	0.834052	0.452493	0.11061	-1
61	0.642987	0.834052	0.45697	0.108437	-1
62	0.643433	0.834052	0.459875	0.108144	-1
63	0.649624	0.834052	0.476052	0.10319	-1
64	0.649709	0.834052	0.476052	0.103166	-1
65	0.649709	0.834052	0.476052	0.103166	-1
66	0.649709	0.834052	0.476052	0.103166	-1
67	0.65752	0.834052	0.50006	0.0993183	-1
68	0.658028	0.834052	0.503149	0.0987519	-1
69	0.66061	0.834052	0.508006	0.0979483	-1
70	0.666163	0.834052	0.514608	0.0952841	-1
71	0.668721	0.834052	0.51683	0.0935117	-1
72	0.671549	0.834052	0.51827	0.0929179	-1
73	0.673592	0.834052	0.518466	0.0916345	-1
74	0.677366	0.859529	0.523023	0.0919336	-1
75	0.681524	0.859529	0.526326	0.0898219	-1
76	0.684064	0.859529	0.533408	0.0887479	-1
77	0.689997	0.859529	0.541286	0.084848	-1
78	0.690368	0.859529	0.54759	0.0845382	-1
79	0.690895	0.859529	0.54759	0.0838006	-1
80	0.690895	0.859529	0.54759	0.0838006	-1
81	0.69292	0.859529	0.552843	0.0827425	-1
82	0.694027	0.859529	0.556942	0.0816875	-1
83	0.694118	0.859529	0.556942	0.0816075	-1
84	0.694118	0.859529	0.556942	0.0816075	-1
85	0.694118	0.859529	0.556942	0.0816075	-1
86	0.694118	0.859529	0.556942	0.0816075	-1
87	0.695784	0.859529	0.562036	0.0804715	-1
88	0.695994	0.859529	0.562036	0.0803738	-1
89	0.695994	0.859529	0.562036	0.0803738	-1
90	0.695994	0.859529	0.562036	0.0803738	-1
91	0.695994	0.859529	0.562036	0.0803738	-1
92	0.695994	0.859529	0.562036	0.0803738	-1
93	0.696019	0.859529	0.56451	0.0803326	-1
94	0.696264	0.859529	0.56451	0.0799638	-1
95	0.696264	0.859529	0.56451	0.0799638	-1
96	0.69868	0.859529	0.569941	0.077759	-1
97	0.69894	0.859529	0.571744	0.0775798	-1
98	0.702634	0.859529	0.573526	0.0760593	-1
99	0.703997	0.859529	0.576315	0.0749936	-1
100	0.708269	0.859529	0.580747	0.0737543	-1
101	0.709381	0.859529	0.583	0.0728335	-1
102	0.709514	0.859529	0.583	0.0727121	-1
103	0.709514	0.859529	0.583	0.0727121	-1
104	0.709527	0.859529	0.584289	0.0726896	-1
105	0.711982	0.859529	0.586174	0.070489	-1
106	0.713022	0.859529	0.590131	0.0693656	-1
107	0.715202	0.859529	0.590853	0.0671514	-1
108	0.723378	0.877292	0.595213	0.0666322	-1
109	0.724043	0.877292	0.600236	0.0666891	-1
110	0.724099	0.877292	0.600236	0.0666844	-1
111	0.724267	0.877292	0.614256	0.0663908	-1
112	0.724267	0.877292	0.614256	0.0663908	-1
113	0.726666	0.877292	0.617047	0.0645444	-1
114	0.728184	0.877292	0.619396	0.0635714	-1
115	0.728472	0.877292	0.619396	0.0634961	-1
116	0.729515	0.877292	0.620834	0.0625467	-1
117	0.729731	0.877292	0.620834	0.0624361	-1
118	0.730867	0.877292	0.622421	0.0614771	-1
119	0.731022	0.877292	0.622421	0.0613624	-1
120	0.732595	0.877292	0.623602	0.0605612	-1
121	0.735359	0.877292	0.632837	0.0578622	-1
122	0.736537	0.877292	0.633293	0.056873	-1
123	0.739273	0.877292	0.637982	0.055227	-1
124	0.743133	0.877292	0.653065	0.0527023	-1
125	0.746229	0.877292	0.656069	0.0515048	-1
126	0.746692	0.877292	0.657608	0.0511815	-1
127	0.746692	0.877292	0.657608	0.0511815	-1
128	0.746692	0.877292	0.657608	0.0511815	-1
129	0.746746	0.877292	0.657652	0.0510892	-1
130	0.746986	0.877292	0.659879	0.0507208	-1
131	0.747493	0.877292	0.662576	0.0500812	-1
132	0.747573	0.877292	0.662576	0.0499938	-1
133	0.747801	0.877292	0.663017	0.0496527	-1
134	0.748014	0.877292	0.670215	0.0493295	-1
135	0.752466	0.877292	0.67843	0.0476273	-1
136	0.752607	0.877292	0.67843	0.047637	-1
137	0.755569	0.877292	0.682116	0.0475161	-1
138	0.756077	0.877292	0.683923	0.0474968	-1
139	0.757379	0.877292	0.68541	0.0472566	-1
140	0.757747	0.877292	0.68541	0.0472015	-1
141	0.757747	0.877292	0.68541	0.0472015	-1
142	0.757747	0.877292	0.68541	0.0472015	-1
143	0.758903	0.877292	0.68596	0.0468261	-1
144	0.760117	0.877292	0.686614	0.0461431	-1
145	0.760363	0.877292	0.686614	0.0460501	-1
146	0.760363	0.877292	0.686614	0.0460501	-1
147	0.761839	0.877292	0.689198	0.0452177	-1
148	0.762032	0.877292	0.689198	0.0452019	-1
149	0.762035	0.877292	0.689529	0.0451965	-1
150	0.762035	0.877292	0.689529	0.0451965	-1
