0	0.0338514	0.340643	0.00010001	0.0711593	-1
1	0.0646273	0.661575	0.00010001	0.102716	-1
2	0.103831	0.82845	0.00010001	0.14969	-1
3	0.152013	0.82845	0.00010001	0.158727	-1
4	0.194001	0.875927	0.0510955	0.177689	-1
5	0.221116	0.875927	0.078925	0.190392	-1
6	0.247224	0.875927	0.100392	0.193417	-1
7	0.259116	0.875927	0.105872	0.200268	-1
8	0.281039	0.875927	0.118593	0.201073	-1
9	0.300778	0.875927	0.12334	0.201263	-1
10	0.316111	0.875927	0.140642	0.197114	-1
11	0.344208	0.875927	0.151027	0.197594	-1
12	0.351255	0.875927	0.159144	0.194319	-1
13	0.36934	0.875927	0.167407	0.195474	-1
14	0.375381	0.875927	0.185514	0.192923	-1
15	0.39391	0.875927	0.197929	0.190369	-1
16	0.4257	0.875927	0.207281	0.194012	-1
17	0.43426	0.875927	0.213522	0.194805	-1
18	0.441116	0.875927	0.217761	0.192768	-1
19	0.445932	0.875927	0.23335	0.189982	-1
20	0.447553	0.875927	0.233873	0.188797	-1
21	0.453595	0.875927	0.236816	0.188157	-1
22	0.453751	0.875927	0.236816	0.188075	-1
23	0.467255	0.875927	0.24155	0.18869	-1
24	0.473903	0.875927	0.251171	0.18794	-1
25	0.490077	0.875927	0.260401	0.184869	-1
26	0.493277	0.875927	0.26694	0.182525	-1
27	0.509433	0.940196	0.27399	0.183056	-1
28	0.51196	0.940196	0.27399	0.184258	-1
29	0.517795	0.940196	0.27608	0.181785	-1
30	0.523305	0.940196	0.280808	0.181023	-1
31	0.523727	0.940196	0.284164	0.180652	-1
32	0.526842	0.940196	0.293198	0.177847	-1
33	0.530679	0.940196	0.304441	0.17674	-1
34	0.531273	0.940196	0.304441	0.176658	-1
35	0.531318	0.940196	0.306644	0.1766	-1
36	0.532368	0.940196	0.310062	0.175406	-1
37	0.532368	0.940196	0.310062	0.175406	-1
38	0.540441	0.940196	0.320364	0.174061	-1
39	0.547305	0.940196	0.326699	0.173656	-1
40	0.553426	0.940196	0.335089	0.169684	-1
41	0.557681	0.940196	0.339176	0.169483	-1
42	0.557957	0.940196	0.340643	0.169533	-1
43	0.559446	0.940196	0.347704	0.167886	-1
44	0.559446	0.940196	0.347704	0.167886	-1
45	0.568334	0.940196	0.357492	0.166697	-1
46	0.573706	0.940196	0.359728	0.166409	-1
47	0.578032	0.940196	0.36046	0.166144	-1
48	0.581619	0.940196	0.362883	0.163711	-1
49	0.586741	0.940196	0.364562	0.163402	-1
50	0.58751	0.940196	0.365141	0.162981	-1
51	0.597497	0.940196	0.371728	0.161034	-1
52	0.598925	0.940196	0.376543	0.160023	-1
53	0.602335	0.940196	0.376691	0.158866	-1
54	0.602575	0.940196	0.376691	0.158769	-1
55	0.606333	0.940196	0.394886	0.155516	-1
56	0.611699	0.940196	0.397071	0.152167	-1
57	0.612079	0.940196	0.397071	0.152035	-1
58	0.613866	0.940196	0.397944	0.150525	-1
59	0.614014	0.940196	0.398245	0.150374	-1
60	0.623187	0.940196	0.404685	0.146781	-1
61	0.625395	0.940196	0.407492	0.145088	-1
62	0.631688	0.940196	0.412897	0.141983	-1
63	0.635849	0.940196	0.436179	0.137913	-1
64	0.640761	0.940196	0.437699	0.136947	-1
65	0.641128	0.940196	0.437699	0.136916	-1
66	0.641677	0.940196	0.443355	0.136143	-1
67	0.641682	0.940196	0.443355	0.136137	-1
68	0.641682	0.940196	0.443355	0.136137	-1
69	0.641682	0.940196	0.443355	0.136137	-1
70	0.644078	0.940196	0.444712	0.134243	-1
71	0.649247	0.940196	0.46216	0.132088	-1
72	0.655238	0.940196	0.465326	0.130074	-1
73	0.655514	0.940196	0.465326	0.129985	-1
74	0.655514	0.940196	0.465326	0.129985	-1
75	0.655679	0.940196	0.465804	0.129752	-1
76	0.655685	0.940196	0.465804	0.129743	-1
77	0.655685	0.940196	0.465804	0.129743	-1
78	0.655702	0.940196	0.467456	0.129718	-1
79	0.655702	0.940196	0.467456	0.129718	-1
80	0.658208	0.940196	0.467456	0.128459	-1
81	0.658815	0.940196	0.467456	0.128188	-1
82	0.658815	0.940196	0.467456	0.128188	-1
83	0.658815	0.940196	0.467456	0.128188	-1
84	0.663069	0.940196	0.475184	0.124597	-1
85	0.663556	0.940196	0.475184	0.124457	-1
86	0.663556	0.940196	0.475184	0.124457	-1
87	0.663556	0.940196	0.475184	0.124457	-1
88	0.663556	0.940196	0.475184	0.124457	-1
89	0.66659	0.940196	0.477394	0.123513	-1
90	0.671119	0.940196	0.482338	0.119754	-1
91	0.671386	0.940196	0.482338	0.119631	-1
92	0.674508	0.940196	0.484982	0.118719	-1
93	0.680687	0.940196	0.495625	0.115866	-1
94	0.684582	0.940196	0.504189	0.114441	-1
95	0.684807	0.940196	0.504189	0.11444	-1
96	0.68787	0.940196	0.510888	0.113653	-1
97	0.68821	0.940196	0.510888	0.11343	-1
98	0.68821	0.940196	0.510888	0.11343	-1
99	0.68821	0.940196	0.510888	0.11343	-1
100	0.68821	0.940196	0.510888	0.11343	-1
101	0.68821	0.940196	0.510888	0.11343	-1
102	0.68821	0.940196	0.510888	0.11343	-1
103	0.68821	0.940196	0.510888	0.11343	-1
104	0.689976	0.940196	0.511782	0.112007	-1
105	0.690205	0.940196	0.511782	0.111872	-1
106	0.694947	0.940196	0.513303	0.109954	-1
107	0.701964	0.940196	0.525148	0.106026	-1
108	0.70241	0.940196	0.525148	0.106048	-1
109	0.704484	0.940196	0.526673	0.104563	-1
110	0.709948	0.940196	0.530615	0.102908	-1
111	0.716161	0.940196	0.539544	0.0986953	-1
112	0.719877	0.940196	0.551841	0.0969054	-1
113	0.723225	0.940196	0.556206	0.0955601	-1
114	0.72352	0.940196	0.556206	0.0954526	-1
115	0.725837	0.940196	0.571807	0.0929404	-1
116	0.725932	0.940196	0.571807	0.092825	-1
117	0.725932	0.940196	0.571807	0.092825	-1
118	0.725932	0.940196	0.571807	0.092825	-1
119	0.727933	0.940196	0.571916	0.0916177	-1
120	0.728227	0.940196	0.571916	0.0913981	-1
121	0.728227	0.940196	0.571916	0.0913981	-1
122	0.728227	0.940196	0.571916	0.0913981	-1
123	0.72894	0.940196	0.572483	0.0904396	-1
124	0.729168	0.940196	0.572483	0.0901771	-1
125	0.729168	0.940196	0.572483	0.0901771	-1
126	0.733998	0.940196	0.575732	0.0872354	-1
127	0.734368	0.940196	0.575732	0.0869918	-1
128	0.734368	0.940196	0.575732	0.0869918	-1
129	0.73517	0.940196	0.579271	0.0858775	-1
130	0.735374	0.940196	0.579271	0.0856446	-1
131	0.736284	0.940196	0.5866	0.0844442	-1
132	0.736395	0.940196	0.5866	0.0842976	-1
133	0.736395	0.940196	0.5866	0.0842976	-1
134	0.736395	0.940196	0.5866	0.0842976	-1
135	0.738581	0.940196	0.595592	0.0820668	-1
136	0.738962	0.940196	0.602309	0.0816471	-1
137	0.740363	0.940196	0.60373	0.0798636	-1
138	0.740536	0.940196	0.60373	0.07964	-1
139	0.740536	0.940196	0.60373	0.07964	-1
140	0.744858	0.940196	0.606243	0.0779789	-1
141	0.745466	0.940196	0.607154	0.077186	-1
142	0.745523	0.940196	0.607154	0.0771154	-1
143	0.745618	0.940196	0.607716	0.0769489	-1
144	0.746421	0.940196	0.613904	0.075907	-1
145	0.746526	0.940196	0.613904	0.0757999	-1
146	0.746526	0.940196	0.613904	0.0757999	-1
147	0.749759	0.940196	0.628222	0.0735325	-1
148	0.751753	0.940196	0.648065	0.0716745	-1
149	0.7519	0.940196	0.648065	0.0715574	-1
150	0.7519	0.940196	0.648065	0.0715574	-1
