#! /usr/local/bin/vvp
:ivl_version "11.0 (stable)" "(v11_0)";
:ivl_delay_selection "TYPICAL";
:vpi_time_precision - 9;
:vpi_module "/usr/local/lib/ivl/system.vpi";
:vpi_module "/usr/local/lib/ivl/vhdl_sys.vpi";
:vpi_module "/usr/local/lib/ivl/vhdl_textio.vpi";
:vpi_module "/usr/local/lib/ivl/v2005_math.vpi";
:vpi_module "/usr/local/lib/ivl/va_math.vpi";
:vpi_module "/usr/local/lib/ivl/v2009.vpi";
S_0x5581907b04a0 .scope package, "$unit" "$unit" 2 1;
 .timescale 0 0;
S_0x5581907f16f0 .scope module, "individual_0_tb" "individual_0_tb" 3 3;
 .timescale -9 -9;
v0x558190838620_0 .var "clock", 0 0;
v0x5581908386e0_0 .var "i", 0 0;
v0x5581908387b0_0 .net "out", 0 0, v0x5581908381d0_0;  1 drivers
v0x5581908388b0_0 .var "reset", 0 0;
S_0x5581907f1880 .scope module, "uut" "individual_0" 3 15, 4 1 0, S_0x5581907f16f0;
 .timescale 0 0;
    .port_info 0 /INPUT 1 "clock";
    .port_info 1 /INPUT 1 "reset";
    .port_info 2 /INPUT 1 "i";
    .port_info 3 /OUTPUT 3 "present_state";
    .port_info 4 /OUTPUT 3 "next_state";
    .port_info 5 /OUTPUT 1 "out";
P_0x5581907aecf0 .param/l "S0" 0 4 4, C4<000>;
P_0x5581907aed30 .param/l "S1" 0 4 5, C4<001>;
P_0x5581907aed70 .param/l "S2" 0 4 6, C4<011>;
P_0x5581907aedb0 .param/l "S3" 0 4 7, C4<010>;
P_0x5581907aedf0 .param/l "S4" 0 4 8, C4<110>;
v0x5581907af060_0 .net "clock", 0 0, v0x558190838620_0;  1 drivers
v0x558190837f70_0 .net "i", 0 0, v0x5581908386e0_0;  1 drivers
v0x558190838030_0 .var "next", 2 0;
v0x5581908380f0_0 .var "next_state", 2 0;
v0x5581908381d0_0 .var "out", 0 0;
v0x5581908382e0_0 .var "present_state", 2 0;
v0x5581908383c0_0 .net "reset", 0 0, v0x5581908388b0_0;  1 drivers
v0x558190838480_0 .var "state", 2 0;
E_0x5581907e7f20 .event posedge, v0x5581907af060_0;
E_0x5581907e7b20 .event edge, v0x5581908383c0_0, v0x558190837f70_0, v0x558190838480_0;
    .scope S_0x5581907f1880;
T_0 ;
    %pushi/vec4 0, 0, 3;
    %store/vec4 v0x558190838480_0, 0, 3;
    %pushi/vec4 0, 0, 3;
    %store/vec4 v0x558190838030_0, 0, 3;
    %end;
    .thread T_0, $init;
    .scope S_0x5581907f1880;
T_1 ;
    %wait E_0x5581907e7b20;
    %load/vec4 v0x558190838480_0;
    %dup/vec4;
    %pushi/vec4 0, 0, 3;
    %cmp/u;
    %jmp/1 T_1.0, 6;
    %dup/vec4;
    %pushi/vec4 1, 0, 3;
    %cmp/u;
    %jmp/1 T_1.1, 6;
    %dup/vec4;
    %pushi/vec4 3, 0, 3;
    %cmp/u;
    %jmp/1 T_1.2, 6;
    %dup/vec4;
    %pushi/vec4 2, 0, 3;
    %cmp/u;
    %jmp/1 T_1.3, 6;
    %dup/vec4;
    %pushi/vec4 6, 0, 3;
    %cmp/u;
    %jmp/1 T_1.4, 6;
    %jmp T_1.5;
T_1.0 ;
    %load/vec4 v0x5581908383c0_0;
    %pad/u 32;
    %cmpi/e 1, 0, 32;
    %jmp/0xz  T_1.6, 4;
    %pushi/vec4 0, 0, 3;
    %store/vec4 v0x558190838030_0, 0, 3;
    %jmp T_1.7;
T_1.6 ;
    %load/vec4 v0x558190837f70_0;
    %pad/u 32;
    %cmpi/e 1, 0, 32;
    %jmp/0xz  T_1.8, 4;
    %pushi/vec4 1, 0, 3;
    %store/vec4 v0x558190838030_0, 0, 3;
    %jmp T_1.9;
T_1.8 ;
    %load/vec4 v0x558190837f70_0;
    %pad/u 32;
    %cmpi/e 0, 0, 32;
    %jmp/0xz  T_1.10, 4;
    %pushi/vec4 0, 0, 3;
    %store/vec4 v0x558190838030_0, 0, 3;
T_1.10 ;
T_1.9 ;
T_1.7 ;
    %jmp T_1.5;
T_1.1 ;
    %load/vec4 v0x5581908383c0_0;
    %pad/u 32;
    %cmpi/e 1, 0, 32;
    %jmp/0xz  T_1.12, 4;
    %pushi/vec4 0, 0, 3;
    %store/vec4 v0x558190838030_0, 0, 3;
    %jmp T_1.13;
T_1.12 ;
    %load/vec4 v0x558190837f70_0;
    %pad/u 32;
    %cmpi/e 1, 0, 32;
    %jmp/0xz  T_1.14, 4;
    %pushi/vec4 3, 0, 3;
    %store/vec4 v0x558190838030_0, 0, 3;
    %jmp T_1.15;
T_1.14 ;
    %load/vec4 v0x558190837f70_0;
    %pad/u 32;
    %cmpi/e 0, 0, 32;
    %jmp/0xz  T_1.16, 4;
    %pushi/vec4 0, 0, 3;
    %store/vec4 v0x558190838030_0, 0, 3;
T_1.16 ;
T_1.15 ;
T_1.13 ;
    %jmp T_1.5;
T_1.2 ;
    %load/vec4 v0x5581908383c0_0;
    %pad/u 32;
    %cmpi/e 1, 0, 32;
    %jmp/0xz  T_1.18, 4;
    %pushi/vec4 0, 0, 3;
    %store/vec4 v0x558190838030_0, 0, 3;
    %jmp T_1.19;
T_1.18 ;
    %load/vec4 v0x558190837f70_0;
    %pad/u 32;
    %cmpi/e 0, 0, 32;
    %jmp/0xz  T_1.20, 4;
    %pushi/vec4 2, 0, 3;
    %store/vec4 v0x558190838030_0, 0, 3;
    %jmp T_1.21;
T_1.20 ;
    %load/vec4 v0x558190837f70_0;
    %pad/u 32;
    %cmpi/e 1, 0, 32;
    %jmp/0xz  T_1.22, 4;
    %pushi/vec4 3, 0, 3;
    %store/vec4 v0x558190838030_0, 0, 3;
T_1.22 ;
T_1.21 ;
T_1.19 ;
    %jmp T_1.5;
T_1.3 ;
    %load/vec4 v0x5581908383c0_0;
    %pad/u 32;
    %cmpi/e 1, 0, 32;
    %jmp/0xz  T_1.24, 4;
    %pushi/vec4 0, 0, 3;
    %store/vec4 v0x558190838030_0, 0, 3;
    %jmp T_1.25;
T_1.24 ;
    %load/vec4 v0x558190837f70_0;
    %pad/u 32;
    %cmpi/e 1, 0, 32;
    %jmp/0xz  T_1.26, 4;
    %pushi/vec4 6, 0, 3;
    %store/vec4 v0x558190838030_0, 0, 3;
    %jmp T_1.27;
T_1.26 ;
    %load/vec4 v0x558190837f70_0;
    %pad/u 32;
    %cmpi/e 0, 0, 32;
    %jmp/0xz  T_1.28, 4;
    %pushi/vec4 0, 0, 3;
    %store/vec4 v0x558190838030_0, 0, 3;
T_1.28 ;
T_1.27 ;
T_1.25 ;
    %jmp T_1.5;
T_1.4 ;
    %load/vec4 v0x5581908383c0_0;
    %pad/u 32;
    %cmpi/e 1, 0, 32;
    %jmp/0xz  T_1.30, 4;
    %pushi/vec4 0, 0, 3;
    %store/vec4 v0x558190838030_0, 0, 3;
    %jmp T_1.31;
T_1.30 ;
    %load/vec4 v0x558190837f70_0;
    %pad/u 32;
    %cmpi/e 1, 0, 32;
    %jmp/0xz  T_1.32, 4;
    %pushi/vec4 3, 0, 3;
    %store/vec4 v0x558190838030_0, 0, 3;
    %jmp T_1.33;
T_1.32 ;
    %load/vec4 v0x558190837f70_0;
    %pad/u 32;
    %cmpi/e 0, 0, 32;
    %jmp/0xz  T_1.34, 4;
    %pushi/vec4 0, 0, 3;
    %store/vec4 v0x558190838030_0, 0, 3;
T_1.34 ;
T_1.33 ;
T_1.31 ;
    %jmp T_1.5;
T_1.5 ;
    %pop/vec4 1;
    %jmp T_1;
    .thread T_1, $push;
    .scope S_0x5581907f1880;
T_2 ;
    %wait E_0x5581907e7f20;
    %load/vec4 v0x558190838030_0;
    %cmpi/e 6, 0, 3;
    %jmp/0xz  T_2.0, 4;
    %vpi_call/w 4 167 "$display", "%b%b_%b%b", v0x558190838480_0, v0x558190837f70_0, v0x558190838030_0, v0x5581908381d0_0 {0 0 0};
    %load/vec4 v0x558190838030_0;
    %assign/vec4 v0x558190838480_0, 0;
    %pushi/vec4 1, 0, 1;
    %assign/vec4 v0x5581908381d0_0, 0;
    %jmp T_2.1;
T_2.0 ;
    %vpi_call/w 4 174 "$display", "%b%b_%b%b", v0x558190838480_0, v0x558190837f70_0, v0x558190838030_0, v0x5581908381d0_0 {0 0 0};
    %load/vec4 v0x558190838030_0;
    %assign/vec4 v0x558190838480_0, 0;
    %pushi/vec4 0, 0, 1;
    %assign/vec4 v0x5581908381d0_0, 0;
T_2.1 ;
    %jmp T_2;
    .thread T_2;
    .scope S_0x5581907f16f0;
T_3 ;
T_3.0 ;
    %delay 10, 0;
    %load/vec4 v0x558190838620_0;
    %inv;
    %store/vec4 v0x558190838620_0, 0, 1;
    %jmp T_3.0;
    %end;
    .thread T_3;
    .scope S_0x5581907f16f0;
T_4 ;
    %pushi/vec4 0, 0, 1;
    %store/vec4 v0x5581908386e0_0, 0, 1;
    %pushi/vec4 0, 0, 1;
    %store/vec4 v0x558190838620_0, 0, 1;
    %pushi/vec4 0, 0, 1;
    %store/vec4 v0x5581908388b0_0, 0, 1;
    %delay 15, 0;
    %pushi/vec4 1, 0, 1;
    %store/vec4 v0x5581908388b0_0, 0, 1;
    %pushi/vec4 0, 0, 1;
    %store/vec4 v0x5581908386e0_0, 0, 1;
    %delay 20, 0;
    %pushi/vec4 0, 0, 1;
    %store/vec4 v0x5581908388b0_0, 0, 1;
    %pushi/vec4 0, 0, 1;
    %store/vec4 v0x5581908386e0_0, 0, 1;
    %delay 20, 0;
    %pushi/vec4 0, 0, 1;
    %store/vec4 v0x5581908388b0_0, 0, 1;
    %pushi/vec4 0, 0, 1;
    %store/vec4 v0x5581908386e0_0, 0, 1;
    %delay 20, 0;
    %pushi/vec4 0, 0, 1;
    %store/vec4 v0x5581908388b0_0, 0, 1;
    %pushi/vec4 0, 0, 1;
    %store/vec4 v0x5581908386e0_0, 0, 1;
    %delay 20, 0;
    %pushi/vec4 0, 0, 1;
    %store/vec4 v0x5581908388b0_0, 0, 1;
    %pushi/vec4 0, 0, 1;
    %store/vec4 v0x5581908386e0_0, 0, 1;
    %delay 20, 0;
    %pushi/vec4 1, 0, 1;
    %store/vec4 v0x5581908388b0_0, 0, 1;
    %pushi/vec4 0, 0, 1;
    %store/vec4 v0x5581908386e0_0, 0, 1;
    %delay 20, 0;
    %pushi/vec4 1, 0, 1;
    %store/vec4 v0x5581908388b0_0, 0, 1;
    %pushi/vec4 0, 0, 1;
    %store/vec4 v0x5581908386e0_0, 0, 1;
    %delay 20, 0;
    %pushi/vec4 0, 0, 1;
    %store/vec4 v0x5581908388b0_0, 0, 1;
    %pushi/vec4 0, 0, 1;
    %store/vec4 v0x5581908386e0_0, 0, 1;
    %delay 20, 0;
    %pushi/vec4 0, 0, 1;
    %store/vec4 v0x5581908388b0_0, 0, 1;
    %pushi/vec4 0, 0, 1;
    %store/vec4 v0x5581908386e0_0, 0, 1;
    %delay 20, 0;
    %pushi/vec4 0, 0, 1;
    %store/vec4 v0x5581908388b0_0, 0, 1;
    %pushi/vec4 0, 0, 1;
    %store/vec4 v0x5581908386e0_0, 0, 1;
    %delay 20, 0;
    %pushi/vec4 0, 0, 1;
    %store/vec4 v0x5581908388b0_0, 0, 1;
    %pushi/vec4 1, 0, 1;
    %store/vec4 v0x5581908386e0_0, 0, 1;
    %delay 20, 0;
    %pushi/vec4 1, 0, 1;
    %store/vec4 v0x5581908388b0_0, 0, 1;
    %pushi/vec4 0, 0, 1;
    %store/vec4 v0x5581908386e0_0, 0, 1;
    %delay 20, 0;
    %pushi/vec4 1, 0, 1;
    %store/vec4 v0x5581908388b0_0, 0, 1;
    %pushi/vec4 0, 0, 1;
    %store/vec4 v0x5581908386e0_0, 0, 1;
    %delay 20, 0;
    %pushi/vec4 0, 0, 1;
    %store/vec4 v0x5581908388b0_0, 0, 1;
    %pushi/vec4 0, 0, 1;
    %store/vec4 v0x5581908386e0_0, 0, 1;
    %delay 20, 0;
    %pushi/vec4 0, 0, 1;
    %store/vec4 v0x5581908388b0_0, 0, 1;
    %pushi/vec4 0, 0, 1;
    %store/vec4 v0x5581908386e0_0, 0, 1;
    %delay 20, 0;
    %pushi/vec4 0, 0, 1;
    %store/vec4 v0x5581908388b0_0, 0, 1;
    %pushi/vec4 1, 0, 1;
    %store/vec4 v0x5581908386e0_0, 0, 1;
    %delay 20, 0;
    %pushi/vec4 0, 0, 1;
    %store/vec4 v0x5581908388b0_0, 0, 1;
    %pushi/vec4 0, 0, 1;
    %store/vec4 v0x5581908386e0_0, 0, 1;
    %delay 20, 0;
    %pushi/vec4 1, 0, 1;
    %store/vec4 v0x5581908388b0_0, 0, 1;
    %pushi/vec4 0, 0, 1;
    %store/vec4 v0x5581908386e0_0, 0, 1;
    %delay 20, 0;
    %pushi/vec4 1, 0, 1;
    %store/vec4 v0x5581908388b0_0, 0, 1;
    %pushi/vec4 0, 0, 1;
    %store/vec4 v0x5581908386e0_0, 0, 1;
    %delay 20, 0;
    %pushi/vec4 0, 0, 1;
    %store/vec4 v0x5581908388b0_0, 0, 1;
    %pushi/vec4 0, 0, 1;
    %store/vec4 v0x5581908386e0_0, 0, 1;
    %delay 20, 0;
    %pushi/vec4 0, 0, 1;
    %store/vec4 v0x5581908388b0_0, 0, 1;
    %pushi/vec4 0, 0, 1;
    %store/vec4 v0x5581908386e0_0, 0, 1;
    %delay 20, 0;
    %pushi/vec4 0, 0, 1;
    %store/vec4 v0x5581908388b0_0, 0, 1;
    %pushi/vec4 1, 0, 1;
    %store/vec4 v0x5581908386e0_0, 0, 1;
    %delay 20, 0;
    %pushi/vec4 0, 0, 1;
    %store/vec4 v0x5581908388b0_0, 0, 1;
    %pushi/vec4 1, 0, 1;
    %store/vec4 v0x5581908386e0_0, 0, 1;
    %delay 20, 0;
    %pushi/vec4 1, 0, 1;
    %store/vec4 v0x5581908388b0_0, 0, 1;
    %pushi/vec4 0, 0, 1;
    %store/vec4 v0x5581908386e0_0, 0, 1;
    %delay 20, 0;
    %pushi/vec4 1, 0, 1;
    %store/vec4 v0x5581908388b0_0, 0, 1;
    %pushi/vec4 0, 0, 1;
    %store/vec4 v0x5581908386e0_0, 0, 1;
    %delay 20, 0;
    %pushi/vec4 0, 0, 1;
    %store/vec4 v0x5581908388b0_0, 0, 1;
    %pushi/vec4 0, 0, 1;
    %store/vec4 v0x5581908386e0_0, 0, 1;
    %delay 20, 0;
    %pushi/vec4 0, 0, 1;
    %store/vec4 v0x5581908388b0_0, 0, 1;
    %pushi/vec4 1, 0, 1;
    %store/vec4 v0x5581908386e0_0, 0, 1;
    %delay 20, 0;
    %pushi/vec4 0, 0, 1;
    %store/vec4 v0x5581908388b0_0, 0, 1;
    %pushi/vec4 0, 0, 1;
    %store/vec4 v0x5581908386e0_0, 0, 1;
    %delay 20, 0;
    %pushi/vec4 0, 0, 1;
    %store/vec4 v0x5581908388b0_0, 0, 1;
    %pushi/vec4 0, 0, 1;
    %store/vec4 v0x5581908386e0_0, 0, 1;
    %delay 20, 0;
    %pushi/vec4 1, 0, 1;
    %store/vec4 v0x5581908388b0_0, 0, 1;
    %pushi/vec4 0, 0, 1;
    %store/vec4 v0x5581908386e0_0, 0, 1;
    %delay 20, 0;
    %pushi/vec4 1, 0, 1;
    %store/vec4 v0x5581908388b0_0, 0, 1;
    %pushi/vec4 0, 0, 1;
    %store/vec4 v0x5581908386e0_0, 0, 1;
    %delay 20, 0;
    %pushi/vec4 0, 0, 1;
    %store/vec4 v0x5581908388b0_0, 0, 1;
    %pushi/vec4 0, 0, 1;
    %store/vec4 v0x5581908386e0_0, 0, 1;
    %delay 20, 0;
    %pushi/vec4 0, 0, 1;
    %store/vec4 v0x5581908388b0_0, 0, 1;
    %pushi/vec4 1, 0, 1;
    %store/vec4 v0x5581908386e0_0, 0, 1;
    %delay 20, 0;
    %pushi/vec4 0, 0, 1;
    %store/vec4 v0x5581908388b0_0, 0, 1;
    %pushi/vec4 0, 0, 1;
    %store/vec4 v0x5581908386e0_0, 0, 1;
    %delay 20, 0;
    %pushi/vec4 0, 0, 1;
    %store/vec4 v0x5581908388b0_0, 0, 1;
    %pushi/vec4 1, 0, 1;
    %store/vec4 v0x5581908386e0_0, 0, 1;
    %delay 20, 0;
    %pushi/vec4 1, 0, 1;
    %store/vec4 v0x5581908388b0_0, 0, 1;
    %pushi/vec4 0, 0, 1;
    %store/vec4 v0x5581908386e0_0, 0, 1;
    %delay 20, 0;
    %pushi/vec4 1, 0, 1;
    %store/vec4 v0x5581908388b0_0, 0, 1;
    %pushi/vec4 0, 0, 1;
    %store/vec4 v0x5581908386e0_0, 0, 1;
    %delay 20, 0;
    %pushi/vec4 0, 0, 1;
    %store/vec4 v0x5581908388b0_0, 0, 1;
    %pushi/vec4 0, 0, 1;
    %store/vec4 v0x5581908386e0_0, 0, 1;
    %delay 20, 0;
    %pushi/vec4 0, 0, 1;
    %store/vec4 v0x5581908388b0_0, 0, 1;
    %pushi/vec4 1, 0, 1;
    %store/vec4 v0x5581908386e0_0, 0, 1;
    %delay 20, 0;
    %pushi/vec4 0, 0, 1;
    %store/vec4 v0x5581908388b0_0, 0, 1;
    %pushi/vec4 1, 0, 1;
    %store/vec4 v0x5581908386e0_0, 0, 1;
    %delay 20, 0;
    %pushi/vec4 0, 0, 1;
    %store/vec4 v0x5581908388b0_0, 0, 1;
    %pushi/vec4 0, 0, 1;
    %store/vec4 v0x5581908386e0_0, 0, 1;
    %delay 20, 0;
    %pushi/vec4 1, 0, 1;
    %store/vec4 v0x5581908388b0_0, 0, 1;
    %pushi/vec4 0, 0, 1;
    %store/vec4 v0x5581908386e0_0, 0, 1;
    %delay 20, 0;
    %pushi/vec4 1, 0, 1;
    %store/vec4 v0x5581908388b0_0, 0, 1;
    %pushi/vec4 0, 0, 1;
    %store/vec4 v0x5581908386e0_0, 0, 1;
    %delay 20, 0;
    %pushi/vec4 0, 0, 1;
    %store/vec4 v0x5581908388b0_0, 0, 1;
    %pushi/vec4 0, 0, 1;
    %store/vec4 v0x5581908386e0_0, 0, 1;
    %delay 20, 0;
    %pushi/vec4 0, 0, 1;
    %store/vec4 v0x5581908388b0_0, 0, 1;
    %pushi/vec4 1, 0, 1;
    %store/vec4 v0x5581908386e0_0, 0, 1;
    %delay 20, 0;
    %pushi/vec4 0, 0, 1;
    %store/vec4 v0x5581908388b0_0, 0, 1;
    %pushi/vec4 1, 0, 1;
    %store/vec4 v0x5581908386e0_0, 0, 1;
    %delay 20, 0;
    %pushi/vec4 0, 0, 1;
    %store/vec4 v0x5581908388b0_0, 0, 1;
    %pushi/vec4 1, 0, 1;
    %store/vec4 v0x5581908386e0_0, 0, 1;
    %delay 20, 0;
    %pushi/vec4 1, 0, 1;
    %store/vec4 v0x5581908388b0_0, 0, 1;
    %pushi/vec4 0, 0, 1;
    %store/vec4 v0x5581908386e0_0, 0, 1;
    %delay 20, 0;
    %pushi/vec4 1, 0, 1;
    %store/vec4 v0x5581908388b0_0, 0, 1;
    %pushi/vec4 0, 0, 1;
    %store/vec4 v0x5581908386e0_0, 0, 1;
    %delay 20, 0;
    %pushi/vec4 0, 0, 1;
    %store/vec4 v0x5581908388b0_0, 0, 1;
    %pushi/vec4 1, 0, 1;
    %store/vec4 v0x5581908386e0_0, 0, 1;
    %delay 20, 0;
    %pushi/vec4 0, 0, 1;
    %store/vec4 v0x5581908388b0_0, 0, 1;
    %pushi/vec4 0, 0, 1;
    %store/vec4 v0x5581908386e0_0, 0, 1;
    %delay 20, 0;
    %pushi/vec4 0, 0, 1;
    %store/vec4 v0x5581908388b0_0, 0, 1;
    %pushi/vec4 0, 0, 1;
    %store/vec4 v0x5581908386e0_0, 0, 1;
    %delay 20, 0;
    %pushi/vec4 0, 0, 1;
    %store/vec4 v0x5581908388b0_0, 0, 1;
    %pushi/vec4 0, 0, 1;
    %store/vec4 v0x5581908386e0_0, 0, 1;
    %delay 20, 0;
    %pushi/vec4 1, 0, 1;
    %store/vec4 v0x5581908388b0_0, 0, 1;
    %pushi/vec4 0, 0, 1;
    %store/vec4 v0x5581908386e0_0, 0, 1;
    %delay 20, 0;
    %pushi/vec4 1, 0, 1;
    %store/vec4 v0x5581908388b0_0, 0, 1;
    %pushi/vec4 0, 0, 1;
    %store/vec4 v0x5581908386e0_0, 0, 1;
    %delay 20, 0;
    %pushi/vec4 0, 0, 1;
    %store/vec4 v0x5581908388b0_0, 0, 1;
    %pushi/vec4 1, 0, 1;
    %store/vec4 v0x5581908386e0_0, 0, 1;
    %delay 20, 0;
    %pushi/vec4 0, 0, 1;
    %store/vec4 v0x5581908388b0_0, 0, 1;
    %pushi/vec4 0, 0, 1;
    %store/vec4 v0x5581908386e0_0, 0, 1;
    %delay 20, 0;
    %pushi/vec4 0, 0, 1;
    %store/vec4 v0x5581908388b0_0, 0, 1;
    %pushi/vec4 0, 0, 1;
    %store/vec4 v0x5581908386e0_0, 0, 1;
    %delay 20, 0;
    %pushi/vec4 0, 0, 1;
    %store/vec4 v0x5581908388b0_0, 0, 1;
    %pushi/vec4 1, 0, 1;
    %store/vec4 v0x5581908386e0_0, 0, 1;
    %delay 20, 0;
    %pushi/vec4 1, 0, 1;
    %store/vec4 v0x5581908388b0_0, 0, 1;
    %pushi/vec4 0, 0, 1;
    %store/vec4 v0x5581908386e0_0, 0, 1;
    %delay 20, 0;
    %pushi/vec4 1, 0, 1;
    %store/vec4 v0x5581908388b0_0, 0, 1;
    %pushi/vec4 0, 0, 1;
    %store/vec4 v0x5581908386e0_0, 0, 1;
    %delay 20, 0;
    %pushi/vec4 0, 0, 1;
    %store/vec4 v0x5581908388b0_0, 0, 1;
    %pushi/vec4 1, 0, 1;
    %store/vec4 v0x5581908386e0_0, 0, 1;
    %delay 20, 0;
    %pushi/vec4 0, 0, 1;
    %store/vec4 v0x5581908388b0_0, 0, 1;
    %pushi/vec4 0, 0, 1;
    %store/vec4 v0x5581908386e0_0, 0, 1;
    %delay 20, 0;
    %pushi/vec4 0, 0, 1;
    %store/vec4 v0x5581908388b0_0, 0, 1;
    %pushi/vec4 1, 0, 1;
    %store/vec4 v0x5581908386e0_0, 0, 1;
    %delay 20, 0;
    %pushi/vec4 0, 0, 1;
    %store/vec4 v0x5581908388b0_0, 0, 1;
    %pushi/vec4 0, 0, 1;
    %store/vec4 v0x5581908386e0_0, 0, 1;
    %delay 20, 0;
    %pushi/vec4 1, 0, 1;
    %store/vec4 v0x5581908388b0_0, 0, 1;
    %pushi/vec4 0, 0, 1;
    %store/vec4 v0x5581908386e0_0, 0, 1;
    %delay 20, 0;
    %pushi/vec4 1, 0, 1;
    %store/vec4 v0x5581908388b0_0, 0, 1;
    %pushi/vec4 0, 0, 1;
    %store/vec4 v0x5581908386e0_0, 0, 1;
    %delay 20, 0;
    %pushi/vec4 0, 0, 1;
    %store/vec4 v0x5581908388b0_0, 0, 1;
    %pushi/vec4 1, 0, 1;
    %store/vec4 v0x5581908386e0_0, 0, 1;
    %delay 20, 0;
    %pushi/vec4 0, 0, 1;
    %store/vec4 v0x5581908388b0_0, 0, 1;
    %pushi/vec4 0, 0, 1;
    %store/vec4 v0x5581908386e0_0, 0, 1;
    %delay 20, 0;
    %pushi/vec4 0, 0, 1;
    %store/vec4 v0x5581908388b0_0, 0, 1;
    %pushi/vec4 1, 0, 1;
    %store/vec4 v0x5581908386e0_0, 0, 1;
    %delay 20, 0;
    %pushi/vec4 0, 0, 1;
    %store/vec4 v0x5581908388b0_0, 0, 1;
    %pushi/vec4 1, 0, 1;
    %store/vec4 v0x5581908386e0_0, 0, 1;
    %delay 20, 0;
    %pushi/vec4 1, 0, 1;
    %store/vec4 v0x5581908388b0_0, 0, 1;
    %pushi/vec4 0, 0, 1;
    %store/vec4 v0x5581908386e0_0, 0, 1;
    %delay 20, 0;
    %pushi/vec4 1, 0, 1;
    %store/vec4 v0x5581908388b0_0, 0, 1;
    %pushi/vec4 0, 0, 1;
    %store/vec4 v0x5581908386e0_0, 0, 1;
    %delay 20, 0;
    %pushi/vec4 0, 0, 1;
    %store/vec4 v0x5581908388b0_0, 0, 1;
    %pushi/vec4 1, 0, 1;
    %store/vec4 v0x5581908386e0_0, 0, 1;
    %delay 20, 0;
    %pushi/vec4 0, 0, 1;
    %store/vec4 v0x5581908388b0_0, 0, 1;
    %pushi/vec4 1, 0, 1;
    %store/vec4 v0x5581908386e0_0, 0, 1;
    %delay 20, 0;
    %pushi/vec4 0, 0, 1;
    %store/vec4 v0x5581908388b0_0, 0, 1;
    %pushi/vec4 0, 0, 1;
    %store/vec4 v0x5581908386e0_0, 0, 1;
    %delay 20, 0;
    %pushi/vec4 0, 0, 1;
    %store/vec4 v0x5581908388b0_0, 0, 1;
    %pushi/vec4 0, 0, 1;
    %store/vec4 v0x5581908386e0_0, 0, 1;
    %delay 20, 0;
    %pushi/vec4 1, 0, 1;
    %store/vec4 v0x5581908388b0_0, 0, 1;
    %pushi/vec4 0, 0, 1;
    %store/vec4 v0x5581908386e0_0, 0, 1;
    %delay 20, 0;
    %pushi/vec4 1, 0, 1;
    %store/vec4 v0x5581908388b0_0, 0, 1;
    %pushi/vec4 0, 0, 1;
    %store/vec4 v0x5581908386e0_0, 0, 1;
    %delay 20, 0;
    %pushi/vec4 0, 0, 1;
    %store/vec4 v0x5581908388b0_0, 0, 1;
    %pushi/vec4 1, 0, 1;
    %store/vec4 v0x5581908386e0_0, 0, 1;
    %delay 20, 0;
    %pushi/vec4 0, 0, 1;
    %store/vec4 v0x5581908388b0_0, 0, 1;
    %pushi/vec4 1, 0, 1;
    %store/vec4 v0x5581908386e0_0, 0, 1;
    %delay 20, 0;
    %pushi/vec4 0, 0, 1;
    %store/vec4 v0x5581908388b0_0, 0, 1;
    %pushi/vec4 0, 0, 1;
    %store/vec4 v0x5581908386e0_0, 0, 1;
    %delay 20, 0;
    %pushi/vec4 0, 0, 1;
    %store/vec4 v0x5581908388b0_0, 0, 1;
    %pushi/vec4 1, 0, 1;
    %store/vec4 v0x5581908386e0_0, 0, 1;
    %delay 20, 0;
    %pushi/vec4 1, 0, 1;
    %store/vec4 v0x5581908388b0_0, 0, 1;
    %pushi/vec4 0, 0, 1;
    %store/vec4 v0x5581908386e0_0, 0, 1;
    %delay 20, 0;
    %pushi/vec4 1, 0, 1;
    %store/vec4 v0x5581908388b0_0, 0, 1;
    %pushi/vec4 0, 0, 1;
    %store/vec4 v0x5581908386e0_0, 0, 1;
    %delay 20, 0;
    %pushi/vec4 0, 0, 1;
    %store/vec4 v0x5581908388b0_0, 0, 1;
    %pushi/vec4 1, 0, 1;
    %store/vec4 v0x5581908386e0_0, 0, 1;
    %delay 20, 0;
    %pushi/vec4 0, 0, 1;
    %store/vec4 v0x5581908388b0_0, 0, 1;
    %pushi/vec4 1, 0, 1;
    %store/vec4 v0x5581908386e0_0, 0, 1;
    %delay 20, 0;
    %pushi/vec4 0, 0, 1;
    %store/vec4 v0x5581908388b0_0, 0, 1;
    %pushi/vec4 1, 0, 1;
    %store/vec4 v0x5581908386e0_0, 0, 1;
    %delay 20, 0;
    %pushi/vec4 0, 0, 1;
    %store/vec4 v0x5581908388b0_0, 0, 1;
    %pushi/vec4 0, 0, 1;
    %store/vec4 v0x5581908386e0_0, 0, 1;
    %delay 20, 0;
    %pushi/vec4 1, 0, 1;
    %store/vec4 v0x5581908388b0_0, 0, 1;
    %pushi/vec4 0, 0, 1;
    %store/vec4 v0x5581908386e0_0, 0, 1;
    %delay 20, 0;
    %pushi/vec4 1, 0, 1;
    %store/vec4 v0x5581908388b0_0, 0, 1;
    %pushi/vec4 0, 0, 1;
    %store/vec4 v0x5581908386e0_0, 0, 1;
    %delay 20, 0;
    %pushi/vec4 0, 0, 1;
    %store/vec4 v0x5581908388b0_0, 0, 1;
    %pushi/vec4 1, 0, 1;
    %store/vec4 v0x5581908386e0_0, 0, 1;
    %delay 20, 0;
    %pushi/vec4 0, 0, 1;
    %store/vec4 v0x5581908388b0_0, 0, 1;
    %pushi/vec4 1, 0, 1;
    %store/vec4 v0x5581908386e0_0, 0, 1;
    %delay 20, 0;
    %pushi/vec4 0, 0, 1;
    %store/vec4 v0x5581908388b0_0, 0, 1;
    %pushi/vec4 1, 0, 1;
    %store/vec4 v0x5581908386e0_0, 0, 1;
    %delay 20, 0;
    %pushi/vec4 0, 0, 1;
    %store/vec4 v0x5581908388b0_0, 0, 1;
    %pushi/vec4 1, 0, 1;
    %store/vec4 v0x5581908386e0_0, 0, 1;
    %delay 20, 0;
    %pushi/vec4 1, 0, 1;
    %store/vec4 v0x5581908388b0_0, 0, 1;
    %pushi/vec4 0, 0, 1;
    %store/vec4 v0x5581908386e0_0, 0, 1;
    %delay 20, 0;
    %pushi/vec4 1, 0, 1;
    %store/vec4 v0x5581908388b0_0, 0, 1;
    %pushi/vec4 0, 0, 1;
    %store/vec4 v0x5581908386e0_0, 0, 1;
    %delay 20, 0;
    %pushi/vec4 0, 0, 1;
    %store/vec4 v0x5581908388b0_0, 0, 1;
    %pushi/vec4 1, 0, 1;
    %store/vec4 v0x5581908386e0_0, 0, 1;
    %delay 20, 0;
    %pushi/vec4 0, 0, 1;
    %store/vec4 v0x5581908388b0_0, 0, 1;
    %pushi/vec4 1, 0, 1;
    %store/vec4 v0x5581908386e0_0, 0, 1;
    %delay 20, 0;
    %pushi/vec4 0, 0, 1;
    %store/vec4 v0x5581908388b0_0, 0, 1;
    %pushi/vec4 0, 0, 1;
    %store/vec4 v0x5581908386e0_0, 0, 1;
    %delay 20, 0;
    %pushi/vec4 0, 0, 1;
    %store/vec4 v0x5581908388b0_0, 0, 1;
    %pushi/vec4 1, 0, 1;
    %store/vec4 v0x5581908386e0_0, 0, 1;
    %delay 20, 0;
    %pushi/vec4 0, 0, 1;
    %store/vec4 v0x5581908388b0_0, 0, 1;
    %pushi/vec4 1, 0, 1;
    %store/vec4 v0x5581908386e0_0, 0, 1;
    %delay 20, 0;
    %pushi/vec4 0, 0, 1;
    %store/vec4 v0x5581908388b0_0, 0, 1;
    %pushi/vec4 0, 0, 1;
    %store/vec4 v0x5581908386e0_0, 0, 1;
    %delay 20, 0;
    %pushi/vec4 0, 0, 1;
    %store/vec4 v0x5581908388b0_0, 0, 1;
    %pushi/vec4 1, 0, 1;
    %store/vec4 v0x5581908386e0_0, 0, 1;
    %delay 20, 0;
    %pushi/vec4 1, 0, 1;
    %store/vec4 v0x5581908388b0_0, 0, 1;
    %pushi/vec4 0, 0, 1;
    %store/vec4 v0x5581908386e0_0, 0, 1;
    %delay 20, 0;
    %pushi/vec4 1, 0, 1;
    %store/vec4 v0x5581908388b0_0, 0, 1;
    %pushi/vec4 0, 0, 1;
    %store/vec4 v0x5581908386e0_0, 0, 1;
    %delay 20, 0;
    %pushi/vec4 0, 0, 1;
    %store/vec4 v0x5581908388b0_0, 0, 1;
    %pushi/vec4 1, 0, 1;
    %store/vec4 v0x5581908386e0_0, 0, 1;
    %delay 20, 0;
    %pushi/vec4 0, 0, 1;
    %store/vec4 v0x5581908388b0_0, 0, 1;
    %pushi/vec4 0, 0, 1;
    %store/vec4 v0x5581908386e0_0, 0, 1;
    %delay 20, 0;
    %pushi/vec4 0, 0, 1;
    %store/vec4 v0x5581908388b0_0, 0, 1;
    %pushi/vec4 0, 0, 1;
    %store/vec4 v0x5581908386e0_0, 0, 1;
    %delay 20, 0;
    %pushi/vec4 0, 0, 1;
    %store/vec4 v0x5581908388b0_0, 0, 1;
    %pushi/vec4 1, 0, 1;
    %store/vec4 v0x5581908386e0_0, 0, 1;
    %delay 20, 0;
    %pushi/vec4 0, 0, 1;
    %store/vec4 v0x5581908388b0_0, 0, 1;
    %pushi/vec4 1, 0, 1;
    %store/vec4 v0x5581908386e0_0, 0, 1;
    %delay 20, 0;
    %pushi/vec4 0, 0, 1;
    %store/vec4 v0x5581908388b0_0, 0, 1;
    %pushi/vec4 0, 0, 1;
    %store/vec4 v0x5581908386e0_0, 0, 1;
    %delay 20, 0;
    %pushi/vec4 0, 0, 1;
    %store/vec4 v0x5581908388b0_0, 0, 1;
    %pushi/vec4 1, 0, 1;
    %store/vec4 v0x5581908386e0_0, 0, 1;
    %delay 20, 0;
    %pushi/vec4 1, 0, 1;
    %store/vec4 v0x5581908388b0_0, 0, 1;
    %pushi/vec4 0, 0, 1;
    %store/vec4 v0x5581908386e0_0, 0, 1;
    %delay 20, 0;
    %pushi/vec4 1, 0, 1;
    %store/vec4 v0x5581908388b0_0, 0, 1;
    %pushi/vec4 0, 0, 1;
    %store/vec4 v0x5581908386e0_0, 0, 1;
    %delay 20, 0;
    %vpi_call/w 3 574 "$finish" {0 0 0};
    %end;
    .thread T_4;
# The file index is used to find the file name in the following table.
:file_names 5;
    "N/A";
    "<interactive>";
    "-";
    "new_tb.sv";
    "right_individual.sv";
