0	41.15	50	30	4.6021	170.172
1	44.4	52	40	3.10099	157.73
2	45.5	52	42	2.5005	143.546
3	46.16	52	44	2.43593	140.991
4	46.48	54	44	2.52854	128.984
5	46.83	54	44	2.47433	132.302
6	47.22	54	44	2.38505	132.812
7	47.59	54	44	2.10864	125.22
8	47.86	54	44	1.88572	125.966
9	48.1	54	46	1.7724	120.454
10	48.52	54	46	1.61107	122.92
11	48.62	54	46	1.53597	115.028
12	48.76	54	46	1.45727	116.841
13	48.87	54	46	1.38283	117.584
14	49.13	54	47	1.18624	120.952
15	49.23	54	48	1.14464	122.107
16	49.27	54	48	1.13578	119.842
17	49.32	54	48	1.11808	118.532
18	49.4	54	48	1.11916	120.48
19	49.46	54	48	1.09563	119.116
20	49.6	54	48	1.13707	113.561
21	49.66	54	48	1.10298	113.479
22	49.74	54	48	1.08823	113.747
23	49.78	54	48	1.05964	117.061
24	49.91	54	48	0.943826	115.764
25	50.01	54	48	0.834786	114.812
26	50.09	54	49	0.739846	118.949
27	50.11	54	49	0.723278	118.81
28	50.18	54	49	0.7018	120.888
29	50.21	54	50	0.686006	119.416
30	50.22	54	50	0.690191	120.904
31	50.23	54	50	0.694203	122.057
32	50.24	54	50	0.69805	119.492
33	50.24	54	50	0.69805	119.146
34	50.24	54	50	0.69805	118.798
35	50.26	54	50	0.719428	118.381
36	50.27	54	50	0.722718	121.038
37	50.28	54	50	0.725857	123.694
38	50.28	54	50	0.725857	124.29
39	50.28	54	50	0.725857	128.502
40	50.29	54	50	0.728842	128.396
41	50.29	54	50	0.728842	127.691
42	50.29	54	50	0.728842	134.476
43	50.3	54	50	0.731679	133.45
44	50.34	54	50	0.819214	131.666
45	50.37	54	50	0.836721	136.096
46	50.37	54	50	0.836721	136.278
47	50.4	54	50	0.852803	134.012
48	50.4	54	50	0.852803	132.892
49	50.4	54	50	0.852803	134.657
50	50.43	54	50	0.867539	132.158
51	50.48	54	50	0.937222	130.902
52	50.48	54	50	0.937222	133.177
53	50.51	54	50	0.948099	129.768
54	50.51	54	50	0.948099	128.517
55	50.51	54	50	0.948099	128.208
56	50.51	54	50	0.948099	125.236
57	50.51	54	50	0.948099	124.621
58	50.52	54	50	0.947938	127.278
59	50.52	54	50	0.947938	117.618
60	50.52	54	50	0.947938	115.852
61	50.52	54	50	0.947938	116.106
62	50.57	54	50	0.966666	118.745
63	50.6	54	50	0.974421	119.811
64	50.6	54	50	0.974421	123.173
65	50.6	54	50	0.974421	121.479
66	50.64	54	50	0.979796	118.141
67	50.66	54	50	0.986986	120.54
68	50.67	54	50	0.985296	123.041
69	50.67	54	50	0.985296	120.605
70	50.69	54	50	0.981598	119.49
71	50.69	54	50	0.981598	120.077
72	50.71	54	50	0.987752	122.368
73	50.73	54	50	0.983243	121.391
74	50.79	54	50	1.03762	120.685
75	50.83	54	50	1.08297	123.67
76	50.87	54	50	1.12506	123.976
77	50.89	54	50	1.11821	118.329
78	50.89	54	50	1.11821	120.695
79	50.91	54	50	1.11097	118.054
80	50.92	54	50	1.10719	111.429
81	50.94	54	50	1.10846	108.682
82	50.96	54	50	1.10937	107.988
83	50.96	54	50	1.10937	112.29
84	50.98	54	50	1.10992	112.623
85	50.98	54	50	1.10992	117.932
86	51	54	50	1.10096	116.618
87	51.05	54	50	1.08595	112.381
88	51.06	54	50	1.08078	116.942
89	51.06	54	50	1.08078	116.951
90	51.07	54	50	1.07548	118.488
91	51.14	54	50	1.10115	119.914
92	51.15	54	50	1.09521	120.419
93	51.16	54	50	1.08916	119.506
94	51.17	54	50	1.08297	121.063
95	51.17	54	50	1.08297	118.024
96	51.17	54	50	1.08297	112.865
97	51.19	54	50	1.07961	119.825
98	51.21	54	50	1.07586	121.281
99	51.23	54	50	1.07172	136.509
100	51.23	54	50	1.07172	135.109
101	51.24	54	50	1.06477	134.958
102	51.25	54	50	1.05768	128.595
103	51.25	54	50	1.05768	128.595
104	51.25	54	50	1.05768	129.259
105	51.26	54	50	1.05044	135.345
106	51.27	54	50	1.04306	125.854
107	51.27	54	50	1.04306	125.765
108	51.28	54	50	1.03553	124.823
109	51.28	54	50	1.03553	121.184
110	51.28	54	50	1.03553	118.22
111	51.28	54	50	1.03553	118.446
112	51.31	54	50	1.02193	124.412
113	51.32	54	50	1.01384	129.439
114	51.32	54	50	1.01384	130.188
115	51.34	54	50	0.997168	129.143
116	51.39	54	50	1.01399	129.316
117	51.4	54	50	1.00504	127.56
118	51.4	54	50	1.00504	124.595
119	51.42	54	50	0.996763	126.151
120	51.47	54	50	0.958271	123.648
121	51.48	54	50	0.947938	121.25
122	51.48	54	50	0.947938	122.327
123	51.49	54	50	0.937384	121.712
124	51.55	54	50	0.936088	120.363
125	51.59	54	51	0.954468	120.46
126	51.59	54	51	0.954468	120.394
127	51.61	54	51	0.962898	118.89
128	51.63	54	51	0.960378	118.774
129	51.63	54	51	0.960378	118.774
130	51.63	54	51	0.960378	118.774
131	51.63	54	51	0.960378	119.029
132	51.67	54	51	0.964575	118.923
133	51.67	54	51	0.964575	118.949
134	51.67	54	51	0.964575	118.949
135	51.67	54	51	0.964575	118.949
136	51.67	54	51	0.964575	118.949
137	51.67	54	51	0.964575	118.949
138	51.67	54	51	0.964575	118.949
139	51.68	54	51	0.962741	119.058
140	51.69	54	51	0.960797	119.087
141	51.69	54	51	0.960797	125.4
142	51.69	54	51	0.960797	124.111
143	51.7	54	51	0.958744	123.522
144	51.72	54	51	0.95431	118.803
145	51.72	54	51	0.95431	118.803
146	51.74	54	51	0.949428	117.891
147	51.75	54	51	0.946818	117.602
148	51.75	54	51	0.946818	120.66
149	51.76	54	51	0.944094	120.872
150	51.79	54	51	0.967084	121.61
151	51.82	54	51	0.988623	121.575
152	51.82	54	51	0.988623	120.644
153	51.82	54	51	0.988623	120.644
154	51.84	54	51	0.981855	125.413
155	51.87	54	51	1.00156	128.208
156	51.87	54	51	1.00156	127.995
157	51.88	54	51	0.997774	131.153
158	51.88	54	51	0.997774	133.052
159	51.89	54	51	0.99387	132.481
160	51.9	54	51	0.989848	132.762
161	51.92	54	51	0.981444	133.652
162	51.92	54	51	0.981444	133.926
163	51.92	54	51	0.981444	133.926
164	51.92	54	51	0.981444	133.137
165	51.92	54	51	0.981444	133.137
166	51.93	54	51	0.977059	133.104
167	51.93	54	51	0.977059	133.104
168	52.01	54	51	1.01	128.338
169	52.01	54	51	1.01	127.208
170	52.01	54	51	1.01	128.272
171	52.01	54	51	1.01	129.417
172	52.01	54	51	1.01	129.829
173	52.03	54	51	0.999545	127.034
174	52.06	54	51	1.01325	121.86
175	52.06	54	51	1.01325	121.016
176	52.12	54	51	1.03748	120.748
177	52.16	54	51	1.04175	122.721
178	52.19	54	51	1.05117	123.308
179	52.19	54	51	1.05117	127.069
180	52.19	54	51	1.05117	128.077
181	52.22	54	51	1.0404	125.037
182	52.22	54	51	1.0404	125.045
183	52.26	54	51	1.04078	124.86
184	52.26	54	51	1.04078	124.638
185	52.26	54	51	1.04078	124.638
186	52.26	54	51	1.04078	125.726
187	52.27	54	51	1.03333	125.683
188	52.3	54	51	1.03962	124.509
189	52.34	54	51	1.0369	123.77
190	52.37	54	51	1.04113	122.526
191	52.37	54	51	1.04113	122.526
192	52.37	54	51	1.04113	119.722
193	52.4	54	51	1.04447	117.655
194	52.44	54	51	1.03787	116.871
195	52.44	54	51	1.03787	117.27
196	52.44	54	51	1.03787	117.334
197	52.44	54	51	1.03787	116.629
198	52.46	54	51	1.01921	119.711
199	52.47	54	51	1.0096	122.355
200	52.47	54	51	1.0096	122.355
201	52.47	54	51	1.0096	122.218
202	52.47	54	51	1.0096	121.705
203	52.47	54	51	1.0096	121.634
204	52.48	54	51	0.999798	123.443
205	52.51	54	51	0.99995	124.929
206	52.55	55	51	1.01876	125.483
207	52.55	55	51	1.01876	125.171
208	52.56	55	51	1.00825	122.938
209	52.58	55	51	0.996763	123.66
210	52.62	55	51	0.982473	124.905
211	52.62	55	51	0.982473	124.905
212	52.66	55	51	0.966301	126.695
213	52.72	55	52	0.95431	128.216
214	52.72	55	52	0.95431	128.216
215	52.73	55	52	0.951925	128.26
216	52.73	55	52	0.951925	127.866
217	52.75	55	52	0.957427	127.918
218	52.75	55	52	0.957427	127.918
219	52.75	55	52	0.957427	128.453
220	52.75	55	52	0.957427	128.453
221	52.75	55	52	0.957427	128.453
222	52.77	55	52	0.962478	128.574
223	52.79	55	52	0.967084	126.603
224	52.79	55	52	0.967084	126.603
225	52.79	55	52	0.967084	124.897
226	52.79	55	52	0.967084	124.897
227	52.79	55	52	0.967084	124.897
228	52.79	55	52	0.967084	124.897
229	52.81	55	52	0.971254	125.2
230	52.81	55	52	0.971254	125.798
231	52.81	55	52	0.971254	125.798
232	52.81	55	52	0.971254	125.798
233	52.81	55	52	0.971254	124.928
234	52.85	55	52	0.978299	124.874
235	52.87	55	52	0.981186	124.141
236	52.87	55	52	0.981186	124.141
237	52.87	55	52	0.981186	124.141
238	52.87	55	52	0.981186	123.648
239	52.89	55	52	0.983654	123.487
240	52.89	55	52	0.983654	126.771
241	52.89	55	52	0.983654	126.771
242	52.89	55	52	0.983654	127.685
243	52.89	55	52	0.983654	128.725
244	52.89	55	52	0.983654	128.725
245	52.89	55	52	0.983654	127.517
246	52.89	55	52	0.983654	127.517
247	52.89	55	52	0.983654	128.748
248	52.89	55	52	0.983654	128.748
249	52.91	55	52	0.985706	128.357
250	52.93	55	52	0.987343	128.184
251	52.93	55	52	0.987343	128.468
252	52.97	55	52	0.989388	133.886
253	52.97	55	52	0.989388	133.886
254	52.97	55	52	0.989388	133.886
255	52.97	55	52	0.989388	133.886
256	52.99	55	52	0.989796	135.074
257	52.99	55	52	0.989796	135.074
258	52.99	55	52	0.989796	135.074
259	52.99	55	52	0.989796	134.242
260	53.04	55	52	1.00423	137.025
261	53.06	55	52	1.00323	136.867
262	53.06	55	52	1.00323	140.225
263	53.08	55	52	1.00182	140.892
264	53.08	55	52	1.00182	140.892
265	53.1	55	52	1	142.122
266	53.14	55	52	0.984937	141.709
267	53.16	55	52	0.981855	140.512
268	53.16	55	52	0.981855	139.285
269	53.18	55	52	0.978352	133.982
270	53.2	55	52	0.974421	135.785
271	53.2	55	52	0.974421	135.785
272	53.2	55	52	0.974421	136.726
273	53.2	55	52	0.974421	138.149
274	53.2	55	52	0.974421	138.149
275	53.22	55	52	0.970057	140.123
276	53.22	55	52	0.970057	140.123
277	53.22	55	52	0.970057	140.123
278	53.26	55	52	0.960008	140.103
279	53.28	55	52	0.95431	138.852
280	53.3	55	52	0.948151	140.919
281	53.3	55	52	0.948151	143.256
282	53.3	55	52	0.948151	143.256
283	53.32	55	52	0.941523	144.994
284	53.34	55	52	0.934415	143.751
285	53.38	55	52	0.918717	145.091
286	53.4	55	52	0.910101	145.332
287	53.42	55	52	0.900954	142.315
288	53.46	55	52	0.892392	142.011
289	53.48	55	52	0.881688	142.082
290	53.48	55	52	0.881688	142.082
291	53.48	55	52	0.881688	142.082
292	53.48	55	52	0.881688	142.082
293	53.48	55	52	0.881688	142.082
294	53.48	55	52	0.881688	142.082
295	53.49	55	52	0.87033	141.619
296	53.49	55	52	0.87033	140.883
297	53.49	55	52	0.87033	140.883
298	53.5	55	52	0.858705	142.084
299	53.53	55	52	0.834303	142.692
300	53.53	55	52	0.834303	142.181
301	53.53	55	52	0.834303	142.181
302	53.53	55	52	0.834303	141.701
303	53.53	55	52	0.834303	141.653
304	53.56	55	52	0.808041	143.617
305	53.56	55	52	0.808041	143.473
306	53.56	55	52	0.808041	143.473
307	53.56	55	52	0.808041	144.392
308	53.56	55	52	0.808041	144.392
309	53.56	55	52	0.808041	145.473
310	53.62	56	52	0.813771	153.059
311	53.64	56	52	0.797977	159.325
312	53.67	56	52	0.76614	158.446
313	53.67	56	52	0.76614	158.446
314	53.67	56	52	0.76614	158.989
315	53.69	56	52	0.747994	158.417
316	53.69	56	52	0.747994	158.417
317	53.7	56	52	0.731679	158.515
318	53.7	56	52	0.731679	158.515
319	53.7	56	52	0.731679	158.515
320	53.7	56	52	0.731679	158.515
321	53.7	56	52	0.731679	157.837
322	53.7	56	52	0.731679	157.837
323	53.72	56	52	0.711805	156.367
324	53.74	56	52	0.690776	158.037
325	53.74	56	52	0.690776	158.037
326	53.74	56	52	0.690776	158.037
327	53.74	56	52	0.690776	158.037
328	53.74	56	52	0.690776	158.037
329	53.74	56	52	0.690776	158.037
330	53.76	56	52	0.668482	156.849
331	53.76	56	52	0.668482	156.849
332	53.76	56	52	0.668482	156.849
333	53.8	56	52	0.619547	157.186
334	53.8	56	52	0.619547	157.843
335	53.82	56	52	0.592546	161.127
336	53.84	56	52	0.563538	158.275
337	53.84	56	52	0.563538	158.275
338	53.84	56	52	0.563538	158.275
339	53.85	56	52	0.538891	157.281
340	53.87	56	52	0.505625	166.092
341	53.87	56	52	0.505625	166.092
342	53.87	56	52	0.505625	170.179
343	53.87	56	52	0.505625	170.179
344	53.89	56	53	0.469149	166.915
345	53.89	56	53	0.469149	166.915
346	53.89	56	53	0.469149	166.915
347	53.9	56	53	0.460566	166.312
348	53.9	56	53	0.460566	166.312
349	53.9	56	53	0.460566	166.312
350	53.91	56	53	0.451596	166.969
351	53.93	56	53	0.4324	176.425
352	53.93	56	53	0.4324	176.425
353	53.93	56	53	0.4324	176.425
354	53.93	56	53	0.4324	176.425
355	53.93	56	53	0.4324	176.425
356	53.94	56	53	0.422116	176.275
357	53.94	56	53	0.422116	176.275
358	53.94	56	53	0.422116	176.275
359	53.95	56	53	0.41133	177.036
360	53.95	56	53	0.41133	177.036
361	53.95	56	53	0.41133	177.036
362	53.95	56	53	0.41133	177.036
363	53.96	56	53	0.4	176.732
364	53.96	56	53	0.4	176.732
365	53.97	56	53	0.38808	179.471
366	53.97	56	53	0.38808	179.471
367	53.97	56	53	0.38808	179.471
368	53.97	56	53	0.38808	179.471
369	53.97	56	53	0.38808	179.963
370	53.98	56	53	0.375513	181.457
371	54.01	56	53	0.414266	180.663
372	54.01	56	53	0.414266	180.663
373	54.01	56	53	0.414266	180.663
374	54.01	56	53	0.414266	180.663
375	54.02	56	53	0.401512	181.415
376	54.02	56	53	0.401512	181.415
377	54.02	56	53	0.401512	181.415
378	54.02	56	53	0.401512	181.415
379	54.02	56	53	0.401512	181.415
380	54.03	56	53	0.38808	181.86
381	54.03	56	53	0.38808	181.86
382	54.03	56	53	0.38808	181.86
383	54.03	56	53	0.38808	181.86
384	54.03	56	53	0.38808	181.86
385	54.03	56	53	0.38808	181.86
386	54.03	56	53	0.38808	181.86
387	54.05	56	53	0.385992	179.964
388	54.05	56	53	0.385992	179.964
389	54.05	56	53	0.385992	179.964
390	54.05	56	53	0.385992	179.964
391	54.05	56	53	0.385992	179.964
392	54.05	56	53	0.385992	179.964
393	54.06	56	53	0.371184	179.849
394	54.06	56	53	0.371184	179.849
395	54.06	56	53	0.371184	179.849
396	54.08	56	54	0.338744	188.574
397	54.08	56	54	0.338744	188.574
398	54.08	56	54	0.338744	188.808
399	54.08	56	54	0.338744	188.808
400	54.08	56	54	0.338744	188.866
401	54.08	56	54	0.338744	188.866
402	54.08	56	54	0.338744	188.866
403	54.08	56	54	0.338744	189.633
404	54.08	56	54	0.338744	189.633
405	54.08	56	54	0.338744	189.633
406	54.08	56	54	0.338744	189.633
407	54.08	56	54	0.338744	189.633
408	54.08	56	54	0.338744	189.633
409	54.08	56	54	0.338744	189.443
410	54.08	56	54	0.338744	189.353
411	54.08	56	54	0.338744	189.353
412	54.09	56	54	0.3509	184.078
413	54.09	56	54	0.3509	186.166
414	54.09	56	54	0.3509	186.166
415	54.09	56	54	0.3509	187.032
416	54.09	56	54	0.3509	188.163
417	54.09	56	54	0.3509	188.163
418	54.09	56	54	0.3509	188.163
419	54.09	56	54	0.3509	188.163
420	54.09	56	54	0.3509	188.013
421	54.09	56	54	0.3509	188.013
422	54.09	56	54	0.3509	187.87
423	54.09	56	54	0.3509	188.152
424	54.09	56	54	0.3509	188.152
425	54.09	56	54	0.3509	188.152
426	54.09	56	54	0.3509	188.152
427	54.09	56	54	0.3509	188.152
428	54.09	56	54	0.3509	188.152
429	54.1	56	54	0.362371	188.044
430	54.1	56	54	0.362371	188.748
431	54.1	56	54	0.362371	188.748
432	54.1	56	54	0.362371	188.748
433	54.1	56	54	0.362371	188.748
434	54.1	56	54	0.362371	188.748
435	54.1	56	54	0.362371	188.748
436	54.11	56	54	0.37322	188.287
437	54.11	56	54	0.37322	188.287
438	54.11	56	54	0.37322	187.542
439	54.11	56	54	0.37322	187.542
440	54.11	56	54	0.37322	187.542
441	54.11	56	54	0.37322	187.542
442	54.11	56	54	0.37322	187.542
443	54.11	56	54	0.37322	187.542
444	54.11	56	54	0.37322	187.542
445	54.12	56	54	0.383498	189.615
446	54.12	56	54	0.383498	189.615
447	54.12	56	54	0.383498	196.953
448	54.12	56	54	0.383498	196.798
449	54.12	56	54	0.383498	196.798
450	54.12	56	54	0.383498	196.798
451	54.12	56	54	0.383498	195.409
452	54.12	56	54	0.383498	195.262
453	54.12	56	54	0.383498	195.262
454	54.12	56	54	0.383498	195.262
455	54.12	56	54	0.383498	194.084
456	54.12	56	54	0.383498	194.084
457	54.12	56	54	0.383498	194.084
458	54.12	56	54	0.383498	194.084
459	54.12	56	54	0.383498	194.084
460	54.12	56	54	0.383498	194.084
461	54.12	56	54	0.383498	194.084
462	54.12	56	54	0.383498	194.084
463	54.12	56	54	0.383498	194.084
464	54.12	56	54	0.383498	194.084
465	54.12	56	54	0.383498	194.084
466	54.12	56	54	0.383498	194.084
467	54.12	56	54	0.383498	195.013
468	54.13	56	54	0.393251	192.558
469	54.13	56	54	0.393251	192.558
470	54.13	56	54	0.393251	192.558
471	54.13	56	54	0.393251	192.558
472	54.13	56	54	0.393251	192.558
473	54.13	56	54	0.393251	192.558
474	54.13	56	54	0.393251	188.86
475	54.13	56	54	0.393251	188.86
476	54.13	56	54	0.393251	188.86
477	54.13	56	54	0.393251	188.86
478	54.13	56	54	0.393251	190.247
479	54.13	56	54	0.393251	190.247
480	54.13	56	54	0.393251	181.425
481	54.13	56	54	0.393251	179.785
482	54.13	56	54	0.393251	179.785
483	54.13	56	54	0.393251	179.785
484	54.13	56	54	0.393251	180.138
485	54.13	56	54	0.393251	180.138
486	54.13	56	54	0.393251	180.138
487	54.13	56	54	0.393251	180.138
488	54.13	56	54	0.393251	178.981
489	54.13	56	54	0.393251	178.981
490	54.13	56	54	0.393251	178.981
491	54.13	56	54	0.393251	178.981
492	54.15	56	54	0.435195	178.519
493	54.15	56	54	0.435195	180.722
494	54.15	56	54	0.435195	180.722
495	54.15	56	54	0.435195	181.369
496	54.15	56	54	0.435195	181.369
497	54.15	56	54	0.435195	183.452
498	54.15	56	54	0.435195	183.452
499	54.15	56	54	0.435195	183.211
500	54.15	56	54	0.435195	183.211
