0	41.15	50	30	4.6021	170.172
1	44.13	50	40	2.9393	146.69
2	45.73	50	43	2.50597	145.255
3	46.36	51	44	2.55256	136.628
4	46.64	52	44	2.58011	135.109
5	47.14	52	44	2.43717	121.267
6	47.54	52	44	2.37589	133.703
7	47.93	54	44	2.19851	140.686
8	48.35	54	46	1.8983	140.089
9	48.52	54	46	1.81731	140.345
10	48.73	54	46	1.73412	136.63
11	49.22	54	46	1.33015	140.925
12	49.4	54	48	1.25529	141.095
13	49.51	54	48	1.24312	138.388
14	49.57	54	48	1.20818	133.653
15	49.74	54	48	1.15137	127.882
16	49.8	54	48	1.1101	131.15
17	49.92	54	48	1.00182	131.761
18	50.01	54	48	0.948097	127.37
19	50.16	54	49	0.813026	127.285
20	50.2	54	49	0.778499	126.484
21	50.25	54	49	0.74366	121.206
22	50.32	54	50	0.70896	126.842
23	50.34	54	50	0.713789	119.889
24	50.34	54	50	0.713789	119.874
25	50.38	54	50	0.801262	125.066
26	50.39	54	50	0.80271	132.387
27	50.42	54	50	0.818721	133.974
28	50.42	54	50	0.818721	137.006
29	50.45	54	50	0.857232	138.644
30	50.47	54	50	0.869866	142.001
31	50.49	54	50	0.881861	142.187
32	50.49	54	50	0.881861	141.384
33	50.49	54	50	0.881861	147.66
34	50.5	54	50	0.881917	139.708
35	50.5	54	50	0.881917	142.463
36	50.51	54	50	0.88186	144.318
37	50.53	54	50	0.881402	146.299
38	50.54	54	50	0.881	143.373
39	50.55	54	50	0.880484	134.249
40	50.55	54	50	0.880484	129.957
41	50.57	54	50	0.879105	129.615
42	50.62	54	50	0.940449	125.68
43	50.63	54	50	0.939106	126.019
44	50.67	54	50	0.995495	126.824
45	50.72	54	50	1.04524	127.535
46	50.72	54	50	1.04524	128.691
47	50.73	54	50	1.04306	126.613
48	50.76	54	50	1.04563	131.43
49	50.78	54	50	1.05006	134.771
50	50.84	54	50	1.08916	136.079
51	50.85	54	50	1.08595	132.213
52	50.88	54	50	1.08507	135.109
53	50.88	54	50	1.08507	136.877
54	50.89	54	50	1.08148	136.168
55	50.9	54	50	1.07778	137.143
56	50.91	54	50	1.07398	136.677
57	50.94	54	50	1.07139	139.247
58	50.96	54	50	1.07233	140.016
59	50.98	54	50	1.06344	136.46
60	50.98	54	50	1.06344	134.58
61	50.98	54	50	1.06344	135.485
62	51.04	54	50	1.09101	135.684
63	51.04	54	50	1.09101	135.342
64	51.08	54	50	1.12528	134.975
65	51.13	54	50	1.15168	132.516
66	51.17	54	50	1.15518	134.913
67	51.26	54	50	1.1774	135.491
68	51.3	54	50	1.16775	133.967
69	51.3	54	50	1.16775	135.22
70	51.37	54	50	1.14288	139.071
71	51.39	54	50	1.12721	136.091
72	51.41	54	50	1.11096	129.217
73	51.41	54	50	1.11096	128.586
74	51.42	54	50	1.10261	133.948
75	51.42	54	50	1.10261	133.55
76	51.43	54	50	1.09411	141.239
77	51.44	54	50	1.08544	143.066
78	51.47	54	50	1.06794	139.729
79	51.48	54	50	1.05868	138.429
80	51.48	54	50	1.05868	140.977
81	51.48	54	50	1.05868	144.396
82	51.52	54	50	1.03943	147.592
83	51.53	54	50	1.02942	148.692
84	51.53	54	50	1.02942	148.101
85	51.55	54	50	1.0088	144.511
86	51.64	54	51	0.979796	145.942
87	51.64	54	51	0.979796	145.942
88	51.64	54	51	0.979796	144.022
89	51.64	54	51	0.979796	144.241
90	51.64	54	51	0.979796	144.241
91	51.64	54	51	0.979796	146.042
92	51.66	54	51	0.976698	151.715
93	51.66	54	51	0.976698	152.555
94	51.68	54	51	0.973176	154.522
95	51.68	54	51	0.973176	157.542
96	51.69	54	51	0.971253	157.158
97	51.72	54	51	0.975249	149.818
98	51.72	54	51	0.975249	148.661
99	51.75	54	51	0.998737	148.023
100	51.75	54	51	0.998737	148.016
101	51.75	54	51	0.998737	147.965
102	51.77	54	51	0.993464	147.403
103	51.83	54	51	1.03529	151.832
104	51.87	55	51	1.07923	154.823
105	51.87	55	51	1.07923	154.823
106	51.87	55	51	1.07923	155.35
107	51.87	55	51	1.07923	157.194
108	51.87	55	51	1.07923	153.014
109	51.87	55	51	1.07923	153.014
110	51.87	55	51	1.07923	154.487
111	51.91	55	51	1.09263	154.594
112	51.94	55	51	1.10846	154.881
113	51.94	55	51	1.10846	157.765
114	51.94	55	51	1.10846	158.219
115	51.94	55	51	1.10846	158.083
116	51.94	55	51	1.10846	157.865
117	51.94	55	51	1.10846	152.333
118	51.94	55	51	1.10846	153.934
119	51.94	55	51	1.10846	153.934
120	51.94	55	51	1.10846	153.934
121	51.94	55	51	1.10846	152.874
122	51.95	55	51	1.1044	152.928
123	51.96	55	51	1.10023	151.752
124	51.99	55	51	1.1146	154.045
125	51.99	55	51	1.1146	154.045
126	52.06	55	51	1.13547	155.073
127	52.1	55	51	1.1415	154.509
128	52.1	55	51	1.1415	152.48
129	52.11	55	51	1.13614	156.584
130	52.12	55	51	1.13066	155.003
131	52.12	55	51	1.13066	155.003
132	52.12	55	51	1.13066	155.003
133	52.16	55	51	1.16098	157.645
134	52.16	55	51	1.16098	158.3
135	52.16	55	51	1.16098	165.04
136	52.22	55	51	1.17705	164.627
137	52.27	55	51	1.17081	165.229
138	52.27	55	51	1.17081	165.229
139	52.3	55	51	1.15032	166.867
140	52.3	55	51	1.15032	165.885
141	52.3	55	51	1.15032	165.885
142	52.3	55	51	1.15032	165.885
143	52.3	55	51	1.15032	161.215
144	52.33	55	51	1.13756	156.259
145	52.33	55	51	1.13756	158.417
146	52.36	55	51	1.14168	158.103
147	52.43	55	51	1.13933	156.24
148	52.43	55	51	1.13933	156.24
149	52.44	55	51	1.13101	156.434
150	52.47	55	51	1.13222	157.292
151	52.47	55	51	1.13222	157.604
152	52.47	55	51	1.13222	157.604
153	52.47	55	51	1.13222	157.543
154	52.48	55	51	1.12349	159.482
155	52.5	55	51	1.11464	159.583
156	52.51	55	51	1.1055	160.051
157	52.51	55	51	1.1055	161.227
158	52.56	55	51	1.08544	163.36
159	52.56	55	51	1.08544	163.967
160	52.56	55	51	1.08544	164.153
161	52.59	55	51	1.08334	177.167
162	52.6	55	51	1.07309	177.831
163	52.6	55	51	1.07309	177.831
164	52.62	55	51	1.05198	172.686
165	52.63	55	51	1.04112	160.149
166	52.63	55	51	1.04112	160.149
167	52.63	55	51	1.04112	160.149
168	52.64	55	51	1.03005	161.045
169	52.66	55	51	1.00725	162.16
170	52.66	55	51	1.00725	162.16
171	52.66	55	51	1.00725	162.16
172	52.66	55	51	1.00725	162.16
173	52.66	55	51	1.00725	162.16
174	52.66	55	51	1.00725	162.16
175	52.66	55	51	1.00725	162.16
176	52.66	55	51	1.00725	162.16
177	52.73	55	51	0.983243	159.276
178	52.73	55	51	0.983243	158.532
179	52.74	55	52	0.970473	159.432
180	52.74	55	52	0.970473	159.432
181	52.74	55	52	0.970473	159.432
182	52.76	55	52	0.975664	160.21
183	52.76	55	52	0.975664	160.21
184	52.76	55	52	0.975664	160.21
185	52.78	55	52	0.980414	159.986
186	52.78	55	52	0.980414	159.986
187	52.78	55	52	0.980414	159.986
188	52.78	55	52	0.980414	159.986
189	52.8	55	52	0.984732	159.943
190	52.8	55	52	0.984732	160.591
191	52.8	55	52	0.984732	158.286
192	52.8	55	52	0.984732	158.286
193	52.8	55	52	0.984732	158.286
194	52.8	55	52	0.984732	158.286
195	52.8	55	52	0.984732	161.934
196	52.8	55	52	0.984732	161.934
197	52.82	55	52	0.988623	162.359
198	52.82	55	52	0.988623	162.359
199	52.86	55	52	0.99514	157.472
200	52.86	55	52	0.99514	157.472
201	52.86	55	52	0.99514	157.472
202	52.92	55	52	1.00182	157.467
203	52.92	55	52	1.00182	158.285
204	52.92	55	52	1.00182	158.871
205	52.92	55	52	1.00182	158.871
206	52.94	55	52	1.00323	160.498
207	52.94	55	52	1.00323	160.498
208	52.94	55	52	1.00323	159.56
209	52.96	55	52	1.00423	159.512
210	52.98	55	52	1.00484	159.48
211	53.02	55	52	1.00484	154.263
212	53.02	55	52	1.00484	156.285
213	53.02	55	52	1.00484	156.192
214	53.02	55	52	1.00484	157.401
215	53.02	55	52	1.00484	157.401
216	53.02	55	52	1.00484	156.235
217	53.02	55	52	1.00484	156.235
218	53.04	55	52	1.00423	155.986
219	53.06	55	52	1.00323	156.982
220	53.06	55	52	1.00323	156.982
221	53.06	55	52	1.00323	156.982
222	53.08	55	52	1.00182	156.967
223	53.1	55	52	1	157.347
224	53.12	55	52	0.997775	155.226
225	53.12	55	52	0.997775	154.281
226	53.12	55	52	0.997775	154.472
227	53.12	55	52	0.997775	153.066
228	53.12	55	52	0.997775	153.066
229	53.12	55	52	0.997775	153.066
230	53.12	55	52	0.997775	153.066
231	53.12	55	52	0.997775	153.066
232	53.14	55	52	0.99514	152.249
233	53.14	55	52	0.99514	152.249
234	53.14	55	52	0.99514	152.249
235	53.14	55	52	0.99514	152.249
236	53.14	55	52	0.99514	152.249
237	53.14	55	52	0.99514	152.249
238	53.16	55	52	0.99209	147.539
239	53.16	55	52	0.99209	147.539
240	53.16	55	52	0.99209	147.392
241	53.18	55	52	0.988623	146.758
242	53.18	55	52	0.988623	145.358
243	53.19	55	52	0.981599	145.69
244	53.21	55	52	0.977473	148.328
245	53.21	55	52	0.977473	148.328
246	53.21	55	52	0.977473	148.328
247	53.23	55	52	0.972916	146.863
248	53.23	55	52	0.972916	146.8
249	53.23	55	52	0.972916	145.771
250	53.25	55	52	0.96792	146.339
251	53.25	55	52	0.96792	146.876
252	53.28	55	52	0.95431	145.303
253	53.28	55	52	0.95431	144.597
254	53.34	55	52	0.934415	149.143
255	53.34	55	52	0.934415	149.143
256	53.35	55	52	0.925235	148.71
257	53.37	55	52	0.917342	148.956
258	53.37	55	52	0.917342	148.956
259	53.37	55	52	0.917342	152.233
260	53.37	55	52	0.917342	152.233
261	53.39	55	52	0.908934	151.358
262	53.39	55	52	0.908934	151.358
263	53.39	55	52	0.908934	151.358
264	53.39	55	52	0.908934	152.877
265	53.39	55	52	0.908934	152.877
266	53.39	55	52	0.908934	152.877
267	53.39	55	52	0.908934	152.877
268	53.41	55	52	0.9	152.68
269	53.41	55	52	0.9	152.68
270	53.43	55	52	0.890522	150.393
271	53.43	55	52	0.890522	150.393
272	53.45	55	52	0.880484	148.068
273	53.45	55	52	0.880484	148.068
274	53.45	55	52	0.880484	148.068
275	53.45	55	52	0.880484	148.068
276	53.45	55	52	0.880484	148.068
277	53.45	55	52	0.880484	148.068
278	53.48	55	52	0.858469	149.876
279	53.5	55	52	0.84686	149.227
280	53.5	55	52	0.84686	149.227
281	53.5	55	52	0.84686	148.532
282	53.52	55	52	0.834605	148.425
283	53.52	55	52	0.834605	146.274
284	53.52	55	52	0.834605	145.969
285	53.52	55	52	0.834605	145.178
286	53.52	55	52	0.834605	145.178
287	53.52	55	52	0.834605	146.955
288	53.52	55	52	0.834605	146.955
289	53.54	55	52	0.821676	144.309
290	53.54	55	52	0.821676	143.915
291	53.54	55	52	0.821676	143.915
292	53.54	55	52	0.821676	143.915
293	53.55	55	52	0.808728	145.644
294	53.55	55	52	0.808728	145.644
295	53.55	55	52	0.808728	145.644
296	53.57	55	52	0.794616	148.816
297	53.57	55	52	0.794616	149.08
298	53.58	55	52	0.780831	158.857
299	53.58	55	52	0.780831	157.391
300	53.58	55	52	0.780831	157.391
301	53.58	55	52	0.780831	157.391
302	53.58	55	52	0.780831	157.391
303	53.58	55	52	0.780831	157.391
304	53.6	55	52	0.765414	158.465
305	53.64	55	52	0.731955	157.616
306	53.67	55	52	0.725509	157.879
307	53.67	55	52	0.725509	157.879
308	53.67	55	52	0.725509	157.879
309	53.67	55	52	0.725509	157.879
310	53.67	55	52	0.725509	157.727
311	53.67	55	52	0.725509	157.727
312	53.69	55	52	0.706321	162.315
313	53.69	55	52	0.706321	162.315
314	53.69	55	52	0.706321	162.315
315	53.69	55	52	0.706321	162.315
316	53.71	55	52	0.686007	159.781
317	53.71	55	52	0.686007	159.781
318	53.71	55	52	0.686007	159.781
319	53.73	55	52	0.664466	157.722
320	53.73	55	52	0.664466	157.722
321	53.77	55	52	0.617178	162.851
322	53.77	55	52	0.617178	162.851
323	53.8	55	52	0.568535	163.737
324	53.82	55	52	0.538985	164.446
325	53.82	55	52	0.538985	164.446
326	53.82	55	52	0.538985	164.446
327	53.84	55	52	0.506922	166.002
328	53.84	55	52	0.506922	166.002
329	53.87	55	52	0.441645	162.332
330	53.87	55	52	0.441645	162.332
331	53.89	55	53	0.399368	162.786
332	53.89	55	53	0.399368	162.786
333	53.89	55	53	0.399368	162.786
334	53.91	55	53	0.378594	150.926
335	53.92	55	53	0.367355	151.969
336	53.93	55	53	0.355477	154.973
337	53.93	55	53	0.355477	154.973
338	53.93	55	53	0.355477	154.973
339	53.93	55	53	0.355477	154.973
340	53.94	55	53	0.342893	155.294
341	53.94	55	53	0.342893	155.294
342	53.94	55	53	0.342893	153.951
343	53.95	55	53	0.329524	155.92
344	53.95	55	53	0.329524	155.92
345	53.95	55	53	0.329524	155.92
346	53.95	55	53	0.329524	155.92
347	53.96	55	53	0.315268	155.875
348	53.96	55	53	0.315268	155.875
349	53.96	55	53	0.315268	155.875
350	53.96	55	53	0.315268	155.875
351	53.98	55	53	0.283556	158.021
352	53.98	55	53	0.283556	158.021
353	54	55	53	0.246183	159.403
354	54.01	55	53	0.224508	159.212
355	54.02	55	53	0.2	158.908
356	54.03	55	54	0.171447	160.49
357	54.03	55	54	0.171447	160.49
358	54.03	55	54	0.171447	160.49
359	54.03	55	54	0.171447	160.49
360	54.03	55	54	0.171447	160.49
361	54.03	55	54	0.171447	160.49
362	54.03	55	54	0.171447	158.184
363	54.03	55	54	0.171447	158.184
364	54.03	55	54	0.171447	159.62
365	54.03	55	54	0.171447	159.62
366	54.03	55	54	0.171447	159.62
367	54.03	55	54	0.171447	159.62
368	54.03	55	54	0.171447	160.918
369	54.03	55	54	0.171447	160.982
370	54.03	55	54	0.171447	160.982
371	54.03	55	54	0.171447	160.982
372	54.03	55	54	0.171447	160.982
373	54.03	55	54	0.171447	160.982
374	54.03	55	54	0.171447	160.982
375	54.03	55	54	0.171447	160.982
376	54.03	55	54	0.171447	159.757
377	54.03	55	54	0.171447	159.757
378	54.03	55	54	0.171447	159.757
379	54.03	55	54	0.171447	159.662
380	54.03	55	54	0.171447	163.592
381	54.03	55	54	0.171447	163.592
382	54.03	55	54	0.171447	163.592
383	54.03	55	54	0.171447	163.592
384	54.03	55	54	0.171447	163.658
385	54.03	55	54	0.171447	163.658
386	54.03	55	54	0.171447	163.658
387	54.03	55	54	0.171447	163.658
388	54.03	55	54	0.171447	163.658
389	54.03	55	54	0.171447	163.658
390	54.03	55	54	0.171447	163.203
391	54.03	55	54	0.171447	163.148
392	54.03	55	54	0.171447	163.148
393	54.03	55	54	0.171447	162.712
394	54.03	55	54	0.171447	162.712
395	54.03	55	54	0.171447	158.68
396	54.03	55	54	0.171447	158.68
397	54.03	55	54	0.171447	158.68
398	54.03	55	54	0.171447	158.68
399	54.03	55	54	0.171447	158.68
400	54.03	55	54	0.171447	159.118
401	54.03	55	54	0.171447	152.035
402	54.03	55	54	0.171447	152.035
403	54.03	55	54	0.171447	152.035
404	54.04	55	54	0.196946	151.314
405	54.04	55	54	0.196946	151.314
406	54.04	55	54	0.196946	151.314
407	54.04	55	54	0.196946	151.314
408	54.04	55	54	0.196946	151.208
409	54.04	55	54	0.196946	148.359
410	54.04	55	54	0.196946	148.359
411	54.04	55	54	0.196946	149.367
412	54.04	55	54	0.196946	149.367
413	54.04	55	54	0.196946	149.367
414	54.04	55	54	0.196946	149.367
415	54.04	55	54	0.196946	149.367
416	54.04	55	54	0.196946	149.367
417	54.04	55	54	0.196946	149.367
418	54.04	55	54	0.196946	149.367
419	54.04	55	54	0.196946	147.763
420	54.04	55	54	0.196946	147.763
421	54.04	55	54	0.196946	149.743
422	54.04	55	54	0.196946	149.743
423	54.04	55	54	0.196946	149.743
424	54.04	55	54	0.196946	149.743
425	54.04	55	54	0.196946	149.743
426	54.04	55	54	0.196946	149.743
427	54.04	55	54	0.196946	149.743
428	54.04	55	54	0.196946	149.743
429	54.04	55	54	0.196946	150.061
430	54.04	55	54	0.196946	150.061
431	54.04	55	54	0.196946	150.136
432	54.04	55	54	0.196946	150.136
433	54.04	55	54	0.196946	150.136
434	54.04	55	54	0.196946	151.943
435	54.04	55	54	0.196946	151.943
436	54.04	55	54	0.196946	153.886
437	54.04	55	54	0.196946	153.886
438	54.04	55	54	0.196946	149.714
439	54.04	55	54	0.196946	149.714
440	54.04	55	54	0.196946	149.579
441	54.04	55	54	0.196946	148.965
442	54.04	55	54	0.196946	148.965
443	54.04	55	54	0.196946	148.965
444	54.04	55	54	0.196946	148.965
445	54.04	55	54	0.196946	149.707
446	54.04	55	54	0.196946	149.707
447	54.04	55	54	0.196946	149.707
448	54.04	55	54	0.196946	150.875
449	54.04	55	54	0.196946	150.875
450	54.04	55	54	0.196946	150.875
451	54.04	55	54	0.196946	153.71
452	54.04	55	54	0.196946	153.837
453	54.04	55	54	0.196946	153.837
454	54.04	55	54	0.196946	159.69
455	54.04	55	54	0.196946	159.69
456	54.04	55	54	0.196946	159.69
457	54.04	55	54	0.196946	159.69
458	54.04	55	54	0.196946	159.69
459	54.04	55	54	0.196946	159.497
460	54.04	55	54	0.196946	160.721
461	54.04	55	54	0.196946	160.721
462	54.04	55	54	0.196946	160.721
463	54.04	55	54	0.196946	160.35
464	54.04	55	54	0.196946	160.35
465	54.04	55	54	0.196946	158.311
466	54.04	55	54	0.196946	158.311
467	54.04	55	54	0.196946	159.51
468	54.04	55	54	0.196946	158.682
469	54.04	55	54	0.196946	158.682
470	54.04	55	54	0.196946	158.682
471	54.04	55	54	0.196946	158.682
472	54.04	55	54	0.196946	158.682
473	54.04	55	54	0.196946	158.682
474	54.04	55	54	0.196946	158.682
475	54.04	55	54	0.196946	158.682
476	54.04	55	54	0.196946	158.37
477	54.04	55	54	0.196946	158.37
478	54.04	55	54	0.196946	158.37
479	54.04	55	54	0.196946	158.37
480	54.04	55	54	0.196946	158.37
481	54.04	55	54	0.196946	156.039
482	54.04	55	54	0.196946	156.039
483	54.04	55	54	0.196946	156.039
484	54.04	55	54	0.196946	156.039
485	54.04	55	54	0.196946	156.039
486	54.04	55	54	0.196946	156.517
487	54.04	55	54	0.196946	156.517
488	54.04	55	54	0.196946	156.517
489	54.04	55	54	0.196946	156.517
490	54.04	55	54	0.196946	156.517
491	54.04	55	54	0.196946	156.517
492	54.04	55	54	0.196946	155.601
493	54.04	55	54	0.196946	155.42
494	54.06	56	54	0.277798	149.463
495	54.06	56	54	0.277798	149.463
496	54.06	56	54	0.277798	149.463
497	54.06	56	54	0.277798	149.327
498	54.07	56	54	0.293189	150.255
499	54.07	56	54	0.293189	150.255
500	54.07	56	54	0.293189	150.255
