0	41.15	50	30	4.6021	170.172
1	43.83	50	40	3.18156	160.433
2	45.16	50	42	2.61202	137.244
3	45.96	51	44	2.44503	126.538
4	46.47	51	44	2.45548	126.854
5	46.89	54	44	2.54215	123.851
6	47.19	54	44	2.4441	118.295
7	47.54	54	44	2.30248	107.63
8	47.82	54	44	2.08593	108.571
9	48.18	54	46	1.92475	108.866
10	48.55	54	46	1.8983	109.415
11	48.92	54	46	1.80728	108.923
12	49.08	54	46	1.64949	109.481
13	49.37	54	47	1.36074	116.068
14	49.53	54	48	1.28279	107.145
15	49.64	54	48	1.24333	113.916
16	49.79	54	48	1.16597	120.421
17	49.89	54	48	1.08148	117.36
18	50.06	54	48	1.07139	120.327
19	50.22	54	49	0.916515	123.784
20	50.26	54	49	0.883289	116.179
21	50.29	54	50	0.856289	117.936
22	50.32	54	50	0.874788	118.409
23	50.35	54	50	0.891882	116.376
24	50.35	54	50	0.891882	116.376
25	50.35	54	50	0.891882	109.062
26	50.35	54	50	0.891882	109.912
27	50.36	54	50	0.893523	108.47
28	50.39	54	50	0.897753	108.156
29	50.41	54	50	0.911153	105.267
30	50.45	54	50	0.978299	108.506
31	50.47	54	50	0.989388	109.454
32	50.47	54	50	0.989388	112.626
33	50.47	54	50	0.989388	112.496
34	50.47	54	50	0.989388	111.62
35	50.47	54	50	0.989388	113.399
36	50.48	54	50	0.989644	116.694
37	50.5	54	50	0.989847	115.922
38	50.52	54	50	0.989644	113.833
39	50.52	54	50	0.989644	113.682
40	50.52	54	50	0.989644	109.139
41	50.52	54	50	0.989644	114.536
42	50.54	54	50	0.989032	115.146
43	50.56	54	50	0.998179	120.934
44	50.57	54	50	0.997521	117.661
45	50.58	54	50	0.996763	117.379
46	50.58	54	50	0.996763	124.198
47	50.58	54	50	0.996763	127.205
48	50.59	54	50	0.9959	126.723
49	50.64	54	50	1.0002	123.358
50	50.66	54	50	1.00725	127.942
51	50.67	54	50	1.00559	126.096
52	50.68	54	50	1.00383	125.238
53	50.69	54	50	1.00197	132.063
54	50.7	54	50	0.999999	133.061
55	50.72	54	50	0.995749	133.979
56	50.74	54	50	1.00121	136.309
57	50.77	54	50	1.00358	133.428
58	50.77	54	50	1.00358	130.981
59	50.79	54	50	0.997926	125.746
60	50.83	54	50	1.00559	118.214
61	50.83	54	50	1.00559	114.423
62	50.83	54	50	1.00559	112.985
63	50.83	54	50	1.00559	112.239
64	50.84	54	50	1.00222	118.039
65	50.86	54	50	0.99514	111.953
66	50.87	54	50	0.991427	107.174
67	50.87	54	50	0.991427	110.815
68	50.91	54	50	0.995902	112.227
69	50.91	54	50	0.995902	113.774
70	50.94	54	50	0.993108	115.753
71	50.98	54	50	0.984526	116.974
72	50.98	54	50	0.984526	117.145
73	50.99	54	50	0.979538	121.844
74	51.02	54	50	0.994732	119.726
75	51.05	54	50	0.988571	117.872
76	51.06	54	50	0.982884	122.392
77	51.06	54	50	0.982884	120.881
78	51.07	54	50	0.977059	113.636
79	51.11	54	50	0.95235	119.197
80	51.11	54	50	0.95235	119.562
81	51.12	54	50	0.945804	121.102
82	51.13	54	50	0.939105	120.81
83	51.13	54	50	0.939105	119.692
84	51.17	54	50	0.974991	122.326
85	51.2	54	50	0.953463	121.772
86	51.2	54	50	0.953463	122.678
87	51.2	54	50	0.953463	121.585
88	51.21	54	50	0.945963	124.957
89	51.23	54	50	0.941254	119.181
90	51.24	54	50	0.933334	119.888
91	51.25	54	50	0.925235	118.52
92	51.25	54	50	0.925235	123.532
93	51.25	54	50	0.925235	123.404
94	51.29	54	50	0.902241	122.952
95	51.29	54	50	0.902241	113.276
96	51.34	54	50	0.923542	112.058
97	51.34	54	50	0.923542	112.058
98	51.4	54	50	0.887625	112.902
99	51.46	54	50	0.903641	111.433
100	51.47	54	50	0.892788	111.612
101	51.49	54	50	0.88186	111.853
102	51.53	54	51	0.904032	113.018
103	51.56	54	51	0.935494	113.532
104	51.56	54	51	0.935494	115.413
105	51.56	54	51	0.935494	115.42
106	51.59	54	51	0.964993	115.982
107	51.59	54	51	0.964993	121.199
108	51.6	54	51	0.964	118.715
109	51.6	54	51	0.964	118.745
110	51.6	54	51	0.964	116.294
111	51.61	54	51	0.962898	115.324
112	51.61	54	51	0.962898	116.297
113	51.65	54	51	0.98857	113.354
114	51.65	54	51	0.98857	113.354
115	51.66	54	51	0.986986	115.771
116	51.68	54	51	0.993719	116.518
117	51.68	54	51	0.993719	116.518
118	51.68	54	51	0.993719	116.518
119	51.68	54	51	0.993719	116.681
120	51.69	54	51	0.991835	113.381
121	51.69	54	51	0.991835	112.122
122	51.69	54	51	0.991835	111.663
123	51.69	54	51	0.991835	111.947
124	51.69	54	51	0.991835	113.624
125	51.69	54	51	0.991835	113.624
126	51.72	54	51	1.01583	108.509
127	51.78	54	51	1.05964	108.154
128	51.82	54	51	1.07666	108.943
129	51.83	54	51	1.0736	108.682
130	51.83	54	51	1.0736	104.14
131	51.84	54	51	1.07045	104.12
132	51.84	54	51	1.07045	103.716
133	51.84	54	51	1.07045	103.716
134	51.84	54	51	1.07045	103.716
135	51.84	54	51	1.07045	103.716
136	51.84	54	51	1.07045	103.716
137	51.84	54	51	1.07045	103.716
138	51.84	54	51	1.07045	103.831
139	51.84	54	51	1.07045	103.84
140	51.84	54	51	1.07045	103.075
141	51.84	54	51	1.07045	103.075
142	51.84	54	51	1.07045	103.075
143	51.84	54	51	1.07045	103.647
144	51.84	54	51	1.07045	103.647
145	51.84	54	51	1.07045	103.69
146	51.87	54	51	1.08855	104.099
147	51.88	54	51	1.08507	104.052
148	51.88	54	51	1.08507	104.052
149	51.88	54	51	1.08507	104.052
150	51.89	54	51	1.08148	107.467
151	51.9	54	51	1.07778	107.514
152	51.9	54	51	1.07778	107.514
153	51.9	54	51	1.07778	107.514
154	51.9	54	51	1.07778	107.514
155	51.9	54	51	1.07778	107.816
156	51.9	54	51	1.07778	107.424
157	51.9	54	51	1.07778	107.289
158	51.9	54	51	1.07778	107.289
159	51.93	54	51	1.09411	108.632
160	51.93	54	51	1.09411	109.612
161	51.96	54	51	1.10937	110.656
162	51.96	54	51	1.10937	110.338
163	51.96	54	51	1.10937	110.231
164	51.99	54	51	1.12362	111.142
165	52.04	54	51	1.12744	112.798
166	52.04	54	51	1.12744	113.684
167	52.05	54	51	1.12254	113.68
168	52.05	54	51	1.12254	113.682
169	52.08	54	51	1.13422	113.413
170	52.1	54	51	1.13262	114.785
171	52.1	54	51	1.13262	115.398
172	52.1	54	51	1.13262	115.398
173	52.1	54	51	1.13262	115.398
174	52.1	54	51	1.13262	114.974
175	52.1	54	51	1.13262	114.974
176	52.13	54	51	1.14287	114.571
177	52.13	54	51	1.14287	114.571
178	52.13	54	51	1.14287	117.206
179	52.13	54	51	1.14287	117.206
180	52.13	54	51	1.14287	117.206
181	52.13	54	51	1.14287	118.131
182	52.13	54	51	1.14287	120.046
183	52.14	54	51	1.13725	122.513
184	52.15	54	51	1.1315	123.499
185	52.15	54	51	1.1315	123.468
186	52.15	54	51	1.1315	123.468
187	52.16	54	51	1.12564	124.609
188	52.19	54	51	1.13436	123.904
189	52.22	54	51	1.14221	123.623
190	52.22	54	51	1.14221	123.452
191	52.22	54	51	1.14221	122.764
192	52.25	54	51	1.14922	125.818
193	52.25	54	51	1.14922	125.818
194	52.28	54	51	1.1554	126.341
195	52.28	54	51	1.1554	126.341
196	52.28	54	51	1.1554	126.341
197	52.28	54	51	1.1554	126.341
198	52.29	54	51	1.14852	126.162
199	52.29	54	51	1.14852	126.162
200	52.3	54	51	1.1415	128.687
201	52.3	54	51	1.1415	127.946
202	52.3	54	51	1.1415	128.338
203	52.31	54	51	1.13436	126.939
204	52.35	54	51	1.1315	123.49
205	52.36	54	51	1.12385	123.574
206	52.36	54	51	1.12385	123.574
207	52.38	54	51	1.11718	123.407
208	52.4	54	51	1.10096	123.013
209	52.43	54	51	1.1033	124.782
210	52.46	54	51	1.10481	125.353
211	52.46	54	51	1.10481	125.353
212	52.46	54	51	1.10481	125.353
213	52.47	54	51	1.09595	126.008
214	52.47	54	51	1.09595	126.008
215	52.48	54	51	1.08693	125.876
216	52.5	54	51	1.06837	126.712
217	52.51	54	51	1.05883	125.545
218	52.52	54	51	1.0491	125.271
219	52.55	54	51	1.01876	126.483
220	52.59	54	51	1.00599	125.757
221	52.59	54	51	1.00599	125.757
222	52.59	54	51	1.00599	125.757
223	52.59	54	51	1.00599	125.757
224	52.6	54	51	0.994937	129.048
225	52.6	54	51	0.994937	129.048
226	52.62	54	51	0.972137	131.529
227	52.63	54	51	0.960377	131.726
228	52.63	54	51	0.960377	131.726
229	52.63	54	51	0.960377	132.302
230	52.64	54	51	0.948364	134.526
231	52.64	54	51	0.948364	134.526
232	52.64	54	51	0.948364	134.526
233	52.64	54	51	0.948364	134.526
234	52.68	54	52	0.930733	131.725
235	52.68	54	52	0.930733	131.435
236	52.7	54	52	0.937436	131.772
237	52.7	54	52	0.937436	131.772
238	52.7	54	52	0.937436	131.587
239	52.72	54	52	0.943666	131.59
240	52.72	54	52	0.943666	132.273
241	52.72	54	52	0.943666	132.273
242	52.72	54	52	0.943666	132.548
243	52.72	54	52	0.943666	132.548
244	52.72	54	52	0.943666	132.568
245	52.72	54	52	0.943666	132.568
246	52.72	54	52	0.943666	132.549
247	52.72	54	52	0.943666	132.549
248	52.76	54	52	0.954733	133.886
249	52.76	54	52	0.954733	133.886
250	52.76	54	52	0.954733	133.886
251	52.76	54	52	0.954733	133.886
252	52.76	54	52	0.954733	133.886
253	52.78	54	52	0.959588	134.026
254	52.78	54	52	0.959588	134.026
255	52.78	54	52	0.959588	132.973
256	52.82	54	52	0.967973	132.078
257	52.85	55	52	0.988571	132.439
258	52.87	55	52	0.991428	132.343
259	52.87	55	52	0.991428	132.343
260	52.87	55	52	0.991428	132.383
261	52.87	55	52	0.991428	132.383
262	52.88	55	52	0.987599	127.428
263	52.88	55	52	0.987599	128.077
264	52.88	55	52	0.987599	128.077
265	52.88	55	52	0.987599	128.077
266	52.89	55	52	0.983654	127.563
267	52.89	55	52	0.983654	127.563
268	52.89	55	52	0.983654	127.633
269	52.89	55	52	0.983654	127.633
270	52.91	55	52	0.985706	127.775
271	52.91	55	52	0.985706	127.775
272	52.91	55	52	0.985706	127.775
273	52.93	55	52	0.987343	128.216
274	52.93	55	52	0.987343	127.812
275	52.95	55	52	0.988571	127.952
276	52.95	55	52	0.988571	127.952
277	52.95	55	52	0.988571	127.952
278	52.95	55	52	0.988571	127.952
279	52.95	55	52	0.988571	128.504
280	52.96	55	52	0.983911	127.372
281	52.96	55	52	0.983911	127.372
282	52.96	55	52	0.983911	127.372
283	52.96	55	52	0.983911	127.372
284	52.96	55	52	0.983911	127.372
285	52.98	55	52	0.984526	126.264
286	52.98	55	52	0.984526	126.264
287	52.98	55	52	0.984526	126.264
288	53	55	52	0.984732	125.604
289	53.02	55	52	0.984526	129.481
290	53.02	55	52	0.984526	129.328
291	53.04	55	52	0.983911	136.084
292	53.04	55	52	0.983911	136.084
293	53.06	55	52	0.982884	136.527
294	53.06	55	52	0.982884	136.527
295	53.06	55	52	0.982884	136.527
296	53.06	55	52	0.982884	136.259
297	53.06	55	52	0.982884	136.259
298	53.06	55	52	0.982884	136.259
299	53.06	55	52	0.982884	136.259
300	53.06	55	52	0.982884	136.259
301	53.08	55	52	0.981444	136.85
302	53.12	55	52	0.977318	136.015
303	53.14	55	52	0.974628	135.312
304	53.14	55	52	0.974628	135.312
305	53.16	55	52	0.971513	134.433
306	53.16	55	52	0.971513	134.433
307	53.16	55	52	0.971513	133.636
308	53.16	55	52	0.971513	135.018
309	53.16	55	52	0.971513	135.018
310	53.16	55	52	0.971513	135.018
311	53.16	55	52	0.971513	135.018
312	53.16	55	52	0.971513	135.006
313	53.16	55	52	0.971513	135.006
314	53.16	55	52	0.971513	135.006
315	53.18	55	52	0.967972	135.182
316	53.18	55	52	0.967972	135.182
317	53.18	55	52	0.967972	135.532
318	53.18	55	52	0.967972	135.532
319	53.19	55	52	0.960797	135.646
320	53.19	55	52	0.960797	135.722
321	53.19	55	52	0.960797	133.882
322	53.19	55	52	0.960797	133.882
323	53.2	55	52	0.953463	131.203
324	53.2	55	52	0.953463	131.203
325	53.2	55	52	0.953463	131.203
326	53.2	55	52	0.953463	131.611
327	53.2	55	52	0.953463	131.419
328	53.2	55	52	0.953463	131.66
329	53.2	55	52	0.953463	131.66
330	53.22	55	52	0.949003	131.525
331	53.22	55	52	0.949003	131.476
332	53.24	55	52	0.944094	131.953
333	53.26	55	52	0.938729	132.02
334	53.26	55	52	0.938729	131.541
335	53.26	55	52	0.938729	131.541
336	53.26	55	52	0.938729	131.541
337	53.26	55	52	0.938729	131.541
338	53.26	55	52	0.938729	131.541
339	53.28	55	52	0.9329	132.286
340	53.3	55	52	0.926599	132.526
341	53.3	55	52	0.926599	132.52
342	53.31	55	52	0.917782	132.555
343	53.37	55	52	0.895048	131.027
344	53.39	55	52	0.88643	130.353
345	53.39	55	52	0.88643	131.13
346	53.39	55	52	0.88643	131.13
347	53.45	56	52	0.903137	132.222
348	53.45	56	52	0.903137	132.222
349	53.45	56	52	0.903137	132.222
350	53.45	56	52	0.903137	131.561
351	53.49	56	52	0.88186	131.953
352	53.49	56	52	0.88186	131.171
353	53.52	56	52	0.858469	131.919
354	53.54	56	52	0.845905	131.867
355	53.54	56	52	0.845905	131.364
356	53.54	56	52	0.845905	131.364
357	53.54	56	52	0.845905	133.02
358	53.54	56	52	0.845905	133.203
359	53.54	56	52	0.845905	133.598
360	53.54	56	52	0.845905	134.642
361	53.63	57	52	0.872186	133.275
362	53.63	57	52	0.872186	133.366
363	53.63	57	52	0.872186	133.366
364	53.65	57	52	0.857233	132.909
365	53.67	57	52	0.841536	133.237
366	53.67	57	52	0.841536	133.237
367	53.67	57	52	0.841536	133.237
368	53.68	57	52	0.827312	134.453
369	53.7	57	52	0.810288	133.136
370	53.72	57	52	0.792388	133.052
371	53.72	57	52	0.792388	133.052
372	53.72	57	52	0.792388	133.052
373	53.74	57	52	0.773552	132.942
374	53.74	57	52	0.773552	132.638
375	53.77	57	52	0.763498	134.836
376	53.77	57	52	0.763498	134.836
377	53.78	57	52	0.74644	137.327
378	53.81	57	52	0.734366	136.606
379	53.81	57	52	0.734366	136.401
380	53.81	57	52	0.734366	136.401
381	53.87	57	52	0.705749	134.411
382	53.87	57	52	0.705749	133.371
383	53.9	57	52	0.68902	133.428
384	53.9	57	52	0.68902	133.428
385	53.9	57	52	0.68902	133.428
386	53.9	57	52	0.68902	133.179
387	53.9	57	52	0.68902	133.179
388	53.9	57	52	0.68902	133.179
389	53.9	57	52	0.68902	133.179
390	53.9	57	52	0.68902	134.229
391	53.9	57	52	0.68902	133.055
392	53.9	57	52	0.68902	133.055
393	53.9	57	52	0.68902	133.055
394	53.94	57	52	0.632776	131.139
395	53.94	57	52	0.632776	130.459
396	53.96	57	52	0.601681	130.734
397	53.96	57	52	0.601681	130.734
398	53.96	57	52	0.601681	130.734
399	53.96	57	52	0.601681	130.734
400	53.96	57	52	0.601681	130.734
401	53.96	57	52	0.601681	130.935
402	53.96	57	52	0.601681	132.803
403	53.96	57	52	0.601681	132.803
404	53.96	57	52	0.601681	132.803
405	54	57	53	0.568535	129.396
406	54	57	53	0.568535	129.396
407	54	57	53	0.568535	129.396
408	54.01	57	53	0.55949	129.375
409	54.01	57	53	0.55949	129.556
410	54.01	57	53	0.55949	129.556
411	54.01	57	53	0.55949	129.556
412	54.01	57	53	0.55949	129.556
413	54.01	57	53	0.55949	129.556
414	54.01	57	53	0.55949	129.556
415	54.02	57	53	0.550115	130.812
416	54.03	57	53	0.540389	129.302
417	54.04	57	53	0.530295	130.127
418	54.04	57	53	0.530295	130.127
419	54.04	57	53	0.530295	130.127
420	54.04	57	53	0.530295	130.127
421	54.05	57	53	0.51981	129.179
422	54.06	57	53	0.508911	125.022
423	54.06	57	53	0.508911	125.022
424	54.06	57	53	0.508911	125.022
425	54.06	57	53	0.508911	125.022
426	54.06	57	53	0.508911	123.099
427	54.06	57	53	0.508911	123.099
428	54.08	57	53	0.485757	123.226
429	54.08	57	53	0.485757	123.226
430	54.09	57	53	0.473436	122.869
431	54.09	57	53	0.473436	122.869
432	54.09	57	53	0.473436	122.869
433	54.09	57	53	0.473436	122.869
434	54.11	57	53	0.469149	121.177
435	54.11	57	53	0.469149	121.177
436	54.12	57	53	0.455716	122.127
437	54.12	57	53	0.455716	122.127
438	54.13	57	54	0.441646	122.324
439	54.13	57	54	0.441646	122.324
440	54.13	57	54	0.441646	122.578
441	54.13	57	54	0.441646	123.176
442	54.13	57	54	0.441646	123.176
443	54.13	57	54	0.441646	127.522
444	54.13	57	54	0.441646	127.522
445	54.13	57	54	0.441646	126.746
446	54.13	57	54	0.441646	126.746
447	54.13	57	54	0.441646	126.746
448	54.13	57	54	0.441646	126.746
449	54.13	57	54	0.441646	126.746
450	54.13	57	54	0.441646	126.746
451	54.13	57	54	0.441646	126.746
452	54.13	57	54	0.441646	125.89
453	54.13	57	54	0.441646	125.89
454	54.13	57	54	0.441646	125.89
455	54.13	57	54	0.441646	124.566
456	54.13	57	54	0.441646	124.566
457	54.13	57	54	0.441646	124.251
458	54.13	57	54	0.441646	124.295
459	54.13	57	54	0.441646	124.295
460	54.13	57	54	0.441646	124.295
461	54.13	57	54	0.441646	124.273
462	54.13	57	54	0.441646	123.756
463	54.13	57	54	0.441646	123.756
464	54.13	57	54	0.441646	123.756
465	54.13	57	54	0.441646	133.089
466	54.13	57	54	0.441646	133.089
467	54.13	57	54	0.441646	133.089
468	54.13	57	54	0.441646	133.089
469	54.13	57	54	0.441646	131.983
470	54.13	57	54	0.441646	132.959
471	54.13	57	54	0.441646	133.684
472	54.13	57	54	0.441646	133.684
473	54.13	57	54	0.441646	133.684
474	54.13	57	54	0.441646	133.856
475	54.13	57	54	0.441646	133.856
476	54.13	57	54	0.441646	133.856
477	54.13	57	54	0.441646	133.856
478	54.14	57	54	0.449916	135.221
479	54.14	57	54	0.449916	135.221
480	54.14	57	54	0.449916	135.221
481	54.14	57	54	0.449916	135.221
482	54.14	57	54	0.449916	135.221
483	54.14	57	54	0.449916	135.221
484	54.14	57	54	0.449916	135.221
485	54.14	57	54	0.449916	135.221
486	54.14	57	54	0.449916	135.221
487	54.14	57	54	0.449916	135.061
488	54.14	57	54	0.449916	135.599
489	54.14	57	54	0.449916	135.599
490	54.14	57	54	0.449916	135.599
491	54.14	57	54	0.449916	135.596
492	54.14	57	54	0.449916	134.927
493	54.14	57	54	0.449916	134.927
494	54.14	57	54	0.449916	136.443
495	54.15	57	54	0.457817	136.385
496	54.15	57	54	0.457817	136.385
497	54.15	57	54	0.457817	136.385
498	54.15	57	54	0.457817	136.5
499	54.15	57	54	0.457817	136.5
500	54.15	57	54	0.457817	136.5
