0	40.97	50	30	4.60447	170.172
1	44.03	50	40	2.94891	149.776
2	45.88	54	43	2.5674	136.406
3	46.92	54	44	2.59635	126.901
4	48.04	54	44	2.16921	110.199
5	49.39	55	47	1.44875	111.612
6	49.77	55	48	1.33224	119.679
7	50.34	55	49	1.12115	134.787
8	50.54	55	50	1.13191	138.212
9	50.74	55	50	1.26826	131.364
10	50.9	55	50	1.31426	138.759
11	51.12	55	50	1.39465	141.869
12	51.38	55	50	1.40547	139.409
13	51.75	55	50	1.38808	159.712
14	52.17	55	50	1.3031	153.786
15	52.62	55	51	1.08971	161.049
16	52.95	56	52	0.998737	160.731
17	53.16	56	52	0.981855	146.365
18	53.39	57	52	0.973331	136.716
19	53.68	57	52	0.863163	116.179
20	53.99	57	53	0.577262	128.831
21	54.11	57	53	0.469149	126.548
22	54.12	57	54	0.455716	124.681
23	54.13	57	54	0.463954	123.081
24	54.18	57	54	0.519907	122.19
25	54.18	57	54	0.519907	118.537
26	54.2	57	54	0.531817	129.497
27	54.21	57	54	0.53739	129.518
28	54.24	57	54	0.552679	139.36
29	54.26	57	54	0.561743	136.136
30	54.32	57	54	0.633731	140.806
31	54.37	57	54	0.661418	142.322
32	54.5	57	54	0.78496	151.597
33	54.53	57	54	0.797154	160.761
34	54.57	57	54	0.807226	145.312
35	54.65	57	54	0.833333	144.517
36	54.76	57	54	0.854224	141.47
37	54.9	57	54	0.881917	140.016
38	54.98	57	54	0.887398	136.335
39	55.15	57	54	0.833333	137.57
40	55.24	57	54	0.805537	134.364
41	55.31	57	54	0.761378	132.424
42	55.49	57	55	0.65897	130.916
43	55.52	57	55	0.658741	131.824
44	55.58	57	55	0.669389	119.551
45	55.6	57	55	0.666667	113.179
46	55.71	57	55	0.686007	117.558
47	55.79	57	55	0.700577	113.803
48	55.81	57	55	0.706321	114.566
49	55.88	57	55	0.700361	112.94
50	55.93	57	55	0.685418	117.1
51	55.98	57	55	0.666364	115.663
52	56.02	57	55	0.651029	111.283
53	56.08	57	55	0.630537	109.445
54	56.21	57	55	0.53739	112.307
55	56.28	57	55	0.473116	110.891
56	56.3	57	56	0.460566	108.302
57	56.31	57	56	0.464824	111.187
58	56.32	57	56	0.468826	110.286
59	56.34	57	56	0.476096	109.221
60	56.36	57	56	0.482418	108.865
61	56.36	57	56	0.482418	108.979
62	56.37	57	56	0.485237	105.547
63	56.38	57	56	0.487832	104.033
64	56.41	57	56	0.494311	104.817
65	56.44	57	56	0.498888	102.103
66	56.47	57	56	0.501614	103.582
67	56.5	57	56	0.502519	103.806
68	56.55	57	56	0.5	105.067
69	56.6	57	56	0.492366	102.084
70	56.63	57	56	0.485237	93.3604
71	56.68	57	56	0.468826	95.8293
72	56.72	57	56	0.451261	96.782
73	56.77	57	56	0.422953	98.8206
74	56.8	57	56	0.402015	99.1341
75	56.86	57	56	0.348735	101.725
76	56.88	57	56	0.326599	102.44
77	56.89	57	56	0.314466	102.663
78	56.9	57	56	0.301511	103.091
79	56.96	57	56	0.196946	105.331
80	56.99	57	56	0.1	105.072
81	57	57	57	0	107.009
82	57	57	57	0	106.908
83	57	57	57	0	109.533
84	57	57	57	0	109.38
85	57	57	57	0	108.518
86	57	57	57	0	107.016
87	57	57	57	0	106.999
88	57	57	57	0	107.271
89	57	57	57	0	108.113
90	57	57	57	0	106.027
91	57	57	57	0	106.027
92	57	57	57	0	107.92
93	57	57	57	0	109.198
94	57	57	57	0	107.937
95	57	57	57	0	107.984
96	57	57	57	0	110.942
97	57	57	57	0	111.82
98	57	57	57	0	110.408
99	57	57	57	0	113.035
100	57	57	57	0	111.694
101	57	57	57	0	115.922
102	57	57	57	0	116.262
103	57	57	57	0	114.697
104	57	57	57	0	114.531
105	57	57	57	0	112.118
106	57	57	57	0	112.608
107	57	57	57	0	112.65
108	57	57	57	0	113.03
109	57	57	57	0	113.03
110	57	57	57	0	112.735
111	57	57	57	0	111.905
112	57	57	57	0	107.836
113	57	57	57	0	109.015
114	57	57	57	0	109.057
115	57	57	57	0	114.162
116	57	57	57	0	114.575
117	57	57	57	0	114.597
118	57	57	57	0	110.453
119	57	57	57	0	112.593
120	57	57	57	0	113.561
121	57	57	57	0	114.432
122	57	57	57	0	114.22
123	57	57	57	0	113.552
124	57	57	57	0	113.919
125	57	57	57	0	113.514
126	57	57	57	0	116.15
127	57	57	57	0	115.612
128	57	57	57	0	115.132
129	57	57	57	0	116.628
130	57	57	57	0	113.969
131	57	57	57	0	112.744
132	57	57	57	0	113.323
133	57	57	57	0	112.91
134	57	57	57	0	112.401
135	57	57	57	0	113.25
136	57	57	57	0	113.019
137	57	57	57	0	111.109
138	57	57	57	0	114.025
139	57	57	57	0	113.29
140	57	57	57	0	112.978
141	57	57	57	0	111.391
142	57	57	57	0	110.885
143	57	57	57	0	118.327
144	57	57	57	0	117.249
145	57	57	57	0	124.846
146	57	57	57	0	121.506
147	57	57	57	0	121.314
148	57	57	57	0	123.754
149	57	57	57	0	124.387
150	57	57	57	0	124.528
151	57	57	57	0	124.759
152	57	57	57	0	124.833
153	57	57	57	0	126.001
154	57	57	57	0	132.762
155	57	57	57	0	129.552
156	57	57	57	0	128.057
157	57	57	57	0	128.901
158	57	57	57	0	127.791
159	57	57	57	0	131.354
160	57	57	57	0	128.402
161	57	57	57	0	133.676
162	57	57	57	0	129.454
163	57	57	57	0	129.385
164	57	57	57	0	123.801
165	57	57	57	0	126.831
166	57	57	57	0	129.597
167	57	57	57	0	128.797
168	57	57	57	0	131.6
169	57	57	57	0	132.346
170	57	57	57	0	143.12
171	57	57	57	0	144.587
172	57	57	57	0	143.008
173	57	57	57	0	143.717
174	57	57	57	0	144.307
175	57	57	57	0	145.482
176	57	57	57	0	150.943
177	57	57	57	0	148.063
178	57	57	57	0	148.01
179	57	57	57	0	147.995
180	57	57	57	0	141.767
181	57	57	57	0	145.61
182	57	57	57	0	139.825
183	57	57	57	0	140.672
184	57	57	57	0	139.146
185	57	57	57	0	139.146
186	57	57	57	0	139.999
187	57	57	57	0	144.674
188	57	57	57	0	140.793
189	57	57	57	0	150.081
190	57	57	57	0	141.803
191	57	57	57	0	141.803
192	57	57	57	0	142.428
193	57	57	57	0	143.999
194	57	57	57	0	142.061
195	57	57	57	0	144.891
196	57	57	57	0	144.733
197	57	57	57	0	145.06
198	57	57	57	0	145.06
199	57	57	57	0	145.06
200	57	57	57	0	158.352
201	57	57	57	0	158.334
202	57	57	57	0	160.756
203	57	57	57	0	160.602
204	57	57	57	0	158.647
205	57	57	57	0	155.137
206	57	57	57	0	166.335
207	57	57	57	0	165.637
208	57	57	57	0	161.426
209	57	57	57	0	164.683
210	57	57	57	0	160.618
211	57	57	57	0	160.632
212	57	57	57	0	160.693
213	57	57	57	0	156.899
214	57	57	57	0	156.828
215	57	57	57	0	157.156
216	57	57	57	0	154.37
217	57	57	57	0	153.071
218	57	57	57	0	154.483
219	57	57	57	0	155.678
220	57	57	57	0	154.154
221	57	57	57	0	140.736
222	57	57	57	0	137.893
223	57	57	57	0	138.65
224	57	57	57	0	139.186
225	57	57	57	0	137.709
226	57	57	57	0	135.471
227	57	57	57	0	134.485
228	57	57	57	0	135.891
229	57	57	57	0	134.366
230	57	57	57	0	136.02
231	57	57	57	0	136.884
232	57	57	57	0	145.318
233	57	57	57	0	142.811
234	57	57	57	0	138.705
235	57	57	57	0	140.524
236	57	57	57	0	139.187
237	57	57	57	0	140.313
238	57	57	57	0	141.587
239	57	57	57	0	141.163
240	57	57	57	0	144.805
241	57	57	57	0	134.688
242	57	57	57	0	134.453
243	57	57	57	0	134.561
244	57	57	57	0	135.521
245	57	57	57	0	133.038
246	57	57	57	0	134.798
247	57	57	57	0	136.709
248	57	57	57	0	126.611
249	57	57	57	0	135.162
250	57	57	57	0	134.928
