0	40.97	50	30	4.60447	170.172
1	43.85	54	40	2.85464	161.555
2	45.57	54	43	2.49142	139.604
3	46.55	54	44	2.64145	133.945
4	47.53	54	44	2.56414	113.633
5	48.6	54	46	1.98987	105.839
6	49.58	54	46	1.47833	106.842
7	50.01	54	48	1.13258	113.919
8	50.41	54	50	1.00599	124.552
9	50.5	56	50	1.15907	125.468
10	50.64	56	50	1.21871	127.504
11	50.74	56	50	1.24414	140.744
12	51.04	56	50	1.41364	150.713
13	51.25	56	50	1.5	151.039
14	51.56	56	50	1.57839	144.839
15	51.81	56	50	1.59352	143.089
16	52.18	56	50	1.50003	151.852
17	52.48	56	51	1.45976	131.592
18	52.67	56	51	1.40745	138.058
19	53.01	56	51	1.26726	140.234
20	53.24	56	52	1.20705	156.121
21	53.32	56	52	1.19663	155.611
22	53.38	56	52	1.21256	163.059
23	53.7	56	52	1.15907	164.544
24	53.85	56	52	1.09521	169.143
25	53.94	56	52	1.01325	172.882
26	54.14	56	52	0.829019	173.042
27	54.3	56	53	0.745356	178.739
28	54.42	56	54	0.713223	176.197
29	54.45	56	54	0.72995	178.36
30	54.51	56	54	0.771918	176.724
31	54.55	56	54	0.796139	178.295
32	54.58	57	54	0.830967	184.715
33	54.64	57	54	0.847098	185.453
34	54.66	57	54	0.855405	187.859
35	54.67	57	54	0.853454	183.957
36	54.71	57	54	0.868005	180.874
37	54.77	57	54	0.885974	177.223
38	54.84	57	54	0.895781	186.823
39	54.92	57	54	0.895331	187.597
40	55	57	54	0.898933	189.83
41	55.08	57	54	0.895331	181.292
42	55.18	57	54	0.880542	189.022
43	55.23	57	54	0.86287	190.893
44	55.34	57	54	0.819214	185.269
45	55.37	57	54	0.799684	168.401
46	55.5	57	54	0.717741	162.691
47	55.58	57	54	0.638496	172.473
48	55.62	57	54	0.599326	169.571
49	55.75	57	55	0.479372	160.781
50	55.82	57	55	0.43531	167.679
51	55.86	57	55	0.402517	168.002
52	55.89	57	55	0.37322	162.218
53	55.91	57	55	0.350901	163.19
54	55.97	57	55	0.3	164.38
55	56.04	58	55	0.281411	166.944
56	56.05	58	56	0.261117	161.621
57	56.05	58	56	0.261117	159.83
58	56.05	58	56	0.261117	156.111
59	56.06	58	56	0.277798	157.814
60	56.06	58	56	0.277798	166.602
61	56.07	58	56	0.293189	174.636
62	56.09	58	56	0.3509	175.957
63	56.09	58	56	0.3509	174.086
64	56.09	58	56	0.3509	171.161
65	56.1	58	56	0.362371	171.513
66	56.11	58	56	0.37322	176.284
67	56.13	58	56	0.41815	174.227
68	56.13	58	56	0.41815	183.759
69	56.16	58	56	0.465367	187.071
70	56.16	58	56	0.465367	184.517
71	56.16	58	56	0.465367	184.791
72	56.16	58	56	0.465367	197.351
73	56.17	58	56	0.472582	209.192
74	56.18	58	56	0.479478	207.289
75	56.19	58	56	0.486069	208.276
76	56.19	58	56	0.486069	202.541
77	56.21	58	56	0.498381	211.695
78	56.21	58	56	0.498381	211.067
79	56.23	58	56	0.509605	207.086
80	56.25	58	56	0.538891	215.096
81	56.25	58	56	0.538891	210.909
82	56.25	58	56	0.538891	216.71
83	56.28	58	56	0.569955	216.102
84	56.28	58	56	0.569955	215.65
85	56.31	58	56	0.597892	221.88
86	56.32	58	56	0.601009	222.241
87	56.33	58	56	0.603944	237.919
88	56.33	58	56	0.603944	239.287
89	56.33	58	56	0.603944	230.833
90	56.33	58	56	0.603944	228.293
91	56.33	58	56	0.603944	226.912
92	56.36	58	56	0.627968	223.549
93	56.37	58	56	0.630135	219.806
94	56.39	58	56	0.649709	221.212
95	56.39	58	56	0.649709	212.215
96	56.39	58	56	0.649709	213.327
97	56.39	58	56	0.649709	213.336
98	56.41	58	56	0.668104	213.02
99	56.41	58	56	0.668104	214.798
100	56.41	58	56	0.668104	213.61
101	56.41	58	56	0.668104	209.255
102	56.42	58	56	0.669389	212.611
103	56.43	58	56	0.670518	216.117
104	56.45	58	56	0.672324	219.163
105	56.45	58	56	0.672324	220.562
106	56.45	58	56	0.672324	216.483
107	56.47	58	56	0.673526	219.847
108	56.48	58	56	0.673901	218.654
109	56.49	58	56	0.674124	216.36
110	56.49	58	56	0.674124	207.756
111	56.5	58	56	0.6742	210.312
112	56.5	58	56	0.6742	210.828
113	56.5	58	56	0.6742	211.476
114	56.52	58	56	0.673901	226.184
115	56.52	58	56	0.673901	234.423
116	56.53	58	56	0.673526	237.232
117	56.56	58	56	0.686376	244.913
118	56.57	58	56	0.685418	244.633
119	56.6	58	56	0.69631	242.448
120	56.62	58	56	0.707536	236.861
121	56.62	58	56	0.707536	251.137
122	56.63	58	56	0.705748	250.764
123	56.64	58	56	0.703814	253.544
124	56.66	58	56	0.713789	256.186
125	56.67	58	56	0.711451	256.922
126	56.67	58	56	0.711451	250.035
127	56.67	58	56	0.711451	232.219
128	56.68	58	56	0.708961	224.278
129	56.72	58	56	0.711805	218.874
130	56.72	58	56	0.711805	227.066
131	56.74	58	56	0.719427	208.527
132	56.74	58	56	0.719427	221.393
133	56.77	58	56	0.722719	216.446
134	56.81	58	56	0.72048	211.621
135	56.82	58	56	0.71605	216.473
136	56.84	58	56	0.706678	213.956
137	56.85	58	56	0.701729	208.061
138	56.87	58	56	0.705749	205.961
139	56.89	58	56	0.709175	199.205
140	56.9	58	56	0.703527	208.139
141	56.92	58	56	0.691653	210.567
142	56.96	58	56	0.695149	206.65
143	56.96	58	56	0.695149	215.391
144	56.97	58	56	0.688359	213.148
145	56.99	58	56	0.674124	217.283
146	57.01	58	56	0.65897	223.741
147	57.04	58	56	0.634369	218.216
148	57.04	58	56	0.634369	224.892
149	57.1	58	56	0.627646	216.937
150	57.12	58	56	0.624096	206.134
151	57.12	58	56	0.624096	207.975
152	57.12	58	56	0.624096	199.525
153	57.14	58	56	0.619873	195.484
154	57.17	58	56	0.58698	195.69
155	57.18	58	56	0.575247	190.965
156	57.22	58	56	0.561024	194.233
157	57.22	58	56	0.561024	213.506
158	57.23	58	56	0.547815	209.684
159	57.24	58	56	0.53409	204.143
160	57.24	58	56	0.53409	207.025
161	57.24	58	56	0.53409	208.925
162	57.26	58	56	0.504925	193.84
163	57.31	59	57	0.486069	193.069
164	57.32	59	57	0.489898	197.161
165	57.33	59	57	0.493493	201.148
166	57.34	59	57	0.496859	205.054
167	57.34	59	57	0.496859	202.684
168	57.34	59	57	0.496859	207.856
169	57.34	59	57	0.496859	208.576
170	57.36	59	57	0.502921	204.587
171	57.36	59	57	0.502921	204.403
172	57.38	59	57	0.508116	205.051
173	57.38	59	57	0.508116	204.13
174	57.39	59	57	0.510397	200.607
175	57.39	59	57	0.510397	202.571
176	57.39	59	57	0.510397	203.461
177	57.39	59	57	0.510397	203.461
178	57.39	59	57	0.510397	198.565
179	57.39	59	57	0.510397	198.852
180	57.4	59	57	0.512471	196.436
181	57.4	59	57	0.512471	198.24
182	57.4	59	57	0.512471	198.24
183	57.41	59	57	0.51434	198.213
184	57.43	59	57	0.517473	194.841
185	57.43	59	57	0.517473	195.861
186	57.43	59	57	0.517473	200.887
187	57.43	59	57	0.517473	200.887
188	57.44	59	57	0.51874	204.012
189	57.45	59	57	0.51981	205.406
190	57.45	59	57	0.51981	205.406
191	57.46	59	57	0.520683	200.666
192	57.46	59	57	0.520683	200.666
193	57.47	59	57	0.521362	201.375
194	57.48	59	57	0.521846	202.522
195	57.5	59	57	0.522233	201.615
196	57.5	59	57	0.522233	201.817
197	57.5	59	57	0.522233	201.817
198	57.5	59	57	0.522233	198.305
199	57.51	59	57	0.522136	198.42
200	57.51	59	57	0.522136	198.42
201	57.52	59	57	0.521846	194.357
202	57.52	59	57	0.521846	195.183
203	57.52	59	57	0.521846	195.183
204	57.53	59	57	0.521362	195.839
205	57.53	59	57	0.521362	193.858
206	57.54	59	57	0.520683	196.231
207	57.54	59	57	0.520683	196.231
208	57.56	59	57	0.51874	202.301
209	57.56	59	57	0.51874	199.155
210	57.58	59	57	0.535224	200.338
211	57.6	59	57	0.531816	197.694
212	57.61	59	57	0.529818	198.211
213	57.62	59	57	0.527621	193.282
214	57.63	59	57	0.525222	197.081
215	57.63	59	57	0.525222	196.084
216	57.65	59	57	0.51981	195.99
217	57.7	59	57	0.502519	204.991
218	57.7	59	57	0.502519	204.991
219	57.72	59	57	0.494005	208.825
220	57.75	59	57	0.479372	208.218
221	57.76	59	57	0.473969	206.831
222	57.76	59	57	0.473969	206.831
223	57.78	59	57	0.462317	209.825
224	57.79	59	57	0.456048	207.655
225	57.8	59	57	0.449467	205.753
226	57.8	59	57	0.449467	205.753
227	57.81	59	57	0.442559	204.125
228	57.83	59	57	0.427702	204.466
229	57.84	59	57	0.419716	206.581
230	57.85	59	57	0.411329	209.71
231	57.86	59	57	0.402517	207.807
232	57.88	59	57	0.383498	209.701
233	57.91	59	57	0.350901	212.123
234	57.91	59	57	0.350901	212.123
235	57.92	59	57	0.338744	219.508
236	57.92	59	57	0.338744	219.508
237	57.93	59	57	0.325825	223.583
238	57.94	59	57	0.312048	236.263
239	57.97	59	57	0.264193	253.094
240	58	59	57	0.201008	271.805
241	58	59	57	0.201008	271.805
242	58	59	57	0.201008	265.111
243	58	59	57	0.201008	265.111
244	58.02	59	58	0.140705	265.751
245	58.02	59	58	0.140705	265.751
246	58.02	59	58	0.140705	265.751
247	58.02	59	58	0.140705	266.686
248	58.02	59	58	0.140705	265.099
249	58.02	59	58	0.140705	265.099
250	58.02	59	58	0.140705	265.099
