0	44.35	50	30	4.94898	170.172
1	46.02	50	40	3.26902	140.536
2	46.98	51	43	2.78879	136.488
3	47.61	54	44	2.65488	131.062
4	48.34	54	44	2.19835	129.752
5	49.17	54	46	1.65178	133.507
6	49.63	54	47	1.07923	129.063
7	49.91	54	48	1.13792	120.72
8	50.34	54	49	1.10298	120.563
9	50.44	54	50	1.05715	111.484
10	50.59	54	50	1.21518	110.187
11	50.65	54	50	1.21751	109.042
12	50.76	54	50	1.26427	106.065
13	51.01	54	50	1.34461	110.469
14	51.2	54	50	1.39262	116.408
15	51.38	54	50	1.37643	116.079
16	51.73	55	50	1.44848	118.256
17	51.9	55	50	1.39624	117.279
18	52.14	55	50	1.34104	117.559
19	52.37	55	51	1.23628	117.535
20	52.61	57	51	1.27045	124.537
21	52.98	57	51	1.32558	124.787
22	53.17	57	52	1.27964	108.097
23	53.41	57	52	1.21518	108.023
24	53.74	57	52	1.13369	103.843
25	53.97	57	52	0.999546	112.262
26	54.17	57	53	0.779213	105.724
27	54.27	57	53	0.722718	106.395
28	54.31	57	54	0.734365	99.8307
29	54.32	57	54	0.736905	98.5253
30	54.33	57	54	0.739301	103.616
31	54.36	57	54	0.759053	108.181
32	54.38	57	54	0.762506	117.891
33	54.38	57	54	0.762506	114.891
34	54.4	57	54	0.778498	118.035
35	54.45	57	54	0.796139	116.33
36	54.46	57	54	0.796709	117.441
37	54.48	57	54	0.797471	122.482
38	54.48	57	54	0.797471	122.472
39	54.49	57	54	0.79766	123.233
40	54.51	57	54	0.810225	125.276
41	54.53	57	54	0.809726	124.184
42	54.57	57	54	0.819644	125.517
43	54.63	57	54	0.848706	126.772
44	54.69	57	54	0.860995	121.928
45	54.79	57	54	0.879565	119.641
46	54.86	57	54	0.8648	119.196
47	54.95	57	54	0.880484	120.309
48	54.98	57	54	0.875941	117.528
49	55.03	57	54	0.858175	125.086
50	55.14	57	54	0.829019	119.021
51	55.16	57	54	0.813026	120.786
52	55.4	57	54	0.738549	120.248
53	55.46	57	54	0.673	124.587
54	55.52	57	55	0.627324	124.051
55	55.53	57	55	0.626922	125.854
56	55.54	57	55	0.626357	127.234
57	55.57	57	55	0.62369	127.242
58	55.6	57	55	0.619547	119.155
59	55.69	57	55	0.646592	115.82
60	55.72	57	55	0.636912	114.466
61	55.76	57	55	0.637545	114.211
62	55.77	57	55	0.633334	114.198
63	55.85	57	55	0.625631	109.842
64	55.87	57	55	0.613897	115.954
65	55.97	57	55	0.576563	116.293
66	56.03	57	55	0.558769	115.272
67	56.11	57	55	0.510397	110.478
68	56.18	57	55	0.43531	108.445
69	56.26	57	56	0.440844	105.793
70	56.26	57	56	0.440844	103.551
71	56.27	57	56	0.446196	106.514
72	56.28	57	56	0.451261	110.946
73	56.32	57	56	0.468826	112.642
74	56.34	57	56	0.476096	107.339
75	56.36	57	56	0.482418	106.705
76	56.37	57	56	0.485237	105.605
77	56.37	57	56	0.485237	102.86
78	56.41	57	56	0.494311	104.425
79	56.49	57	56	0.502418	108.068
80	56.53	57	56	0.501614	111.001
81	56.58	57	56	0.496045	109.78
82	56.65	57	56	0.479373	113.595
83	56.7	57	56	0.460566	115.243
84	56.71	57	56	0.456048	111.129
85	56.75	57	56	0.435194	108.514
86	56.81	57	56	0.394277	112.893
87	56.85	57	56	0.35887	115.396
88	56.87	57	56	0.337998	117.415
89	56.89	57	56	0.314466	120.187
90	56.91	57	56	0.287623	119.145
91	56.95	57	56	0.219043	119.892
92	57	57	57	0	118.533
93	57	57	57	0	118.533
94	57	57	57	0	119.908
95	57	57	57	0	121.784
96	57	57	57	0	120.258
97	57	57	57	0	119.599
98	57	57	57	0	119.394
99	57	57	57	0	125.273
100	57	57	57	0	124.085
101	57	57	57	0	123.916
102	57	57	57	0	128.689
103	57	57	57	0	129.905
104	57	57	57	0	128.756
105	57	57	57	0	128.89
106	57	57	57	0	131.156
107	57	57	57	0	130.695
108	57	57	57	0	134.539
109	57	57	57	0	134.755
110	57	57	57	0	134.763
111	57	57	57	0	135.674
112	57	57	57	0	135.601
113	57	57	57	0	135.454
114	57	57	57	0	133.522
115	57	57	57	0	137.12
116	57	57	57	0	138.021
117	57	57	57	0	138.881
118	57	57	57	0	137.019
119	57	57	57	0	133.756
120	57	57	57	0	131.493
121	57	57	57	0	128.879
122	57	57	57	0	127.199
123	57	57	57	0	128.072
124	57	57	57	0	128.815
125	57	57	57	0	128.885
126	57	57	57	0	133.679
127	57	57	57	0	129.432
128	57	57	57	0	129.938
129	57	57	57	0	130.804
130	57	57	57	0	131.97
131	57	57	57	0	132.319
132	57	57	57	0	134.668
133	57	57	57	0	134.282
134	57	57	57	0	136.819
135	57	57	57	0	138.981
136	57	57	57	0	138.589
137	57	57	57	0	139.737
138	57	57	57	0	139.142
139	57	57	57	0	137.483
140	57	57	57	0	140.727
141	57	57	57	0	138.525
142	57	57	57	0	138.462
143	57	57	57	0	136.781
144	57	57	57	0	137.195
145	57	57	57	0	136.776
146	57	57	57	0	137.356
147	57	57	57	0	143.619
148	57	57	57	0	141.697
149	57	57	57	0	138.322
150	57	57	57	0	134.666
151	57	57	57	0	133.84
152	57	57	57	0	135.404
153	57	57	57	0	139.816
154	57	57	57	0	143.069
155	57	57	57	0	146.203
156	57	57	57	0	146.778
157	57	57	57	0	140.998
158	57	57	57	0	143.371
159	57	57	57	0	144.744
160	57	57	57	0	141.37
161	57	57	57	0	142.332
162	57	57	57	0	140.631
163	57	57	57	0	139.779
164	57	57	57	0	143.91
165	57	57	57	0	142.939
166	57	57	57	0	143.386
167	57	57	57	0	147.41
168	57	57	57	0	145.079
169	57	57	57	0	138.24
170	57	57	57	0	141.672
171	57	57	57	0	138.254
172	57	57	57	0	138.509
173	57	57	57	0	139.237
174	57	57	57	0	139.96
175	57	57	57	0	138.708
176	57	57	57	0	138.15
177	57	57	57	0	133.98
178	57	57	57	0	135.695
179	57	57	57	0	135.695
180	57	57	57	0	133.924
181	57	57	57	0	134.326
182	57	57	57	0	134.09
183	57	57	57	0	135.742
184	57	57	57	0	136.16
185	57	57	57	0	135.804
186	57	57	57	0	135.599
187	57	57	57	0	135.183
188	57	57	57	0	141.068
189	57	57	57	0	141.068
190	57.01	58	57	0.0999999	138.672
191	57.01	58	57	0.0999999	137.073
192	57.01	58	57	0.0999999	138.596
193	57.01	58	57	0.0999999	148.923
194	57.01	58	57	0.0999999	149.543
195	57.01	58	57	0.0999999	149.628
196	57.01	58	57	0.0999999	150.302
197	57.01	58	57	0.0999999	152.109
198	57.01	58	57	0.0999999	156.846
199	57.01	58	57	0.0999999	159.161
200	57.01	58	57	0.0999999	157.429
201	57.01	58	57	0.0999999	159.236
202	57.01	58	57	0.0999999	160.779
203	57.01	58	57	0.0999999	165.904
204	57.01	58	57	0.0999999	163.98
205	57.01	58	57	0.0999999	169.599
206	57.01	58	57	0.0999999	164.429
207	57.01	58	57	0.0999999	162.925
208	57.01	58	57	0.0999999	172.038
209	57.01	58	57	0.0999999	179.386
210	57.01	58	57	0.0999999	184.989
211	57.01	58	57	0.0999999	186.724
212	57.01	58	57	0.0999999	184.51
213	57.01	58	57	0.0999999	185.795
214	57.01	58	57	0.0999999	187.648
215	57.01	58	57	0.0999999	191
216	57.01	58	57	0.0999999	190.929
217	57.01	58	57	0.0999999	197.276
218	57.01	58	57	0.0999999	202.356
219	57.01	58	57	0.0999999	197.316
220	57.01	58	57	0.0999999	204.408
221	57.01	58	57	0.0999999	204.013
222	57.01	58	57	0.0999999	203.248
223	57.01	58	57	0.0999999	202.315
224	57.01	58	57	0.0999999	201.687
225	57.01	58	57	0.0999999	205.921
226	57.01	58	57	0.0999999	203.294
227	57.01	58	57	0.0999999	205.061
228	57.01	58	57	0.0999999	218.208
229	57.01	58	57	0.0999999	221.625
230	57.01	58	57	0.0999999	218.188
231	57.01	58	57	0.0999999	219.817
232	57.01	58	57	0.0999999	214.388
233	57.01	58	57	0.0999999	217.251
234	57.01	58	57	0.0999999	217.809
235	57.01	58	57	0.0999999	214.688
236	57.02	58	57	0.140705	213.757
237	57.02	58	57	0.140705	208.359
238	57.02	58	57	0.140705	206.928
239	57.02	58	57	0.140705	201.133
240	57.02	58	57	0.140705	200.159
241	57.02	58	57	0.140705	188.6
242	57.02	58	57	0.140705	196.404
243	57.02	58	57	0.140705	196.749
244	57.02	58	57	0.140705	202.905
245	57.02	58	57	0.140705	209.906
246	57.02	58	57	0.140705	210.808
247	57.02	58	57	0.140705	212.441
248	57.02	58	57	0.140705	208.713
249	57.02	58	57	0.140705	202.4
250	57.02	58	57	0.140705	219.103
