0	44.35	50	30	4.94898	170.172
1	46.43	51	42	2.98229	137.684
2	47	51	44	2.68554	136.216
3	47.57	52	44	2.49142	128.672
4	48.19	52	44	2.05822	136.173
5	48.69	52	46	1.63111	124.625
6	49.19	53	46	1.44736	122.615
7	49.46	53	47	1.14962	119.578
8	49.67	53	48	0.985296	118.147
9	50.03	53	48	0.797154	116.098
10	50.2	53	49	0.778499	116.978
11	50.38	53	50	0.801262	118.576
12	50.48	54	50	0.893071	119.131
13	50.6	54	50	0.974421	120.68
14	50.74	55	50	1.09747	122.684
15	50.94	55	50	1.14433	125.023
16	51.12	55	50	1.13955	119.115
17	51.39	55	50	1.10914	114.851
18	51.68	55	50	1.09064	110.42
19	51.96	55	50	0.97359	113.557
20	52.33	55	51	0.954045	108.966
21	52.59	55	52	0.888705	106.008
22	52.74	57	52	1.02119	102.538
23	52.94	57	52	1.04272	94.8301
24	53.18	57	52	1.03845	91.3844
25	53.36	57	52	1.04948	89.4303
26	53.48	57	52	0.989644	85.3115
27	53.72	57	52	0.888535	83.341
28	53.95	57	53	0.687184	76.078
29	54.02	57	53	0.635324	76.5463
30	54.1	57	53	0.559582	71.2881
31	54.24	57	54	0.570663	71.6259
32	54.27	57	54	0.583528	77.3089
33	54.29	57	54	0.607943	73.597
34	54.29	57	54	0.607943	73.6935
35	54.3	57	54	0.611341	74.1077
36	54.4	57	54	0.681649	73.7861
37	54.47	57	54	0.70288	75.7147
38	54.51	57	54	0.71767	75.7394
39	54.59	57	54	0.739846	75.3479
40	54.64	57	54	0.745627	82.3396
41	54.67	57	54	0.739301	81.9727
42	54.72	57	54	0.739643	92.5194
43	54.78	57	54	0.74644	91.402
44	54.86	57	54	0.738823	91.5034
45	54.97	57	54	0.744746	90.617
46	55.12	57	54	0.714638	93.3683
47	55.18	57	54	0.687258	97.425
48	55.31	57	54	0.614555	101.518
49	55.44	57	55	0.556323	101.261
50	55.49	57	55	0.559491	101.885
51	55.54	57	55	0.575949	107.521
52	55.61	57	55	0.58422	104.44
53	55.63	57	55	0.580056	105.432
54	55.68	57	55	0.566399	103.653
55	55.73	57	55	0.547815	101.466
56	55.81	57	55	0.544857	93.7707
57	55.85	57	55	0.519809	93.935
58	55.97	57	55	0.459579	94.7077
59	56.05	57	55	0.385992	92.1982
60	56.13	57	56	0.337997	91.4238
61	56.14	57	56	0.348735	89.9485
62	56.15	57	56	0.35887	89.6968
63	56.16	57	56	0.368452	92.4778
64	56.17	57	56	0.377525	91.4265
65	56.17	57	56	0.377525	88.4356
66	56.19	57	56	0.394277	90.3075
67	56.2	57	56	0.402015	86.3261
68	56.22	57	56	0.416334	86.3287
69	56.22	57	56	0.416334	90.8222
70	56.25	57	56	0.435194	86.7667
71	56.26	57	56	0.440844	86.7602
72	56.28	57	56	0.451261	85.2766
73	56.32	57	56	0.468826	89.3279
74	56.33	57	56	0.472582	92.0091
75	56.35	57	56	0.479373	89.3125
76	56.38	57	56	0.487832	90.8028
77	56.39	57	56	0.490207	94.5921
78	56.41	57	56	0.494311	93.219
79	56.44	57	56	0.498888	89.5863
80	56.47	57	56	0.501614	90.7034
81	56.53	57	56	0.501614	95.0713
82	56.53	57	56	0.501614	95.9933
83	56.57	57	56	0.49757	87.3309
84	56.62	57	56	0.487832	89.1305
85	56.7	57	56	0.460566	88.8566
86	56.76	58	56	0.452155	86.6982
87	56.78	58	56	0.439927	92.3709
88	56.81	58	56	0.419114	92.6937
89	56.84	58	56	0.394917	91.1988
90	56.91	58	56	0.320826	95.4937
91	56.96	58	56	0.242878	93.3347
92	56.99	58	56	0.173787	88.6412
93	57.01	58	57	0.0999999	87.8691
94	57.01	58	57	0.0999999	89.5655
95	57.01	58	57	0.0999999	90.4331
96	57.01	58	57	0.0999999	92.6109
97	57.01	58	57	0.0999999	92.6109
98	57.01	58	57	0.0999999	90.7879
99	57.01	58	57	0.0999999	93.3172
100	57.02	58	57	0.140705	96.6012
101	57.02	58	57	0.140705	95.5899
102	57.02	58	57	0.140705	95.8487
103	57.03	58	57	0.171447	96.2356
104	57.03	58	57	0.171447	96.5396
105	57.03	58	57	0.171447	95.2473
106	57.03	58	57	0.171447	94.1851
107	57.06	60	57	0.342893	95.1485
108	57.06	60	57	0.342893	95.1113
109	57.06	60	57	0.342893	94.935
110	57.06	60	57	0.342893	95.6329
111	57.06	60	57	0.342893	96.7238
112	57.06	60	57	0.342893	95.1891
113	57.06	60	57	0.342893	100.352
114	57.06	60	57	0.342893	99.344
115	57.06	60	57	0.342893	99.0339
116	57.06	60	57	0.342893	94.1725
117	57.06	60	57	0.342893	92.5519
118	57.06	60	57	0.342893	93.6949
119	57.06	60	57	0.342893	92.9446
120	57.07	60	57	0.355477	92.2428
121	57.09	60	57	0.378593	92.9877
122	57.09	60	57	0.378593	93.3295
123	57.09	60	57	0.378593	95.4309
124	57.09	60	57	0.378593	98.522
125	57.12	60	57	0.477367	102.323
126	57.15	60	57	0.557321	103.977
127	57.16	60	57	0.563539	105.218
128	57.17	60	57	0.569512	107.155
129	57.17	60	57	0.569512	105.945
130	57.2	60	57	0.635642	106.899
131	57.2	60	57	0.635642	110.316
132	57.2	60	57	0.635642	111.876
133	57.22	60	57	0.660273	111.971
134	57.23	60	57	0.664465	113.372
135	57.27	60	57	0.722718	114.565
136	57.3	60	57	0.771985	111.184
137	57.3	60	57	0.771985	108.926
138	57.32	60	57	0.789833	108.757
139	57.32	60	57	0.789833	106.433
140	57.32	60	57	0.789833	107.301
141	57.32	60	57	0.789833	111.305
142	57.32	60	57	0.789833	111.305
143	57.33	60	57	0.79207	115.58
144	57.37	60	57	0.836721	119.36
145	57.41	60	57	0.877265	129.627
146	57.42	60	57	0.878245	136.101
147	57.44	60	57	0.879852	137.556
148	57.5	60	57	0.948151	140.376
149	57.52	60	57	0.958534	140.199
150	57.54	60	57	0.957903	140.897
151	57.59	60	57	0.964993	143.946
152	57.6	60	57	0.963999	141.614
153	57.6	60	57	0.963999	141.974
154	57.62	60	57	0.961691	142.442
155	57.63	60	57	0.960378	140.788
156	57.63	60	57	0.960378	141.373
157	57.67	60	57	0.985296	139.858
158	57.71	60	57	1.008	138.45
159	57.72	60	57	1.00584	139.421
160	57.75	60	57	1.02863	142.064
161	57.76	60	57	1.02612	140.029
162	57.81	60	57	1.04151	141.478
163	57.82	60	57	1.03845	142.248
164	57.86	60	57	1.03495	145.459
165	57.87	60	57	1.03138	143.25
166	57.91	60	57	1.04539	142.835
167	58.01	60	57	1.06832	145.06
168	58.05	60	57	1.07661	141.858
169	58.05	60	57	1.07661	142.271
170	58.06	60	57	1.07139	142.582
171	58.11	60	57	1.0721	144.236
172	58.19	60	57	1.07961	146.843
173	58.23	60	57	1.07172	145.813
174	58.29	60	57	1.08521	147.569
175	58.38	60	57	1.0804	147.848
176	58.53	60	57	1.05844	150.776
177	58.59	60	57	1.055	152.274
178	58.68	60	57	1.02376	154.613
179	58.8	60	57	0.974421	153.923
180	58.82	60	57	0.946872	152.026
181	58.87	60	58	0.939105	150.442
182	58.91	60	58	0.943826	149.338
183	58.93	60	58	0.945536	150.299
184	58.96	60	58	0.941951	148.768
185	59.05	60	58	0.936089	149.311
186	59.07	60	58	0.934793	149.492
187	59.11	60	58	0.930895	148.03
188	59.13	60	58	0.928287	150.359
189	59.18	60	58	0.914309	153.389
190	59.2	60	58	0.910101	153.063
191	59.21	60	58	0.902241	152.526
192	59.29	60	58	0.879566	154.574
193	59.29	60	58	0.879566	154.688
194	59.37	60	58	0.83672	152.46
195	59.41	60	58	0.817671	153.804
196	59.46	60	58	0.783929	151.614
197	59.47	60	58	0.771395	150.505
198	59.47	60	58	0.771395	152.045
199	59.47	60	58	0.771395	152.045
200	59.48	60	58	0.758521	149.442
201	59.5	60	58	0.745356	152.006
202	59.56	60	58	0.700937	153.833
203	59.6	60	58	0.651339	155.774
204	59.61	60	58	0.633971	154.974
205	59.61	60	58	0.633971	153.644
206	59.64	60	58	0.594928	156.569
207	59.67	60	58	0.55149	160.496
208	59.71	60	58	0.498381	161.969
209	59.81	61	59	0.419114	163.241
210	59.81	61	59	0.419114	163.241
211	59.81	61	59	0.419114	163.241
212	59.82	61	59	0.411452	164.444
213	59.85	61	59	0.385992	166.598
214	59.85	61	59	0.385992	166.598
215	59.85	61	59	0.385992	166.591
216	59.87	61	59	0.366667	168.809
217	59.87	61	59	0.366667	168.809
218	59.87	61	59	0.366667	168.809
219	59.88	61	59	0.356186	168.911
220	59.89	61	59	0.345096	168.328
221	59.91	61	59	0.320826	171.034
222	59.94	61	59	0.277798	166.499
223	59.95	61	59	0.261117	163.059
224	59.96	61	59	0.242878	163.922
225	59.98	61	59	0.2	163.475
226	59.99	61	59	0.173787	164.108
227	60.01	61	60	0.0999999	162.419
228	60.01	61	60	0.0999999	172.519
229	60.01	61	60	0.0999999	170.906
230	60.01	61	60	0.0999999	170.906
231	60.01	61	60	0.0999999	171.07
232	60.01	61	60	0.0999999	169.774
233	60.01	61	60	0.0999999	169.774
234	60.01	61	60	0.0999999	169.774
235	60.01	61	60	0.0999999	167.909
236	60.01	61	60	0.0999999	167.909
237	60.01	61	60	0.0999999	163.766
238	60.01	61	60	0.0999999	167.41
239	60.01	61	60	0.0999999	166.126
240	60.01	61	60	0.0999999	166.126
241	60.01	61	60	0.0999999	164.787
242	60.01	61	60	0.0999999	164.186
243	60.01	61	60	0.0999999	162.523
244	60.01	61	60	0.0999999	163.055
245	60.01	61	60	0.0999999	159.409
246	60.01	61	60	0.0999999	151.096
247	60.01	61	60	0.0999999	151.459
248	60.01	61	60	0.0999999	150.545
249	60.01	61	60	0.0999999	150.985
250	60.01	61	60	0.0999999	154.049
