0	44.35	50	30	4.94898	170.172
1	46.06	50	41	3.29008	142.681
2	46.77	51	43	2.82791	128.251
3	46.98	51	44	2.68546	118.603
4	47.46	52	44	2.55216	116.756
5	48.01	52	44	2.20878	115.521
6	48.8	52	46	1.46336	115.065
7	49.05	52	46	1.25831	117.809
8	49.23	52	48	1.00358	110.937
9	49.5	52	48	0.989847	129.979
10	49.67	52	48	0.910711	125.649
11	49.83	52	48	0.76614	125.705
12	49.98	52	48	0.651029	134.606
13	50.09	52	49	0.494312	136.693
14	50.14	52	50	0.426875	136.837
15	50.14	52	50	0.426875	138.382
16	50.18	52	50	0.479478	133.672
17	50.2	52	50	0.512471	121.861
18	50.25	52	50	0.538891	125.939
19	50.35	53	50	0.641573	116.411
20	50.38	53	50	0.647919	107.616
21	50.41	53	50	0.668104	104.94
22	50.51	53	50	0.703454	106.926
23	50.71	53	50	0.820137	113.895
24	50.85	54	50	0.946817	114.577
25	50.95	54	50	0.914253	107.92
26	51.16	54	50	1.00222	111.017
27	51.34	54	50	0.934415	120.762
28	51.61	54	51	0.87496	117.832
29	51.78	54	51	0.927471	117.49
30	51.91	54	51	1.00599	120.236
31	52.2	54	51	1.09175	119.162
32	52.51	54	51	1.09632	123.142
33	52.77	55	51	0.993464	118.253
34	52.93	55	52	0.987343	132.883
35	53.05	55	52	0.988571	137.355
36	53.14	55	52	0.974628	138.053
37	53.44	55	52	0.913645	153.876
38	53.63	55	52	0.786952	159.354
39	53.81	55	52	0.597892	150.512
40	53.99	55	53	0.301344	154.755
41	54.04	55	54	0.196946	158.78
42	54.07	56	54	0.293189	155.734
43	54.11	56	54	0.37322	149.433
44	54.11	56	54	0.37322	158.637
45	54.13	56	54	0.393251	156.863
46	54.2	56	54	0.492367	154.464
47	54.25	56	54	0.538891	151.442
48	54.27	56	54	0.547815	149.971
49	54.35	56	54	0.609272	148.939
50	54.47	57	54	0.70288	146.856
51	54.5	57	54	0.703526	146.019
52	54.56	57	54	0.715203	146.973
53	54.61	57	54	0.75069	144.532
54	54.75	57	54	0.821123	137.868
55	54.85	57	54	0.833333	143.845
56	54.96	57	54	0.827799	145.414
57	55.01	57	54	0.822597	139.033
58	55.12	57	54	0.769101	141.372
59	55.24	57	54	0.683425	137.443
60	55.36	57	54	0.611671	137.205
61	55.45	57	55	0.625631	140.878
62	55.5	57	55	0.643538	144.711
63	55.58	57	55	0.669389	155.732
64	55.62	57	55	0.663325	157.779
65	55.68	57	55	0.664846	167.392
66	55.74	57	55	0.645419	165.795
67	55.76	57	55	0.637545	165.439
68	55.85	57	55	0.625631	161.954
69	55.97	57	55	0.593824	166.641
70	55.99	57	55	0.577262	169.45
71	56.05	57	55	0.557321	172.849
72	56.09	57	55	0.533617	170.916
73	56.15	57	55	0.479372	166.622
74	56.19	57	55	0.442559	169.919
75	56.21	57	56	0.40936	163.596
76	56.24	57	56	0.429234	163.363
77	56.26	57	56	0.440844	160.766
78	56.3	57	56	0.460566	162.417
79	56.33	57	56	0.472582	158.264
80	56.35	57	56	0.479373	155.156
81	56.38	57	56	0.487832	153.347
82	56.4	57	56	0.492366	153.965
83	56.42	57	56	0.496045	154.406
84	56.44	57	56	0.498888	145.929
85	56.5	57	56	0.502519	143.727
86	56.52	57	56	0.502117	143.677
87	56.56	57	56	0.498888	141.959
88	56.62	57	56	0.487832	140.848
89	56.69	57	56	0.464823	140.955
90	56.74	57	56	0.440844	136.232
91	56.78	57	56	0.416333	139.642
92	56.83	57	56	0.377525	143.562
93	56.87	57	56	0.337998	151.255
94	56.88	57	56	0.326599	151.486
95	56.94	57	56	0.238683	150.44
96	56.98	57	56	0.140705	152.717
97	57	57	57	0	154.84
98	57	57	57	0	154.344
99	57	57	57	0	153.461
100	57	57	57	0	146.441
101	57	57	57	0	145.819
102	57	57	57	0	138.123
103	57	57	57	0	135.43
104	57	57	57	0	138.448
105	57	57	57	0	139.62
106	57	57	57	0	147.38
107	57	57	57	0	144.277
108	57	57	57	0	141.634
109	57	57	57	0	144.041
110	57	57	57	0	144.869
111	57	57	57	0	143.077
112	57	57	57	0	149.145
113	57	57	57	0	148.695
114	57	57	57	0	143.665
115	57	57	57	0	145.902
116	57	57	57	0	145.165
117	57	57	57	0	150.185
118	57	57	57	0	143.802
119	57	57	57	0	147.346
120	57	57	57	0	145.804
121	57	57	57	0	145.913
122	57	57	57	0	157.937
123	57	57	57	0	153.846
124	57	57	57	0	153.337
125	57	57	57	0	153.25
126	57	57	57	0	151.34
127	57	57	57	0	144.927
128	57	57	57	0	143.996
129	57	57	57	0	144.743
130	57	57	57	0	146.441
131	57	57	57	0	143.347
132	57	57	57	0	146.966
133	57	57	57	0	140.439
134	57	57	57	0	155.113
135	57	57	57	0	139.708
136	57	57	57	0	139.639
137	57	57	57	0	141.146
138	57	57	57	0	145.932
139	57	57	57	0	148.375
140	57	57	57	0	150.216
141	57	57	57	0	149.525
142	57	57	57	0	145.713
143	57	57	57	0	151.025
144	57	57	57	0	148.787
145	57	57	57	0	153.498
146	57	57	57	0	151.663
147	57	57	57	0	150.133
148	57	57	57	0	151.752
149	57	57	57	0	153.089
150	57	57	57	0	151.07
151	57	57	57	0	155.933
152	57	57	57	0	160.194
153	57	57	57	0	163.519
154	57	57	57	0	170.664
155	57	57	57	0	178.373
156	57	57	57	0	171.518
157	57	57	57	0	170.512
158	57	57	57	0	170.246
159	57	57	57	0	177.24
160	57	57	57	0	182.566
161	57	57	57	0	179.718
162	57	57	57	0	178.436
163	57	57	57	0	181.563
164	57	57	57	0	186.889
165	57	57	57	0	186.509
166	57	57	57	0	182.818
167	57	57	57	0	184.292
168	57	57	57	0	184.639
169	57	57	57	0	179.009
170	57	57	57	0	180.955
171	57	57	57	0	187.726
172	57	57	57	0	192.693
173	57	57	57	0	191.789
174	57	57	57	0	196.289
175	57	57	57	0	191.431
176	57	57	57	0	186.095
177	57	57	57	0	186.924
178	57	57	57	0	188.833
179	57	57	57	0	187.389
180	57	57	57	0	187.11
181	57	57	57	0	192.531
182	57	57	57	0	189.799
183	57	57	57	0	189.082
184	57	57	57	0	195.963
185	57	57	57	0	190.529
186	57	57	57	0	188.78
187	57	57	57	0	189.458
188	57	57	57	0	187.321
189	57	57	57	0	186.833
190	57	57	57	0	192.305
191	57	57	57	0	192.707
192	57	57	57	0	193.321
193	57	57	57	0	193.475
194	57	57	57	0	191.789
195	57	57	57	0	194.323
196	57	57	57	0	193.753
197	57	57	57	0	192.149
198	57	57	57	0	197.016
199	57	57	57	0	200.297
200	57	57	57	0	195.92
201	57	57	57	0	207.309
202	57	57	57	0	208.509
203	57	57	57	0	207.192
204	57	57	57	0	206.251
205	57	57	57	0	206.442
206	57	57	57	0	221.856
207	57	57	57	0	206.435
208	57	57	57	0	212.321
209	57	57	57	0	204.998
210	57	57	57	0	206.339
211	57	57	57	0	214.629
212	57	57	57	0	209.694
213	57	57	57	0	209.291
214	57	57	57	0	212.662
215	57	57	57	0	212.951
216	57	57	57	0	212.951
217	57	57	57	0	211.727
218	57	57	57	0	216.122
219	57	57	57	0	201.893
220	57	57	57	0	200.589
221	57	57	57	0	204.495
222	57	57	57	0	208.84
223	57	57	57	0	205.677
224	57.01	58	57	0.0999999	210.853
225	57.01	58	57	0.0999999	213.885
226	57.01	58	57	0.0999999	224.814
227	57.01	58	57	0.0999999	218.467
228	57.02	58	57	0.140705	220.493
229	57.02	58	57	0.140705	219.43
230	57.02	58	57	0.140705	222.795
231	57.02	58	57	0.140705	223.626
232	57.02	58	57	0.140705	224.874
233	57.02	58	57	0.140705	229.877
234	57.02	58	57	0.140705	221.68
235	57.02	58	57	0.140705	213.406
236	57.02	58	57	0.140705	206.546
237	57.02	58	57	0.140705	220.895
238	57.02	58	57	0.140705	224.284
239	57.02	58	57	0.140705	221.617
240	57.02	58	57	0.140705	226.583
241	57.02	58	57	0.140705	217.646
242	57.02	58	57	0.140705	228.777
243	57.02	58	57	0.140705	239.428
244	57.02	58	57	0.140705	249.652
245	57.02	58	57	0.140705	249.724
246	57.02	58	57	0.140705	255.058
247	57.02	58	57	0.140705	255.148
248	57.02	58	57	0.140705	255.575
249	57.02	58	57	0.140705	253.215
250	57.02	58	57	0.140705	255.092
