0	44.35	50	30	4.94898	170.172
1	46.55	51	42	3.08589	131.83
2	47.15	51	44	2.72428	124.811
3	47.59	51	44	2.55483	119.384
4	48.24	51	44	2.13258	122.906
5	48.76	51	46	1.67042	111.457
6	49.29	52	46	1.23333	105.801
7	49.69	52	48	0.860996	109.452
8	49.94	52	48	0.582922	112.046
9	50.13	52	50	0.393251	108.223
10	50.2	52	50	0.492367	107.737
11	50.26	54	50	0.629575	107.394
12	50.32	54	50	0.750487	106.615
13	50.41	54	50	0.805222	109.491
14	50.56	54	50	1.00825	101.373
15	50.71	54	50	1.12182	95.5049
16	50.95	54	50	1.24215	87.3081
17	51.22	54	50	1.36018	85.6937
18	51.44	54	50	1.4165	74.6527
19	51.75	54	50	1.39534	78.9444
20	52.01	54	50	1.29876	80.8921
21	52.21	54	51	1.24961	78.8772
22	52.42	54	51	1.21589	78.5432
23	52.69	54	51	1.14323	75.2804
24	52.96	54	51	1.03397	69.4303
25	53.17	54	52	0.954045	69.3242
26	53.36	54	52	0.893523	71.7481
27	53.55	54	52	0.783349	71.9479
28	53.69	54	52	0.646592	71.4339
29	53.87	54	53	0.337998	72.7374
30	53.97	54	53	0.171447	72.637
31	54	54	54	0	75.7796
32	54.04	56	54	0.281411	73.722
33	54.07	56	54	0.355477	72.8572
34	54.1	56	54	0.414388	75.5505
35	54.17	56	54	0.513554	78.6063
36	54.19	56	54	0.544857	80.5915
37	54.19	56	54	0.544857	79.5816
38	54.22	56	54	0.561024	81.7608
39	54.33	56	54	0.6675	81.8915
40	54.34	56	54	0.669992	83.935
41	54.41	56	54	0.712017	86.6907
42	54.51	56	54	0.771918	85.5097
43	54.61	56	54	0.815197	89.1949
44	54.68	56	54	0.839432	87.2467
45	54.75	56	54	0.833333	92.0832
46	54.87	56	54	0.812217	108.642
47	54.96	57	54	0.827799	113.888
48	55.05	57	54	0.808727	113.938
49	55.13	57	54	0.786952	120.109
50	55.19	57	54	0.774532	129.037
51	55.27	57	54	0.750152	124.779
52	55.44	57	54	0.60836	121.988
53	55.52	57	55	0.577	131.111
54	55.61	57	55	0.58422	132.598
55	55.63	57	55	0.580056	131.44
56	55.67	57	55	0.569512	139.544
57	55.71	57	55	0.555869	137.078
58	55.79	57	55	0.53739	139.807
59	55.9	57	55	0.502519	153.426
60	55.95	57	55	0.479372	157.975
61	56.02	57	55	0.425927	153.942
62	56.13	57	56	0.337997	156.15
63	56.14	57	56	0.348735	167.715
64	56.19	57	56	0.394277	174.383
65	56.21	57	56	0.40936	177.213
66	56.25	57	56	0.435194	187.699
67	56.26	57	56	0.440844	200.954
68	56.29	57	56	0.456048	195.477
69	56.3	57	56	0.460566	193.148
70	56.33	57	56	0.472582	192.937
71	56.34	57	56	0.476096	196.968
72	56.39	57	56	0.490207	197.631
73	56.43	57	56	0.49757	195.901
74	56.49	57	56	0.502418	184.587
75	56.52	57	56	0.502117	185.398
76	56.56	57	56	0.498888	183.944
77	56.64	57	56	0.482418	166.261
78	56.68	57	56	0.468826	172.942
79	56.74	57	56	0.440844	174.383
80	56.83	57	56	0.377525	182.162
81	56.91	57	56	0.287623	186.465
82	56.95	57	56	0.219043	181.332
83	56.99	57	56	0.1	181.588
84	57	57	57	0	178.009
85	57	57	57	0	184.768
86	57	57	57	0	180.616
87	57	57	57	0	186.175
88	57	57	57	0	182.799
89	57	57	57	0	182.861
90	57	57	57	0	180.314
91	57	57	57	0	178.281
92	57	57	57	0	179.219
93	57	57	57	0	177.038
94	57	57	57	0	178.401
95	57	57	57	0	173.021
96	57	57	57	0	171.081
97	57	57	57	0	165.891
98	57	57	57	0	166.114
99	57	57	57	0	170.834
100	57	57	57	0	170.004
101	57	57	57	0	174.103
102	57	57	57	0	174.363
103	57	57	57	0	177.211
104	57	57	57	0	187.438
105	57	57	57	0	178.346
106	57	57	57	0	175.261
107	57	57	57	0	188.589
108	57	57	57	0	183.464
109	57	57	57	0	175.901
110	57	57	57	0	178.033
111	57	57	57	0	179.647
112	57	57	57	0	179.238
113	57	57	57	0	182.568
114	57	57	57	0	184.405
115	57	57	57	0	182.312
116	57	57	57	0	172.152
117	57	57	57	0	178.949
118	57	57	57	0	176.722
119	57	57	57	0	176.746
120	57	57	57	0	177.284
121	57	57	57	0	176.133
122	57	57	57	0	174.931
123	57	57	57	0	176.213
124	57	57	57	0	168.683
125	57	57	57	0	167.649
126	57	57	57	0	172.584
127	57	57	57	0	169.74
128	57	57	57	0	178.843
129	57	57	57	0	173.84
130	57	57	57	0	180.399
131	57	57	57	0	173.641
132	57	57	57	0	175.856
133	57	57	57	0	173.002
134	57	57	57	0	179.201
135	57	57	57	0	180.492
136	57	57	57	0	179.655
137	57	57	57	0	180.499
138	57	57	57	0	184.446
139	57	57	57	0	189.692
140	57	57	57	0	193.427
141	57	57	57	0	191.317
142	57	57	57	0	188.54
143	57	57	57	0	194.158
144	57	57	57	0	186.868
145	57	57	57	0	185.244
146	57	57	57	0	192.482
147	57	57	57	0	203.054
148	57	57	57	0	190.12
149	57	57	57	0	188.712
150	57	57	57	0	188.099
151	57	57	57	0	188.635
152	57	57	57	0	190.436
153	57	57	57	0	183.968
154	57	57	57	0	188.987
155	57	57	57	0	192.084
156	57	57	57	0	195.274
157	57	57	57	0	201.893
158	57	57	57	0	203.839
159	57	57	57	0	206.932
160	57	57	57	0	204.63
161	57	57	57	0	200.743
162	57	57	57	0	200.188
163	57	57	57	0	199.673
164	57	57	57	0	198.083
165	57	57	57	0	196.258
166	57	57	57	0	203.906
167	57	57	57	0	201.183
168	57	57	57	0	196.636
169	57	57	57	0	197.91
170	57	57	57	0	196.842
171	57	57	57	0	195.772
172	57	57	57	0	210.66
173	57	57	57	0	195.264
174	57	57	57	0	196.567
175	57	57	57	0	203.655
176	57	57	57	0	204.901
177	57	57	57	0	199.168
178	57	57	57	0	199.289
179	57	57	57	0	200.482
180	57	57	57	0	201.524
181	57	57	57	0	212.46
182	57	57	57	0	211.886
183	57	57	57	0	218.453
184	57	57	57	0	209.303
185	57	57	57	0	214.578
186	57	57	57	0	212.85
187	57	57	57	0	223.816
188	57	57	57	0	219.903
189	57	57	57	0	218.771
190	57	57	57	0	223.045
191	57	57	57	0	217.596
192	57	57	57	0	214.847
193	57	57	57	0	226.279
194	57	57	57	0	216.491
195	57	57	57	0	208.017
196	57	57	57	0	205.765
197	57	57	57	0	205.457
198	57	57	57	0	201.013
199	57	57	57	0	207.019
200	57	57	57	0	215.783
201	57	57	57	0	214.346
202	57	57	57	0	203.723
203	57	57	57	0	213.824
204	57	57	57	0	209.836
205	57	57	57	0	213
206	57	57	57	0	215.383
207	57	57	57	0	228.593
208	57	57	57	0	231.297
209	57	57	57	0	227.579
210	57	57	57	0	243.757
211	57	57	57	0	234.258
212	57	57	57	0	232.731
213	57	57	57	0	234.863
214	57	57	57	0	234.357
215	57	57	57	0	231.969
216	57	57	57	0	238.812
217	57	57	57	0	238.706
218	57	57	57	0	238.463
219	57	57	57	0	245.219
220	57	57	57	0	246.028
221	57	57	57	0	247.913
222	57	57	57	0	260.673
223	57	57	57	0	246.271
224	57	57	57	0	248.463
225	57	57	57	0	253.63
226	57	57	57	0	244.589
227	57	57	57	0	245.885
228	57	57	57	0	239.54
229	57	57	57	0	237.292
230	57	57	57	0	235.711
231	57	57	57	0	234.395
232	57	57	57	0	235.102
233	57	57	57	0	228.33
234	57	57	57	0	237.373
235	57	57	57	0	226.995
236	57	57	57	0	240.644
237	57	57	57	0	233.735
238	57	57	57	0	233.658
239	57	57	57	0	238.473
240	57	57	57	0	238.864
241	57	57	57	0	235.965
242	57	57	57	0	233.236
243	57	57	57	0	237.152
244	57	57	57	0	239.516
245	57	57	57	0	232.993
246	57	57	57	0	222.796
247	57	57	57	0	221.763
248	57	57	57	0	224.157
249	57	57	57	0	234.074
250	57	57	57	0	220.685
