0	45.1	51	36	5.5267	175.622
1	47	51	42	4.08248	192.889
2	47.5	51	42	3.68932	153.533
3	47.7	51	44	3.40098	141.844
4	47.7	51	44	3.40098	133.244
5	47.9	51	44	3.21282	117.956
6	48.1	51	44	2.99815	121.111
7	48.5	51	46	2.4608	116.956
8	48.6	51	46	2.36643	116.956
9	48.9	51	46	2.079	122.311
10	49.4	51	47	1.89737	128.667
11	49.5	51	47	1.77951	125.644
12	49.5	51	47	1.77951	125.644
13	49.5	51	47	1.77951	125.644
14	49.8	51	47	1.54919	118.956
15	49.8	51	47	1.54919	118.956
16	49.9	51	48	1.37032	116.067
17	49.9	51	48	1.37032	116.067
18	49.9	51	48	1.37032	116.067
19	49.9	51	48	1.37032	116.067
20	49.9	51	48	1.37032	116.067
21	49.9	51	48	1.37032	116.067
22	50.1	51	48	1.19722	122.8
23	50.1	51	48	1.19722	122.8
24	50.3	51	48	0.948683	111.378
25	50.3	51	48	0.948683	115.067
26	50.5	51	50	0.527046	115.067
27	50.2	51	47	1.22927	119.867
28	50.4	51	49	0.699206	113.067
29	50.4	51	49	0.699206	117.578
30	50.5	51	50	0.527046	117.578
31	50.6	51	50	0.516398	120.356
32	51.5	53	50	1.35401	112.978
33	51.7	53	50	1.1595	108.067
34	52	53	51	1.05409	108.067
35	50.4	53	44	3.50238	119.356
36	50.1	53	42	3.92853	120.956
37	50.1	53	42	3.92853	116.778
38	50.3	53	44	3.49762	114.778
39	50.5	53	44	3.59784	114.778
40	49	53	38	5.20683	110.689
41	50.7	53	44	2.79086	114.067
42	51.5	53	50	1.35401	112.467
43	51.7	53	50	1.25167	103.933
44	51.9	53	50	1.1005	96.4667
45	52.1	53	51	0.875595	90.0222
46	52.1	53	51	0.875595	90.0222
47	52.2	53	51	0.788811	92.4889
48	52.2	53	51	0.788811	92.4889
49	52.2	53	51	0.788811	92.4889
50	52.2	53	51	0.788811	92.4889
51	52.2	53	51	0.788811	92.4889
52	52.2	53	51	0.788811	92.4889
53	52.2	53	51	0.788811	92.4889
54	52.2	53	51	0.788811	92.4889
55	52.2	53	51	0.788811	92.4889
56	52.2	53	51	0.788811	92.4889
57	52.2	53	51	0.788811	92.4889
58	52.2	53	51	0.788811	90.8889
59	52.2	53	51	0.788811	90.8889
60	52.2	53	51	0.788811	90.8889
61	52.2	53	51	0.788811	90.8889
62	52.2	53	51	0.788811	90.8889
63	52.2	53	51	0.788811	90.8889
64	52.2	53	51	0.788811	90.8889
65	52.3	53	51	0.674949	83.2889
66	52.3	53	51	0.674949	83.2889
67	52.3	53	51	0.674949	83.2889
68	52.3	53	51	0.674949	83.2889
69	52.3	53	51	0.674949	83.2889
70	52.3	53	51	0.674949	83.2889
71	52.3	53	51	0.674949	83.2889
72	52.3	53	51	0.674949	83.2889
73	52.3	53	51	0.674949	83.2889
74	52.3	53	51	0.674949	83.2889
75	52.4	53	52	0.516398	82.5111
76	52.4	53	52	0.516398	82.5111
77	52.4	53	52	0.516398	82.5111
78	52.4	53	52	0.516398	82.5111
79	52.4	53	52	0.516398	82.5111
80	52.4	53	52	0.516398	82.5111
81	52.4	53	52	0.516398	82.5111
82	52.4	53	52	0.516398	82.5111
83	52.4	53	52	0.516398	82.5111
84	52.4	53	52	0.516398	82.5111
85	52.4	53	52	0.516398	82.5111
86	52.4	53	52	0.516398	82.5111
87	52.4	53	52	0.516398	82.5111
88	52.4	53	52	0.516398	82.5111
89	52.4	53	52	0.516398	82.5111
90	52.4	53	52	0.516398	82.5111
91	52.4	53	52	0.516398	82.5111
92	52.4	53	52	0.516398	82.5111
93	52.4	53	52	0.516398	82.5111
94	52.4	53	52	0.516398	82.5111
95	52.4	53	52	0.516398	91.1778
96	52.4	53	52	0.516398	91.1778
97	52.4	53	52	0.516398	101.578
98	52.5	53	52	0.527046	101.578
99	52.4	53	52	0.516398	97.3778
100	51	53	38	4.59468	95.3556
101	51.8	53	46	2.09762	83.0889
102	52.1	53	49	1.19722	93.4222
103	52.1	53	49	1.19722	96.5111
104	52.4	53	52	0.516398	84.9333
105	52.4	53	52	0.516398	84.9333
106	52.4	53	52	0.516398	84.9333
107	52.4	53	52	0.516398	84.9333
108	52.4	53	52	0.516398	84.9333
109	52.5	53	52	0.527046	84.2444
110	52.5	53	52	0.527046	84.2444
111	51.7	53	44	2.75076	88.0889
112	52.3	53	50	0.948683	67.9556
113	52.3	53	50	0.948683	67.9556
114	52.5	53	52	0.527046	68.0889
115	52.5	53	52	0.527046	68.0889
116	52.5	53	52	0.527046	68.0889
117	52.5	53	52	0.527046	68.0889
118	52.5	53	52	0.527046	68.0889
119	52.5	53	52	0.527046	68.0889
120	52.5	53	52	0.527046	68.0889
121	52.5	53	52	0.527046	68.0889
122	52.5	53	52	0.527046	68.0889
123	52.5	53	52	0.527046	68.0889
124	52.5	53	52	0.527046	68.0889
125	52.5	53	52	0.527046	90.1778
126	52.5	53	52	0.527046	90.1778
127	52.5	53	52	0.527046	90.1778
128	52.5	53	52	0.527046	90.1778
129	52.5	53	52	0.527046	90.1778
130	52.5	53	52	0.527046	90.1778
131	52.5	53	52	0.527046	90.1778
132	52.6	53	52	0.516398	81.0444
133	52.6	53	52	0.516398	81.0444
134	52.6	53	52	0.516398	81.0444
135	52.6	53	52	0.516398	81.0444
136	52.6	53	52	0.516398	81.0444
137	52.6	53	52	0.516398	81.0444
138	52.6	53	52	0.516398	81.0444
139	52.6	53	52	0.516398	81.0444
140	52.6	53	52	0.516398	79.0667
141	52.6	53	52	0.516398	79.0667
142	52.6	53	52	0.516398	79.0667
143	52.6	53	52	0.516398	79.0667
144	52.6	53	52	0.516398	79.0667
145	52.6	53	52	0.516398	79.0667
146	52.6	53	52	0.516398	79.0667
147	52.6	53	52	0.516398	79.0667
148	52.6	53	52	0.516398	79.0667
149	52.6	53	52	0.516398	79.0667
150	52.6	53	52	0.516398	79.0667
151	52.6	53	52	0.516398	79.0667
152	52.6	53	52	0.516398	79.0667
153	52.6	53	52	0.516398	79.0667
154	52.6	53	52	0.516398	62.4444
155	52.6	53	52	0.516398	62.4444
156	52.6	53	52	0.516398	62.4444
157	52.6	53	52	0.516398	62.4444
158	52.6	53	52	0.516398	62.4444
159	52.6	53	52	0.516398	62.4444
160	52.6	53	52	0.516398	62.4444
161	52.6	53	52	0.516398	62.4444
162	52.6	53	52	0.516398	62.4444
163	52.6	53	52	0.516398	62.4444
164	52.6	53	52	0.516398	62.4444
165	52.6	53	52	0.516398	62.4444
166	52.6	53	52	0.516398	76.4889
167	52.7	53	52	0.483046	77.0667
168	52.7	53	52	0.483046	77.0667
169	52.7	53	52	0.483046	77.0667
170	52.7	53	52	0.483046	77.0667
171	52.7	53	52	0.483046	79.7111
172	52.8	53	52	0.421637	79.7111
173	52.6	53	51	0.699206	97.0889
174	52.6	53	51	0.699206	97.0889
175	52.6	53	51	0.699206	97.0889
176	52.6	53	51	0.699206	97.0889
177	52.6	53	51	0.699206	62.8222
178	52.6	53	51	0.699206	62.8222
179	52.7	53	52	0.483046	63.1778
180	52.7	53	52	0.483046	63.1778
181	52.7	53	52	0.483046	63.1778
182	52.7	53	52	0.483046	63.1778
183	52.7	53	52	0.483046	63.1778
184	52.7	53	52	0.483046	63.1778
185	52.7	53	52	0.483046	63.1778
186	52.7	53	52	0.483046	69.6889
187	52.7	53	52	0.483046	78.1111
188	52.7	53	52	0.483046	78.1111
189	52.7	53	52	0.483046	78.1111
190	52.7	53	52	0.483046	78.1111
191	52.7	53	52	0.483046	78.1111
192	52.7	53	52	0.483046	78.1111
193	52.7	53	52	0.483046	78.1111
194	52.7	53	52	0.483046	78.1111
195	52.7	53	52	0.483046	78.1111
196	52.7	53	52	0.483046	78.1111
197	52.7	53	52	0.483046	78.1111
198	52.7	53	52	0.483046	78.1111
199	52.7	53	52	0.483046	78.1111
200	52.7	53	52	0.483046	90.6667
201	52.7	53	52	0.483046	90.6667
202	52.7	53	52	0.483046	90.6667
203	52.8	53	52	0.421637	91.3556
204	52.8	53	52	0.421637	91.3556
205	52.8	53	52	0.421637	91.3556
206	52.8	53	52	0.421637	91.3556
207	52.8	53	52	0.421637	91.3556
208	52.8	53	52	0.421637	91.3556
209	52.8	53	52	0.421637	91.3556
210	52.8	53	52	0.421637	91.3556
211	52.9	53	52	0.316228	108.356
212	52.9	53	52	0.316228	108.356
213	52.9	53	52	0.316228	108.356
214	52.9	53	52	0.316228	108.356
215	52.9	53	52	0.316228	122.311
216	52.7	53	50	0.948683	116.378
217	52.7	53	50	0.948683	116.378
218	53	53	53	0	103.778
219	53	53	53	0	98.6889
220	53	53	53	0	98.6889
221	53	53	53	0	98.6889
222	53	53	53	0	98.6889
223	52.7	53	50	0.948683	74.4889
224	53	53	53	0	80.3778
225	53	53	53	0	80.3778
226	53	53	53	0	80.3778
227	53	53	53	0	80.3778
228	53	53	53	0	80.3778
229	53	53	53	0	80.3778
230	53	53	53	0	80.3778
231	53	53	53	0	80.3778
232	53	53	53	0	80.3778
233	53	53	53	0	80.3778
234	53	53	53	0	80.3778
235	53	53	53	0	80.3778
236	53	53	53	0	80.3778
237	53	53	53	0	80.3778
238	53	53	53	0	80.3778
239	53	53	53	0	80.3778
240	53	53	53	0	80.3778
241	53	53	53	0	80.3778
242	53	53	53	0	80.3778
243	53	53	53	0	80.3778
244	53	53	53	0	80.3778
245	53	53	53	0	80.3778
246	53	53	53	0	80.3778
247	53	53	53	0	80.3778
248	53	53	53	0	80.3778
249	53	53	53	0	80.3778
250	53	53	53	0	80.3778
