0	45.1	51	36	5.5267	175.622
1	47.4	51	44	3.59629	174.578
2	47.6	51	44	3.43835	158.733
3	48	51	44	3.19722	139.756
4	48	51	44	3.19722	128.444
5	48.6	51	44	2.59058	133.978
6	49.2	51	46	2.04396	144.178
7	49.4	51	46	1.77639	142
8	49.8	51	48	1.31656	131.244
9	50.9	53	48	2.02485	140.422
10	50.9	53	48	2.02485	142.022
11	51.3	53	50	1.49443	124.4
12	51.3	53	50	1.49443	124.4
13	51.5	53	50	1.35401	124.4
14	51.2	53	48	1.75119	127.711
15	51.5	53	50	1.35401	139.867
16	51.5	53	50	1.35401	128.667
17	50.8	53	44	2.74064	128.089
18	51.7	53	50	1.41814	129.778
19	51.4	53	50	1.42984	126.378
20	51.8	53	50	1.31656	138.089
21	51.8	53	50	1.31656	138.089
22	52.1	53	50	1.19722	139.467
23	51.8	53	50	1.31656	138.111
24	51.8	53	50	1.31656	135.933
25	51.9	53	50	1.19722	135.933
26	51.9	53	50	1.19722	135.933
27	52	53	51	1.05409	164.333
28	52	53	51	1.05409	164.333
29	52	53	51	1.05409	160.689
30	52	53	51	1.05409	157.311
31	51.3	53	44	2.75076	157.911
32	51.5	53	44	2.79881	157.911
33	51.3	53	47	2.21359	161.067
34	51.9	53	50	1.19722	155.378
35	52	53	50	1.1547	162.044
36	52	53	50	1.1547	162.044
37	52	53	50	1.1547	162.044
38	52	53	50	1.1547	152.2
39	52	53	50	1.1547	162.044
40	52	53	50	1.1547	162.044
41	52.2	53	51	0.918937	152.533
42	52.2	53	51	0.918937	152.533
43	52.2	53	51	0.918937	152.533
44	52.4	53	51	0.843274	179.933
45	52.4	53	51	0.843274	179.933
46	52.4	53	51	0.843274	174.756
47	52.5	53	51	0.707107	158.489
48	52.7	53	52	0.483046	158.556
49	52.7	53	52	0.483046	163.644
50	52.7	53	52	0.483046	163.644
51	52.7	53	52	0.483046	166.533
52	52.7	53	52	0.483046	166.533
53	52.7	53	52	0.483046	166.533
54	52.7	53	52	0.483046	166.533
55	52.7	53	52	0.483046	166.533
56	52.8	53	52	0.421637	192.778
57	52.8	53	52	0.421637	212.178
58	52.8	53	52	0.421637	212.178
59	52.8	53	52	0.421637	212.178
60	52.8	53	52	0.421637	212.178
61	52.8	53	52	0.421637	212.178
62	52.8	53	52	0.421637	212.178
63	52.8	53	52	0.421637	212.178
64	52.8	53	52	0.421637	212.178
65	52.8	53	52	0.421637	212.178
66	52.8	53	52	0.421637	212.178
67	52.8	53	52	0.421637	212.178
68	52.9	53	52	0.316228	199.911
69	52.9	53	52	0.316228	199.911
70	52.9	53	52	0.316228	199.911
71	52.9	53	52	0.316228	199.911
72	52.9	53	52	0.316228	199.911
73	52.9	53	52	0.316228	194.778
74	52.9	53	52	0.316228	194.778
75	52.9	53	52	0.316228	194.778
76	52.9	53	52	0.316228	205.444
77	53	53	53	0	205.444
78	52.7	53	50	0.948683	193.178
79	52.7	53	50	0.948683	193.178
80	53	53	53	0	194.778
81	53	53	53	0	194.778
82	53	53	53	0	194.778
83	53	53	53	0	158.178
84	53.4	54	53	0.516398	157.044
85	53.4	54	53	0.516398	157.044
86	53.4	54	53	0.516398	157.044
87	53.4	54	53	0.516398	164.556
88	53.4	54	53	0.516398	164.556
89	53.4	54	53	0.516398	164.556
90	53.4	54	53	0.516398	164.556
91	53.4	54	53	0.516398	153.578
92	53.4	54	53	0.516398	153.578
93	53.4	54	53	0.516398	153.578
94	53.4	54	53	0.516398	161.111
95	53.4	54	53	0.516398	161.111
96	53.4	54	53	0.516398	166.556
97	53.2	54	51	0.918937	157.8
98	53.3	54	52	0.674949	174.889
99	53.3	54	52	0.674949	168.156
100	53.4	54	53	0.516398	168.156
101	53.4	54	53	0.516398	211.311
102	53.4	54	53	0.516398	198.533
103	53.1	54	50	1.19722	234.067
104	52.6	54	48	2.01108	226.133
105	52.6	54	48	2.01108	226.133
106	53	54	50	1.24722	225.578
107	53.3	54	52	0.674949	207.689
108	53.3	54	52	0.674949	207.689
109	53.3	54	52	0.674949	207.689
110	53.3	54	52	0.674949	207.689
111	53.3	54	52	0.674949	207.689
112	53.3	54	52	0.674949	207.689
113	53.3	54	52	0.674949	203.956
114	53.3	54	52	0.674949	215.978
115	53.4	54	53	0.516398	197.289
116	52.5	54	44	3.02765	209.978
117	53.1	54	50	1.19722	193.578
118	53.1	54	50	1.19722	196.933
119	53.1	54	50	1.19722	196.089
120	53.1	54	50	1.19722	197.622
121	53.4	54	53	0.516398	197.622
122	53.4	54	53	0.516398	138.911
123	53.4	54	53	0.516398	68.4222
124	48.8	54	38	6.46013	84.1778
125	50.3	54	42	5.3135	84.4889
126	52.8	54	50	1.54919	84.7778
127	52.8	54	50	1.54919	84.7778
128	52.8	54	50	1.54919	84.7778
129	52.8	54	50	1.54919	84.7778
130	52.8	54	50	1.54919	79.3333
131	53.5	54	53	0.527046	85.8222
132	53.5	54	53	0.527046	85.8222
133	53.6	54	53	0.516398	85.2222
134	53.6	54	53	0.516398	73.5333
135	53.7	54	53	0.483046	73.5333
136	51.9	54	36	5.60654	80.8444
137	53.7	54	53	0.483046	93.3556
138	53.6	54	53	0.516398	89.9111
139	53.6	54	53	0.516398	89.9111
140	53.6	54	53	0.516398	89.9111
141	53.6	54	53	0.516398	87.8444
142	53	54	47	2.16025	95.8889
143	53.5	54	51	0.971825	87.2889
144	53.1	54	50	1.44914	79.1111
145	53.1	54	50	1.44914	79.1111
146	53.1	54	50	1.44914	79.1111
147	53.3	54	51	1.05935	81.8889
148	53.6	54	52	0.699206	87.1778
149	53.6	54	52	0.699206	87.1778
150	53.8	54	53	0.421637	86.8222
151	53.8	54	53	0.421637	86.8222
152	53.2	54	48	1.8738	87.0667
153	53.4	54	50	1.26491	81.0222
154	53.7	54	53	0.483046	81.4
155	53.7	54	53	0.483046	81.4
156	53.7	54	53	0.483046	81.4
157	53.7	54	53	0.483046	81.4
158	53.7	54	53	0.483046	81.4
159	53.7	54	53	0.483046	81.4
160	53.7	54	53	0.483046	81.4
161	53.7	54	53	0.483046	81.4
162	53.7	54	53	0.483046	81.4
163	53.7	54	53	0.483046	81.4
164	53.8	54	53	0.421637	68.0444
165	53.8	54	53	0.421637	68.0444
166	53.8	54	53	0.421637	68.0444
167	53.8	54	53	0.421637	68.0444
168	53.8	54	53	0.421637	68.0444
169	53.8	54	53	0.421637	68.0444
170	53.8	54	53	0.421637	68.0444
171	53.8	54	53	0.421637	68.0444
172	53.8	54	53	0.421637	68.0444
173	53.8	54	53	0.421637	68.0444
174	53.9	54	53	0.316228	90.9333
175	53.9	54	53	0.316228	90.9333
176	54	54	54	0	92.7778
177	54	54	54	0	92.7778
178	54	54	54	0	97.9778
179	54	54	54	0	97.9778
180	53.4	54	48	1.89737	105.2
181	54	54	54	0	109.178
182	54	54	54	0	109.178
183	54	54	54	0	109.178
184	54	54	54	0	109.178
185	54	54	54	0	109.178
186	54	54	54	0	109.178
187	54	54	54	0	104.222
188	54	54	54	0	104.222
189	54	54	54	0	116.978
190	54	54	54	0	122.289
191	54	54	54	0	122.289
192	54	54	54	0	122.289
193	54	54	54	0	122.289
194	54	54	54	0	119.733
195	54	54	54	0	130.667
196	54	54	54	0	122.378
197	54	54	54	0	116.2
198	54	54	54	0	116.2
199	54	54	54	0	116.2
200	53.4	54	48	1.89737	122.089
201	53.6	54	50	1.26491	113.6
202	54	54	54	0	115.578
203	54	54	54	0	127.111
204	54	54	54	0	127.111
205	54	54	54	0	127.111
206	54	54	54	0	135.933
207	54	54	54	0	135.933
208	54	54	54	0	138.822
209	53.1	54	45	2.84605	128.533
210	54	54	54	0	128.844
211	54	54	54	0	122
212	54	54	54	0	102.4
213	54	54	54	0	102.4
214	54	54	54	0	102.4
215	54	54	54	0	102.4
216	54	54	54	0	92.7778
217	54	54	54	0	92.7778
218	54	54	54	0	92.7778
219	54	54	54	0	92.7778
220	54	54	54	0	92.7778
221	54	54	54	0	92.4667
222	54	54	54	0	92.4667
223	54	54	54	0	92.4667
224	54	54	54	0	92.4667
225	54	54	54	0	92.4667
226	54	54	54	0	92.4667
227	54	54	54	0	92.4667
228	54	54	54	0	92.4667
229	54	54	54	0	92.4667
230	54	54	54	0	87.9778
231	54	54	54	0	85.9333
232	54	54	54	0	68.5333
233	54	54	54	0	62.3333
234	54	54	54	0	62.3333
235	54	54	54	0	73.2889
236	54	54	54	0	95.5333
237	54	54	54	0	74.3111
238	54	54	54	0	61.7778
239	54	54	54	0	61.7778
240	54	54	54	0	61.7778
241	54	54	54	0	63.6667
242	54	54	54	0	59.5556
243	54	54	54	0	59.5556
244	54	54	54	0	59.5556
245	54	54	54	0	59.5556
246	54	54	54	0	68.4222
247	54	54	54	0	70.5333
248	54	54	54	0	75.5556
249	54	54	54	0	89.8222
250	54	54	54	0	81.2889
