0	0.00794985	0.227823	0.00010001	0.0335928	-1
1	0.0190787	0.227823	0.00010001	0.0494683	-1
2	0.0271046	0.274701	0.00010001	0.0586261	-1
3	0.0390679	0.294563	0.00010001	0.069436	-1
4	0.0521734	0.408859	0.00010001	0.0821152	-1
5	0.0731463	0.408859	0.00010001	0.0907115	-1
6	0.0981692	0.804605	0.00010001	0.118098	-1
7	0.113799	0.804605	0.00010001	0.114792	-1
8	0.136673	0.804605	0.00010001	0.113435	-1
9	0.160016	0.804605	0.00010001	0.111631	-1
10	0.174933	0.804605	0.074444	0.122379	-1
11	0.181144	0.804605	0.0860512	0.120556	-1
12	0.18955	0.804605	0.0970816	0.11998	-1
13	0.208936	0.804605	0.104029	0.13013	-1
14	0.215301	0.804605	0.116431	0.128404	-1
15	0.222147	0.804605	0.119845	0.127725	-1
16	0.225881	0.804605	0.127638	0.125939	-1
17	0.234565	0.804605	0.13045	0.128104	-1
18	0.245474	0.804605	0.134895	0.130596	-1
19	0.249276	0.804605	0.139409	0.129998	-1
20	0.256868	0.804605	0.145938	0.130711	-1
21	0.262321	0.804605	0.148857	0.129567	-1
22	0.268597	0.804605	0.152978	0.126656	-1
23	0.277654	0.804605	0.161881	0.12979	-1
24	0.280595	0.804605	0.16369	0.131025	-1
25	0.28788	0.804605	0.166167	0.130973	-1
26	0.295337	0.804605	0.171942	0.134794	-1
27	0.297259	0.804605	0.17485	0.134552	-1
28	0.299879	0.804605	0.175031	0.133724	-1
29	0.301266	0.804605	0.177483	0.132686	-1
30	0.307343	0.804605	0.185894	0.131959	-1
31	0.307452	0.804605	0.191077	0.1319	-1
32	0.315512	0.804605	0.193084	0.138277	-1
33	0.318035	0.804605	0.193454	0.138859	-1
34	0.328346	0.804605	0.195526	0.142149	-1
35	0.330737	0.804605	0.197035	0.141949	-1
36	0.343256	0.855453	0.198981	0.151896	-1
37	0.348016	0.855453	0.207448	0.152231	-1
38	0.353339	0.855453	0.208891	0.150785	-1
39	0.35517	0.855453	0.211835	0.150078	-1
40	0.355963	0.855453	0.212733	0.149503	-1
41	0.357823	0.855453	0.214566	0.148677	-1
42	0.357929	0.855453	0.214566	0.148607	-1
43	0.359015	0.855453	0.220612	0.147944	-1
44	0.36401	0.855453	0.224016	0.146827	-1
45	0.369435	0.855453	0.231684	0.148829	-1
46	0.370692	0.855453	0.232282	0.149023	-1
47	0.375316	0.855453	0.235032	0.146624	-1
48	0.376579	0.855453	0.235369	0.145938	-1
49	0.377633	0.855453	0.235605	0.145276	-1
50	0.383592	0.855453	0.238598	0.143646	-1
51	0.384546	0.855453	0.245104	0.142932	-1
52	0.386627	0.855453	0.246615	0.142383	-1
53	0.38708	0.855453	0.250901	0.142028	-1
54	0.39148	0.855453	0.255923	0.14452	-1
55	0.3992	0.973825	0.256738	0.155495	-1
56	0.401997	0.973825	0.25724	0.155676	-1
57	0.402334	0.973825	0.259231	0.155406	-1
58	0.402334	0.973825	0.259231	0.155406	-1
59	0.403264	0.973825	0.266001	0.154633	-1
60	0.403792	0.973825	0.266043	0.154235	-1
61	0.404211	0.973825	0.267437	0.153905	-1
62	0.40552	0.973825	0.267499	0.153262	-1
63	0.409506	0.973825	0.267713	0.152393	-1
64	0.409816	0.973825	0.267713	0.152365	-1
65	0.411028	0.973825	0.269091	0.151628	-1
66	0.411625	0.973825	0.270947	0.15117	-1
67	0.411704	0.973825	0.270947	0.151111	-1
68	0.411704	0.973825	0.270947	0.151111	-1
69	0.411704	0.973825	0.270947	0.151111	-1
70	0.413893	0.973825	0.274407	0.149835	-1
71	0.416015	0.973825	0.276473	0.148561	-1
72	0.41609	0.973825	0.276473	0.148507	-1
73	0.41611	0.973825	0.276473	0.148502	-1
74	0.41611	0.973825	0.276473	0.148502	-1
75	0.418562	0.973825	0.278475	0.148021	-1
76	0.418698	0.973825	0.278475	0.147958	-1
77	0.419043	0.973825	0.280552	0.147668	-1
78	0.4191	0.973825	0.280552	0.147622	-1
79	0.428399	0.993317	0.284317	0.156517	-1
80	0.434261	0.993317	0.285841	0.156447	-1
81	0.445456	0.993317	0.29111	0.156212	-1
82	0.452132	0.993317	0.297085	0.160445	-1
83	0.461427	0.993317	0.299189	0.158002	-1
84	0.465141	0.993317	0.304074	0.158249	-1
85	0.465591	0.993317	0.308597	0.158194	-1
86	0.465675	0.993317	0.308597	0.158199	-1
87	0.471455	0.993317	0.310492	0.160313	-1
88	0.475432	0.993317	0.313834	0.158089	-1
89	0.476688	0.993317	0.317279	0.157083	-1
90	0.481701	0.993317	0.317781	0.159745	-1
91	0.482771	0.993317	0.317781	0.16059	-1
92	0.483049	0.993317	0.317781	0.160671	-1
93	0.486879	0.993317	0.319795	0.159802	-1
94	0.489681	0.993317	0.325762	0.157904	-1
95	0.490071	0.993317	0.325762	0.158007	-1
96	0.491417	0.993317	0.336709	0.157262	-1
97	0.491562	0.993317	0.336709	0.157201	-1
98	0.492649	0.993317	0.345911	0.156494	-1
99	0.496905	0.993317	0.348636	0.156891	-1
100	0.5027	0.993317	0.349954	0.160267	-1
101	0.504261	0.993317	0.349954	0.162026	-1
102	0.505891	0.993317	0.354585	0.161276	-1
103	0.510293	0.993317	0.354937	0.162222	-1
104	0.510943	0.993317	0.354937	0.16242	-1
105	0.510943	0.993317	0.354937	0.16242	-1
106	0.511288	0.993317	0.355228	0.162122	-1
107	0.515241	0.993317	0.358799	0.160543	-1
108	0.516178	0.993317	0.361717	0.159869	-1
109	0.517593	0.993317	0.364065	0.158757	-1
110	0.517643	0.993317	0.364065	0.158724	-1
111	0.517643	0.993317	0.364065	0.158724	-1
112	0.520791	0.993317	0.36729	0.158307	-1
113	0.524119	0.993317	0.374527	0.156645	-1
114	0.524195	0.993317	0.374527	0.156596	-1
115	0.525686	0.993317	0.37659	0.155733	-1
116	0.526002	0.993317	0.37659	0.155569	-1
117	0.527425	0.993317	0.378129	0.154514	-1
118	0.527653	0.993317	0.378129	0.154372	-1
119	0.527657	0.993317	0.378542	0.154368	-1
120	0.527657	0.993317	0.378542	0.154368	-1
121	0.528431	0.993317	0.378542	0.153806	-1
122	0.5296	0.993317	0.380525	0.15298	-1
123	0.529722	0.993317	0.380525	0.152914	-1
124	0.529722	0.993317	0.380525	0.152914	-1
125	0.529722	0.993317	0.380525	0.152914	-1
126	0.53476	0.993317	0.380703	0.154908	-1
127	0.535755	0.993317	0.380703	0.155742	-1
128	0.535842	0.993317	0.380703	0.155656	-1
129	0.535887	0.993317	0.384603	0.155612	-1
130	0.535887	0.993317	0.384603	0.155612	-1
131	0.541306	0.993317	0.384603	0.159672	-1
132	0.542113	0.993317	0.384603	0.160207	-1
133	0.542119	0.993317	0.385194	0.160202	-1
134	0.542119	0.993317	0.385194	0.160202	-1
135	0.542205	0.993317	0.389473	0.160118	-1
136	0.542205	0.993317	0.389473	0.160118	-1
137	0.542205	0.993317	0.389473	0.160118	-1
138	0.543498	0.993317	0.389473	0.159393	-1
139	0.543692	0.993317	0.389473	0.15931	-1
140	0.543692	0.993317	0.389473	0.15931	-1
141	0.543692	0.993317	0.389473	0.15931	-1
142	0.543692	0.993317	0.389473	0.15931	-1
143	0.543702	0.993317	0.389473	0.159301	-1
144	0.543702	0.993317	0.389473	0.159301	-1
145	0.543702	0.993317	0.389473	0.159301	-1
146	0.543702	0.993317	0.389473	0.159301	-1
147	0.543702	0.993317	0.389473	0.159301	-1
148	0.544053	0.993317	0.389473	0.158994	-1
149	0.544053	0.993317	0.389473	0.158994	-1
150	0.548065	0.993317	0.389473	0.160105	-1
