0	0.0255954	0.279529	0.00010001	0.0616063	-1
1	0.0365561	0.286672	0.00010001	0.0721862	-1
2	0.0573728	0.54284	0.00010001	0.0946459	-1
3	0.0862669	0.61013	0.00010001	0.123547	-1
4	0.0947964	0.61013	0.00010001	0.125925	-1
5	0.115464	0.61013	0.00010001	0.12645	-1
6	0.126834	0.61013	0.00010001	0.122772	-1
7	0.141436	0.61013	0.00010001	0.116661	-1
8	0.160545	0.61013	0.00010001	0.106295	-1
9	0.181063	0.61013	0.0527685	0.10428	-1
10	0.190794	0.61013	0.0824454	0.0996774	-1
11	0.198755	0.61013	0.113735	0.0954241	-1
12	0.200586	0.61013	0.118539	0.0942099	-1
13	0.207716	0.61013	0.120911	0.0982631	-1
14	0.21412	0.61013	0.130619	0.101064	-1
15	0.22017	0.61013	0.136771	0.100534	-1
16	0.223579	0.61013	0.13971	0.100113	-1
17	0.225547	0.61013	0.146118	0.0989138	-1
18	0.231663	0.61013	0.147629	0.0988567	-1
19	0.231686	0.61013	0.147677	0.0988372	-1
20	0.23267	0.61013	0.152594	0.0981814	-1
21	0.233718	0.61013	0.156655	0.0977179	-1
22	0.240751	0.61013	0.161648	0.0962304	-1
23	0.244645	0.61013	0.16268	0.0979563	-1
24	0.246126	0.61013	0.16362	0.097542	-1
25	0.251814	0.61013	0.16833	0.0969648	-1
26	0.254065	0.61013	0.174041	0.0954866	-1
27	0.25512	0.61013	0.175938	0.0948543	-1
28	0.260956	0.661166	0.177531	0.102284	-1
29	0.265584	0.661166	0.182844	0.103058	-1
30	0.279155	0.85015	0.18396	0.120033	-1
31	0.286238	0.85015	0.186581	0.129526	-1
32	0.294532	0.85015	0.18816	0.138759	-1
33	0.297463	0.85015	0.193707	0.137244	-1
34	0.300503	0.85015	0.195237	0.13651	-1
35	0.30069	0.85015	0.195237	0.136426	-1
36	0.30421	0.85015	0.203528	0.134769	-1
37	0.306188	0.85015	0.203835	0.134546	-1
38	0.30624	0.85015	0.204288	0.134517	-1
39	0.307383	0.85015	0.204384	0.134022	-1
40	0.308735	0.85015	0.205336	0.133431	-1
41	0.308761	0.85015	0.205336	0.133425	-1
42	0.3116	0.85015	0.207492	0.13211	-1
43	0.311639	0.85015	0.207492	0.132092	-1
44	0.319646	0.85015	0.211616	0.134288	-1
45	0.321216	0.85015	0.212131	0.133901	-1
46	0.321218	0.85015	0.212131	0.133901	-1
47	0.325764	0.85015	0.214527	0.1342	-1
48	0.328011	0.85015	0.218333	0.134061	-1
49	0.333111	0.85015	0.225939	0.138536	-1
50	0.333689	0.85015	0.22652	0.138203	-1
51	0.334341	0.85015	0.22842	0.137775	-1
52	0.336196	0.85015	0.228498	0.13754	-1
53	0.337683	0.85015	0.231251	0.137126	-1
54	0.337715	0.85015	0.231251	0.137106	-1
55	0.349282	0.85015	0.233581	0.14202	-1
56	0.349603	0.85015	0.233581	0.142297	-1
57	0.350906	0.85015	0.234972	0.14152	-1
58	0.353044	0.85015	0.236731	0.140039	-1
59	0.353061	0.85015	0.236996	0.140029	-1
60	0.359721	0.85015	0.237275	0.145985	-1
61	0.360753	0.85015	0.240299	0.146926	-1
62	0.366241	0.85015	0.242635	0.14611	-1
63	0.372005	0.85015	0.245951	0.144146	-1
64	0.373244	0.85015	0.246649	0.143316	-1
65	0.383536	0.85015	0.256205	0.147913	-1
66	0.384343	0.85015	0.256205	0.148831	-1
67	0.384343	0.85015	0.256205	0.148831	-1
68	0.384343	0.85015	0.256205	0.148831	-1
69	0.385102	0.85015	0.257751	0.148357	-1
70	0.385154	0.85015	0.257751	0.14832	-1
71	0.38707	0.85015	0.25888	0.147895	-1
72	0.389777	0.85015	0.264344	0.146797	-1
73	0.393315	0.85015	0.264909	0.14752	-1
74	0.394751	0.85015	0.265224	0.146782	-1
75	0.396676	0.85015	0.270166	0.145995	-1
76	0.396764	0.85015	0.270166	0.145952	-1
77	0.396764	0.85015	0.270166	0.145952	-1
78	0.397589	0.85015	0.270493	0.145461	-1
79	0.400983	0.85015	0.271726	0.14632	-1
80	0.404697	0.85015	0.27328	0.145598	-1
81	0.405712	0.85015	0.274805	0.145039	-1
82	0.406304	0.85015	0.277973	0.144602	-1
83	0.40673	0.85015	0.278529	0.144275	-1
84	0.40676	0.85015	0.278875	0.14425	-1
85	0.407107	0.85015	0.27938	0.143981	-1
86	0.407856	0.85015	0.279529	0.143485	-1
87	0.407942	0.85015	0.279529	0.143418	-1
88	0.408777	0.85015	0.281827	0.142898	-1
89	0.409584	0.85015	0.283157	0.142376	-1
90	0.412112	0.85015	0.284221	0.141891	-1
91	0.413739	0.85015	0.285669	0.141216	-1
92	0.414049	0.85015	0.286672	0.140973	-1
93	0.415497	0.85015	0.28725	0.140044	-1
94	0.417216	0.85015	0.288887	0.139422	-1
95	0.420002	0.85015	0.289019	0.13956	-1
96	0.421673	0.85015	0.290806	0.138457	-1
97	0.421724	0.85015	0.290806	0.138426	-1
98	0.431918	0.912523	0.29447	0.145926	-1
99	0.433001	0.912523	0.29447	0.148561	-1
100	0.433001	0.912523	0.29447	0.148561	-1
101	0.433001	0.912523	0.29447	0.148561	-1
102	0.433001	0.912523	0.29447	0.148561	-1
103	0.433001	0.912523	0.29447	0.148561	-1
104	0.433001	0.912523	0.29447	0.148561	-1
105	0.433004	0.912523	0.294816	0.148558	-1
106	0.440508	0.95048	0.294886	0.156048	-1
107	0.44779	0.95048	0.297003	0.159343	-1
108	0.454194	0.95048	0.298926	0.165333	-1
109	0.455487	0.95048	0.298926	0.167211	-1
110	0.460641	0.95048	0.302747	0.169244	-1
111	0.470124	0.95048	0.303558	0.173048	-1
112	0.474857	0.95048	0.304492	0.174542	-1
113	0.475005	0.95048	0.304492	0.174508	-1
114	0.475577	0.95048	0.304672	0.174037	-1
115	0.476842	0.95048	0.305038	0.173217	-1
116	0.477017	0.95048	0.306793	0.173087	-1
117	0.477017	0.95048	0.306793	0.173087	-1
118	0.477017	0.95048	0.306793	0.173087	-1
119	0.477854	0.95048	0.308204	0.172457	-1
120	0.477977	0.95048	0.308204	0.172354	-1
121	0.477977	0.95048	0.308204	0.172354	-1
122	0.484367	0.95048	0.311571	0.171898	-1
123	0.485639	0.95048	0.31353	0.171297	-1
124	0.485714	0.95048	0.31353	0.171236	-1
125	0.485714	0.95048	0.31353	0.171236	-1
126	0.485714	0.95048	0.31353	0.171236	-1
127	0.485714	0.95048	0.31353	0.171236	-1
128	0.4892	0.95048	0.317406	0.171245	-1
129	0.489716	0.95048	0.317406	0.171492	-1
130	0.489716	0.95048	0.317406	0.171492	-1
131	0.490081	0.95048	0.321533	0.17116	-1
132	0.490093	0.95048	0.321533	0.171148	-1
133	0.490093	0.95048	0.321533	0.171148	-1
134	0.490093	0.95048	0.321533	0.171148	-1
135	0.491696	0.95048	0.322697	0.170051	-1
136	0.492379	0.95048	0.322852	0.169501	-1
137	0.492486	0.95048	0.327696	0.169402	-1
138	0.492486	0.95048	0.327696	0.169402	-1
139	0.492509	0.95048	0.328095	0.16938	-1
140	0.49252	0.95048	0.328095	0.169369	-1
141	0.49252	0.95048	0.328095	0.169369	-1
142	0.492528	0.95048	0.328899	0.169361	-1
143	0.493527	0.95048	0.32999	0.168537	-1
144	0.493552	0.95048	0.32999	0.168516	-1
145	0.501646	0.95048	0.33087	0.171491	-1
146	0.503279	0.95048	0.331753	0.17135	-1
147	0.503538	0.95048	0.332823	0.171125	-1
148	0.50358	0.95048	0.332823	0.171088	-1
149	0.50358	0.95048	0.332823	0.171088	-1
150	0.506028	0.95048	0.33379	0.17037	-1
