0	0.0247315	0.978389	0.00010001	0.107739	-1
1	0.0462544	0.978389	0.00010001	0.13771	-1
2	0.072686	0.978389	0.00010001	0.152701	-1
3	0.0969529	0.978389	0.00010001	0.170156	-1
4	0.107804	0.978389	0.00010001	0.169246	-1
5	0.130553	0.978389	0.00010001	0.170561	-1
6	0.150832	0.978389	0.00010001	0.169336	-1
7	0.168506	0.978389	0.00010001	0.164019	-1
8	0.182298	0.978389	0.00010001	0.155755	-1
9	0.211034	0.978389	0.083821	0.160329	-1
10	0.219307	0.978389	0.0911439	0.163147	-1
11	0.237727	0.978389	0.0982266	0.172706	-1
12	0.249681	0.978389	0.116604	0.173928	-1
13	0.260574	0.978389	0.12577	0.178205	-1
14	0.27306	0.978389	0.139056	0.176534	-1
15	0.293799	0.978389	0.146526	0.189642	-1
16	0.296656	0.978389	0.147546	0.191711	-1
17	0.302586	0.978389	0.157513	0.188282	-1
18	0.303227	0.978389	0.162962	0.187848	-1
19	0.30331	0.978389	0.162962	0.187805	-1
20	0.311862	0.978389	0.16758	0.185988	-1
21	0.316893	0.978389	0.174843	0.183817	-1
22	0.319436	0.978389	0.183359	0.182432	-1
23	0.320214	0.978389	0.184056	0.182009	-1
24	0.336568	0.978389	0.191808	0.187314	-1
25	0.347286	0.978389	0.193178	0.189769	-1
26	0.363676	0.978389	0.200617	0.196512	-1
27	0.373269	0.978389	0.203803	0.20039	-1
28	0.386874	0.978389	0.206032	0.202294	-1
29	0.393165	0.978389	0.209368	0.203446	-1
30	0.396459	0.978389	0.21284	0.202084	-1
31	0.412754	0.978389	0.218006	0.200341	-1
32	0.425827	0.978389	0.22078	0.207703	-1
33	0.437596	0.978389	0.226171	0.205199	-1
34	0.439976	0.978389	0.236838	0.203327	-1
35	0.440346	0.978389	0.236838	0.203098	-1
36	0.443114	0.978389	0.240356	0.201216	-1
37	0.450799	0.978389	0.244467	0.198391	-1
38	0.453943	0.978389	0.246188	0.196156	-1
39	0.466425	0.978389	0.24721	0.196102	-1
40	0.473834	0.978389	0.249793	0.196445	-1
41	0.478206	0.978389	0.251937	0.19543	-1
42	0.478386	0.978389	0.251937	0.195311	-1
43	0.478704	0.978389	0.254916	0.194956	-1
44	0.479501	0.978389	0.258868	0.194173	-1
45	0.482097	0.978389	0.259058	0.19289	-1
46	0.488213	0.978389	0.259744	0.193624	-1
47	0.494176	0.978389	0.261168	0.194435	-1
48	0.497303	0.978389	0.264583	0.192469	-1
49	0.497484	0.978389	0.264583	0.192324	-1
50	0.497999	0.978389	0.265861	0.191762	-1
51	0.498029	0.978389	0.265861	0.191725	-1
52	0.500101	0.978389	0.288954	0.189447	-1
53	0.500161	0.978389	0.288954	0.189388	-1
54	0.505341	0.978389	0.291333	0.190439	-1
55	0.513104	0.978389	0.291662	0.195269	-1
56	0.516623	0.978389	0.293893	0.197527	-1
57	0.520134	0.978389	0.296109	0.196384	-1
58	0.521034	0.978389	0.30191	0.195599	-1
59	0.523523	0.978389	0.316057	0.193351	-1
60	0.523555	0.978389	0.316057	0.193319	-1
61	0.539669	0.978389	0.327815	0.192676	-1
62	0.540126	0.978389	0.327815	0.19251	-1
63	0.540215	0.978389	0.327815	0.192589	-1
64	0.54689	0.993317	0.328311	0.196649	-1
65	0.549379	0.993317	0.328311	0.199157	-1
66	0.549607	0.993317	0.329542	0.198908	-1
67	0.555105	0.993317	0.33203	0.196409	-1
68	0.557461	0.993317	0.339769	0.194361	-1
69	0.570479	0.993317	0.344421	0.187541	-1
70	0.571153	0.993317	0.344421	0.187267	-1
71	0.571818	0.993317	0.344421	0.18681	-1
72	0.572497	0.993317	0.351323	0.18628	-1
73	0.572603	0.993317	0.351323	0.186255	-1
74	0.572684	0.993317	0.351323	0.186277	-1
75	0.572684	0.993317	0.351323	0.186277	-1
76	0.572684	0.993317	0.351323	0.186277	-1
77	0.572684	0.993317	0.351323	0.186277	-1
78	0.572716	0.993317	0.354446	0.18624	-1
79	0.577286	0.993317	0.354487	0.182806	-1
80	0.57907	0.993317	0.361136	0.181339	-1
81	0.579403	0.993317	0.361136	0.181052	-1
82	0.579446	0.993317	0.361136	0.181009	-1
83	0.580212	0.993317	0.362995	0.180224	-1
84	0.580377	0.993317	0.362995	0.180066	-1
85	0.595048	0.993317	0.369458	0.182011	-1
86	0.597867	0.993317	0.378794	0.181768	-1
87	0.598959	0.993317	0.389473	0.18197	-1
88	0.599775	0.993317	0.389473	0.181162	-1
89	0.601883	0.993317	0.389473	0.179143	-1
90	0.602179	0.993317	0.389473	0.178855	-1
91	0.602411	0.993317	0.389473	0.178598	-1
92	0.602787	0.993317	0.389473	0.178185	-1
93	0.602931	0.993317	0.389473	0.178032	-1
94	0.605003	0.993317	0.389473	0.176684	-1
95	0.610475	0.993317	0.389473	0.174101	-1
96	0.611832	0.993317	0.389473	0.173431	-1
97	0.611958	0.993317	0.389473	0.173363	-1
98	0.618071	0.993317	0.39079	0.173879	-1
99	0.621067	0.993317	0.39079	0.174578	-1
100	0.621067	0.993317	0.39079	0.174578	-1
101	0.624255	0.993317	0.396067	0.173236	-1
102	0.625961	0.993317	0.396067	0.172578	-1
103	0.625961	0.993317	0.396067	0.172578	-1
104	0.630259	0.993317	0.405409	0.169469	-1
105	0.63113	0.993317	0.405409	0.168693	-1
106	0.63124	0.993317	0.408984	0.16863	-1
107	0.636209	0.993317	0.418769	0.168671	-1
108	0.6387	0.993317	0.418769	0.16883	-1
109	0.657334	0.993317	0.424808	0.169259	-1
110	0.660324	0.993317	0.425635	0.167656	-1
111	0.662044	0.993317	0.425635	0.168922	-1
112	0.662469	0.993317	0.425635	0.168958	-1
113	0.663095	0.993317	0.43212	0.168601	-1
114	0.663192	0.993317	0.43212	0.168677	-1
115	0.664485	0.993317	0.439988	0.167513	-1
116	0.668598	0.993317	0.440893	0.165948	-1
117	0.671074	0.993317	0.442646	0.165441	-1
118	0.671322	0.993317	0.442646	0.165547	-1
119	0.671322	0.993317	0.442646	0.165547	-1
120	0.671322	0.993317	0.442646	0.165547	-1
121	0.682663	0.993317	0.455216	0.162743	-1
122	0.68364	0.993317	0.455216	0.162643	-1
123	0.685782	0.993317	0.460241	0.161671	-1
124	0.686648	0.993317	0.460241	0.161284	-1
125	0.687634	0.993317	0.466951	0.160713	-1
126	0.688053	0.993317	0.466951	0.16041	-1
127	0.692272	0.993317	0.473222	0.157014	-1
128	0.693033	0.993317	0.473222	0.156596	-1
129	0.694879	0.993317	0.475047	0.156002	-1
130	0.695608	0.993317	0.475047	0.156044	-1
131	0.698794	0.993317	0.477579	0.155077	-1
132	0.705002	0.993317	0.477579	0.153916	-1
133	0.710192	0.993317	0.48065	0.152456	-1
134	0.712462	0.993317	0.482471	0.151388	-1
135	0.707421	0.993317	0.482471	0.150335	-1
136	0.704386	0.993317	0.358527	0.153068	-1
137	0.701021	0.993317	0.358527	0.154986	-1
138	0.7037	0.993317	0.371409	0.151179	-1
139	0.703644	0.993317	0.482471	0.147802	-1
140	0.702555	0.993317	0.482471	0.146907	-1
141	0.702246	0.993317	0.482471	0.146366	-1
142	0.696465	0.993317	0.294148	0.150761	-1
143	0.693463	0.993317	0.294148	0.151302	-1
144	0.688784	0.993317	0.294148	0.154238	-1
145	0.6878	0.993317	0.389473	0.147544	-1
146	0.685474	0.993317	0.389473	0.144975	-1
147	0.679368	0.993317	0.308451	0.146953	-1
148	0.682266	0.993317	0.389473	0.144486	-1
149	0.684302	0.993317	0.389473	0.141726	-1
150	0.68471	0.993317	0.389473	0.141348	-1
