0	0.0178866	0.423573	0.00010001	0.0710794	-1
1	0.0416345	0.423573	0.00010001	0.091516	-1
2	0.0584383	0.423573	0.00010001	0.10103	-1
3	0.077413	0.423573	0.00010001	0.10444	-1
4	0.0916456	0.423573	0.00010001	0.101577	-1
5	0.102695	0.505235	0.00010001	0.106159	-1
6	0.116894	0.505235	0.00010001	0.107072	-1
7	0.122552	0.505235	0.00010001	0.104996	-1
8	0.143897	0.505235	0.00010001	0.0967972	-1
9	0.156044	0.505235	0.00010001	0.094691	-1
10	0.164566	0.505235	0.0774316	0.0881805	-1
11	0.180471	0.505235	0.0938025	0.0925402	-1
12	0.187204	0.505235	0.0991725	0.0919317	-1
13	0.195468	0.505235	0.107483	0.0905716	-1
14	0.202966	0.505235	0.115223	0.0888324	-1
15	0.217768	0.734392	0.124225	0.099882	-1
16	0.227236	0.769809	0.127611	0.1131	-1
17	0.237408	0.769809	0.136783	0.120824	-1
18	0.24317	0.769809	0.141576	0.122969	-1
19	0.248759	0.769809	0.146979	0.121739	-1
20	0.264639	0.769809	0.15621	0.121193	-1
21	0.265526	0.769809	0.160057	0.12058	-1
22	0.267837	0.769809	0.165125	0.119159	-1
23	0.275825	0.769809	0.17109	0.119371	-1
24	0.291603	0.803869	0.177008	0.130261	-1
25	0.294307	0.803869	0.179215	0.130352	-1
26	0.295943	0.803869	0.182073	0.129594	-1
27	0.300273	0.803869	0.184227	0.1311	-1
28	0.30685	0.803869	0.184838	0.140034	-1
29	0.31637	0.803869	0.194308	0.143736	-1
30	0.317385	0.803869	0.195166	0.143166	-1
31	0.322825	0.803869	0.197951	0.144927	-1
32	0.325589	0.803869	0.198224	0.143652	-1
33	0.327245	0.803869	0.201644	0.142622	-1
34	0.339277	0.953017	0.205122	0.15452	-1
35	0.343333	0.953017	0.206978	0.15411	-1
36	0.344579	0.953017	0.208318	0.153533	-1
37	0.352047	0.953017	0.213139	0.152098	-1
38	0.354526	0.953017	0.216649	0.150982	-1
39	0.35545	0.953017	0.218374	0.150338	-1
40	0.36121	0.953017	0.223831	0.149366	-1
41	0.368314	0.953017	0.225484	0.154114	-1
42	0.368429	0.953017	0.225852	0.154059	-1
43	0.368734	0.953017	0.226294	0.153879	-1
44	0.371418	0.953017	0.227157	0.152536	-1
45	0.372531	0.953017	0.235655	0.151852	-1
46	0.372611	0.953017	0.236105	0.151793	-1
47	0.372611	0.953017	0.236105	0.151793	-1
48	0.372948	0.953017	0.236503	0.151524	-1
49	0.374318	0.953017	0.237115	0.150598	-1
50	0.378837	0.953017	0.239016	0.151914	-1
51	0.379748	0.953017	0.239292	0.151586	-1
52	0.381407	0.953017	0.243171	0.150434	-1
53	0.388031	0.953017	0.244774	0.148154	-1
54	0.389046	0.953017	0.245235	0.14764	-1
55	0.389726	0.953017	0.245609	0.147144	-1
56	0.392612	0.953017	0.251372	0.146777	-1
57	0.394684	0.953017	0.25179	0.146194	-1
58	0.396151	0.953017	0.255976	0.145173	-1
59	0.397718	0.953017	0.264966	0.143962	-1
60	0.397855	0.953017	0.265649	0.143845	-1
61	0.397855	0.953017	0.265649	0.143845	-1
62	0.407933	0.953017	0.269163	0.150939	-1
63	0.412483	0.953017	0.271458	0.150091	-1
64	0.421337	0.953017	0.287129	0.152563	-1
65	0.421846	0.953017	0.287129	0.15264	-1
66	0.423882	0.953017	0.289839	0.151524	-1
67	0.423949	0.953017	0.289839	0.151497	-1
68	0.424884	0.953017	0.294561	0.150855	-1
69	0.424918	0.953017	0.294561	0.150829	-1
70	0.425779	0.953017	0.295669	0.150322	-1
71	0.425875	0.953017	0.295669	0.150274	-1
72	0.425875	0.953017	0.295669	0.150274	-1
73	0.426152	0.953017	0.29618	0.150057	-1
74	0.426236	0.953017	0.29618	0.149993	-1
75	0.426236	0.953017	0.29618	0.149993	-1
76	0.426242	0.953017	0.296786	0.149988	-1
77	0.432176	0.953017	0.29759	0.156384	-1
78	0.433008	0.953017	0.29759	0.157863	-1
79	0.43307	0.953017	0.29759	0.157811	-1
80	0.435072	0.953017	0.298173	0.157337	-1
81	0.43526	0.953017	0.298173	0.157274	-1
82	0.43526	0.953017	0.298173	0.157274	-1
83	0.443826	0.953017	0.301864	0.156935	-1
84	0.444864	0.953017	0.301864	0.157758	-1
85	0.445083	0.953017	0.301864	0.158015	-1
86	0.445083	0.953017	0.301864	0.158015	-1
87	0.445083	0.953017	0.301864	0.158015	-1
88	0.445083	0.953017	0.301864	0.158015	-1
89	0.445083	0.953017	0.301864	0.158015	-1
90	0.446004	0.953017	0.302307	0.157304	-1
91	0.448019	0.953017	0.303757	0.15671	-1
92	0.44863	0.953017	0.304106	0.156381	-1
93	0.448661	0.953017	0.304106	0.156355	-1
94	0.450647	0.953017	0.306368	0.155761	-1
95	0.451277	0.953017	0.311357	0.155316	-1
96	0.451322	0.953017	0.311357	0.155278	-1
97	0.451349	0.953017	0.311357	0.155257	-1
98	0.451349	0.953017	0.311357	0.155257	-1
99	0.451349	0.953017	0.311357	0.155257	-1
100	0.457815	0.953017	0.312375	0.160935	-1
101	0.461474	0.953017	0.312454	0.161724	-1
102	0.462014	0.953017	0.312454	0.161687	-1
103	0.462014	0.953017	0.312454	0.161687	-1
104	0.462014	0.953017	0.312454	0.161687	-1
105	0.462014	0.953017	0.312454	0.161687	-1
106	0.462014	0.953017	0.312454	0.161687	-1
107	0.464832	0.953017	0.312758	0.161509	-1
108	0.465939	0.953017	0.312913	0.161275	-1
109	0.46748	0.953017	0.314543	0.160482	-1
110	0.472858	0.953017	0.316004	0.163898	-1
111	0.474083	0.953017	0.317101	0.16403	-1
112	0.479516	0.953017	0.323427	0.165958	-1
113	0.480731	0.953017	0.323427	0.167177	-1
114	0.480731	0.953017	0.323427	0.167177	-1
115	0.483457	0.953017	0.323932	0.166435	-1
116	0.483707	0.953017	0.323932	0.16638	-1
117	0.483707	0.953017	0.323932	0.16638	-1
118	0.484423	0.953017	0.325374	0.16584	-1
119	0.484531	0.953017	0.325826	0.165748	-1
120	0.484531	0.953017	0.325826	0.165748	-1
121	0.485744	0.953017	0.326305	0.165018	-1
122	0.486688	0.953017	0.328899	0.16432	-1
123	0.486745	0.953017	0.328899	0.164276	-1
124	0.487921	0.953017	0.328899	0.163534	-1
125	0.489665	0.953017	0.332189	0.16258	-1
126	0.489825	0.953017	0.332189	0.16249	-1
127	0.489855	0.953017	0.335207	0.162461	-1
128	0.489873	0.953017	0.335207	0.162444	-1
129	0.489873	0.953017	0.335207	0.162444	-1
130	0.489873	0.953017	0.335207	0.162444	-1
131	0.489873	0.953017	0.335207	0.162444	-1
132	0.489873	0.953017	0.335207	0.162444	-1
133	0.49043	0.953017	0.335207	0.162003	-1
134	0.49987	0.953017	0.338253	0.166078	-1
135	0.50726	0.953017	0.339026	0.167184	-1
136	0.508004	0.953017	0.339026	0.167408	-1
137	0.512152	0.953017	0.342835	0.167492	-1
138	0.51502	0.953017	0.345541	0.166878	-1
139	0.51624	0.953017	0.346201	0.166047	-1
140	0.519497	0.953017	0.346302	0.165845	-1
141	0.519938	0.953017	0.346302	0.165881	-1
142	0.519938	0.953017	0.346302	0.165881	-1
143	0.519938	0.953017	0.346302	0.165881	-1
144	0.524004	0.953017	0.347885	0.163196	-1
145	0.524132	0.953017	0.347885	0.163114	-1
146	0.525679	0.953017	0.347885	0.162157	-1
147	0.525925	0.953017	0.347885	0.162007	-1
148	0.525925	0.953017	0.347885	0.162007	-1
149	0.525925	0.953017	0.347885	0.162007	-1
150	0.526746	0.953017	0.349112	0.161302	-1
