0	44.35	50	30	4.94898	170.172
1	46.35	51	42	3.27641	139.998
2	47.07	51	44	2.76067	118.705
3	47.7	51	44	2.55248	120.903
4	48.36	52	44	2.25863	123.262
5	49.07	52	46	1.57156	123.128
6	49.54	52	47	1.12295	129.613
7	49.88	52	48	0.769101	132.902
8	50.2	52	49	0.512471	126.164
9	50.25	52	50	0.51981	121.258
10	50.33	52	50	0.586981	118.112
11	50.42	52	50	0.638496	117.048
12	50.53	54	50	0.758188	111.467
13	50.7	54	50	0.822659	108.385
14	50.82	54	50	0.821184	110.107
15	50.98	54	50	0.828532	115.001
16	51.15	54	50	0.783349	106.191
17	51.49	54	51	0.771918	105.575
18	51.55	54	51	0.770346	105.918
19	51.73	54	51	0.827006	109.84
20	51.97	54	51	0.936952	104.718
21	52.25	54	51	0.957427	111.903
22	52.59	54	51	0.911154	116.428
23	52.76	54	52	0.954733	117.484
24	52.94	54	52	0.982884	125.411
25	53.2	54	52	0.963999	139.123
26	53.43	54	52	0.879106	145.002
27	53.69	54	52	0.691872	147.304
28	53.88	54	52	0.40899	149.81
29	54	54	54	0	129.462
30	54.01	55	54	0.0999999	136.585
31	54.03	55	54	0.171447	139.86
32	54.04	55	54	0.196946	139.73
33	54.05	55	54	0.219043	149.73
34	54.05	55	54	0.219043	146.833
35	54.06	55	54	0.238683	143.276
36	54.06	55	54	0.238683	131.021
37	54.09	55	54	0.287623	137.945
38	54.12	55	54	0.326598	144.803
39	54.14	55	54	0.348735	156.321
40	54.2	55	54	0.402015	153.194
41	54.24	55	54	0.429234	155.265
42	54.33	57	54	0.53286	147.496
43	54.36	57	54	0.541603	164.234
44	54.42	57	54	0.571725	158.755
45	54.51	57	54	0.577262	159.234
46	54.58	57	54	0.622475	132.975
47	54.6	57	54	0.619547	139.222
48	54.67	57	54	0.603944	141.636
49	54.75	57	54	0.592461	153.194
50	54.85	57	54	0.538891	138.109
51	54.93	57	54	0.476837	144.094
52	54.99	57	54	0.414266	140.87
53	55.07	57	55	0.325825	140.43
54	55.1	57	55	0.362371	132.923
55	55.1	57	55	0.362371	124.788
56	55.11	57	55	0.37322	131.106
57	55.11	57	55	0.37322	124.189
58	55.11	57	55	0.37322	122.614
59	55.14	57	55	0.426875	129.147
60	55.16	57	55	0.44313	128.456
61	55.18	57	55	0.457927	135.872
62	55.19	57	55	0.464824	139.262
63	55.21	57	55	0.477684	149.318
64	55.21	57	55	0.477684	149.265
65	55.24	57	55	0.494821	146.49
66	55.3	57	55	0.522233	146.532
67	55.34	57	55	0.554504	149.802
68	55.41	57	55	0.587668	146.624
69	55.5	57	55	0.611341	151.319
70	55.52	57	55	0.61101	148.201
71	55.55	57	55	0.609272	146.095
72	55.57	57	55	0.607279	144.778
73	55.59	57	55	0.604612	142.54
74	55.68	57	55	0.617587	151.303
75	55.72	57	55	0.604361	152.991
76	55.78	57	55	0.578748	154.691
77	55.86	57	55	0.532196	152.48
78	55.92	57	55	0.485757	153.405
79	55.98	57	55	0.425927	154.039
80	56.04	57	55	0.345827	154.188
81	56.11	57	56	0.314466	153.924
82	56.11	57	56	0.314466	154.644
83	56.11	57	56	0.314466	151.265
84	56.13	57	56	0.337997	168.607
85	56.14	57	56	0.348735	160.646
86	56.14	57	56	0.348735	163.978
87	56.15	57	56	0.35887	156.749
88	56.18	57	56	0.386123	163.528
89	56.18	57	56	0.386123	163.792
90	56.19	57	56	0.394277	169.657
91	56.21	57	56	0.40936	176.934
92	56.25	57	56	0.435194	188.153
93	56.28	57	56	0.451261	184.755
94	56.29	57	56	0.456048	187.509
95	56.31	57	56	0.464824	185.701
96	56.32	57	56	0.468826	185.883
97	56.36	57	56	0.482418	192.241
98	56.38	57	56	0.487832	195.027
99	56.4	57	56	0.492366	180.244
100	56.44	57	56	0.498888	180.883
101	56.45	57	56	0.5	178.468
102	56.47	57	56	0.501614	174.796
103	56.49	57	56	0.502418	179.058
104	56.57	57	56	0.49757	169.15
105	56.58	57	56	0.496045	169.752
106	56.64	57	56	0.482418	167.43
107	56.67	57	56	0.472582	166.023
108	56.69	57	56	0.464823	164.481
109	56.74	57	56	0.440844	167.059
110	56.78	57	56	0.416333	175.752
111	56.82	57	56	0.386123	176.176
112	56.87	57	56	0.337998	172.179
113	56.9	57	56	0.301511	167.565
114	56.97	57	56	0.171447	166.06
115	57	57	57	0	167.796
116	57	57	57	0	175.33
117	57.01	58	57	0.0999999	181.923
118	57.01	58	57	0.0999999	181.746
119	57.01	58	57	0.0999999	178.876
120	57.01	58	57	0.0999999	182.772
121	57.01	58	57	0.0999999	179.414
122	57.01	58	57	0.0999999	180.759
123	57.01	58	57	0.0999999	174.682
124	57.01	58	57	0.0999999	173.911
125	57.01	58	57	0.0999999	180.094
126	57.01	58	57	0.0999999	182.961
127	57.01	58	57	0.0999999	187.79
128	57.01	58	57	0.0999999	186.876
129	57.01	58	57	0.0999999	187.96
130	57.01	58	57	0.0999999	188.934
131	57.01	58	57	0.0999999	188.496
132	57.01	58	57	0.0999999	190.145
133	57.01	58	57	0.0999999	197.415
134	57.01	58	57	0.0999999	195.713
135	57.01	58	57	0.0999999	196.184
136	57.01	58	57	0.0999999	200.622
137	57.01	58	57	0.0999999	197.858
138	57.01	58	57	0.0999999	196.562
139	57.01	58	57	0.0999999	201.05
140	57.01	58	57	0.0999999	204.092
141	57.01	58	57	0.0999999	205.544
142	57.01	58	57	0.0999999	203.871
143	57.01	58	57	0.0999999	202.852
144	57.01	58	57	0.0999999	197.143
145	57.01	58	57	0.0999999	199.899
146	57.01	58	57	0.0999999	198.018
147	57.01	58	57	0.0999999	198.669
148	57.01	58	57	0.0999999	201.959
149	57.01	58	57	0.0999999	203.913
150	57.01	58	57	0.0999999	200.396
151	57.01	58	57	0.0999999	199.272
152	57.01	58	57	0.0999999	198.292
153	57.01	58	57	0.0999999	193.768
154	57.01	58	57	0.0999999	185.315
155	57.01	58	57	0.0999999	187.275
156	57.01	58	57	0.0999999	189.696
157	57.01	58	57	0.0999999	188.499
158	57.01	58	57	0.0999999	189.038
159	57.01	58	57	0.0999999	183.597
160	57.01	58	57	0.0999999	175.357
161	57.01	58	57	0.0999999	174.928
162	57.01	58	57	0.0999999	171.202
163	57.01	58	57	0.0999999	180.624
164	57.01	58	57	0.0999999	177.683
165	57.01	58	57	0.0999999	180.515
166	57.01	58	57	0.0999999	168.505
167	57.01	58	57	0.0999999	168.43
168	57.01	58	57	0.0999999	168.032
169	57.01	58	57	0.0999999	164.867
170	57.01	58	57	0.0999999	158.284
171	57.01	58	57	0.0999999	158.8
172	57.01	58	57	0.0999999	155.921
173	57.01	58	57	0.0999999	159.512
174	57.01	58	57	0.0999999	163.612
175	57.02	58	57	0.140705	162.279
176	57.02	58	57	0.140705	164.055
177	57.02	58	57	0.140705	166.42
178	57.02	58	57	0.140705	161.238
179	57.02	58	57	0.140705	160.152
180	57.02	58	57	0.140705	162.671
181	57.02	58	57	0.140705	166.519
182	57.02	58	57	0.140705	165.957
183	57.02	58	57	0.140705	175.57
184	57.02	58	57	0.140705	174.311
185	57.02	58	57	0.140705	163.149
186	57.02	58	57	0.140705	163.306
187	57.02	58	57	0.140705	160.407
188	57.02	58	57	0.140705	159.538
189	57.02	58	57	0.140705	163.817
190	57.02	58	57	0.140705	166.476
191	57.02	58	57	0.140705	179.309
192	57.02	58	57	0.140705	192.294
193	57.02	58	57	0.140705	203.627
194	57.02	58	57	0.140705	202.143
195	57.02	58	57	0.140705	201.814
196	57.02	58	57	0.140705	202.307
197	57.02	58	57	0.140705	205.788
198	57.02	58	57	0.140705	203.633
199	57.02	58	57	0.140705	208.358
200	57.02	58	57	0.140705	198.21
201	57.02	58	57	0.140705	202.952
202	57.03	58	57	0.171447	203.835
203	57.03	58	57	0.171447	205.12
204	57.03	58	57	0.171447	205.097
205	57.03	58	57	0.171447	215.304
206	57.03	58	57	0.171447	215.767
207	57.04	58	57	0.196946	211.512
208	57.04	58	57	0.196946	213.377
209	57.04	58	57	0.196946	210.309
210	57.05	58	57	0.219043	208.445
211	57.05	58	57	0.219043	205.421
212	57.05	58	57	0.219043	205.552
213	57.05	58	57	0.219043	199.812
214	57.05	58	57	0.219043	194.477
215	57.05	58	57	0.219043	196.386
216	57.05	58	57	0.219043	198.552
217	57.05	58	57	0.219043	192.549
218	57.05	58	57	0.219043	192.939
219	57.05	58	57	0.219043	190.47
220	57.05	58	57	0.219043	192.277
221	57.05	58	57	0.219043	201.715
222	57.06	58	57	0.238683	194.079
223	57.06	58	57	0.238683	190.014
224	57.06	58	57	0.238683	190.786
225	57.07	58	57	0.256432	184.982
226	57.07	58	57	0.256432	182.578
227	57.07	58	57	0.256432	181.347
228	57.07	58	57	0.256432	171.048
229	57.07	58	57	0.256432	170.522
230	57.07	58	57	0.256432	168.067
231	57.08	58	57	0.27266	159.099
232	57.09	58	57	0.287623	158.117
233	57.1	58	57	0.301511	163.11
234	57.12	58	57	0.326598	161.2
235	57.12	58	57	0.326598	156.91
236	57.12	58	57	0.326598	157.794
237	57.12	58	57	0.326598	157.573
238	57.14	58	57	0.348735	157.674
239	57.14	58	57	0.348735	159.516
240	57.14	58	57	0.348735	154.917
241	57.15	58	57	0.35887	158.199
242	57.15	58	57	0.35887	153.418
243	57.16	58	57	0.368452	163.14
244	57.17	58	57	0.377525	165.374
245	57.17	58	57	0.377525	160.543
246	57.17	58	57	0.377525	162.383
247	57.17	58	57	0.377525	158.327
248	57.18	58	57	0.386123	157.074
249	57.2	58	57	0.402015	157.242
250	57.21	58	57	0.40936	157.445
