0	44.35	50	30	4.94898	170.172
1	45.96	50	42	3.16202	142.872
2	46.75	50	44	2.77206	133.977
3	47.09	50	44	2.68213	127.564
4	47.64	51	44	2.57619	128.475
5	49	52	46	1.5505	131.985
6	49.55	52	48	1.0088	135.289
7	49.81	56	48	1.07961	141.573
8	50.24	56	49	0.944094	139.881
9	50.42	56	50	1.06534	154.376
10	50.49	56	50	1.15902	151.611
11	50.63	56	50	1.23628	147.399
12	50.91	56	50	1.4571	148.579
13	51.2	56	50	1.5891	165.228
14	51.42	56	50	1.61545	172.594
15	51.85	56	50	1.64762	167.414
16	52.27	56	50	1.50993	147.111
17	52.68	57	51	1.42049	142.375
18	52.94	57	51	1.32436	155.197
19	53.13	57	51	1.21983	152.574
20	53.42	57	52	1.15627	149.17
21	53.63	57	52	1.07923	146.703
22	53.95	57	52	0.868936	143.776
23	54.08	57	53	0.706107	146.803
24	54.22	57	53	0.595946	160.456
25	54.31	57	54	0.646591	159.154
26	54.31	57	54	0.646591	161.572
27	54.33	57	54	0.6675	161.279
28	54.38	57	54	0.721671	158.247
29	54.41	57	54	0.766666	161.912
30	54.46	57	54	0.809289	152.101
31	54.5	57	54	0.810287	161.351
32	54.54	57	54	0.809289	157.117
33	54.54	57	54	0.809289	163.16
34	54.59	57	54	0.81767	167.447
35	54.65	57	54	0.821122	161.975
36	54.66	57	54	0.819214	166.463
37	54.7	57	54	0.822659	170.518
38	54.79	57	54	0.868005	162.446
39	54.89	57	54	0.851558	151.872
40	55.08	57	54	0.872475	142.184
41	55.18	57	54	0.80879	150.165
42	55.29	57	54	0.769296	151.598
43	55.43	57	55	0.685417	149.47
44	55.5	57	55	0.717741	156.7
45	55.55	57	55	0.743659	159.408
46	55.61	57	55	0.764027	161.549
47	55.63	57	55	0.760847	159.223
48	55.7	57	55	0.78496	171.055
49	55.78	57	55	0.798737	178.857
50	55.83	57	55	0.804721	187.548
51	55.87	57	55	0.799684	203.743
52	55.93	57	55	0.7818	209.279
53	55.98	57	55	0.76515	216.546
54	56.06	57	55	0.749681	193.044
55	56.15	57	55	0.715979	190.952
56	56.24	57	55	0.668482	202.848
57	56.43	57	55	0.536637	206.94
58	56.49	57	56	0.502418	211.289
59	56.52	57	56	0.502117	210.134
60	56.53	57	56	0.501614	210.115
61	56.54	57	56	0.500908	208.367
62	56.55	57	56	0.5	203.545
63	56.57	57	56	0.49757	204.709
64	56.62	57	56	0.487832	210.05
65	56.68	57	56	0.468826	217.749
66	56.74	58	56	0.463191	222.861
67	56.79	58	56	0.433333	229.764
68	56.82	58	56	0.411452	232.784
69	56.84	58	56	0.394917	231.466
70	56.89	58	56	0.345096	231.564
71	56.95	58	56	0.261117	246.788
72	57.01	58	57	0.0999999	254.82
73	57.01	58	57	0.0999999	258.901
74	57.01	58	57	0.0999999	256.789
75	57.01	58	57	0.0999999	250.886
76	57.01	58	57	0.0999999	260.436
77	57.01	58	57	0.0999999	255.384
78	57.01	58	57	0.0999999	255.384
79	57.01	58	57	0.0999999	268.626
80	57.01	58	57	0.0999999	274.575
81	57.01	58	57	0.0999999	270.564
82	57.01	58	57	0.0999999	281.942
83	57.01	58	57	0.0999999	286.818
84	57.01	58	57	0.0999999	282.828
85	57.01	58	57	0.0999999	269.885
86	57.01	58	57	0.0999999	269.87
87	57.01	58	57	0.0999999	269.082
88	57.01	58	57	0.0999999	269.726
89	57.01	58	57	0.0999999	272.582
90	57.01	58	57	0.0999999	270.427
91	57.01	58	57	0.0999999	271.226
92	57.01	58	57	0.0999999	263.658
93	57.01	58	57	0.0999999	263.658
94	57.01	58	57	0.0999999	257.716
95	57.01	58	57	0.0999999	251.789
96	57.01	58	57	0.0999999	249.785
97	57.01	58	57	0.0999999	252.404
98	57.01	58	57	0.0999999	243.146
99	57.01	58	57	0.0999999	245.468
100	57.01	58	57	0.0999999	238.292
101	57.01	58	57	0.0999999	246.055
102	57.01	58	57	0.0999999	238.589
103	57.01	58	57	0.0999999	242.279
104	57.01	58	57	0.0999999	242.566
105	57.01	58	57	0.0999999	234.524
106	57.01	58	57	0.0999999	239.221
107	57.01	58	57	0.0999999	233.76
108	57.01	58	57	0.0999999	233.763
109	57.01	58	57	0.0999999	233.77
110	57.01	58	57	0.0999999	219.503
111	57.01	58	57	0.0999999	221.316
112	57.01	58	57	0.0999999	221.629
113	57.01	58	57	0.0999999	210.631
114	57.01	58	57	0.0999999	216.878
115	57.01	58	57	0.0999999	214.072
116	57.01	58	57	0.0999999	210.761
117	57.01	58	57	0.0999999	196.608
118	57.01	58	57	0.0999999	192.131
119	57.01	58	57	0.0999999	192.692
120	57.01	58	57	0.0999999	184.578
121	57.01	58	57	0.0999999	163.391
122	57.01	58	57	0.0999999	162.564
123	57.01	58	57	0.0999999	137.685
124	57.01	58	57	0.0999999	117.958
125	57.01	58	57	0.0999999	104.266
126	57.01	58	57	0.0999999	100.493
127	57.01	58	57	0.0999999	99.6913
128	57.01	58	57	0.0999999	99.6911
129	57.01	58	57	0.0999999	93.8252
130	57.01	58	57	0.0999999	89.8838
131	57.01	58	57	0.0999999	84.6341
132	57.01	58	57	0.0999999	71.1873
133	57.01	58	57	0.0999999	54.299
134	57.01	58	57	0.0999999	42.1384
135	57.01	58	57	0.0999999	37.2832
136	57.08	58	57	0.27266	38.2568
137	57.08	58	57	0.27266	34.1594
138	57.08	58	57	0.27266	40.7087
139	57.13	58	57	0.337997	27.5879
140	57.13	58	57	0.337997	24.2408
141	57.17	58	57	0.377525	24.2487
142	57.2	58	57	0.402015	24.241
143	57.22	58	57	0.416334	24.2576
144	57.25	58	57	0.435194	23.9921
145	57.3	58	57	0.460566	23.9972
146	57.31	58	57	0.464824	23.997
147	57.32	58	57	0.468826	24.003
148	57.37	58	57	0.485237	24.023
149	57.42	58	57	0.496045	20.6044
150	57.53	58	57	0.501614	20.6317
151	57.63	58	57	0.485237	20.6327
152	57.71	58	57	0.456048	19.0422
153	57.77	58	57	0.422953	19.0188
154	57.8	58	57	0.402015	19.0075
155	57.86	58	57	0.348735	18.9883
156	58	58	58	0	5.60384
157	58	58	58	0	5.58909
158	58	58	58	0	5.59172
159	58	58	58	0	5.58606
160	58	58	58	0	5.59818
161	58	58	58	0	5.59717
162	58	58	58	0	5.59717
163	58	58	58	0	5.60182
164	58	58	58	0	5.60929
165	58	58	58	0	3.00687
166	58	58	58	0	2.99475
167	58	58	58	0	3.00323
168	58	58	58	0	1.89636
169	58	58	58	0	1.87152
170	58	58	58	0	1.84808
171	58	58	58	0	1.8602
172	58	58	58	0	1.86667
173	58	58	58	0	1.86667
174	58	58	58	0	1.8602
175	58	58	58	0	1.86566
176	58	58	58	0	1.8602
177	58	58	58	0	1.86606
178	58	58	58	0	1.88848
179	58	58	58	0	1.89253
180	58	58	58	0	1.87152
181	58	58	58	0	1.87737
182	58	58	58	0	1.88182
183	58	58	58	0	1.88788
184	58	58	58	0	1.86
185	58	58	58	0	1.84808
186	58	58	58	0	1.84141
187	58	58	58	0	1.84141
188	58	58	58	0	1.84222
189	58	58	58	0	1.84848
190	58	58	58	0	1.84848
191	58	58	58	0	1.84182
192	58	58	58	0	1.83636
193	58	58	58	0	1.84848
194	58	58	58	0	1.83596
195	58	58	58	0	1.87051
196	58	58	58	0	1.85859
197	58	58	58	0	1.84081
198	58	58	58	0	1.83556
199	58	58	58	0	1.83556
200	58	58	58	0	1.83394
201	58	58	58	0	1.83859
202	58	58	58	0	1.83859
203	58	58	58	0	1.82343
204	58	58	58	0	1.83859
205	58	58	58	0	1.83859
206	58	58	58	0	1.84283
207	58	58	58	0	1.83394
208	58	58	58	0	1.83859
209	58	58	58	0	1.84081
210	58	58	58	0	1.84566
211	58	58	58	0	1.84081
212	58	58	58	0	1.8501
213	58	58	58	0	1.82384
214	58	58	58	0	1.81051
215	58	58	58	0	1.79556
216	58	58	58	0	1.82303
217	58	58	58	0	1.82384
218	58	58	58	0	1.84202
219	58	58	58	0	1.82384
220	58	58	58	0	1.84727
221	58	58	58	0	1.85697
222	58	58	58	0	1.85697
223	58	58	58	0	1.85697
224	58	58	58	0	1.84727
225	58	58	58	0	1.84768
226	58	58	58	0	1.84182
227	58	58	58	0	1.84727
228	58	58	58	0	1.84182
229	58	58	58	0	1.87051
230	58	58	58	0	1.86788
231	58	58	58	0	1.85697
232	58	58	58	0	1.85232
233	58	58	58	0	1.86121
234	58	58	58	0	1.86505
235	58	58	58	0	1.86121
236	58	58	58	0	1.86121
237	58	58	58	0	1.86848
238	58	58	58	0	1.88242
239	58	58	58	0	1.88061
240	58	58	58	0	1.87152
241	58	58	58	0	1.86505
242	58	58	58	0	1.86848
243	58	58	58	0	1.86505
244	58	58	58	0	1.86121
245	58	58	58	0	1.86505
246	58	58	58	0	1.87556
247	58	58	58	0	1.86848
248	58	58	58	0	1.85697
249	58	58	58	0	1.86848
250	58	58	58	0	1.8796
