0	44.35	50	30	4.94898	170.172
1	46.33	50	42	3.13357	132.099
2	47.13	50	44	2.63487	118.197
3	47.44	50	44	2.51187	112.726
4	48.4	51	44	1.86407	113.559
5	48.68	51	46	1.59469	113.008
6	49.28	52	46	1.20672	110.974
7	49.5	52	48	0.97959	108.386
8	49.76	52	48	0.830236	106.405
9	50.01	52	48	0.577263	107.213
10	50.15	52	50	0.435195	104.252
11	50.18	52	50	0.479478	102.671
12	50.28	54	50	0.682835	96.924
13	50.34	54	50	0.781349	95.7705
14	50.37	54	50	0.82456	91.2756
15	50.63	54	50	1.10696	93.6071
16	50.72	54	50	1.16411	93.6014
17	50.85	54	50	1.19236	91.2103
18	50.93	54	50	1.22479	82.6784
19	51.33	54	50	1.37109	74.0703
20	51.69	56	50	1.42627	71.0927
21	52.12	56	50	1.28927	73.8473
22	52.55	56	51	1.3133	76.6368
23	52.74	56	51	1.22779	74.8824
24	53.03	56	51	1.06794	74.0509
25	53.17	56	52	1.03529	73.6493
26	53.5	56	52	0.915633	77.9622
27	53.8	56	52	0.666667	78.7838
28	53.96	56	53	0.4	75.1368
29	54.04	56	54	0.281411	74.115
30	54.12	56	54	0.455716	72.5855
31	54.16	56	54	0.526471	73.12
32	54.17	56	54	0.53286	69.0818
33	54.21	56	54	0.591095	63.9509
34	54.23	56	54	0.600588	65.644
35	54.28	56	54	0.652579	63.8034
36	54.34	56	54	0.699495	64.9509
37	54.45	56	54	0.75712	65.5469
38	54.55	56	54	0.796139	67.8372
39	54.69	56	54	0.849182	64.3234
40	54.71	56	54	0.856289	64.8503
41	54.78	56	54	0.871316	69.1909
42	54.91	56	54	0.888706	70.1309
43	54.97	56	54	0.881402	69.9943
44	55.06	57	54	0.896909	75.2095
45	55.19	57	54	0.860995	74.8347
46	55.34	57	54	0.80679	78.1869
47	55.43	57	54	0.742028	77.937
48	55.63	57	54	0.562372	78.8335
49	55.73	57	55	0.489382	79.5685
50	55.79	57	55	0.456048	76.2642
51	55.9	57	55	0.362372	74.9172
52	56.01	57	55	0.173787	78.1865
53	56.03	57	56	0.171447	82.1166
54	56.04	57	56	0.196946	85.4469
55	56.04	57	56	0.196946	91.0576
56	56.04	57	56	0.196946	90.3533
57	56.05	57	56	0.219043	93.3711
58	56.05	57	56	0.219043	94.2184
59	56.05	57	56	0.219043	93.6527
60	56.05	57	56	0.219043	98.4168
61	56.06	57	56	0.238683	100.174
62	56.06	57	56	0.238683	99.9665
63	56.06	57	56	0.238683	94.835
64	56.06	57	56	0.238683	96.4097
65	56.06	57	56	0.238683	96.3244
66	56.06	57	56	0.238683	98.2467
67	56.06	57	56	0.238683	96.4792
68	56.07	57	56	0.256432	99.3537
69	56.07	57	56	0.256432	106.908
70	56.08	57	56	0.27266	101.841
71	56.09	57	56	0.287623	97.6614
72	56.11	57	56	0.314466	106.302
73	56.12	57	56	0.326598	106.133
74	56.13	57	56	0.337997	107.997
75	56.17	57	56	0.377525	105.343
76	56.2	57	56	0.402015	103.377
77	56.22	57	56	0.416334	103.646
78	56.23	57	56	0.422953	104.688
79	56.28	57	56	0.451261	105.059
80	56.31	57	56	0.464824	105.842
81	56.34	57	56	0.476096	106.904
82	56.41	57	56	0.494311	105.101
83	56.43	57	56	0.49757	106.556
84	56.48	57	56	0.502117	106.593
85	56.51	57	56	0.502418	106.742
86	56.53	57	56	0.501614	103.761
87	56.57	57	56	0.49757	104.103
88	56.63	57	56	0.485237	103.204
89	56.66	57	56	0.476095	105.152
90	56.72	57	56	0.451261	101.638
91	56.78	57	56	0.416333	108.982
92	56.83	57	56	0.377525	110.927
93	56.89	57	56	0.314466	112.945
94	56.93	57	56	0.256432	117.853
95	56.99	57	56	0.1	116.206
96	57	57	57	0	115.285
97	57	57	57	0	120.746
98	57	57	57	0	116.482
99	57	57	57	0	118.104
100	57	57	57	0	120.222
101	57	57	57	0	114.582
102	57	57	57	0	115.215
103	57	57	57	0	112.193
104	57	57	57	0	111.996
105	57.01	58	57	0.0999999	112.595
106	57.01	58	57	0.0999999	117.453
107	57.01	58	57	0.0999999	116.051
108	57.01	58	57	0.0999999	114.318
109	57.01	58	57	0.0999999	113.245
110	57.01	58	57	0.0999999	112.136
111	57.02	58	57	0.140705	118.191
112	57.02	58	57	0.140705	119.361
113	57.02	58	57	0.140705	113.077
114	57.03	58	57	0.171447	118.228
115	57.03	58	57	0.171447	118.521
116	57.03	58	57	0.171447	119.398
117	57.03	58	57	0.171447	121.783
118	57.03	58	57	0.171447	127.015
119	57.03	58	57	0.171447	125.84
120	57.03	58	57	0.171447	127.704
121	57.03	58	57	0.171447	126.429
122	57.04	58	57	0.196946	130.551
123	57.05	58	57	0.219043	130.512
124	57.05	58	57	0.219043	130.204
125	57.06	58	57	0.238683	132.153
126	57.06	58	57	0.238683	133.371
127	57.06	58	57	0.238683	137.297
128	57.07	58	57	0.256432	140.293
129	57.08	58	57	0.27266	141.361
130	57.08	58	57	0.27266	156.46
131	57.11	58	57	0.314466	168.789
132	57.11	58	57	0.314466	165.867
133	57.12	58	57	0.326598	167.033
134	57.12	58	57	0.326598	170.595
135	57.12	58	57	0.326598	170.595
136	57.14	58	57	0.348735	163.645
137	57.14	58	57	0.348735	164.061
138	57.14	58	57	0.348735	166.059
139	57.15	58	57	0.35887	165.952
140	57.15	58	57	0.35887	169.738
141	57.15	58	57	0.35887	168.451
142	57.17	58	57	0.377525	171.289
143	57.18	58	57	0.386123	174.719
144	57.18	58	57	0.386123	177.481
145	57.19	58	57	0.394277	180.847
146	57.23	58	57	0.422953	181.854
147	57.23	58	57	0.422953	182.424
148	57.23	58	57	0.422953	183.917
149	57.23	58	57	0.422953	188.272
150	57.24	58	57	0.429234	186.337
151	57.26	58	57	0.440844	189.033
152	57.27	58	57	0.446196	191.957
153	57.29	58	57	0.456048	191.215
154	57.31	58	57	0.464824	190.524
155	57.32	58	57	0.468826	191.129
156	57.32	58	57	0.468826	193.178
157	57.32	58	57	0.468826	192.163
158	57.32	58	57	0.468826	190.894
159	57.35	58	57	0.479373	190.137
160	57.39	58	57	0.490207	183.711
161	57.43	58	57	0.49757	177.569
162	57.46	58	57	0.500908	177.124
163	57.5	58	57	0.502519	175.668
164	57.53	58	57	0.501614	173.262
165	57.54	58	57	0.500908	173.409
166	57.54	58	57	0.500908	173.409
167	57.55	58	57	0.5	167.297
168	57.57	58	57	0.49757	171.646
169	57.57	58	57	0.49757	167.631
170	57.57	58	57	0.49757	167.16
171	57.58	58	57	0.496045	167.859
172	57.6	58	57	0.492366	165.537
173	57.61	58	57	0.490207	167.79
174	57.62	58	57	0.487832	177.16
175	57.64	58	57	0.482418	174.925
176	57.68	58	57	0.468826	178.146
177	57.7	58	57	0.460566	174.182
178	57.72	58	57	0.451261	179.545
179	57.75	58	57	0.435194	172.695
180	57.78	58	57	0.416333	163.393
181	57.81	58	57	0.394277	156.369
182	57.86	58	57	0.348735	158.424
183	57.9	58	57	0.301511	159.094
184	57.92	58	57	0.27266	148.275
185	57.96	58	57	0.196946	146
186	57.99	58	57	0.1	145.401
187	58	58	58	0	145.163
188	58	58	58	0	145.521
189	58	58	58	0	143.784
190	58	58	58	0	141.462
191	58	58	58	0	141.656
192	58	58	58	0	144.28
193	58	58	58	0	144.28
194	58	58	58	0	148.889
195	58	58	58	0	146.692
196	58	58	58	0	147.467
197	58	58	58	0	143.797
198	58	58	58	0	144.698
199	58	58	58	0	145.093
200	58	58	58	0	145.093
201	58	58	58	0	145.066
202	58	58	58	0	144.328
203	58	58	58	0	143.315
204	58	58	58	0	142.823
205	58	58	58	0	146.952
206	58	58	58	0	143.981
207	58	58	58	0	145.962
208	58	58	58	0	147.399
209	58	58	58	0	145.598
210	58	58	58	0	149.265
211	58	58	58	0	149.265
212	58	58	58	0	149.265
213	58	58	58	0	150.614
214	58	58	58	0	150.614
215	58	58	58	0	147.047
216	58	58	58	0	149.56
217	58	58	58	0	149.677
218	58	58	58	0	150.117
219	58	58	58	0	143.457
220	58	58	58	0	143.457
221	58	58	58	0	143.655
222	58	58	58	0	141.784
223	58	58	58	0	142.929
224	58	58	58	0	142.049
225	58	58	58	0	142.101
226	58	58	58	0	144.626
227	58	58	58	0	143.8
228	58	58	58	0	147.644
229	58	58	58	0	147.302
230	58	58	58	0	148.24
231	58	58	58	0	145.703
232	58	58	58	0	144.503
233	58.03	61	58	0.300001	141.943
234	58.03	61	58	0.300001	146.142
235	58.03	61	58	0.300001	148.133
236	58.03	61	58	0.300001	148.302
237	58.03	61	58	0.300001	144.215
238	58.03	61	58	0.300001	150.03
239	58.03	61	58	0.300001	147.613
240	58.03	61	58	0.300001	146.314
241	58.03	61	58	0.300001	147.262
242	58.03	61	58	0.300001	146.99
243	58.03	61	58	0.300001	144.045
244	58.03	61	58	0.300001	142.538
245	58.05	61	58	0.35887	144.176
246	58.06	61	58	0.371184	143.115
247	58.06	61	58	0.371184	147.318
248	58.06	61	58	0.371184	148.91
249	58.07	61	58	0.382839	146.439
250	58.07	61	58	0.382839	146.439
