0	41.9	51	34	5.85852	175.622
1	50.2	51	44	2.20101	144.933
2	50.2	51	44	2.20101	144.933
3	50.2	51	44	2.20101	144.933
4	50.6	51	48	0.966092	130.467
5	50.6	51	48	0.966092	139.089
6	50.8	51	50	0.421637	142.889
7	50.8	51	50	0.421637	128.667
8	49	51	38	4.44722	129.711
9	50.8	51	50	0.421637	143.4
10	50.8	51	50	0.421637	143.4
11	50.8	51	50	0.421637	143.4
12	50.8	51	50	0.421637	143.4
13	50.8	51	50	0.421637	143.4
14	50.8	51	50	0.421637	143.4
15	50.8	51	50	0.421637	143.4
16	50.8	51	50	0.421637	143.4
17	50.8	51	50	0.421637	143.4
18	50.8	51	50	0.421637	143.4
19	50.8	51	50	0.421637	143.4
20	50.8	51	50	0.421637	129
21	50.8	51	50	0.421637	131.022
22	50.7	51	49	0.674949	127.956
23	50.8	51	50	0.421637	127.911
24	50.8	51	50	0.421637	127.911
25	50.8	51	50	0.421637	127.911
26	50.8	51	50	0.421637	129.756
27	50.8	51	50	0.421637	129.756
28	50.8	51	50	0.421637	129.756
29	50.8	51	50	0.421637	129.756
30	50.8	51	50	0.421637	129.756
31	50.8	51	50	0.421637	129.756
32	50.8	51	50	0.421637	129.756
33	50.8	51	50	0.421637	129.756
34	50.8	51	50	0.421637	129.756
35	50.8	51	50	0.421637	129.756
36	50.9	51	50	0.316228	131.6
37	50.9	51	50	0.316228	131.6
38	50.9	51	50	0.316228	131.6
39	50.9	51	50	0.316228	131.6
40	50.9	51	50	0.316228	131.6
41	50.9	51	50	0.316228	131.6
42	50.9	51	50	0.316228	131.6
43	50.9	51	50	0.316228	131.6
44	50.9	51	50	0.316228	131.6
45	50.9	51	50	0.316228	131.6
46	50.9	51	50	0.316228	131.6
47	50.9	51	50	0.316228	131.6
48	50.9	51	50	0.316228	130.4
49	50.9	51	50	0.316228	129.578
50	50.9	51	50	0.316228	129.578
51	50.9	51	50	0.316228	129.578
52	50.9	51	50	0.316228	129.578
53	50.9	51	50	0.316228	129.578
54	53.4	54	51	1.26491	127.556
55	53.4	54	51	1.26491	127.556
56	53.5	54	51	1.08012	119
57	53.5	54	51	1.08012	119.267
58	53.5	54	51	1.08012	119.267
59	53.5	54	51	1.08012	119.267
60	53.5	54	51	1.08012	119.267
61	53.5	54	51	1.08012	119.267
62	53.5	54	51	1.08012	121.022
63	53.6	54	52	0.843274	121.022
64	53.6	54	52	0.843274	121.022
65	53.6	54	52	0.843274	121.022
66	53.6	54	52	0.843274	121.022
67	53.6	54	52	0.843274	121.022
68	53.6	54	52	0.843274	121.022
69	53.6	54	52	0.843274	121.022
70	53.6	54	52	0.843274	121.022
71	53.6	54	52	0.843274	121.022
72	53.6	54	52	0.843274	121.022
73	53.6	54	52	0.843274	121.022
74	53.6	54	52	0.843274	121.022
75	53.6	54	52	0.843274	121.022
76	53.6	54	52	0.843274	121.022
77	53.6	54	52	0.843274	121.022
78	53.6	54	52	0.843274	121.022
79	53.6	54	52	0.843274	121.022
80	53.6	54	52	0.843274	121.022
81	53.6	54	52	0.843274	121.022
82	53.6	54	52	0.843274	121.022
83	53.6	54	52	0.843274	121.022
84	53.6	54	52	0.843274	121.022
85	53.6	54	52	0.843274	121.022
86	53.6	54	52	0.843274	121.022
87	53.6	54	52	0.843274	117.378
88	50.6	54	36	7.18331	117.844
89	51.8	54	42	4.6619	161.711
90	52.8	54	44	3.15524	160.422
91	52.8	54	44	3.15524	119.844
92	53.2	54	48	1.93218	120.489
93	53.2	54	48	1.93218	120.489
94	53.2	54	48	1.93218	119.556
95	53.2	54	48	1.93218	119.067
96	53.6	54	52	0.843274	119.511
97	53.8	54	52	0.632456	121
98	53.8	54	52	0.632456	121
99	53.8	54	52	0.632456	121
100	53.8	54	52	0.632456	121
101	53.8	54	52	0.632456	121
102	53.8	54	52	0.632456	121
103	53.8	54	52	0.632456	121
104	53.8	54	52	0.632456	156.844
105	53.8	54	52	0.632456	156.844
106	53.8	54	52	0.632456	156.844
107	53.8	54	52	0.632456	121.2
108	53.8	54	52	0.632456	121.2
109	53.8	54	52	0.632456	121.2
110	53.8	54	52	0.632456	121.2
111	53.8	54	52	0.632456	121.2
112	53.8	54	52	0.632456	121.2
113	54	54	54	0	120.978
114	54	54	54	0	120.978
115	54	54	54	0	120.978
116	54	54	54	0	143.578
117	54	54	54	0	140.156
118	54	54	54	0	134.778
119	54	54	54	0	136.489
120	54	54	54	0	114.911
121	54	54	54	0	106.4
122	54	54	54	0	60.1333
123	54	54	54	0	82.6222
124	54	54	54	0	88.2
125	54	54	54	0	118.511
126	54	54	54	0	140.889
127	54	54	54	0	116.867
128	54	54	54	0	120.867
129	54	54	54	0	120.867
130	54	54	54	0	120.867
131	54	54	54	0	120.867
132	54	54	54	0	120.867
133	54	54	54	0	120.867
134	54	54	54	0	120.867
135	54	54	54	0	120.867
136	54	54	54	0	120.867
137	54	54	54	0	120.867
138	54	54	54	0	120.867
139	54	54	54	0	120.867
140	54	54	54	0	120.867
141	54	54	54	0	120.867
142	54	54	54	0	120.867
143	54	54	54	0	120.867
144	54	54	54	0	116.844
145	54	54	54	0	110.378
146	54	54	54	0	117.111
147	54	54	54	0	110.467
148	54	54	54	0	119.556
149	54	54	54	0	122.867
150	54	54	54	0	127.844
151	54	54	54	0	116.867
152	54	54	54	0	74.7333
153	54	54	54	0	82.9778
154	54	54	54	0	91.2
155	54	54	54	0	91.2
156	54	54	54	0	91.2
157	54	54	54	0	91.2
158	54	54	54	0	91.2
159	54	54	54	0	91.2
160	54	54	54	0	93.4222
161	54	54	54	0	96.8
162	54	54	54	0	93.3556
163	54	54	54	0	85.8222
164	54	54	54	0	117.8
165	54	54	54	0	120.867
166	54	54	54	0	120.867
167	54	54	54	0	120.867
168	54	54	54	0	120.867
169	54	54	54	0	120.867
170	54	54	54	0	83.2667
171	54	54	54	0	81.4444
172	54	54	54	0	84.0444
173	54	54	54	0	87.1556
174	54	54	54	0	85.8222
175	54	54	54	0	90.8222
176	54	54	54	0	110.111
177	54	54	54	0	110.111
178	54	54	54	0	114.667
179	54	54	54	0	131
180	54	54	54	0	119.422
181	54	54	54	0	127.111
182	54	54	54	0	121.178
183	54	54	54	0	139.578
184	54	54	54	0	138.022
185	54	54	54	0	135.489
186	54	54	54	0	143.867
187	54	54	54	0	143.867
188	54	54	54	0	143.867
189	54	54	54	0	143.867
190	54	54	54	0	143.867
191	54	54	54	0	143.867
192	54	54	54	0	143.867
193	54	54	54	0	143.867
194	54	54	54	0	134.267
195	54	54	54	0	140.889
196	54	54	54	0	146.489
197	54	54	54	0	146.489
198	54	54	54	0	146.489
199	54	54	54	0	146.489
200	54	54	54	0	146.489
201	54	54	54	0	146.489
202	54	54	54	0	146.489
203	54	54	54	0	146.489
204	54	54	54	0	148.444
205	54	54	54	0	152.467
206	54	54	54	0	131.333
207	54	54	54	0	127.356
208	54	54	54	0	127.356
209	54	54	54	0	127.356
210	54	54	54	0	128.178
211	54	54	54	0	128.178
212	54	54	54	0	120.756
213	54	54	54	0	125.044
214	54	54	54	0	128.044
215	54	54	54	0	123.511
216	54	54	54	0	126.044
217	54	54	54	0	126.044
218	54	54	54	0	126.044
219	54	54	54	0	126.044
220	54	54	54	0	126.044
221	54	54	54	0	126.044
222	54	54	54	0	126.711
223	54	54	54	0	126.711
224	54	54	54	0	126.711
225	54	54	54	0	127.8
226	54	54	54	0	135.111
227	54.8	55	54	0.421637	123.578
228	54.8	55	54	0.421637	123.578
229	54.8	55	54	0.421637	123.578
230	54.8	55	54	0.421637	123.578
231	54.8	55	54	0.421637	123.578
232	54.8	55	54	0.421637	123.578
233	54.8	55	54	0.421637	123.578
234	54.8	55	54	0.421637	123.578
235	54.8	55	54	0.421637	123.578
236	54.8	55	54	0.421637	123.578
237	54.8	55	54	0.421637	123.578
238	54.8	55	54	0.421637	123.578
239	54.8	55	54	0.421637	123.578
240	54.8	55	54	0.421637	123.578
241	54.8	55	54	0.421637	123.578
242	54.8	55	54	0.421637	123.578
243	54.8	55	54	0.421637	123.578
244	54.8	55	54	0.421637	123.578
245	54.8	55	54	0.421637	123.578
246	54.8	55	54	0.421637	123.578
247	54.8	55	54	0.421637	123.578
248	54.8	55	54	0.421637	123.578
249	54.8	55	54	0.421637	123.578
250	54.8	55	54	0.421637	123.578
