0	0.00183208	0.173307	0.00010001	0.0173207	-1
1	0.0130496	0.279151	0.00010001	0.0530264	-1
2	0.0234384	0.488579	0.00010001	0.0773105	-1
3	0.026809	0.488579	0.00010001	0.0800762	-1
4	0.0336583	0.488579	0.00010001	0.0849431	-1
5	0.0393503	0.488579	0.00010001	0.0927875	-1
6	0.0667168	0.653998	0.00010001	0.117866	-1
7	0.0901408	0.653998	0.00010001	0.128682	-1
8	0.100294	0.653998	0.00010001	0.128845	-1
9	0.111549	0.653998	0.00010001	0.142802	-1
10	0.120063	0.653998	0.00010001	0.146	-1
11	0.131128	0.653998	0.00010001	0.15241	-1
12	0.156445	0.763748	0.00010001	0.167492	-1
13	0.170411	0.763748	0.00010001	0.171179	-1
14	0.180045	0.763748	0.00010001	0.168258	-1
15	0.191262	0.763748	0.00010001	0.166604	-1
16	0.200217	0.763748	0.00010001	0.160431	-1
17	0.213488	0.763748	0.00010001	0.155699	-1
18	0.232469	0.858969	0.00010001	0.160228	-1
19	0.240687	0.858969	0.0819443	0.16567	-1
20	0.243396	0.858969	0.0999261	0.16496	-1
21	0.246406	0.858969	0.106171	0.163066	-1
22	0.250251	0.858969	0.123335	0.16055	-1
23	0.252799	0.858969	0.123509	0.159803	-1
24	0.258823	0.858969	0.130958	0.157667	-1
25	0.262345	0.858969	0.135044	0.156447	-1
26	0.262433	0.858969	0.135044	0.156409	-1
27	0.264315	0.858969	0.146479	0.155316	-1
28	0.265063	0.858969	0.146715	0.15488	-1
29	0.267139	0.858969	0.149355	0.154006	-1
30	0.275095	0.858969	0.156321	0.151087	-1
31	0.279079	0.858969	0.160685	0.149986	-1
32	0.283196	0.858969	0.16276	0.149269	-1
33	0.284539	0.858969	0.168567	0.148401	-1
34	0.285578	0.858969	0.173307	0.147807	-1
35	0.28575	0.858969	0.174335	0.147688	-1
36	0.292523	0.858969	0.174665	0.157625	-1
37	0.299211	0.858969	0.175464	0.164535	-1
38	0.305122	0.858969	0.178004	0.162764	-1
39	0.30523	0.858969	0.178004	0.162715	-1
40	0.305238	0.858969	0.178004	0.162709	-1
41	0.317174	0.858969	0.18231	0.16696	-1
42	0.318546	0.858969	0.18231	0.167717	-1
43	0.322154	0.858969	0.184939	0.165662	-1
44	0.327206	0.858969	0.187011	0.168268	-1
45	0.344117	0.858969	0.195858	0.182235	-1
46	0.348085	0.858969	0.202029	0.185621	-1
47	0.348319	0.858969	0.202835	0.185501	-1
48	0.349466	0.858969	0.203798	0.185222	-1
49	0.344487	0.858969	0.206287	0.177726	-1
50	0.341248	0.858969	0.208083	0.172857	-1
51	0.340937	0.858969	0.208364	0.165852	-1
52	0.338352	0.858969	0.208364	0.159874	-1
53	0.332715	0.858969	0.2087	0.151582	-1
54	0.333324	0.858969	0.2087	0.152129	-1
55	0.344842	0.858969	0.209447	0.161272	-1
56	0.346503	0.858969	0.209447	0.163873	-1
57	0.351796	0.858969	0.213945	0.162192	-1
58	0.353066	0.858969	0.214924	0.162405	-1
59	0.355769	0.858969	0.215868	0.161737	-1
60	0.35835	0.858969	0.221557	0.160509	-1
61	0.359079	0.858969	0.221557	0.160019	-1
62	0.359178	0.858969	0.221557	0.159952	-1
63	0.360673	0.858969	0.223011	0.15935	-1
64	0.360808	0.858969	0.223011	0.15927	-1
65	0.361091	0.858969	0.225929	0.159048	-1
66	0.361146	0.858969	0.225929	0.159005	-1
67	0.361146	0.858969	0.225929	0.159005	-1
68	0.361565	0.858969	0.228123	0.158701	-1
69	0.364261	0.858969	0.229167	0.158484	-1
70	0.369941	0.858969	0.234902	0.156811	-1
71	0.370817	0.858969	0.235632	0.156488	-1
72	0.371103	0.858969	0.235734	0.156536	-1
73	0.371103	0.858969	0.235734	0.156536	-1
74	0.371103	0.858969	0.235734	0.156536	-1
75	0.373768	0.858969	0.236263	0.156477	-1
76	0.375174	0.858969	0.238395	0.156391	-1
77	0.375786	0.858969	0.239744	0.155947	-1
78	0.375801	0.858969	0.239744	0.155936	-1
79	0.375801	0.858969	0.239744	0.155936	-1
80	0.377514	0.858969	0.241101	0.154888	-1
81	0.378614	0.858969	0.243785	0.15425	-1
82	0.383808	0.858969	0.245087	0.157737	-1
83	0.385382	0.858969	0.245087	0.159615	-1
84	0.390381	0.858969	0.246822	0.159062	-1
85	0.391041	0.858969	0.247954	0.158942	-1
86	0.391813	0.858969	0.24884	0.15841	-1
87	0.398252	0.858969	0.251291	0.158472	-1
88	0.402678	0.858969	0.253665	0.157287	-1
89	0.403953	0.858969	0.254039	0.156702	-1
90	0.404082	0.858969	0.254039	0.156602	-1
91	0.404456	0.858969	0.254443	0.156284	-1
92	0.40459	0.858969	0.254443	0.15617	-1
93	0.40459	0.858969	0.254443	0.15617	-1
94	0.405225	0.858969	0.255143	0.155617	-1
95	0.406538	0.858969	0.264586	0.154593	-1
96	0.40665	0.858969	0.264586	0.154501	-1
97	0.41052	0.858969	0.271236	0.152666	-1
98	0.412106	0.858969	0.272892	0.151972	-1
99	0.412226	0.858969	0.272892	0.15189	-1
100	0.412709	0.858969	0.276819	0.15149	-1
101	0.413137	0.858969	0.278057	0.151146	-1
102	0.414944	0.858969	0.279151	0.150336	-1
103	0.415035	0.858969	0.279151	0.150282	-1
104	0.417573	0.858969	0.279961	0.148662	-1
105	0.417678	0.858969	0.279961	0.1486	-1
106	0.417714	0.858969	0.279961	0.148586	-1
107	0.417937	0.858969	0.283187	0.148391	-1
108	0.418001	0.858969	0.283187	0.148334	-1
109	0.418029	0.858969	0.283187	0.14831	-1
110	0.418334	0.858969	0.286554	0.148061	-1
111	0.421677	0.858969	0.286554	0.148704	-1
112	0.42411	0.858969	0.291106	0.147594	-1
113	0.428814	0.858969	0.291435	0.150298	-1
114	0.432469	0.858969	0.29371	0.149243	-1
115	0.432706	0.858969	0.29371	0.149134	-1
116	0.433598	0.858969	0.294602	0.14856	-1
117	0.433833	0.858969	0.294602	0.14842	-1
118	0.443986	0.858969	0.295927	0.155347	-1
119	0.445996	0.858969	0.295927	0.15721	-1
120	0.446455	0.858969	0.29676	0.158039	-1
121	0.447872	0.858969	0.299254	0.157294	-1
122	0.452696	0.858969	0.299596	0.156071	-1
123	0.456222	0.858969	0.303628	0.154631	-1
124	0.458823	0.858969	0.306723	0.154221	-1
125	0.46057	0.858969	0.306959	0.153454	-1
126	0.46088	0.858969	0.306959	0.153316	-1
127	0.461541	0.858969	0.307106	0.152787	-1
128	0.462137	0.858969	0.308279	0.152286	-1
129	0.463435	0.858969	0.30938	0.151222	-1
130	0.468397	0.858969	0.311929	0.149483	-1
131	0.472659	0.858969	0.31371	0.148394	-1
132	0.473308	0.858969	0.31371	0.148569	-1
133	0.475668	0.858969	0.315469	0.147881	-1
134	0.476126	0.858969	0.315469	0.147935	-1
135	0.476126	0.858969	0.315469	0.147935	-1
136	0.495868	0.858969	0.331241	0.14845	-1
137	0.497285	0.858969	0.33164	0.148735	-1
138	0.497978	0.858969	0.33164	0.148969	-1
139	0.498089	0.858969	0.33164	0.149067	-1
140	0.498216	0.858969	0.33164	0.149177	-1
141	0.498285	0.858969	0.33164	0.149239	-1
142	0.498454	0.858969	0.33325	0.149132	-1
143	0.498485	0.858969	0.33325	0.149161	-1
144	0.498641	0.858969	0.33325	0.149317	-1
145	0.503207	0.858969	0.335952	0.14878	-1
146	0.504599	0.858969	0.335952	0.149354	-1
147	0.504599	0.858969	0.335952	0.149354	-1
148	0.508975	0.858969	0.340743	0.150767	-1
149	0.511623	0.858969	0.342727	0.150294	-1
150	0.511703	0.858969	0.342727	0.150234	-1
