0	0.010452	0.463413	0.00010001	0.0579775	-1
1	0.0122717	0.463413	0.00010001	0.0604522	-1
2	0.0380432	0.59752	0.00010001	0.117167	-1
3	0.0431879	0.59752	0.00010001	0.119394	-1
4	0.0519763	0.59752	0.00010001	0.122537	-1
5	0.0578735	0.59752	0.00010001	0.124808	-1
6	0.0763732	0.59752	0.00010001	0.140656	-1
7	0.08321	0.59752	0.00010001	0.142336	-1
8	0.0910374	0.59752	0.00010001	0.14128	-1
9	0.104808	0.711337	0.00010001	0.156375	-1
10	0.123945	0.711337	0.00010001	0.161984	-1
11	0.135012	0.711337	0.00010001	0.162628	-1
12	0.158457	0.777302	0.00010001	0.180895	-1
13	0.167621	0.777302	0.00010001	0.182139	-1
14	0.177482	0.777302	0.00010001	0.17725	-1
15	0.1937	0.835762	0.00010001	0.183678	-1
16	0.21156	0.835762	0.00010001	0.191985	-1
17	0.223519	0.835762	0.00010001	0.185917	-1
18	0.23217	0.835762	0.00010001	0.179578	-1
19	0.23428	0.835762	0.00010001	0.178058	-1
20	0.247113	0.835762	0.100916	0.170672	-1
21	0.252404	0.835762	0.104606	0.171943	-1
22	0.254112	0.835762	0.10677	0.171306	-1
23	0.260009	0.835762	0.111412	0.170667	-1
24	0.262627	0.835762	0.113617	0.169718	-1
25	0.274215	0.835762	0.123701	0.169345	-1
26	0.277757	0.835762	0.132798	0.167277	-1
27	0.28266	0.835762	0.140218	0.165599	-1
28	0.291616	0.835762	0.142937	0.171404	-1
29	0.300347	0.835762	0.15378	0.173863	-1
30	0.301901	0.835762	0.155905	0.172997	-1
31	0.304621	0.835762	0.160124	0.171241	-1
32	0.307179	0.835762	0.160642	0.17095	-1
33	0.307904	0.835762	0.164435	0.170487	-1
34	0.310279	0.835762	0.167295	0.169405	-1
35	0.313822	0.835762	0.169639	0.168214	-1
36	0.320199	0.835762	0.176559	0.167811	-1
37	0.324794	0.835762	0.181052	0.166969	-1
38	0.332096	0.835762	0.183405	0.170341	-1
39	0.333616	0.835762	0.185639	0.169981	-1
40	0.333826	0.835762	0.185892	0.169812	-1
41	0.334303	0.835762	0.18612	0.169459	-1
42	0.335692	0.835762	0.188304	0.16866	-1
43	0.337618	0.835762	0.188702	0.1678	-1
44	0.340641	0.835762	0.193806	0.165994	-1
45	0.345316	0.835762	0.201263	0.164122	-1
46	0.34535	0.835762	0.201263	0.164106	-1
47	0.351658	0.835762	0.2046	0.168971	-1
48	0.352626	0.835762	0.2046	0.17026	-1
49	0.353428	0.835762	0.205792	0.169744	-1
50	0.355372	0.835762	0.205813	0.169107	-1
51	0.357897	0.835762	0.206663	0.168047	-1
52	0.358624	0.835762	0.208407	0.167546	-1
53	0.358642	0.835762	0.208407	0.167536	-1
54	0.35937	0.835762	0.209023	0.167034	-1
55	0.360759	0.835762	0.210151	0.166312	-1
56	0.36354	0.835762	0.211623	0.166054	-1
57	0.364851	0.835762	0.216294	0.165298	-1
58	0.366826	0.835762	0.216721	0.164684	-1
59	0.371351	0.835762	0.223219	0.163042	-1
60	0.372745	0.835762	0.224118	0.162506	-1
61	0.373087	0.835762	0.224832	0.162232	-1
62	0.373123	0.835762	0.224832	0.162204	-1
63	0.374063	0.835762	0.225158	0.161608	-1
64	0.375075	0.835762	0.229524	0.160849	-1
65	0.375681	0.835762	0.229662	0.160408	-1
66	0.380083	0.835762	0.23029	0.162346	-1
67	0.380548	0.835762	0.23029	0.162573	-1
68	0.383701	0.835762	0.231245	0.16162	-1
69	0.385198	0.835762	0.238242	0.160929	-1
70	0.387632	0.835762	0.245042	0.159457	-1
71	0.387798	0.835762	0.245042	0.159383	-1
72	0.387798	0.835762	0.245042	0.159383	-1
73	0.389552	0.835762	0.247426	0.158277	-1
74	0.389709	0.835762	0.247426	0.158194	-1
75	0.389709	0.835762	0.247426	0.158194	-1
76	0.389709	0.835762	0.247426	0.158194	-1
77	0.390617	0.835762	0.247922	0.157629	-1
78	0.390687	0.835762	0.247922	0.15759	-1
79	0.390687	0.835762	0.247922	0.15759	-1
80	0.390687	0.835762	0.247922	0.15759	-1
81	0.390827	0.835762	0.249476	0.157468	-1
82	0.391004	0.835762	0.250568	0.157317	-1
83	0.391012	0.835762	0.250568	0.157311	-1
84	0.392749	0.835762	0.250912	0.156702	-1
85	0.393076	0.835762	0.251445	0.156511	-1
86	0.395349	0.835762	0.255082	0.156083	-1
87	0.397985	0.835762	0.256335	0.154906	-1
88	0.399876	0.835762	0.257025	0.154206	-1
89	0.401451	0.835762	0.257208	0.153461	-1
90	0.404216	0.835762	0.258539	0.153121	-1
91	0.408111	0.835762	0.259255	0.153609	-1
92	0.410376	0.835762	0.260959	0.152842	-1
93	0.412314	0.835762	0.261086	0.152025	-1
94	0.412481	0.835762	0.261086	0.15193	-1
95	0.414375	0.835762	0.262355	0.150527	-1
96	0.414912	0.835762	0.262731	0.150088	-1
97	0.414938	0.835762	0.262731	0.150065	-1
98	0.415367	0.835762	0.264586	0.14968	-1
99	0.415379	0.835762	0.264586	0.149668	-1
100	0.4188	0.835762	0.265408	0.148122	-1
101	0.420265	0.835762	0.266038	0.147188	-1
102	0.425858	0.835762	0.268838	0.149917	-1
103	0.42636	0.835762	0.268838	0.149883	-1
104	0.42636	0.835762	0.268838	0.149883	-1
105	0.426474	0.835762	0.270992	0.149767	-1
106	0.427628	0.835762	0.273265	0.148999	-1
107	0.42775	0.835762	0.273265	0.148922	-1
108	0.432618	0.835762	0.273283	0.15175	-1
109	0.433698	0.835762	0.273283	0.152179	-1
110	0.439422	0.835762	0.277626	0.150239	-1
111	0.440276	0.835762	0.280186	0.149798	-1
112	0.440292	0.835762	0.280186	0.149782	-1
113	0.44114	0.835762	0.281201	0.149105	-1
114	0.441307	0.835762	0.281201	0.148978	-1
115	0.441307	0.835762	0.281201	0.148978	-1
116	0.44137	0.835762	0.283787	0.148911	-1
117	0.441989	0.835762	0.28483	0.148328	-1
118	0.442069	0.835762	0.28483	0.14825	-1
119	0.443969	0.835762	0.285801	0.14743	-1
120	0.445139	0.835762	0.286091	0.146587	-1
121	0.44742	0.835762	0.287467	0.145045	-1
122	0.453092	0.835762	0.295746	0.144464	-1
123	0.455538	0.835762	0.297369	0.143598	-1
124	0.456061	0.835762	0.299698	0.143344	-1
125	0.45659	0.835762	0.300634	0.142858	-1
126	0.456609	0.835762	0.300634	0.142839	-1
127	0.456609	0.835762	0.300634	0.142839	-1
128	0.456609	0.835762	0.300634	0.142839	-1
129	0.456731	0.835762	0.30084	0.14271	-1
130	0.457379	0.835762	0.302338	0.142096	-1
131	0.460587	0.835762	0.303103	0.141991	-1
132	0.461014	0.835762	0.303103	0.142184	-1
133	0.461014	0.835762	0.303103	0.142184	-1
134	0.467686	0.835762	0.309912	0.142497	-1
135	0.468496	0.835762	0.309912	0.142707	-1
136	0.468549	0.835762	0.310521	0.142649	-1
137	0.468556	0.835762	0.310521	0.142641	-1
138	0.471241	0.835762	0.31206	0.142162	-1
139	0.472815	0.835762	0.312777	0.141335	-1
140	0.47603	0.835762	0.313359	0.141143	-1
141	0.476763	0.835762	0.313359	0.141265	-1
142	0.476763	0.835762	0.313359	0.141265	-1
143	0.478466	0.835762	0.318299	0.139938	-1
144	0.478635	0.835762	0.318299	0.139836	-1
145	0.478997	0.835762	0.318819	0.139457	-1
146	0.478997	0.835762	0.318819	0.139457	-1
147	0.482441	0.835762	0.319102	0.139713	-1
148	0.483353	0.835762	0.319102	0.140133	-1
149	0.483353	0.835762	0.319102	0.140133	-1
150	0.48386	0.835762	0.326358	0.139601	-1
