0	0.00628076	0.264371	0.00010001	0.0360451	-1
1	0.00822265	0.264371	0.00010001	0.0406461	-1
2	0.0144007	0.264371	0.00010001	0.0504339	-1
3	0.0283907	0.300619	0.00010001	0.0682725	-1
4	0.0368056	0.300619	0.00010001	0.0746814	-1
5	0.0442045	0.36948	0.00010001	0.0843461	-1
6	0.0553404	0.36948	0.00010001	0.0870437	-1
7	0.0667867	0.390425	0.00010001	0.0991722	-1
8	0.0753294	0.442007	0.00010001	0.107143	-1
9	0.0842271	0.612411	0.00010001	0.120866	-1
10	0.103417	0.800716	0.00010001	0.144049	-1
11	0.112089	0.800716	0.00010001	0.14441	-1
12	0.129998	0.800716	0.00010001	0.148789	-1
13	0.141719	0.800716	0.00010001	0.14671	-1
14	0.167319	0.800716	0.00010001	0.161127	-1
15	0.179976	0.800716	0.00010001	0.159315	-1
16	0.196284	0.800716	0.00010001	0.150042	-1
17	0.207461	0.800716	0.00010001	0.146482	-1
18	0.220149	0.800716	0.00010001	0.136808	-1
19	0.237386	0.800716	0.107398	0.134444	-1
20	0.23921	0.800716	0.115091	0.134342	-1
21	0.242807	0.800716	0.116097	0.135689	-1
22	0.247691	0.800716	0.129223	0.133325	-1
23	0.247991	0.800716	0.129621	0.133096	-1
24	0.248587	0.800716	0.131518	0.132627	-1
25	0.251314	0.800716	0.135536	0.131512	-1
26	0.253185	0.800716	0.137308	0.130391	-1
27	0.261242	0.800716	0.143	0.130378	-1
28	0.26259	0.800716	0.149341	0.12979	-1
29	0.26753	0.800716	0.157088	0.129184	-1
30	0.269627	0.800716	0.157734	0.129034	-1
31	0.271673	0.800716	0.162691	0.127705	-1
32	0.272753	0.800716	0.16784	0.126943	-1
33	0.274138	0.800716	0.16784	0.126497	-1
34	0.274541	0.800716	0.170464	0.126229	-1
35	0.27724	0.800716	0.171919	0.124959	-1
36	0.277298	0.800716	0.171919	0.124935	-1
37	0.278946	0.800716	0.172351	0.124618	-1
38	0.282189	0.800716	0.173183	0.125106	-1
39	0.285436	0.800716	0.174855	0.123658	-1
40	0.2928	0.800716	0.175574	0.124522	-1
41	0.294779	0.800716	0.17962	0.123774	-1
42	0.297322	0.800716	0.181764	0.122299	-1
43	0.298652	0.800716	0.185908	0.12151	-1
44	0.299917	0.800716	0.186126	0.120732	-1
45	0.301411	0.800716	0.192091	0.120111	-1
46	0.301593	0.800716	0.192091	0.120072	-1
47	0.303015	0.800716	0.193685	0.119595	-1
48	0.30354	0.800716	0.19429	0.119232	-1
49	0.308544	0.800716	0.196406	0.118489	-1
50	0.311837	0.800716	0.197884	0.117504	-1
51	0.312025	0.800716	0.19919	0.117458	-1
52	0.341693	0.800716	0.203792	0.145016	-1
53	0.347967	0.800716	0.212531	0.145152	-1
54	0.350226	0.800716	0.213058	0.144758	-1
55	0.357251	0.800716	0.217519	0.145074	-1
56	0.361425	0.800716	0.2185	0.144469	-1
57	0.361502	0.800716	0.2185	0.144434	-1
58	0.361815	0.800716	0.219817	0.144152	-1
59	0.362746	0.800716	0.221777	0.143329	-1
60	0.366547	0.800716	0.225005	0.143122	-1
61	0.367799	0.800716	0.229299	0.142398	-1
62	0.371278	0.800716	0.232427	0.141124	-1
63	0.373293	0.800716	0.234042	0.140354	-1
64	0.373585	0.800716	0.235039	0.140189	-1
65	0.379232	0.800716	0.23753	0.138724	-1
66	0.381473	0.800716	0.237751	0.138175	-1
67	0.38354	0.800716	0.2393	0.137441	-1
68	0.384069	0.800716	0.241018	0.13696	-1
69	0.385437	0.800716	0.243899	0.136089	-1
70	0.385607	0.800716	0.243899	0.135987	-1
71	0.389177	0.800716	0.244229	0.134556	-1
72	0.394472	0.800716	0.248741	0.134045	-1
73	0.397967	0.800716	0.254225	0.132083	-1
74	0.398197	0.800716	0.257285	0.131871	-1
75	0.402168	0.800716	0.264436	0.131812	-1
76	0.40342	0.800716	0.267174	0.131038	-1
77	0.403527	0.800716	0.267174	0.13097	-1
78	0.403527	0.800716	0.267174	0.13097	-1
79	0.407888	0.800716	0.268847	0.13362	-1
80	0.408773	0.800716	0.269073	0.133382	-1
81	0.411295	0.800716	0.273461	0.132534	-1
82	0.411454	0.800716	0.273461	0.132432	-1
83	0.416442	0.800716	0.276066	0.131515	-1
84	0.41658	0.800716	0.276066	0.131431	-1
85	0.416647	0.800716	0.276676	0.13136	-1
86	0.416647	0.800716	0.276676	0.13136	-1
87	0.420146	0.800716	0.277208	0.13225	-1
88	0.420432	0.800716	0.277208	0.132373	-1
89	0.420432	0.800716	0.277208	0.132373	-1
90	0.420432	0.800716	0.277208	0.132373	-1
91	0.420432	0.800716	0.277208	0.132373	-1
92	0.421504	0.800716	0.27851	0.131633	-1
93	0.424785	0.800716	0.282672	0.131758	-1
94	0.426516	0.800716	0.282777	0.130873	-1
95	0.426653	0.800716	0.282777	0.130784	-1
96	0.427312	0.800716	0.288082	0.130139	-1
97	0.427339	0.800716	0.288082	0.130114	-1
98	0.427844	0.800716	0.293595	0.129619	-1
99	0.432537	0.800716	0.293979	0.132969	-1
100	0.432879	0.800716	0.293979	0.132874	-1
101	0.439374	0.847441	0.294562	0.137763	-1
102	0.444689	0.847441	0.295307	0.141548	-1
103	0.445121	0.847441	0.295307	0.141516	-1
104	0.449071	0.847441	0.298087	0.1428	-1
105	0.456211	0.847441	0.300619	0.143967	-1
106	0.456595	0.847441	0.300619	0.144063	-1
107	0.456611	0.847441	0.300619	0.144047	-1
108	0.456611	0.847441	0.300619	0.144047	-1
109	0.456611	0.847441	0.300619	0.144047	-1
110	0.456611	0.847441	0.300619	0.144047	-1
111	0.458774	0.847441	0.300619	0.143303	-1
112	0.458985	0.847441	0.301858	0.143136	-1
113	0.461863	0.847441	0.301858	0.142837	-1
114	0.4627	0.847441	0.303628	0.142334	-1
115	0.463459	0.847441	0.306657	0.141649	-1
116	0.463606	0.847441	0.306657	0.141508	-1
117	0.463606	0.847441	0.306657	0.141508	-1
118	0.464708	0.847441	0.307914	0.1407	-1
119	0.464906	0.847441	0.309558	0.140528	-1
120	0.468711	0.847441	0.31093	0.141428	-1
121	0.469758	0.847441	0.313012	0.140621	-1
122	0.475191	0.849501	0.314017	0.144693	-1
123	0.476136	0.849501	0.314017	0.145791	-1
124	0.476136	0.849501	0.314017	0.145791	-1
125	0.476136	0.849501	0.314017	0.145791	-1
126	0.476136	0.849501	0.314017	0.145791	-1
127	0.476136	0.849501	0.314017	0.145791	-1
128	0.477245	0.849501	0.316102	0.144943	-1
129	0.477412	0.849501	0.316102	0.1448	-1
130	0.477412	0.849501	0.316102	0.1448	-1
131	0.477412	0.849501	0.316102	0.1448	-1
132	0.478598	0.849501	0.316967	0.143948	-1
133	0.478792	0.849501	0.316967	0.143807	-1
134	0.478792	0.849501	0.316967	0.143807	-1
135	0.479353	0.849501	0.317002	0.143277	-1
136	0.479829	0.849501	0.317244	0.142808	-1
137	0.479856	0.849501	0.317244	0.142783	-1
138	0.479856	0.849501	0.317244	0.142783	-1
139	0.480244	0.849501	0.318742	0.142388	-1
140	0.480338	0.849501	0.318742	0.142302	-1
141	0.481518	0.849501	0.320354	0.141435	-1
142	0.481617	0.849501	0.320354	0.141362	-1
143	0.481617	0.849501	0.320354	0.141362	-1
144	0.482177	0.849501	0.330229	0.140827	-1
145	0.482372	0.849501	0.330229	0.140656	-1
146	0.482372	0.849501	0.330229	0.140656	-1
147	0.482385	0.849501	0.331514	0.140642	-1
148	0.486446	0.849501	0.331514	0.142098	-1
149	0.487674	0.849501	0.332812	0.141479	-1
150	0.487743	0.849501	0.332812	0.141421	-1
