0	0.0116116	0.738007	0.00010001	0.0803762	-1
1	0.0476983	0.813899	0.00010001	0.150872	-1
2	0.0616422	0.813899	0.00010001	0.162356	-1
3	0.0713238	0.813899	0.00010001	0.167967	-1
4	0.0856577	0.813899	0.00010001	0.172325	-1
5	0.0897989	0.813899	0.00010001	0.173385	-1
6	0.113279	0.813899	0.00010001	0.180844	-1
7	0.131556	0.813899	0.00010001	0.183094	-1
8	0.143897	0.813899	0.00010001	0.181896	-1
9	0.158257	0.813899	0.00010001	0.181981	-1
10	0.198694	0.870169	0.00010001	0.196617	-1
11	0.216037	0.870169	0.00010001	0.189888	-1
12	0.241637	0.870169	0.00010001	0.188297	-1
13	0.24859	0.870169	0.00010001	0.183669	-1
14	0.258638	0.870169	0.00010001	0.175243	-1
15	0.266252	0.870169	0.00010001	0.17188	-1
16	0.274236	0.870169	0.0914543	0.16732	-1
17	0.28295	0.870169	0.119995	0.165227	-1
18	0.285054	0.870169	0.12128	0.164405	-1
19	0.288876	0.870169	0.126033	0.164888	-1
20	0.292027	0.870169	0.130093	0.163803	-1
21	0.298089	0.870169	0.1349	0.166459	-1
22	0.29886	0.870169	0.1349	0.16728	-1
23	0.317261	0.870169	0.148597	0.162597	-1
24	0.317998	0.870169	0.149907	0.162389	-1
25	0.319955	0.870169	0.15152	0.161372	-1
26	0.320882	0.870169	0.153319	0.160874	-1
27	0.321454	0.870169	0.158074	0.160455	-1
28	0.324247	0.870169	0.165734	0.158641	-1
29	0.330374	0.870169	0.17134	0.158425	-1
30	0.338465	0.870169	0.172168	0.159845	-1
31	0.343381	0.870169	0.174661	0.158316	-1
32	0.343743	0.870169	0.174661	0.158304	-1
33	0.344454	0.870169	0.178313	0.157661	-1
34	0.344843	0.870169	0.180705	0.157293	-1
35	0.348221	0.870169	0.189999	0.155254	-1
36	0.351018	0.870169	0.192383	0.154774	-1
37	0.353003	0.870169	0.19268	0.153519	-1
38	0.353073	0.870169	0.19483	0.153449	-1
39	0.353081	0.870169	0.19483	0.15344	-1
40	0.355749	0.870169	0.195947	0.151832	-1
41	0.359857	0.870169	0.196065	0.152832	-1
42	0.361089	0.870169	0.197771	0.153039	-1
43	0.366535	0.870169	0.197796	0.153521	-1
44	0.369406	0.870169	0.201712	0.153124	-1
45	0.372627	0.870169	0.206051	0.150783	-1
46	0.372708	0.870169	0.206051	0.150737	-1
47	0.379937	0.870169	0.20881	0.155099	-1
48	0.381757	0.870169	0.20881	0.157587	-1
49	0.381757	0.870169	0.20881	0.157587	-1
50	0.381757	0.870169	0.20881	0.157587	-1
51	0.381849	0.870169	0.211876	0.157485	-1
52	0.385437	0.870169	0.214029	0.156122	-1
53	0.387606	0.870169	0.214377	0.155223	-1
54	0.389815	0.870169	0.2164	0.153455	-1
55	0.391558	0.870169	0.217451	0.152353	-1
56	0.392439	0.870169	0.218623	0.151595	-1
57	0.393102	0.870169	0.220491	0.150968	-1
58	0.39626	0.870169	0.220748	0.149127	-1
59	0.39654	0.870169	0.220748	0.149091	-1
60	0.396819	0.870169	0.220982	0.148785	-1
61	0.396823	0.870169	0.220982	0.14878	-1
62	0.400302	0.870169	0.225459	0.146075	-1
63	0.400321	0.870169	0.225459	0.146069	-1
64	0.405264	0.870169	0.233156	0.142581	-1
65	0.407293	0.870169	0.237186	0.141285	-1
66	0.407498	0.870169	0.237186	0.141227	-1
67	0.407982	0.870169	0.238734	0.14072	-1
68	0.412792	0.870169	0.247404	0.142659	-1
69	0.414299	0.870169	0.247404	0.144274	-1
70	0.415556	0.870169	0.248642	0.14335	-1
71	0.415614	0.870169	0.248642	0.14329	-1
72	0.416645	0.870169	0.251756	0.142273	-1
73	0.427589	0.870169	0.259826	0.144831	-1
74	0.429557	0.870169	0.259826	0.147782	-1
75	0.433029	0.870169	0.26524	0.145421	-1
76	0.435554	0.870169	0.276569	0.143614	-1
77	0.435624	0.870169	0.276569	0.143559	-1
78	0.435672	0.870169	0.277635	0.143538	-1
79	0.436148	0.870169	0.277635	0.143128	-1
80	0.437584	0.870169	0.282852	0.142063	-1
81	0.441057	0.870169	0.285566	0.140572	-1
82	0.443142	0.870169	0.289145	0.139229	-1
83	0.445323	0.870169	0.297518	0.138138	-1
84	0.445698	0.870169	0.297651	0.137874	-1
85	0.445698	0.870169	0.297651	0.137874	-1
86	0.450201	0.870169	0.298201	0.137567	-1
87	0.46238	0.870169	0.30005	0.146964	-1
88	0.467186	0.870169	0.3022	0.146682	-1
89	0.472094	0.870169	0.302922	0.148434	-1
90	0.478402	0.870169	0.303628	0.152531	-1
91	0.480891	0.870169	0.308857	0.153129	-1
92	0.48342	0.870169	0.309893	0.152175	-1
93	0.48674	0.870169	0.313269	0.150167	-1
94	0.486896	0.870169	0.313269	0.150101	-1
95	0.488092	0.870169	0.313548	0.149188	-1
96	0.488182	0.870169	0.313548	0.149151	-1
97	0.493092	0.870169	0.315453	0.145974	-1
98	0.494436	0.870169	0.316564	0.144935	-1
99	0.497759	0.870169	0.318525	0.144275	-1
100	0.498523	0.870169	0.318525	0.144357	-1
101	0.499182	0.870169	0.323203	0.143675	-1
102	0.500928	0.870169	0.324838	0.142571	-1
103	0.501715	0.870169	0.329841	0.141906	-1
104	0.501821	0.870169	0.329841	0.141832	-1
105	0.501867	0.870169	0.334421	0.141777	-1
106	0.502028	0.870169	0.334421	0.141594	-1
107	0.502028	0.870169	0.334421	0.141594	-1
108	0.502028	0.870169	0.334421	0.141594	-1
109	0.502028	0.870169	0.334421	0.141594	-1
110	0.502028	0.870169	0.334421	0.141594	-1
111	0.510562	0.870169	0.350516	0.140159	-1
112	0.511874	0.870169	0.352317	0.139655	-1
113	0.511958	0.870169	0.352317	0.139564	-1
114	0.511958	0.870169	0.352317	0.139564	-1
115	0.522374	0.870169	0.367486	0.145017	-1
116	0.523982	0.870169	0.367486	0.146258	-1
117	0.537583	0.870169	0.376659	0.148157	-1
118	0.542383	0.870169	0.380942	0.149068	-1
119	0.544249	0.870169	0.381478	0.148944	-1
120	0.544892	0.870169	0.382034	0.148367	-1
121	0.545017	0.870169	0.382034	0.148242	-1
122	0.546087	0.870169	0.38302	0.147244	-1
123	0.546148	0.870169	0.38302	0.147186	-1
124	0.546156	0.870169	0.383815	0.147177	-1
125	0.551041	0.870169	0.391546	0.144083	-1
126	0.555255	0.870169	0.400994	0.143224	-1
127	0.569625	0.870169	0.400994	0.148909	-1
128	0.572034	0.870169	0.400994	0.148707	-1
129	0.572327	0.870169	0.400994	0.148489	-1
130	0.573651	0.870169	0.404709	0.147539	-1
131	0.578667	0.870169	0.410122	0.149278	-1
132	0.581923	0.870169	0.411475	0.148483	-1
133	0.585058	0.870169	0.411613	0.147586	-1
134	0.585863	0.870169	0.419083	0.14723	-1
135	0.586011	0.870169	0.419083	0.147473	-1
136	0.586239	0.870169	0.420408	0.147402	-1
137	0.583131	0.870169	0.420408	0.14447	-1
138	0.578375	0.870169	0.286554	0.145989	-1
139	0.572865	0.870169	0.218384	0.148005	-1
140	0.56804	0.870169	0.218384	0.149324	-1
141	0.577832	0.870169	0.420408	0.136171	-1
142	0.579491	0.873356	0.420408	0.137796	-1
143	0.579755	0.873356	0.436004	0.137519	-1
144	0.579755	0.873356	0.436004	0.137519	-1
145	0.579755	0.873356	0.436004	0.137519	-1
146	0.581708	0.873356	0.436004	0.136755	-1
147	0.585668	0.873356	0.436004	0.136649	-1
148	0.586486	0.873356	0.436004	0.136663	-1
149	0.586487	0.873356	0.436004	0.136662	-1
150	0.586673	0.873356	0.436004	0.136459	-1
