0	0.0131689	0.31563	0.00010001	0.0533668	-1
1	0.0172844	0.31563	0.00010001	0.0602788	-1
2	0.037709	0.478936	0.00010001	0.0952371	-1
3	0.0446608	0.478936	0.00010001	0.0981597	-1
4	0.052994	0.478936	0.00010001	0.106678	-1
5	0.0662587	0.569902	0.00010001	0.123219	-1
6	0.0694638	0.569902	0.00010001	0.123592	-1
7	0.0756589	0.569902	0.00010001	0.125783	-1
8	0.0793875	0.569902	0.00010001	0.125361	-1
9	0.0895132	0.569902	0.00010001	0.128373	-1
10	0.104782	0.619703	0.00010001	0.139912	-1
11	0.117713	0.619703	0.00010001	0.138724	-1
12	0.123055	0.619703	0.00010001	0.138278	-1
13	0.133682	0.619703	0.00010001	0.136397	-1
14	0.141136	0.619703	0.00010001	0.139103	-1
15	0.141151	0.619703	0.00010001	0.139104	-1
16	0.153055	0.619703	0.00010001	0.133573	-1
17	0.164347	0.619703	0.00010001	0.131734	-1
18	0.177984	0.619703	0.00010001	0.130081	-1
19	0.18111	0.619703	0.00010001	0.127776	-1
20	0.196016	0.619703	0.00010001	0.118029	-1
21	0.201259	0.619703	0.00010001	0.11302	-1
22	0.216282	0.619703	0.0890758	0.11032	-1
23	0.219389	0.619703	0.09997	0.108049	-1
24	0.228514	0.619703	0.10712	0.111152	-1
25	0.230723	0.619703	0.107606	0.109813	-1
26	0.252789	0.819652	0.122746	0.133032	-1
27	0.254897	0.819652	0.125331	0.131716	-1
28	0.261928	0.819652	0.136015	0.131232	-1
29	0.267441	0.819652	0.144066	0.130375	-1
30	0.268092	0.819652	0.145502	0.129911	-1
31	0.271822	0.819652	0.148115	0.129333	-1
32	0.27466	0.819652	0.148285	0.128382	-1
33	0.278095	0.819652	0.153164	0.129206	-1
34	0.287135	0.819652	0.159568	0.127771	-1
35	0.287234	0.819652	0.159568	0.127727	-1
36	0.293426	0.819652	0.167853	0.128479	-1
37	0.294873	0.819652	0.168481	0.128798	-1
38	0.295325	0.819652	0.171675	0.128408	-1
39	0.302683	0.819652	0.176021	0.135524	-1
40	0.303738	0.819652	0.182125	0.135592	-1
41	0.308864	0.819652	0.188759	0.134405	-1
42	0.30905	0.819652	0.188759	0.134449	-1
43	0.30905	0.819652	0.188759	0.134449	-1
44	0.314943	0.819652	0.189634	0.135148	-1
45	0.319832	0.819652	0.195959	0.133288	-1
46	0.320636	0.819652	0.200015	0.13263	-1
47	0.326335	0.819652	0.203925	0.131089	-1
48	0.328858	0.819652	0.204913	0.130873	-1
49	0.328962	0.819652	0.204913	0.130876	-1
50	0.334536	0.819652	0.206224	0.13384	-1
51	0.335304	0.819652	0.207048	0.133757	-1
52	0.337354	0.819652	0.208127	0.133154	-1
53	0.338784	0.819652	0.208271	0.132447	-1
54	0.352178	0.819652	0.218516	0.136198	-1
55	0.35256	0.819652	0.219382	0.136679	-1
56	0.35256	0.819652	0.219382	0.136679	-1
57	0.357386	0.819652	0.219404	0.138258	-1
58	0.357609	0.819652	0.219404	0.138396	-1
59	0.35783	0.819652	0.221852	0.138191	-1
60	0.364992	0.858107	0.22262	0.145696	-1
61	0.369864	0.858107	0.222934	0.148687	-1
62	0.369978	0.858107	0.222934	0.148629	-1
63	0.370161	0.858107	0.223205	0.148457	-1
64	0.371918	0.858107	0.227553	0.147713	-1
65	0.372409	0.858107	0.228413	0.147396	-1
66	0.373359	0.858107	0.229271	0.146757	-1
67	0.374435	0.858107	0.229308	0.146034	-1
68	0.375505	0.858107	0.230807	0.14514	-1
69	0.376155	0.858107	0.23171	0.144602	-1
70	0.376195	0.858107	0.23171	0.144566	-1
71	0.380142	0.858107	0.234278	0.142187	-1
72	0.380216	0.858107	0.234498	0.142145	-1
73	0.385718	0.858107	0.235293	0.1391	-1
74	0.385879	0.858107	0.235293	0.13898	-1
75	0.385959	0.858107	0.237406	0.138898	-1
76	0.385959	0.858107	0.237406	0.138898	-1
77	0.386794	0.858107	0.241239	0.138064	-1
78	0.386869	0.858107	0.241239	0.13799	-1
79	0.386928	0.858107	0.241474	0.137929	-1
80	0.395785	0.858107	0.244917	0.142594	-1
81	0.397279	0.858107	0.253278	0.142005	-1
82	0.404792	0.860033	0.258454	0.149371	-1
83	0.407728	0.860033	0.260398	0.150022	-1
84	0.407998	0.860033	0.260398	0.14992	-1
85	0.407998	0.860033	0.260398	0.14992	-1
86	0.409019	0.860033	0.260583	0.149251	-1
87	0.409376	0.860033	0.261968	0.148939	-1
88	0.409454	0.860033	0.261968	0.148864	-1
89	0.409454	0.860033	0.261968	0.148864	-1
90	0.4097	0.860033	0.264273	0.148638	-1
91	0.409728	0.860033	0.264273	0.148612	-1
92	0.417643	0.860033	0.26446	0.151435	-1
93	0.418282	0.860033	0.267126	0.151004	-1
94	0.418318	0.860033	0.267126	0.150969	-1
95	0.420751	0.860033	0.270855	0.149419	-1
96	0.42117	0.860033	0.271622	0.14903	-1
97	0.421192	0.860033	0.271622	0.149009	-1
98	0.423896	0.860033	0.273638	0.148721	-1
99	0.424068	0.860033	0.274291	0.148622	-1
100	0.425754	0.860033	0.276149	0.147403	-1
101	0.426991	0.860033	0.277663	0.146562	-1
102	0.428018	0.860033	0.282126	0.145805	-1
103	0.428194	0.860033	0.282126	0.145689	-1
104	0.428194	0.860033	0.282126	0.145689	-1
105	0.431624	0.860033	0.286554	0.146252	-1
106	0.433722	0.860033	0.287016	0.145527	-1
107	0.436223	0.860033	0.287265	0.144944	-1
108	0.438148	0.860033	0.288275	0.144084	-1
109	0.441021	0.860033	0.290101	0.142719	-1
110	0.441164	0.860033	0.290101	0.14268	-1
111	0.44332	0.860033	0.290477	0.142002	-1
112	0.443668	0.860033	0.290809	0.141752	-1
113	0.443707	0.860033	0.290809	0.141709	-1
114	0.44427	0.860033	0.291329	0.141167	-1
115	0.444308	0.860033	0.291329	0.141128	-1
116	0.444308	0.860033	0.291329	0.141128	-1
117	0.444308	0.860033	0.291329	0.141128	-1
118	0.444308	0.860033	0.291329	0.141128	-1
119	0.444348	0.860033	0.295316	0.141085	-1
120	0.444472	0.860033	0.295316	0.140958	-1
121	0.445777	0.860033	0.299081	0.14016	-1
122	0.445909	0.860033	0.299081	0.140074	-1
123	0.445909	0.860033	0.299081	0.140074	-1
124	0.445909	0.860033	0.299081	0.140074	-1
125	0.445909	0.860033	0.299081	0.140074	-1
126	0.446097	0.860033	0.299639	0.139888	-1
127	0.449117	0.860033	0.303628	0.138324	-1
128	0.449445	0.860033	0.303628	0.138175	-1
129	0.450778	0.860033	0.307691	0.137087	-1
130	0.450789	0.860033	0.307691	0.137079	-1
131	0.450789	0.860033	0.307691	0.137079	-1
132	0.450789	0.860033	0.307691	0.137079	-1
133	0.452241	0.860033	0.310136	0.136315	-1
134	0.452402	0.860033	0.310136	0.13624	-1
135	0.453661	0.860033	0.310568	0.135492	-1
136	0.453775	0.860033	0.310568	0.135436	-1
137	0.453775	0.860033	0.310568	0.135436	-1
138	0.453775	0.860033	0.310568	0.135436	-1
139	0.45762	0.860033	0.313633	0.13404	-1
140	0.457923	0.860033	0.313633	0.133981	-1
141	0.457923	0.860033	0.313633	0.133981	-1
142	0.457923	0.860033	0.313633	0.133981	-1
143	0.46041	0.860033	0.31563	0.133583	-1
144	0.461079	0.860033	0.319213	0.133245	-1
145	0.461079	0.860033	0.319213	0.133245	-1
146	0.46143	0.860033	0.319686	0.132914	-1
147	0.46143	0.860033	0.319686	0.132914	-1
148	0.46501	0.860033	0.321843	0.13178	-1
149	0.465338	0.860033	0.321843	0.131797	-1
150	0.470106	0.860033	0.322304	0.135136	-1
