0	0.0026258	0.14416	0.00010001	0.0179482	-1
1	0.0244458	0.423219	0.00010001	0.0741308	-1
2	0.0358784	0.501365	0.00010001	0.095828	-1
3	0.0467663	0.501365	0.00010001	0.10438	-1
4	0.0500968	0.501365	0.00010001	0.105792	-1
5	0.0766321	0.685704	0.00010001	0.132673	-1
6	0.0842577	0.685704	0.00010001	0.133897	-1
7	0.0934845	0.685704	0.00010001	0.136378	-1
8	0.117346	0.886643	0.00010001	0.158902	-1
9	0.131794	0.886643	0.00010001	0.159274	-1
10	0.14523	0.886643	0.00010001	0.158064	-1
11	0.163657	0.886643	0.00010001	0.165132	-1
12	0.17046	0.886643	0.00010001	0.161981	-1
13	0.182913	0.886643	0.00010001	0.15474	-1
14	0.193987	0.886643	0.00010001	0.151434	-1
15	0.210146	0.886643	0.00010001	0.142246	-1
16	0.221877	0.886643	0.00010001	0.138186	-1
17	0.23462	0.886643	0.00010001	0.139944	-1
18	0.241219	0.886643	0.0943768	0.135452	-1
19	0.24277	0.886643	0.10311	0.134508	-1
20	0.246502	0.886643	0.11133	0.131771	-1
21	0.247659	0.886643	0.116377	0.130854	-1
22	0.249167	0.886643	0.130229	0.129825	-1
23	0.250525	0.886643	0.134044	0.129199	-1
24	0.251733	0.886643	0.136964	0.128412	-1
25	0.252702	0.886643	0.137476	0.12788	-1
26	0.256111	0.886643	0.141936	0.126253	-1
27	0.260577	0.886643	0.147794	0.124922	-1
28	0.262847	0.886643	0.148878	0.123541	-1
29	0.263561	0.886643	0.15267	0.122996	-1
30	0.26562	0.886643	0.154459	0.122772	-1
31	0.266198	0.886643	0.157474	0.122554	-1
32	0.272916	0.886643	0.165302	0.121882	-1
33	0.273274	0.886643	0.165302	0.121983	-1
34	0.274255	0.886643	0.166453	0.121238	-1
35	0.274701	0.886643	0.169009	0.120908	-1
36	0.276987	0.886643	0.170158	0.119598	-1
37	0.279098	0.886643	0.172225	0.119509	-1
38	0.28004	0.886643	0.172283	0.119012	-1
39	0.281296	0.886643	0.174882	0.118146	-1
40	0.281592	0.886643	0.176674	0.117923	-1
41	0.285778	0.886643	0.183612	0.119204	-1
42	0.291895	0.886643	0.186299	0.120093	-1
43	0.293879	0.886643	0.186372	0.119546	-1
44	0.302135	0.886643	0.188166	0.12829	-1
45	0.305136	0.886643	0.19165	0.127906	-1
46	0.306998	0.886643	0.192072	0.127545	-1
47	0.309366	0.886643	0.19341	0.12666	-1
48	0.316917	0.886643	0.194151	0.13468	-1
49	0.323386	0.886643	0.198023	0.133039	-1
50	0.323534	0.886643	0.198023	0.133087	-1
51	0.325384	0.886643	0.202774	0.131843	-1
52	0.327763	0.886643	0.206952	0.131681	-1
53	0.328139	0.886643	0.207813	0.131673	-1
54	0.329745	0.886643	0.209625	0.130689	-1
55	0.330048	0.886643	0.20986	0.130442	-1
56	0.33143	0.886643	0.210873	0.129885	-1
57	0.331566	0.886643	0.212085	0.129837	-1
58	0.331566	0.886643	0.212085	0.129837	-1
59	0.331566	0.886643	0.212085	0.129837	-1
60	0.334439	0.886643	0.215321	0.129409	-1
61	0.334771	0.886643	0.215321	0.129415	-1
62	0.339883	0.886643	0.218012	0.129711	-1
63	0.347963	0.886643	0.220729	0.134135	-1
64	0.351248	0.886643	0.221917	0.133201	-1
65	0.351504	0.886643	0.221917	0.133213	-1
66	0.3526	0.886643	0.226641	0.132379	-1
67	0.352618	0.886643	0.226641	0.132366	-1
68	0.36021	0.886643	0.232709	0.131805	-1
69	0.361756	0.886643	0.232875	0.131761	-1
70	0.362637	0.886643	0.233157	0.131149	-1
71	0.362724	0.886643	0.233157	0.131092	-1
72	0.362724	0.886643	0.233157	0.131092	-1
73	0.362724	0.886643	0.233157	0.131092	-1
74	0.366913	0.886643	0.237291	0.129818	-1
75	0.367114	0.886643	0.237291	0.1298	-1
76	0.369668	0.886643	0.237561	0.128747	-1
77	0.369863	0.886643	0.237712	0.128583	-1
78	0.370496	0.886643	0.238505	0.128081	-1
79	0.370516	0.886643	0.238505	0.128068	-1
80	0.370756	0.886643	0.246643	0.12784	-1
81	0.370758	0.886643	0.246643	0.127838	-1
82	0.370976	0.886643	0.247368	0.127643	-1
83	0.370991	0.886643	0.247368	0.12763	-1
84	0.37101	0.886643	0.249282	0.127611	-1
85	0.37101	0.886643	0.249282	0.127611	-1
86	0.371026	0.886643	0.250064	0.127596	-1
87	0.371043	0.886643	0.250064	0.12758	-1
88	0.371043	0.886643	0.250064	0.12758	-1
89	0.371667	0.886643	0.251809	0.127125	-1
90	0.372124	0.886643	0.251809	0.126763	-1
91	0.374651	0.886643	0.252086	0.125567	-1
92	0.374739	0.886643	0.252086	0.125511	-1
93	0.375184	0.886643	0.252606	0.125111	-1
94	0.3752	0.886643	0.252606	0.125097	-1
95	0.3752	0.886643	0.252606	0.125097	-1
96	0.376238	0.886643	0.256731	0.124499	-1
97	0.376546	0.886643	0.257481	0.124252	-1
98	0.37874	0.886643	0.259187	0.123089	-1
99	0.378954	0.886643	0.259187	0.122977	-1
100	0.380233	0.886643	0.260348	0.122382	-1
101	0.380423	0.886643	0.260348	0.122276	-1
102	0.380423	0.886643	0.260348	0.122276	-1
103	0.380483	0.886643	0.262083	0.122218	-1
104	0.380483	0.886643	0.262083	0.122218	-1
105	0.380483	0.886643	0.262083	0.122218	-1
106	0.382676	0.886643	0.26365	0.121067	-1
107	0.384713	0.886643	0.264511	0.120558	-1
108	0.385053	0.886643	0.264511	0.120564	-1
109	0.385053	0.886643	0.264511	0.120564	-1
110	0.385552	0.886643	0.268039	0.120114	-1
111	0.389133	0.886643	0.268458	0.119367	-1
112	0.389347	0.886643	0.268458	0.119388	-1
113	0.390016	0.886643	0.269932	0.11889	-1
114	0.39337	0.886643	0.274576	0.117585	-1
115	0.393539	0.886643	0.274576	0.117544	-1
116	0.393539	0.886643	0.274576	0.117544	-1
117	0.393539	0.886643	0.274576	0.117544	-1
118	0.396496	0.886643	0.278929	0.117782	-1
119	0.396848	0.886643	0.278929	0.11785	-1
120	0.397901	0.886643	0.283462	0.117254	-1
121	0.398194	0.886643	0.283462	0.117124	-1
122	0.399252	0.886643	0.284468	0.116311	-1
123	0.399822	0.886643	0.286737	0.11586	-1
124	0.40311	0.886643	0.291623	0.115376	-1
125	0.403562	0.886643	0.291623	0.115327	-1
126	0.403562	0.886643	0.291623	0.115327	-1
127	0.403562	0.886643	0.291623	0.115327	-1
128	0.404317	0.886643	0.291673	0.114833	-1
129	0.404475	0.886643	0.291673	0.114719	-1
130	0.404475	0.886643	0.291673	0.114719	-1
131	0.405872	0.886643	0.293307	0.114181	-1
132	0.405973	0.886643	0.293307	0.114115	-1
133	0.411383	0.886643	0.294602	0.115816	-1
134	0.412013	0.886643	0.294602	0.116119	-1
135	0.412013	0.886643	0.294602	0.116119	-1
136	0.412025	0.886643	0.295779	0.116107	-1
137	0.41203	0.886643	0.295779	0.116102	-1
138	0.413875	0.886643	0.29625	0.115167	-1
139	0.414091	0.886643	0.29625	0.115034	-1
140	0.414264	0.886643	0.297625	0.114868	-1
141	0.414308	0.886643	0.297625	0.114827	-1
142	0.414308	0.886643	0.297625	0.114827	-1
143	0.417244	0.886643	0.297822	0.114066	-1
144	0.418261	0.886643	0.301634	0.113467	-1
145	0.418295	0.886643	0.301634	0.113435	-1
146	0.418295	0.886643	0.301634	0.113435	-1
147	0.418295	0.886643	0.301634	0.113435	-1
148	0.419012	0.886643	0.30195	0.112915	-1
149	0.419091	0.886643	0.30195	0.112844	-1
150	0.419091	0.886643	0.30195	0.112844	-1
