0	0.0128063	0.32808	0.00010001	0.0538954	-1
1	0.0322308	0.626996	0.00010001	0.103404	-1
2	0.0457023	0.626996	0.00010001	0.121203	-1
3	0.055496	0.626996	0.00010001	0.124299	-1
4	0.06322	0.626996	0.00010001	0.129326	-1
5	0.0794252	0.669751	0.00010001	0.146098	-1
6	0.0894305	0.669751	0.00010001	0.149106	-1
7	0.0942086	0.669751	0.00010001	0.150295	-1
8	0.115486	0.669751	0.00010001	0.151577	-1
9	0.135977	0.805725	0.00010001	0.167216	-1
10	0.139996	0.805725	0.00010001	0.166689	-1
11	0.153187	0.805725	0.00010001	0.164594	-1
12	0.163569	0.805725	0.00010001	0.170869	-1
13	0.181729	0.805725	0.00010001	0.168897	-1
14	0.187961	0.805725	0.00010001	0.165945	-1
15	0.203441	0.805725	0.00010001	0.161237	-1
16	0.219563	0.805725	0.00010001	0.150924	-1
17	0.230073	0.805725	0.00010001	0.155617	-1
18	0.23794	0.805725	0.084297	0.14864	-1
19	0.239933	0.805725	0.0886323	0.14727	-1
20	0.243606	0.805725	0.0964598	0.14522	-1
21	0.246029	0.805725	0.114522	0.14324	-1
22	0.249811	0.805725	0.123285	0.140845	-1
23	0.25361	0.805725	0.127727	0.138738	-1
24	0.255454	0.805725	0.134409	0.137567	-1
25	0.255592	0.805725	0.134409	0.137508	-1
26	0.257415	0.805725	0.145175	0.136229	-1
27	0.263835	0.805725	0.149011	0.140877	-1
28	0.265936	0.805725	0.153971	0.140904	-1
29	0.269304	0.805725	0.159419	0.14	-1
30	0.271358	0.805725	0.160832	0.139132	-1
31	0.271812	0.805725	0.161371	0.138813	-1
32	0.279963	0.805725	0.16622	0.138141	-1
33	0.28253	0.805725	0.169638	0.137617	-1
34	0.287361	0.805725	0.177203	0.13697	-1
35	0.28914	0.805725	0.177698	0.136114	-1
36	0.293175	0.805725	0.182484	0.137693	-1
37	0.304717	0.805725	0.185952	0.142572	-1
38	0.306226	0.805725	0.187469	0.142422	-1
39	0.306372	0.805725	0.187469	0.142327	-1
40	0.306964	0.805725	0.188476	0.14195	-1
41	0.307007	0.805725	0.188476	0.141924	-1
42	0.307008	0.805725	0.18859	0.141923	-1
43	0.307096	0.805725	0.18859	0.141851	-1
44	0.316466	0.805725	0.194266	0.144751	-1
45	0.323062	0.805725	0.197583	0.143975	-1
46	0.326766	0.805725	0.199647	0.144906	-1
47	0.328942	0.805725	0.2015	0.144176	-1
48	0.330923	0.805725	0.202403	0.143642	-1
49	0.332555	0.805725	0.204316	0.142629	-1
50	0.332871	0.805725	0.205407	0.142492	-1
51	0.334357	0.805725	0.206098	0.141891	-1
52	0.340335	0.805725	0.211806	0.141644	-1
53	0.342659	0.805725	0.213312	0.141118	-1
54	0.348095	0.805725	0.214367	0.139554	-1
55	0.349747	0.805725	0.215466	0.13891	-1
56	0.350165	0.805725	0.216948	0.138655	-1
57	0.358927	0.805725	0.221516	0.14187	-1
58	0.361032	0.805725	0.221738	0.141477	-1
59	0.361472	0.805725	0.221738	0.141311	-1
60	0.367951	0.841502	0.223938	0.148267	-1
61	0.37163	0.841502	0.229492	0.147319	-1
62	0.373944	0.841502	0.23053	0.14678	-1
63	0.374894	0.841502	0.231399	0.146315	-1
64	0.376824	0.841502	0.23252	0.145585	-1
65	0.377504	0.841502	0.233679	0.145086	-1
66	0.377529	0.841502	0.233679	0.145064	-1
67	0.384697	0.841502	0.238365	0.148842	-1
68	0.389857	0.841502	0.239621	0.149052	-1
69	0.390684	0.841502	0.24084	0.148696	-1
70	0.390695	0.841502	0.24084	0.148687	-1
71	0.394023	0.841502	0.243411	0.148601	-1
72	0.394565	0.841502	0.243411	0.148696	-1
73	0.39457	0.841502	0.243933	0.14869	-1
74	0.395927	0.841502	0.245341	0.147906	-1
75	0.396083	0.841502	0.245341	0.147827	-1
76	0.396083	0.841502	0.245341	0.147827	-1
77	0.396083	0.841502	0.245341	0.147827	-1
78	0.396083	0.841502	0.245341	0.147827	-1
79	0.397311	0.841502	0.24797	0.146966	-1
80	0.397369	0.841502	0.248318	0.14693	-1
81	0.398787	0.841502	0.248672	0.146159	-1
82	0.399514	0.841502	0.250186	0.145601	-1
83	0.402211	0.841502	0.252319	0.144429	-1
84	0.403449	0.841502	0.25285	0.143757	-1
85	0.407162	0.841502	0.253208	0.144562	-1
86	0.414358	0.841502	0.255167	0.14141	-1
87	0.414388	0.841502	0.255167	0.141379	-1
88	0.414388	0.841502	0.255167	0.141379	-1
89	0.435734	0.841502	0.261172	0.156245	-1
90	0.438015	0.841502	0.262503	0.155022	-1
91	0.441646	0.841502	0.267372	0.153445	-1
92	0.441937	0.841502	0.269421	0.153145	-1
93	0.446054	0.841502	0.281125	0.150262	-1
94	0.446236	0.841502	0.281125	0.150209	-1
95	0.446236	0.841502	0.281125	0.150209	-1
96	0.451761	0.841502	0.281536	0.154185	-1
97	0.452824	0.841502	0.281536	0.154872	-1
98	0.452891	0.841502	0.282277	0.154798	-1
99	0.452904	0.841502	0.282277	0.154784	-1
100	0.452932	0.841502	0.28503	0.154754	-1
101	0.452932	0.841502	0.28503	0.154754	-1
102	0.452932	0.841502	0.28503	0.154754	-1
103	0.455627	0.841502	0.286554	0.152604	-1
104	0.455716	0.841502	0.286554	0.152556	-1
105	0.457762	0.841502	0.288072	0.151634	-1
106	0.458207	0.841502	0.288244	0.151435	-1
107	0.467929	0.841502	0.298105	0.151923	-1
108	0.475012	0.842921	0.301074	0.154959	-1
109	0.475975	0.842921	0.301074	0.155583	-1
110	0.476052	0.842921	0.303026	0.15555	-1
111	0.476052	0.842921	0.303026	0.15555	-1
112	0.476052	0.842921	0.303026	0.15555	-1
113	0.476052	0.842921	0.303026	0.15555	-1
114	0.476415	0.842921	0.303026	0.155184	-1
115	0.477745	0.842921	0.303628	0.15425	-1
116	0.477876	0.842921	0.303628	0.154176	-1
117	0.477876	0.842921	0.303628	0.154176	-1
118	0.477876	0.842921	0.303628	0.154176	-1
119	0.479406	0.842921	0.305053	0.153185	-1
120	0.483937	0.842921	0.316506	0.151193	-1
121	0.484606	0.842921	0.316506	0.151189	-1
122	0.484618	0.842921	0.316506	0.151185	-1
123	0.484632	0.842921	0.317897	0.151169	-1
124	0.484632	0.842921	0.317897	0.151169	-1
125	0.484632	0.842921	0.317897	0.151169	-1
126	0.486756	0.842921	0.317897	0.150293	-1
127	0.490394	0.842921	0.320269	0.149987	-1
128	0.491396	0.842921	0.320269	0.150066	-1
129	0.491888	0.842921	0.323828	0.149579	-1
130	0.493661	0.842921	0.327764	0.148559	-1
131	0.4941	0.842921	0.327764	0.148442	-1
132	0.495268	0.842921	0.32808	0.147577	-1
133	0.495637	0.842921	0.329182	0.147235	-1
134	0.495637	0.842921	0.329182	0.147235	-1
135	0.495637	0.842921	0.329182	0.147235	-1
136	0.499708	0.842921	0.33933	0.146592	-1
137	0.503488	0.842921	0.342352	0.145153	-1
138	0.503872	0.842921	0.342352	0.145117	-1
139	0.503872	0.842921	0.342352	0.145117	-1
140	0.503872	0.842921	0.342352	0.145117	-1
141	0.503872	0.842921	0.342352	0.145117	-1
142	0.503903	0.842921	0.345513	0.145082	-1
143	0.503903	0.842921	0.345513	0.145082	-1
144	0.503903	0.842921	0.345513	0.145082	-1
145	0.503903	0.842921	0.345513	0.145082	-1
146	0.503903	0.842921	0.345513	0.145082	-1
147	0.504365	0.842921	0.345513	0.144645	-1
148	0.504387	0.842921	0.346163	0.144626	-1
149	0.504387	0.842921	0.346163	0.144626	-1
150	0.504387	0.842921	0.346163	0.144626	-1
