0	41.07	50	30	4.69097	-1
1	44.23	50	40	2.88099	-1
2	45.7	51	43	2.55248	-1
3	46.18	51	44	2.56779	-1
4	46.53	51	44	2.63026	-1
5	46.89	51	44	2.57766	-1
6	47.21	51	44	2.48753	-1
7	47.84	54	44	2.38988	-1
8	48.22	54	44	2.15828	-1
9	48.54	54	45	1.9197	-1
10	48.63	54	46	1.83487	-1
11	48.98	54	46	1.60793	-1
12	49.28	54	46	1.33394	-1
13	49.46	54	48	1.17568	-1
14	49.51	54	48	1.15027	-1
15	49.55	54	48	1.1315	-1
16	49.69	54	48	1.07961	-1
17	49.77	54	48	1.02351	-1
18	49.85	54	48	0.957426	-1
19	49.91	54	48	0.899999	-1
20	50.03	54	48	0.809726	-1
21	50.14	54	49	0.710953	-1
22	50.18	54	49	0.672399	-1
23	50.23	54	50	0.649085	-1
24	50.27	54	50	0.694203	-1
25	50.27	54	50	0.694203	-1
26	50.31	54	50	0.734365	-1
27	50.31	54	50	0.734365	-1
28	50.33	54	50	0.739301	-1
29	50.37	54	50	0.774009	-1
30	50.39	54	50	0.777135	-1
31	50.42	54	50	0.780831	-1
32	50.46	54	50	0.809289	-1
33	50.46	54	50	0.809289	-1
34	50.46	54	50	0.809289	-1
35	50.5	54	50	0.834847	-1
36	50.52	54	50	0.834605	-1
37	50.54	54	50	0.833878	-1
38	50.54	54	50	0.833878	-1
39	50.62	54	50	0.961691	-1
40	50.64	54	50	0.958956	-1
41	50.64	54	50	0.958956	-1
42	50.67	54	50	0.954045	-1
43	50.71	54	50	0.967084	-1
44	50.73	54	50	0.962477	-1
45	50.73	54	50	0.962477	-1
46	50.73	54	50	0.962477	-1
47	50.73	54	50	0.962477	-1
48	50.75	54	50	0.957427	-1
49	50.77	54	50	0.951925	-1
50	50.85	54	50	1.04809	-1
51	50.85	54	50	1.04809	-1
52	50.85	54	50	1.04809	-1
53	50.85	54	50	1.04809	-1
54	50.85	54	50	1.04809	-1
55	50.85	54	50	1.04809	-1
56	50.85	54	50	1.04809	-1
57	50.85	54	50	1.04809	-1
58	50.9	54	50	1.04929	-1
59	50.9	54	50	1.04929	-1
60	50.9	54	50	1.04929	-1
61	50.9	54	50	1.04929	-1
62	51.02	55	50	1.18901	-1
63	51.02	55	50	1.18901	-1
64	51.14	55	50	1.30283	-1
65	51.14	55	50	1.30283	-1
66	51.17	55	50	1.28751	-1
67	51.23	55	50	1.30155	-1
68	51.26	55	50	1.28409	-1
69	51.3	55	50	1.27525	-1
70	51.3	55	50	1.27525	-1
71	51.38	55	50	1.31641	-1
72	51.45	55	50	1.29002	-1
73	51.47	55	50	1.27489	-1
74	51.51	55	50	1.25927	-1
75	51.53	55	50	1.2428	-1
76	51.53	55	50	1.2428	-1
77	51.55	55	50	1.22577	-1
78	51.55	55	50	1.22577	-1
79	51.57	55	50	1.20818	-1
80	51.57	55	50	1.20818	-1
81	51.62	55	50	1.17877	-1
82	51.62	55	50	1.17877	-1
83	51.62	55	50	1.17877	-1
84	51.65	55	50	1.14922	-1
85	51.65	55	50	1.14922	-1
86	51.65	55	50	1.14922	-1
87	51.65	55	50	1.14922	-1
88	51.75	55	51	1.14922	-1
89	51.75	55	51	1.14922	-1
90	51.79	55	51	1.15728	-1
91	51.88	55	51	1.23321	-1
92	51.88	55	51	1.23321	-1
93	51.88	55	51	1.23321	-1
94	51.88	55	51	1.23321	-1
95	51.9	55	51	1.22681	-1
96	51.9	55	51	1.22681	-1
97	51.9	55	51	1.22681	-1
98	51.92	55	51	1.22003	-1
99	51.92	55	51	1.22003	-1
100	51.94	55	51	1.21289	-1
101	51.94	55	51	1.21289	-1
102	52	55	51	1.23909	-1
103	52.08	55	51	1.30019	-1
104	52.08	55	51	1.30019	-1
105	52.08	55	51	1.30019	-1
106	52.08	55	51	1.30019	-1
107	52.08	55	51	1.30019	-1
108	52.08	55	51	1.30019	-1
109	52.14	55	51	1.31825	-1
110	52.14	55	51	1.31825	-1
111	52.14	55	51	1.31825	-1
112	52.14	55	51	1.31825	-1
113	52.14	55	51	1.31825	-1
114	52.16	55	51	1.30825	-1
115	52.16	55	51	1.30825	-1
116	52.23	55	51	1.31698	-1
117	52.23	55	51	1.31698	-1
118	52.23	55	51	1.31698	-1
119	52.23	55	51	1.31698	-1
120	52.23	55	51	1.31698	-1
121	52.23	55	51	1.31698	-1
122	52.23	55	51	1.31698	-1
123	52.23	55	51	1.31698	-1
124	52.23	55	51	1.31698	-1
125	52.3	55	51	1.32192	-1
126	52.32	55	51	1.30948	-1
127	52.32	55	51	1.30948	-1
128	52.34	55	51	1.29662	-1
129	52.34	55	51	1.29662	-1
130	52.34	55	51	1.29662	-1
131	52.34	55	51	1.29662	-1
132	52.34	55	51	1.29662	-1
133	52.4	55	51	1.30268	-1
134	52.42	55	51	1.28849	-1
135	52.42	55	51	1.28849	-1
136	52.44	55	51	1.27382	-1
137	52.44	55	51	1.27382	-1
138	52.44	55	51	1.27382	-1
139	52.44	55	51	1.27382	-1
140	52.44	55	51	1.27382	-1
141	52.5	55	51	1.27525	-1
142	52.52	55	51	1.25915	-1
143	52.52	55	51	1.25915	-1
144	52.55	55	51	1.23399	-1
145	52.57	55	51	1.21651	-1
146	52.57	55	51	1.21651	-1
147	52.57	55	51	1.21651	-1
148	52.65	55	51	1.24215	-1
149	52.71	55	51	1.23333	-1
150	52.71	55	51	1.23333	-1
151	52.71	55	51	1.23333	-1
152	52.71	55	51	1.23333	-1
153	52.77	55	51	1.22148	-1
154	52.77	55	51	1.22148	-1
155	52.77	55	51	1.22148	-1
156	52.77	55	51	1.22148	-1
157	52.77	55	51	1.22148	-1
158	52.86	55	51	1.19781	-1
159	52.86	55	51	1.19781	-1
160	52.86	55	51	1.19781	-1
161	52.86	55	51	1.19781	-1
162	52.86	55	51	1.19781	-1
163	52.86	55	51	1.19781	-1
164	52.86	55	51	1.19781	-1
165	52.86	55	51	1.19781	-1
166	52.86	55	51	1.19781	-1
167	52.86	55	51	1.19781	-1
168	52.86	55	51	1.19781	-1
169	52.86	55	51	1.19781	-1
170	52.86	55	51	1.19781	-1
171	52.88	55	51	1.17448	-1
172	52.9	55	51	1.15032	-1
173	52.9	55	51	1.15032	-1
174	52.9	55	51	1.15032	-1
175	52.92	55	52	1.12528	-1
176	52.92	55	52	1.12528	-1
177	52.92	55	52	1.12528	-1
178	52.92	55	52	1.12528	-1
179	52.92	55	52	1.12528	-1
180	52.92	55	52	1.12528	-1
181	52.96	55	52	1.12744	-1
182	52.96	55	52	1.12744	-1
183	53	55	52	1.12815	-1
184	53	55	52	1.12815	-1
185	53	55	52	1.12815	-1
186	53	55	52	1.12815	-1
187	53.02	55	52	1.11898	-1
188	53.02	55	52	1.11898	-1
189	53.02	55	52	1.11898	-1
190	53.06	55	52	1.11754	-1
191	53.06	55	52	1.11754	-1
192	53.06	55	52	1.11754	-1
193	53.06	55	52	1.11754	-1
194	53.06	55	52	1.11754	-1
195	53.06	55	52	1.11754	-1
196	53.06	55	52	1.11754	-1
197	53.06	55	52	1.11754	-1
198	53.1	55	52	1.11464	-1
199	53.1	55	52	1.11464	-1
200	53.1	55	52	1.11464	-1
201	53.14	55	52	1.11028	-1
202	53.14	55	52	1.11028	-1
203	53.14	55	52	1.11028	-1
204	53.14	55	52	1.11028	-1
205	53.14	55	52	1.11028	-1
206	53.14	55	52	1.11028	-1
207	53.14	55	52	1.11028	-1
208	53.14	55	52	1.11028	-1
209	53.14	55	52	1.11028	-1
210	53.14	55	52	1.11028	-1
211	53.14	55	52	1.11028	-1
212	53.14	55	52	1.11028	-1
213	53.2	55	52	1.12815	-1
214	53.2	55	52	1.12815	-1
215	53.2	55	52	1.12815	-1
216	53.2	55	52	1.12815	-1
217	53.2	55	52	1.12815	-1
218	53.2	55	52	1.12815	-1
219	53.2	55	52	1.12815	-1
220	53.2	55	52	1.12815	-1
221	53.2	55	52	1.12815	-1
222	53.2	55	52	1.12815	-1
223	53.24	55	52	1.12025	-1
224	53.28	55	52	1.11083	-1
225	53.28	55	52	1.11083	-1
226	53.28	55	52	1.11083	-1
227	53.28	55	52	1.11083	-1
228	53.28	55	52	1.11083	-1
229	53.28	55	52	1.11083	-1
230	53.28	55	52	1.11083	-1
231	53.32	55	52	1.09986	-1
232	53.32	55	52	1.09986	-1
233	53.36	55	52	1.0873	-1
234	53.36	55	52	1.0873	-1
235	53.36	55	52	1.0873	-1
236	53.36	55	52	1.0873	-1
237	53.36	55	52	1.0873	-1
238	53.4	55	52	1.07309	-1
239	53.4	55	52	1.07309	-1
240	53.4	55	52	1.07309	-1
241	53.4	55	52	1.07309	-1
242	53.4	55	52	1.07309	-1
243	53.4	55	52	1.07309	-1
244	53.4	55	52	1.07309	-1
245	53.44	55	52	1.05715	-1
246	53.44	55	52	1.05715	-1
247	53.44	55	52	1.05715	-1
248	53.44	55	52	1.05715	-1
249	53.44	55	52	1.05715	-1
250	53.44	55	52	1.05715	-1
