0	0.0137174	0.458996	0.00010001	0.065832	-1
1	0.0282209	0.458996	0.00010001	0.0891411	-1
2	0.0356454	0.458996	0.00010001	0.0985373	-1
3	0.0415529	0.458996	0.00010001	0.102411	-1
4	0.0576194	0.458996	0.00010001	0.114737	-1
5	0.0849964	0.902451	0.00010001	0.144275	-1
6	0.0988682	0.902451	0.00010001	0.162208	-1
7	0.106346	0.902451	0.00010001	0.164453	-1
8	0.112732	0.902451	0.00010001	0.163859	-1
9	0.118128	0.902451	0.00010001	0.163027	-1
10	0.126027	0.902451	0.00010001	0.162034	-1
11	0.135303	0.902451	0.00010001	0.159143	-1
12	0.165986	0.902451	0.00010001	0.166375	-1
13	0.185485	0.902451	0.00010001	0.177131	-1
14	0.188959	0.902451	0.00010001	0.175396	-1
15	0.2412	0.902451	0.00010001	0.213796	-1
16	0.246833	0.902451	0.00010001	0.218883	-1
17	0.243464	0.902451	0.00010001	0.210639	-1
18	0.242429	0.902451	0.00010001	0.202929	-1
19	0.240396	0.902451	0.00010001	0.191031	-1
20	0.232625	0.902451	0.00010001	0.17014	-1
21	0.240823	0.902451	0.103258	0.175897	-1
22	0.24262	0.902451	0.107664	0.175112	-1
23	0.247505	0.902451	0.110764	0.173128	-1
24	0.253997	0.902451	0.121027	0.171262	-1
25	0.255213	0.902451	0.130991	0.170559	-1
26	0.260427	0.902451	0.131579	0.170938	-1
27	0.267107	0.902451	0.133064	0.171281	-1
28	0.275128	0.902451	0.139325	0.16928	-1
29	0.276916	0.902451	0.148095	0.168424	-1
30	0.277064	0.902451	0.148773	0.168319	-1
31	0.284627	0.902451	0.158605	0.164898	-1
32	0.28608	0.902451	0.162182	0.16404	-1
33	0.292265	0.902451	0.163549	0.163974	-1
34	0.29476	0.902451	0.164644	0.163294	-1
35	0.295779	0.902451	0.165205	0.162691	-1
36	0.295787	0.902451	0.165205	0.162686	-1
37	0.297787	0.902451	0.172501	0.161476	-1
38	0.303234	0.902451	0.179032	0.162712	-1
39	0.304212	0.902451	0.18044	0.162885	-1
40	0.30444	0.902451	0.181819	0.162726	-1
41	0.30793	0.902451	0.183261	0.162939	-1
42	0.311215	0.902451	0.183885	0.162714	-1
43	0.311799	0.902451	0.184945	0.16248	-1
44	0.316221	0.902451	0.190868	0.161406	-1
45	0.31704	0.902451	0.192564	0.160972	-1
46	0.328989	0.902451	0.200181	0.16136	-1
47	0.338566	0.902451	0.202941	0.164577	-1
48	0.3394	0.902451	0.202941	0.165083	-1
49	0.340863	0.902451	0.20322	0.164493	-1
50	0.341185	0.902451	0.20322	0.16433	-1
51	0.343513	0.902451	0.203756	0.164005	-1
52	0.34418	0.902451	0.203756	0.163786	-1
53	0.344195	0.902451	0.205294	0.163773	-1
54	0.3445	0.902451	0.206091	0.16354	-1
55	0.352539	0.902451	0.209012	0.162694	-1
56	0.353724	0.902451	0.210166	0.162383	-1
57	0.354068	0.902451	0.210166	0.162522	-1
58	0.358119	0.902451	0.212037	0.163031	-1
59	0.376167	0.902451	0.220097	0.171641	-1
60	0.378611	0.902451	0.220304	0.174083	-1
61	0.38104	0.902451	0.224219	0.175416	-1
62	0.387022	0.902451	0.231121	0.176695	-1
63	0.393917	0.902451	0.231245	0.176782	-1
64	0.390544	0.902451	0.231245	0.173458	-1
65	0.388202	0.902451	0.231245	0.168244	-1
66	0.380638	0.902451	0.232415	0.155629	-1
67	0.382942	0.902451	0.232415	0.15967	-1
68	0.38302	0.902451	0.232415	0.159698	-1
69	0.389043	0.902451	0.233713	0.165223	-1
70	0.391126	0.902451	0.233713	0.168098	-1
71	0.391862	0.902451	0.235702	0.167543	-1
72	0.392604	0.902451	0.239463	0.166925	-1
73	0.40108	0.902451	0.24569	0.164957	-1
74	0.401709	0.902451	0.247182	0.164528	-1
75	0.403515	0.902451	0.248334	0.163745	-1
76	0.405731	0.902451	0.251464	0.16215	-1
77	0.406234	0.902451	0.253527	0.161736	-1
78	0.40738	0.902451	0.261295	0.160962	-1
79	0.407482	0.902451	0.261295	0.160895	-1
80	0.407562	0.902451	0.261295	0.16083	-1
81	0.410409	0.902451	0.261375	0.159486	-1
82	0.410806	0.902451	0.261375	0.159301	-1
83	0.412748	0.902451	0.264039	0.158427	-1
84	0.415946	0.902451	0.265311	0.157989	-1
85	0.416251	0.902451	0.265311	0.157869	-1
86	0.416251	0.902451	0.265311	0.157869	-1
87	0.416251	0.902451	0.265311	0.157869	-1
88	0.418341	0.902451	0.267098	0.156816	-1
89	0.418728	0.902451	0.267098	0.15671	-1
90	0.419756	0.902451	0.268715	0.156041	-1
91	0.436423	0.902451	0.272125	0.16195	-1
92	0.437887	0.902451	0.272125	0.16394	-1
93	0.437887	0.902451	0.272125	0.16394	-1
94	0.439526	0.902451	0.274308	0.163083	-1
95	0.444112	0.902451	0.275344	0.160445	-1
96	0.449696	0.902451	0.281792	0.163476	-1
97	0.452051	0.902451	0.281792	0.166117	-1
98	0.456638	0.902451	0.284044	0.163451	-1
99	0.456788	0.902451	0.287905	0.163338	-1
100	0.456788	0.902451	0.287905	0.163338	-1
101	0.457514	0.902451	0.287905	0.16274	-1
102	0.458993	0.902451	0.293892	0.1614	-1
103	0.459128	0.902451	0.293892	0.161273	-1
104	0.459128	0.902451	0.293892	0.161273	-1
105	0.46424	0.902451	0.302608	0.157754	-1
106	0.464487	0.902451	0.302608	0.157646	-1
107	0.464511	0.902451	0.302608	0.157634	-1
108	0.464541	0.902451	0.302608	0.157619	-1
109	0.464541	0.902451	0.302608	0.157619	-1
110	0.464541	0.902451	0.302608	0.157619	-1
111	0.466075	0.902451	0.305406	0.156165	-1
112	0.466115	0.902451	0.305406	0.156131	-1
113	0.466185	0.902451	0.305406	0.156074	-1
114	0.469383	0.902451	0.306143	0.156022	-1
115	0.469732	0.902451	0.306143	0.155857	-1
116	0.469732	0.902451	0.306143	0.155857	-1
117	0.4699	0.902451	0.309351	0.155749	-1
118	0.477266	0.902451	0.321059	0.152743	-1
119	0.484172	0.902451	0.326638	0.155817	-1
120	0.48651	0.902451	0.329755	0.15834	-1
121	0.486604	0.902451	0.332566	0.158254	-1
122	0.486604	0.902451	0.332566	0.158254	-1
123	0.487788	0.902451	0.335664	0.157239	-1
124	0.489915	0.902451	0.335773	0.156207	-1
125	0.490463	0.902451	0.335773	0.155905	-1
126	0.493306	0.902451	0.338061	0.155646	-1
127	0.496295	0.902451	0.338289	0.154931	-1
128	0.496763	0.902451	0.338289	0.154665	-1
129	0.498289	0.902451	0.341029	0.153836	-1
130	0.498809	0.902451	0.341029	0.153621	-1
131	0.498809	0.902451	0.341029	0.153621	-1
132	0.5016	0.902451	0.35469	0.151179	-1
133	0.502486	0.902451	0.36049	0.150541	-1
134	0.505494	0.902451	0.367119	0.148955	-1
135	0.506689	0.902451	0.368209	0.148146	-1
136	0.511065	0.902451	0.369862	0.149259	-1
137	0.512523	0.902451	0.369862	0.149906	-1
138	0.512546	0.902451	0.369862	0.149887	-1
139	0.5174	0.902451	0.373085	0.149039	-1
140	0.518029	0.902451	0.373085	0.148891	-1
141	0.525203	0.902451	0.381945	0.150257	-1
142	0.529354	0.902451	0.382034	0.151227	-1
143	0.530016	0.902451	0.382034	0.15093	-1
144	0.530016	0.902451	0.382034	0.15093	-1
145	0.540874	0.902451	0.388333	0.15467	-1
146	0.542255	0.902451	0.390639	0.15565	-1
147	0.542329	0.902451	0.390639	0.155754	-1
148	0.542782	0.902451	0.390639	0.155374	-1
149	0.544426	0.902451	0.391367	0.154541	-1
150	0.545556	0.902451	0.391367	0.154787	-1
