1	0	0.458996	0.0282209	0.00010001
2	0	0.458996	0.0356454	0.00010001
3	0	0.458996	0.0415529	0.00010001
4	0	0.458996	0.0576194	0.00010001
5	0	0.902451	0.0849964	0.00010001
6	0	0.902451	0.0988682	0.00010001
7	0	0.902451	0.106346	0.00010001
8	0	0.902451	0.112732	0.00010001
9	0	0.902451	0.118128	0.00010001
10	0	0.902451	0.126027	0.00010001
11	0	0.902451	0.135303	0.00010001
12	0	0.902451	0.165986	0.00010001
13	0	0.902451	0.185485	0.00010001
14	0	0.902451	0.188959	0.00010001
15	0	0.902451	0.2412	0.00010001
16	0	0.902451	0.246833	0.00010001
17	0	0.902451	0.243464	0.00010001
18	0	0.902451	0.242429	0.00010001
19	0	0.902451	0.240396	0.00010001
20	0	0.902451	0.232625	0.00010001
21	0	0.902451	0.240823	0.103258
22	0	0.902451	0.24262	0.107664
23	0	0.902451	0.247505	0.110764
24	0	0.902451	0.253997	0.121027
25	0	0.902451	0.255213	0.130991
26	0	0.902451	0.260427	0.131579
27	0	0.902451	0.267107	0.133064
28	0	0.902451	0.275128	0.139325
29	0	0.902451	0.276916	0.148095
30	0	0.902451	0.277064	0.148773
31	0	0.902451	0.284627	0.158605
32	0	0.902451	0.28608	0.162182
33	0	0.902451	0.292265	0.163549
34	0	0.902451	0.29476	0.164644
35	0	0.902451	0.295779	0.165205
36	0	0.902451	0.295787	0.165205
37	0	0.902451	0.297787	0.172501
38	0	0.902451	0.303234	0.179032
39	0	0.902451	0.304212	0.18044
40	0	0.902451	0.30444	0.181819
41	0	0.902451	0.30793	0.183261
42	0	0.902451	0.311215	0.183885
43	0	0.902451	0.311799	0.184945
44	0	0.902451	0.316221	0.190868
45	0	0.902451	0.31704	0.192564
46	0	0.902451	0.328989	0.200181
47	0	0.902451	0.338566	0.202941
48	0	0.902451	0.3394	0.202941
49	0	0.902451	0.340863	0.20322
50	0	0.902451	0.341185	0.20322
51	0	0.902451	0.343513	0.203756
52	0	0.902451	0.34418	0.203756
53	0	0.902451	0.344195	0.205294
54	0	0.902451	0.3445	0.206091
55	0	0.902451	0.352539	0.209012
56	0	0.902451	0.353724	0.210166
57	0	0.902451	0.354068	0.210166
58	0	0.902451	0.358119	0.212037
59	0	0.902451	0.376167	0.220097
60	0	0.902451	0.378611	0.220304
61	0	0.902451	0.38104	0.224219
62	0	0.902451	0.387022	0.231121
63	0	0.902451	0.393917	0.231245
64	0	0.902451	0.390544	0.231245
65	0	0.902451	0.388202	0.231245
66	0	0.902451	0.380638	0.232415
67	0	0.902451	0.382942	0.232415
68	0	0.902451	0.38302	0.232415
69	0	0.902451	0.389043	0.233713
70	0	0.902451	0.391126	0.233713
71	0	0.902451	0.391862	0.235702
72	0	0.902451	0.392604	0.239463
73	0	0.902451	0.40108	0.24569
74	0	0.902451	0.401709	0.247182
75	0	0.902451	0.403515	0.248334
76	0	0.902451	0.405731	0.251464
77	0	0.902451	0.406234	0.253527
78	0	0.902451	0.40738	0.261295
79	0	0.902451	0.407482	0.261295
80	0	0.902451	0.407562	0.261295
81	0	0.902451	0.410409	0.261375
82	0	0.902451	0.410806	0.261375
83	0	0.902451	0.412748	0.264039
84	0	0.902451	0.415946	0.265311
85	0	0.902451	0.416251	0.265311
86	0	0.902451	0.416251	0.265311
87	0	0.902451	0.416251	0.265311
88	0	0.902451	0.418341	0.267098
89	0	0.902451	0.418728	0.267098
90	0	0.902451	0.419756	0.268715
91	0	0.902451	0.436423	0.272125
92	0	0.902451	0.437887	0.272125
93	0	0.902451	0.437887	0.272125
94	0	0.902451	0.439526	0.274308
95	0	0.902451	0.444112	0.275344
96	0	0.902451	0.449696	0.281792
97	0	0.902451	0.452051	0.281792
98	0	0.902451	0.456638	0.284044
99	0	0.902451	0.456788	0.287905
100	0	0.902451	0.456788	0.287905
101	0	0.902451	0.457514	0.287905
102	0	0.902451	0.458993	0.293892
103	0	0.902451	0.459128	0.293892
104	0	0.902451	0.459128	0.293892
105	0	0.902451	0.46424	0.302608
106	0	0.902451	0.464487	0.302608
107	0	0.902451	0.464511	0.302608
108	0	0.902451	0.464541	0.302608
109	0	0.902451	0.464541	0.302608
110	0	0.902451	0.464541	0.302608
111	0	0.902451	0.466075	0.305406
112	0	0.902451	0.466115	0.305406
113	0	0.902451	0.466185	0.305406
114	0	0.902451	0.469383	0.306143
115	0	0.902451	0.469732	0.306143
116	0	0.902451	0.469732	0.306143
117	0	0.902451	0.4699	0.309351
118	0	0.902451	0.477266	0.321059
119	0	0.902451	0.484172	0.326638
120	0	0.902451	0.48651	0.329755
121	0	0.902451	0.486604	0.332566
122	0	0.902451	0.486604	0.332566
123	0	0.902451	0.487788	0.335664
124	0	0.902451	0.489915	0.335773
125	0	0.902451	0.490463	0.335773
126	0	0.902451	0.493306	0.338061
127	0	0.902451	0.496295	0.338289
128	0	0.902451	0.496763	0.338289
129	0	0.902451	0.498289	0.341029
130	0	0.902451	0.498809	0.341029
131	0	0.902451	0.498809	0.341029
132	0	0.902451	0.5016	0.35469
133	0	0.902451	0.502486	0.36049
134	0	0.902451	0.505494	0.367119
135	0	0.902451	0.506689	0.368209
136	0	0.902451	0.511065	0.369862
137	0	0.902451	0.512523	0.369862
138	0	0.902451	0.512546	0.369862
139	0	0.902451	0.5174	0.373085
140	0	0.902451	0.518029	0.373085
141	0	0.902451	0.525203	0.381945
142	0	0.902451	0.529354	0.382034
143	0	0.902451	0.530016	0.382034
144	0	0.902451	0.530016	0.382034
145	0	0.902451	0.540874	0.388333
146	0	0.902451	0.542255	0.390639
147	0	0.902451	0.542329	0.390639
148	0	0.902451	0.542782	0.390639
149	0	0.902451	0.544426	0.391367
150	0	0.902451	0.545556	0.391367
