1	0	1.03809	0.115775	0.00010001
2	0	1.03809	0.151593	0.00010001
3	0	1.03809	0.224405	0.0720301
4	0	1.03809	0.247624	0.0878763
5	0	1.03809	0.254925	0.0975004
6	0	1.03809	0.259696	0.112096
7	0	1.03809	0.268031	0.119715
8	0	1.03809	0.303443	0.137905
9	0	1.03809	0.332514	0.153368
10	0	1.03809	0.350134	0.167614
11	0	1.03809	0.360453	0.175209
12	0	1.03809	0.376179	0.190521
13	0	1.15473	0.388154	0.19621
14	0	1.15473	0.397095	0.201553
15	0	1.15473	0.407017	0.207585
16	0	1.15473	0.417926	0.218187
17	0	1.15473	0.427704	0.228975
18	0	1.15473	0.429501	0.229745
19	0	1.15473	0.432096	0.232013
20	0	1.15473	0.432935	0.232148
21	0	1.15473	0.436706	0.235153
22	0	1.15473	0.439855	0.236906
23	0	1.15473	0.446354	0.239315
24	0	1.15473	0.451545	0.248707
25	0	1.15473	0.456672	0.254841
26	0	1.15473	0.468128	0.265273
27	0	1.15473	0.471176	0.273777
28	0	1.15473	0.479382	0.277057
29	0	1.15473	0.483764	0.278493
30	0	1.15473	0.503086	0.295049
31	0	1.15473	0.510625	0.299338
32	0	1.15473	0.520681	0.309301
33	0	1.15473	0.521998	0.311438
34	0	1.15473	0.529346	0.318842
35	0	1.15473	0.531882	0.32023
36	0	1.15473	0.532063	0.32023
37	0	1.15473	0.537677	0.325698
38	0	1.15473	0.538226	0.325698
39	0	1.15473	0.540165	0.337521
40	0	1.15473	0.54542	0.342557
41	0	1.15473	0.575287	0.358687
42	0	1.15473	0.581215	0.361122
43	0	1.15473	0.581597	0.361122
44	0	1.15473	0.584804	0.36652
45	0	1.15473	0.592223	0.369985
46	0	1.15473	0.593961	0.371675
47	0	1.15473	0.597586	0.375563
48	0	1.15473	0.606398	0.377306
49	0	1.15473	0.613909	0.386686
50	0	1.15473	0.614247	0.386686
51	0	1.15473	0.614256	0.38755
52	0	1.15473	0.614256	0.38755
53	0	1.15473	0.616581	0.38755
54	0	1.15473	0.6199	0.389866
55	0	1.15473	0.630317	0.398167
56	0	1.15473	0.634247	0.409957
57	0	1.15473	0.65067	0.427543
58	0	1.15473	0.656067	0.4358
59	0	1.15473	0.65647	0.436984
60	0	1.15473	0.666939	0.440203
61	0	1.15473	0.668904	0.447396
62	0	1.15473	0.679455	0.459021
63	0	1.15473	0.683485	0.459413
64	0	1.15473	0.687451	0.465823
65	0	1.15473	0.690732	0.482365
66	0	1.15473	0.695819	0.484616
67	0	1.15473	0.700932	0.485113
68	0	1.15473	0.702175	0.489698
69	0	1.15473	0.705943	0.49096
70	0	1.15473	0.709949	0.492269
71	0	1.15473	0.710439	0.492269
72	0	1.15473	0.710463	0.494581
73	0	1.15473	0.715225	0.494581
74	0	1.15473	0.721614	0.494654
75	0	1.15473	0.727412	0.495863
76	0	1.15473	0.728322	0.495863
77	0	1.15473	0.729907	0.500684
78	0	1.15473	0.731088	0.501123
79	0	1.15473	0.731195	0.501123
80	0	1.15473	0.733473	0.504755
81	0	1.15473	0.735422	0.504937
82	0	1.15473	0.744225	0.511139
83	0	1.15473	0.744466	0.511139
84	0	1.15473	0.759624	0.521312
85	0	1.15473	0.760287	0.521312
86	0	1.15473	0.763579	0.530327
87	0	1.15473	0.764629	0.530327
88	0	1.15473	0.775766	0.542182
89	0	1.15473	0.780072	0.54594
90	0	1.15473	0.789095	0.552323
91	0	1.15473	0.795328	0.55493
92	0	1.15473	0.805284	0.569104
93	0	1.15473	0.805858	0.569104
94	0	1.15473	0.808012	0.590978
95	0	1.15473	0.816852	0.600905
96	0	1.15739	0.823	0.601292
97	0	1.15739	0.826949	0.606359
98	0	1.15739	0.832967	0.607457
99	0	1.15739	0.83641	0.607569
100	0	1.15739	0.840497	0.623054
101	0	1.15739	0.844233	0.623752
102	0	1.15739	0.845023	0.623752
103	0	1.15739	0.846804	0.62653
104	0	1.15739	0.848198	0.629712
105	0	1.15739	0.848332	0.629712
106	0	1.15739	0.856969	0.644989
107	0	1.15739	0.857316	0.644989
108	0	1.15739	0.863398	0.653932
109	0	1.15739	0.864083	0.653932
110	0	1.15739	0.864255	0.653932
111	0	1.15739	0.867858	0.654431
112	0	1.15739	0.868802	0.654431
113	0	1.15739	0.87215	0.659425
114	0	1.15739	0.876258	0.672565
115	0	1.15739	0.879928	0.686104
116	0	1.15739	0.880574	0.691325
117	0	1.15739	0.882025	0.697615
118	0	1.15739	0.886218	0.7068
119	0	1.15739	0.889836	0.713616
120	0	1.15739	0.890681	0.713616
121	0	1.15739	0.890681	0.713616
122	0	1.15739	0.890681	0.713616
123	0	1.15739	0.896006	0.722377
124	0	1.15739	0.89913	0.728913
125	0	1.15739	0.899923	0.728913
126	0	1.15739	0.901321	0.731099
127	0	1.15739	0.901784	0.733466
128	0	1.15739	0.901784	0.733466
129	0	1.15739	0.902224	0.747199
130	0	1.15739	0.903104	0.751621
131	0	1.15739	0.904583	0.762398
132	0	1.15739	0.904668	0.762398
133	0	1.15739	0.910242	0.767416
134	0	1.15739	0.911075	0.767416
135	0	1.15739	0.911075	0.767416
136	0	1.15739	0.911075	0.767416
137	0	1.15739	0.911396	0.769045
138	0	1.15739	0.914007	0.773287
139	0	1.15739	0.914012	0.773287
140	0	1.15739	0.918708	0.785351
141	0	1.15739	0.921965	0.801011
142	0	1.15739	0.922163	0.801011
143	0	1.15739	0.922264	0.802922
144	0	1.15739	0.922875	0.804492
145	0	1.15739	0.924372	0.824486
146	0	1.15739	0.926101	0.828401
147	0	1.15739	0.926722	0.828401
148	0	1.15739	0.926738	0.829941
149	0	1.15739	0.926743	0.830157
150	0	1.15739	0.926745	0.830157
