0	45.1	51	36	5.5267	175.622
1	46.8	51	40	4.39191	178.733
2	47.4	51	42	3.71782	167.822
3	47.6	51	44	3.43835	163.844
4	47.6	51	44	3.43835	148.933
5	47.9	51	44	3.14289	193.156
6	47.9	51	44	3.14289	184.067
7	48.6	51	45	2.71621	179.067
8	49.1	51	45	2.42441	138.6
9	48.8	51	46	2.4404	137.111
10	49.5	51	46	2.06828	118.533
11	49.5	51	46	2.06828	128.356
12	50.2	51	48	1.22927	124.044
13	50.6	51	50	0.516398	130.089
14	50.7	51	50	0.483046	133.2
15	50.7	51	50	0.483046	133.2
16	49.5	51	38	4.06202	132.467
17	50.9	51	50	0.316228	130.333
18	51	51	51	0	126.956
19	51	51	51	0	126.956
20	50.7	51	48	0.948683	126.956
21	51	51	51	0	119.533
22	51	51	51	0	119.533
23	52.6	55	51	2.06559	118.911
24	52.7	55	51	2.00278	116.289
25	53.1	55	51	2.02485	108.489
26	52.9	55	51	1.91195	110.356
27	53.3	55	51	1.88856	110.644
28	52.8	55	50	2.04396	111.6
29	53.1	55	51	1.72884	105.333
30	53.3	55	51	1.56702	92.8667
31	53.7	55	52	1.1595	107.889
32	53.7	55	52	1.1595	95.1556
33	53.9	55	53	0.994429	96.0889
34	54	55	53	0.942809	96.0889
35	54.1	55	53	0.875595	87.2889
36	54.1	55	51	1.19722	98.9778
37	51.1	55	38	6.50555	99.6444
38	52.1	55	42	4.5326	96.1333
39	51.3	55	42	4.85455	94.0667
40	51.2	55	44	4.36654	95.4444
41	51.2	55	44	4.36654	95.4444
42	52.2	55	46	3.61478	113.156
43	52.2	55	46	3.61478	113.156
44	52.7	55	46	2.94581	162.844
45	52.7	55	46	2.94581	162.844
46	52.8	55	47	2.69979	120.044
47	52.8	55	47	2.69979	120.044
48	52.8	55	47	2.69979	120.044
49	53.1	55	50	2.079	121.933
50	53.5	55	51	1.77951	130.489
51	53.5	55	51	1.77951	148.111
52	53.8	55	51	1.54919	148.111
53	54.1	55	51	1.19722	152.911
54	54.1	55	51	1.19722	152.911
55	52.7	55	40	4.62	145.044
56	53.9	55	51	1.37032	135.911
57	54.2	55	52	0.918937	135.511
58	54.2	55	52	0.918937	149.622
59	54.4	55	54	0.516398	149.622
60	54.4	55	54	0.516398	147.444
61	54.4	55	54	0.516398	147.444
62	54.4	55	54	0.516398	147.444
63	54.4	55	54	0.516398	147.444
64	54.4	55	54	0.516398	142.022
65	54.4	55	54	0.516398	143.511
66	54.4	55	54	0.516398	143.511
67	54.4	55	54	0.516398	143.511
68	54.4	55	54	0.516398	143.511
69	54.4	55	54	0.516398	143.511
70	54.4	55	54	0.516398	143.511
71	54.4	55	54	0.516398	143.578
72	54.4	55	54	0.516398	143.578
73	54.4	55	54	0.516398	124.222
74	54.4	55	54	0.516398	124.222
75	54.4	55	54	0.516398	117.422
76	53.4	55	44	3.33999	141.889
77	54	55	50	1.49071	111.2
78	54	55	50	1.49071	111.2
79	54	55	50	1.49071	111.2
80	54	55	50	1.49071	111.2
81	54	55	50	1.49071	111.2
82	54.3	55	53	0.674949	111.933
83	54.3	55	53	0.674949	111.933
84	54.3	55	53	0.674949	120.422
85	54.4	55	54	0.516398	120.422
86	54.4	55	54	0.516398	120.422
87	54.4	55	54	0.516398	120.422
88	54.4	55	54	0.516398	120.422
89	54.4	55	54	0.516398	120.422
90	54.4	55	54	0.516398	101.044
91	53.6	55	46	2.71621	101.222
92	54.2	55	52	0.918937	103.644
93	54.2	55	52	0.918937	103.644
94	53.4	55	46	2.75681	96.8444
95	53.9	55	51	1.37032	97.5111
96	53.9	55	51	1.37032	97.0889
97	53.9	55	51	1.37032	97.0889
98	53.9	55	51	1.37032	97.0889
99	54.2	55	52	0.918937	97.1556
100	54.2	55	52	0.918937	97.1556
101	53.2	55	44	3.35989	87.5556
102	53.2	55	44	3.35989	88.1778
103	53.8	55	50	1.61933	87.4222
104	53.8	55	50	1.61933	87.4222
105	54	55	52	1.1547	87.7778
106	54	55	52	1.1547	87.7778
107	54	55	52	1.1547	87.7778
108	54	55	52	1.1547	87.7778
109	54	55	52	1.1547	87.7778
110	54	55	52	1.1547	87.7778
111	54	55	52	1.1547	87.7778
112	54	55	52	1.1547	87.7778
113	54	55	52	1.1547	87.7778
114	54	55	52	1.1547	87.7778
115	54	55	52	1.1547	101.222
116	54.4	55	54	0.516398	101.222
117	54.4	55	54	0.516398	96.8444
118	54.4	55	54	0.516398	96.8444
119	54.4	55	54	0.516398	96.8444
120	54.4	55	54	0.516398	96.8444
121	54.4	55	54	0.516398	81.0444
122	54.4	55	54	0.516398	81.0444
123	54.4	55	54	0.516398	81.0444
124	54.4	55	54	0.516398	81.0444
125	54.4	55	54	0.516398	81.0444
126	54.4	55	54	0.516398	81.6667
127	54.4	55	54	0.516398	81.6667
128	54.4	55	54	0.516398	81.6667
129	54.4	55	54	0.516398	81.6667
130	54.4	55	54	0.516398	81.6667
131	54.4	55	54	0.516398	81.6667
132	54.4	55	54	0.516398	81.6667
133	54.4	55	54	0.516398	81.6667
134	54.4	55	54	0.516398	81.6667
135	54.4	55	54	0.516398	81.6667
136	54.4	55	54	0.516398	81.6667
137	54.4	55	54	0.516398	84.7111
138	52.8	55	38	5.22388	83.6444
139	53.4	55	44	3.33999	93.6222
140	54.1	55	51	1.19722	99.4667
141	53.4	55	47	2.54733	96.7556
142	53.8	55	51	1.54919	122.489
143	53.8	55	51	1.54919	113.156
144	54.1	55	51	1.19722	113.156
145	53.8	55	51	1.54919	113.356
146	53.8	55	51	1.54919	113.356
147	53.4	55	50	1.95505	100.333
148	53.4	55	50	1.95505	100.333
149	53.5	55	51	1.77951	100.956
150	54	55	51	1.41421	76.8222
151	54	55	51	1.41421	76.8222
152	54	55	51	1.41421	76.8222
153	54.1	55	52	1.19722	88.6222
154	54.1	55	52	1.19722	88.6222
155	54.3	55	52	0.948683	79.1111
156	54.3	55	52	0.948683	79.1111
157	54.3	55	52	0.948683	79.1111
158	54.3	55	52	0.948683	78.4667
159	54.3	55	52	0.948683	78.4667
160	54.3	55	52	0.948683	78.4667
161	55	56	54	0.942809	86.1556
162	55	56	54	0.942809	86.1556
163	55	56	54	0.942809	86.1556
164	55	56	54	0.942809	96.3111
165	55.1	56	54	0.875595	102.978
166	54.3	56	46	3.0203	95.6222
167	54.5	56	48	2.41523	95.5556
168	54.5	56	48	2.41523	102.111
169	54.6	56	50	1.83787	94.7333
170	55.1	56	54	0.875595	96.0667
171	53.8	56	42	4.2374	87.6667
172	54.4	56	48	2.41293	84.9333
173	54.4	56	48	2.41293	84.9333
174	55	56	54	0.942809	84.7333
175	55	56	54	0.942809	84.7333
176	55	56	54	0.942809	84.7333
177	55	56	54	0.942809	84.7333
178	55	56	54	0.942809	84.7333
179	55	56	54	0.942809	84.7333
180	55	56	54	0.942809	84.7333
181	55	56	54	0.942809	84.7333
182	55	56	54	0.942809	84.7333
183	55	56	54	0.942809	84.7333
184	55	56	54	0.942809	84.7333
185	55	56	54	0.942809	84.7333
186	55	56	54	0.942809	84.7333
187	55	56	54	0.942809	89.7556
188	55.1	56	54	0.875595	91.0889
189	55.1	56	54	0.875595	91.0889
190	55.1	56	54	0.875595	91.0889
191	55.1	56	54	0.875595	91.0889
192	55.1	56	54	0.875595	102.022
193	55.2	56	54	0.788811	102.022
194	55.2	56	54	0.788811	102.022
195	55.2	56	54	0.788811	102.022
196	55.2	56	54	0.788811	102.022
197	55.2	56	54	0.788811	102.022
198	55.3	56	54	0.674949	102.844
199	55.3	56	54	0.674949	102.844
200	55.3	56	54	0.674949	91.3778
201	55.3	56	54	0.674949	91.8889
202	55.3	56	54	0.674949	91.8889
203	55.5	56	55	0.527046	90.6222
204	55.5	56	55	0.527046	90.6222
205	55.5	56	55	0.527046	90.6222
206	55.5	56	55	0.527046	98.4667
207	55.5	56	55	0.527046	98.4667
208	55.5	56	55	0.527046	98.4667
209	55.5	56	55	0.527046	98.4667
210	55.5	56	55	0.527046	98.4667
211	55.5	56	55	0.527046	103.533
212	55.7	56	55	0.483046	103.533
213	54.3	56	42	4.34741	103.689
214	55.3	56	52	1.25167	106.467
215	55.3	56	52	1.25167	106.467
216	55.3	56	52	1.25167	106.467
217	55.7	56	55	0.483046	103.467
218	55.7	56	55	0.483046	103.467
219	55.8	56	55	0.421637	103.044
220	54.6	56	44	3.74759	104.511
221	55.5	56	53	0.971825	104.067
222	55.8	56	55	0.421637	102.978
223	54.6	56	50	2.45855	105
224	55.6	56	55	0.516398	104.622
225	55.6	56	55	0.516398	91.0667
226	55.7	56	55	0.483046	91.0667
227	55.1	56	50	1.85293	91.7111
228	55.7	56	55	0.483046	91.6
229	54.9	56	48	2.46982	87.8
230	55.2	56	51	1.54919	88.8667
231	55.6	56	54	0.699206	88.2889
232	54.2	56	42	4.34102	88.7556
233	54.8	56	48	2.48551	87.0222
234	54.8	56	48	2.48551	87.3556
235	54.9	56	49	2.18327	89.6222
236	54.9	56	49	2.18327	89.6222
237	55.2	56	52	1.31656	100.667
238	55.4	56	54	0.843274	93.9778
239	55.4	56	54	0.843274	93.9778
240	55.4	56	54	0.843274	93.9778
241	55.4	56	54	0.843274	93.9778
242	55.4	56	54	0.843274	93.9778
243	55.4	56	54	0.843274	100.311
244	55.5	56	54	0.707107	100.311
245	55.8	56	55	0.421637	92.1333
246	55.8	56	55	0.421637	92.1333
247	55.8	56	55	0.421637	89
248	55.8	56	55	0.421637	83.4444
249	55.9	56	55	0.316228	62.3333
250	55.9	56	55	0.316228	62.3333
