0	40.97	50	30	4.60447	170.172
1	43.9	51	40	2.97973	142.128
2	44.73	51	42	2.43234	138.18
3	45.67	53	44	2.42485	130.742
4	46.03	53	44	2.48411	130.951
5	46.46	53	44	2.59144	130.513
6	46.78	53	44	2.58035	129.897
7	47.23	53	44	2.44476	126.286
8	47.62	53	44	2.28203	126.392
9	48.02	53	45	2.04978	132.256
10	48.36	53	45	1.87229	129.9
11	48.73	53	46	1.69881	122.953
12	48.99	53	46	1.55372	123.786
13	49.24	53	46	1.27224	127.383
14	49.42	54	48	1.23239	128.805
15	49.48	54	48	1.243	125.362
16	49.57	54	48	1.21651	125.567
17	49.7	54	48	1.20185	126.917
18	49.8	54	48	1.16342	126.829
19	49.94	54	48	1.09008	126.144
20	50.13	54	48	1.03138	124.328
21	50.24	54	49	0.922448	123.382
22	50.38	54	49	0.961691	123.955
23	50.43	54	50	0.923923	121.182
24	50.46	54	50	0.925728	123.026
25	50.46	54	50	0.925728	121.765
26	50.48	54	50	0.926381	127.972
27	50.48	54	50	0.926381	134.431
28	50.5	54	50	0.937437	134.805
29	50.51	54	50	0.937384	137.478
30	50.52	54	50	0.937222	139.502
31	50.59	55	50	1.04538	142.698
32	50.59	55	50	1.04538	143.555
33	50.61	55	50	1.05309	143.408
34	50.62	55	50	1.05198	146.874
35	50.68	55	50	1.10901	147.713
36	50.71	55	50	1.11278	148.178
37	50.76	55	50	1.15575	142.943
38	50.76	55	50	1.15575	139.655
39	50.8	55	50	1.1547	130.224
40	50.86	55	50	1.19781	128.747
41	50.87	55	50	1.19473	124.95
42	50.89	55	50	1.19675	127.905
43	50.91	55	50	1.19844	130.528
44	50.91	55	50	1.19844	131.522
45	50.91	55	50	1.19844	132.712
46	50.94	55	50	1.19612	136.836
47	51.02	55	50	1.25513	143.1
48	51.06	55	50	1.24576	140.14
49	51.08	55	50	1.23648	149.013
50	51.09	55	50	1.23169	158.266
51	51.09	55	50	1.23169	159.648
52	51.11	55	50	1.23005	157.033
53	51.12	55	50	1.22499	157.427
54	51.13	55	50	1.21983	153.491
55	51.13	55	50	1.21983	154.193
56	51.13	55	50	1.21983	154.515
57	51.13	55	50	1.21983	160.188
58	51.13	55	50	1.21983	156.541
59	51.16	55	50	1.21206	156.95
60	51.17	55	50	1.20651	152.454
61	51.19	55	50	1.19507	149.357
62	51.2	55	50	1.18918	151.32
63	51.22	55	50	1.1856	152.098
64	51.23	55	50	1.17941	152.222
65	51.24	55	50	1.1731	148.223
66	51.26	55	50	1.16011	144.239
67	51.3	55	50	1.18492	141.987
68	51.3	55	50	1.18492	139.04
69	51.37	55	50	1.19473	139.298
70	51.39	55	50	1.17975	143.209
71	51.44	55	50	1.19189	144.317
72	51.46	55	50	1.18424	149.265
73	51.47	55	50	1.17598	155.667
74	51.48	55	50	1.16758	160.514
75	51.49	55	50	1.15902	167.298
76	51.52	55	50	1.13244	152.072
77	51.53	55	50	1.12326	149.408
78	51.65	55	50	1.1404	147.953
79	51.65	55	50	1.1404	144.294
80	51.66	55	50	1.13012	145.938
81	51.69	55	50	1.10732	148.444
82	51.73	55	51	1.11785	152.682
83	51.73	55	51	1.11785	152.682
84	51.73	55	51	1.11785	152.464
85	51.74	55	51	1.11573	147.291
86	51.75	55	51	1.11351	147.405
87	51.75	55	51	1.11351	147.405
88	51.78	55	51	1.13333	146.96
89	51.78	55	51	1.13333	147.006
90	51.81	55	51	1.15203	146.202
91	51.81	55	51	1.15203	146.368
92	51.81	55	51	1.15203	144.847
93	51.81	55	51	1.15203	143.696
94	51.81	55	51	1.15203	143.696
95	51.81	55	51	1.15203	147.774
96	51.84	55	51	1.16965	141.793
97	51.84	55	51	1.16965	144.333
98	51.89	56	51	1.23824	144.708
99	51.89	56	51	1.23824	144.9
100	51.89	56	51	1.23824	144.905
101	51.89	56	51	1.23824	142.761
102	51.9	56	51	1.23501	142.154
103	51.9	56	51	1.23501	141.555
104	51.91	56	51	1.23169	145.521
105	51.97	56	51	1.25895	145.137
106	52	56	51	1.25529	143.759
107	52.01	56	51	1.25122	143.946
108	52.01	56	51	1.25122	144.759
109	52.02	56	51	1.24706	142.588
110	52.02	56	51	1.24706	141.766
111	52.03	56	51	1.2428	149.124
112	52.04	56	51	1.23844	143.432
113	52.04	56	51	1.23844	143.9
114	52.05	56	51	1.23399	144.094
115	52.05	56	51	1.23399	144.094
116	52.05	56	51	1.23399	145.716
117	52.05	56	51	1.23399	144.799
118	52.06	56	51	1.22944	144.978
119	52.06	56	51	1.22944	145.681
120	52.06	56	51	1.22944	146.383
121	52.1	56	51	1.23501	149.258
122	52.1	56	51	1.23501	147.554
123	52.1	56	51	1.23501	147.502
124	52.1	56	51	1.23501	147.623
125	52.14	56	51	1.23926	146.294
126	52.14	56	51	1.23926	146.294
127	52.14	56	51	1.23926	146.294
128	52.18	56	51	1.26635	150.11
129	52.18	56	51	1.26635	150.11
130	52.18	56	51	1.26635	150.11
131	52.21	56	51	1.27362	149.188
132	52.22	56	51	1.26794	147.95
133	52.22	56	51	1.26794	147.95
134	52.22	56	51	1.26794	147.95
135	52.28	56	51	1.27984	146.244
136	52.31	56	51	1.28468	140.058
137	52.31	56	51	1.28468	140.058
138	52.31	56	51	1.28468	140.026
139	52.34	56	51	1.2888	141.554
140	52.38	56	51	1.28535	145.39
141	52.38	56	51	1.28535	146.361
142	52.42	56	51	1.28062	145.177
143	52.42	56	51	1.28062	145.177
144	52.44	56	51	1.27382	148.86
145	52.44	56	51	1.27382	149.753
146	52.45	56	51	1.26631	147.967
147	52.45	56	51	1.26631	147.967
148	52.45	56	51	1.26631	148.029
149	52.48	56	51	1.26715	148.07
150	52.48	56	51	1.26715	148.926
151	52.48	56	51	1.26715	148.434
152	52.48	56	51	1.26715	146.826
153	52.49	56	51	1.25927	147.155
154	52.49	56	51	1.25927	147.155
155	52.5	56	51	1.25126	146.378
156	52.5	56	51	1.25126	146.378
157	52.5	56	51	1.25126	146.378
158	52.5	56	51	1.25126	146.378
159	52.51	56	51	1.24312	146.296
160	52.51	56	51	1.24312	146.471
161	52.51	56	51	1.24312	146.471
162	52.52	56	51	1.23485	146.181
163	52.57	56	51	1.24117	146.932
164	52.61	56	51	1.25445	152.325
165	52.64	56	51	1.25142	153.919
166	52.65	56	51	1.24215	151.46
167	52.65	56	51	1.24215	151.46
168	52.65	56	51	1.24215	156.051
169	52.68	56	51	1.23812	155.166
170	52.71	56	51	1.23333	156.881
171	52.75	56	51	1.24215	152.764
172	52.75	56	51	1.24215	152.764
173	52.75	56	51	1.24215	152.764
174	52.76	56	51	1.2319	155.335
175	52.79	56	51	1.22512	158.375
176	52.79	56	51	1.22512	158.375
177	52.79	56	51	1.22512	158.485
178	52.82	56	51	1.21755	159.504
179	52.83	56	51	1.20651	159.966
180	52.83	56	51	1.20651	159.966
181	52.83	56	51	1.20651	162.78
182	52.83	56	51	1.20651	162.78
183	52.83	56	51	1.20651	162.78
184	52.83	56	51	1.20651	163.295
185	52.87	56	51	1.18624	157.904
186	52.87	56	51	1.18624	159.626
187	52.87	56	51	1.18624	159.626
188	52.91	56	51	1.16424	158.666
189	52.91	56	51	1.16424	156.016
190	52.91	56	51	1.16424	156.061
191	52.91	56	51	1.16424	157.783
192	52.91	56	51	1.16424	158.47
193	52.95	56	51	1.1404	152.593
194	52.97	56	52	1.11423	151.049
195	52.97	56	52	1.11423	151.049
196	52.97	56	52	1.11423	151.049
197	52.97	56	52	1.11423	151.049
198	52.99	56	52	1.1146	151.101
199	53.01	56	52	1.1146	153.538
200	53.01	56	52	1.1146	153.538
201	53.01	56	52	1.1146	151.585
202	53.01	56	52	1.1146	151.585
203	53.03	56	52	1.11423	153.469
204	53.03	56	52	1.11423	153.279
205	53.05	56	52	1.11351	149.484
206	53.09	56	52	1.11097	155.944
207	53.09	56	52	1.11097	155.421
208	53.09	56	52	1.11097	154.738
209	53.09	56	52	1.11097	154.738
210	53.09	56	52	1.11097	154.739
211	53.09	56	52	1.11097	154.739
212	53.09	56	52	1.11097	159.48
213	53.09	56	52	1.11097	159.48
214	53.09	56	52	1.11097	159.48
215	53.12	56	52	1.10353	154.018
216	53.12	56	52	1.10353	154.018
217	53.14	56	52	1.10115	158.66
218	53.18	56	52	1.10445	156.563
219	53.2	56	52	1.10096	157.072
220	53.2	56	52	1.10096	157.072
221	53.22	56	52	1.0971	157.915
222	53.22	56	52	1.0971	157.915
223	53.22	56	52	1.0971	157.915
224	53.22	56	52	1.0971	157.915
225	53.22	56	52	1.0971	157.915
226	53.22	56	52	1.0971	157.915
227	53.22	56	52	1.0971	159.127
228	53.22	56	52	1.0971	159.127
229	53.22	56	52	1.0971	159.127
230	53.22	56	52	1.0971	158.861
231	53.22	56	52	1.0971	158.861
232	53.22	56	52	1.0971	158.861
233	53.22	56	52	1.0971	158.861
234	53.22	56	52	1.0971	158.861
235	53.22	56	52	1.0971	159.333
236	53.22	56	52	1.0971	159.333
237	53.24	56	52	1.09286	159.348
238	53.24	56	52	1.09286	159.348
239	53.26	56	52	1.08823	157.671
240	53.26	56	52	1.08823	157.671
241	53.26	56	52	1.08823	157.671
242	53.26	56	52	1.08823	164.353
243	53.28	56	52	1.08321	162.985
244	53.28	56	52	1.08321	162.985
245	53.28	56	52	1.08321	162.985
246	53.3	56	52	1.07778	163.349
247	53.3	56	52	1.07778	163.349
248	53.33	56	52	1.08297	163.263
249	53.33	56	52	1.08297	163.263
250	53.33	56	52	1.08297	163.263
251	53.35	56	52	1.07661	165.049
252	53.37	56	52	1.06983	162.058
253	53.37	56	52	1.06983	162.058
254	53.37	56	52	1.06983	162.058
255	53.39	56	52	1.06263	163.416
256	53.41	56	52	1.055	164.442
257	53.42	56	52	1.04621	164.39
258	53.42	56	52	1.04621	164.705
259	53.44	56	52	1.03787	165.485
260	53.44	56	52	1.03787	165.485
261	53.44	56	52	1.03787	165.014
262	53.48	56	52	1.0198	158.807
263	53.48	56	52	1.0198	158.807
264	53.48	56	52	1.0198	160.626
265	53.48	56	52	1.0198	160.626
266	53.49	56	52	1.01	159.44
267	53.49	56	52	1.01	159.44
268	53.51	56	52	0.999949	160.018
269	53.51	56	52	0.999949	160.018
270	53.51	56	52	0.999949	160.018
271	53.51	56	52	0.999949	160.018
272	53.51	56	52	0.999949	164.208
273	53.51	56	52	0.999949	164.208
274	53.51	56	52	0.999949	164.208
275	53.52	56	52	0.989644	165.084
276	53.52	56	52	0.989644	165.084
277	53.54	56	52	0.978764	161.039
278	53.56	56	52	0.967346	160.729
279	53.6	56	52	0.984732	163.286
280	53.6	56	52	0.984732	163.286
281	53.6	56	52	0.984732	163.286
282	53.6	56	52	0.984732	163.286
283	53.6	56	52	0.984732	163.286
284	53.6	56	52	0.984732	161.394
285	53.6	56	52	0.984732	161.818
286	53.61	56	52	0.973331	162.204
287	53.61	56	52	0.973331	162.204
288	53.63	56	52	0.960377	165.703
289	53.63	56	52	0.960377	165.703
290	53.65	56	52	0.946818	165.743
291	53.67	56	52	0.93263	165.679
292	53.67	56	52	0.93263	165.85
293	53.72	56	52	0.910988	166.087
294	53.73	56	52	0.897302	168.076
295	53.73	56	52	0.897302	168.076
296	53.73	56	52	0.897302	168.066
297	53.73	56	52	0.897302	168.066
298	53.75	56	52	0.880484	168.543
299	53.77	56	52	0.862871	168.771
300	53.79	56	52	0.844411	168.441
301	53.83	56	52	0.804721	171.481
302	53.83	56	52	0.804721	169.262
303	53.83	56	52	0.804721	171.256
304	53.85	56	52	0.78335	171.139
305	53.87	56	52	0.760848	171.116
306	53.92	56	52	0.72027	169.277
307	53.92	56	52	0.72027	169.277
308	53.92	56	52	0.72027	169.277
309	53.92	56	52	0.72027	169.277
310	53.92	56	52	0.72027	169.277
311	53.92	56	52	0.72027	167.638
312	53.94	56	52	0.693695	169.946
313	53.94	56	52	0.693695	169.946
314	53.94	56	52	0.693695	170.746
315	53.94	56	52	0.693695	170.746
316	53.94	56	52	0.693695	175.304
317	53.94	56	52	0.693695	171.414
318	53.94	56	52	0.693695	171.414
319	53.96	56	52	0.665453	170.459
320	53.96	56	52	0.665453	170.459
321	53.96	56	52	0.665453	170.459
322	53.96	56	52	0.665453	168.944
323	53.99	56	52	0.643459	170.21
324	53.99	56	52	0.643459	168.301
325	53.99	56	52	0.643459	169.833
326	53.99	56	52	0.643459	169.833
327	53.99	56	52	0.643459	169.833
328	53.99	56	52	0.643459	169.833
329	53.99	56	52	0.643459	168.499
330	54.01	56	52	0.611257	167.311
331	54.01	56	52	0.611257	167.311
332	54.01	56	52	0.611257	167.311
333	54.01	56	52	0.611257	167.238
334	54.01	56	52	0.611257	167.238
335	54.01	56	52	0.611257	167.238
336	54.01	56	52	0.611257	167.238
337	54.02	56	53	0.585688	167.303
338	54.02	56	53	0.585688	167.303
339	54.03	56	53	0.576563	166.552
340	54.03	56	53	0.576563	166.552
341	54.04	56	53	0.567112	166.061
342	54.04	56	53	0.567112	166.061
343	54.04	56	53	0.567112	166.061
344	54.05	56	53	0.557321	165.928
345	54.06	56	53	0.54717	165.481
346	54.06	56	53	0.54717	165.481
347	54.06	56	53	0.54717	165.481
348	54.06	56	53	0.54717	165.481
349	54.06	56	53	0.54717	165.481
350	54.07	56	53	0.536637	169.432
351	54.09	56	53	0.51434	170.728
352	54.09	56	53	0.51434	170.728
353	54.1	56	53	0.502519	167.459
354	54.11	56	53	0.490207	172.173
355	54.11	56	53	0.490207	172.173
356	54.11	56	53	0.490207	172.173
357	54.12	56	53	0.477367	173.944
358	54.12	56	53	0.477367	173.348
359	54.12	56	53	0.477367	173.348
360	54.12	56	53	0.477367	173.348
361	54.14	56	53	0.449916	173.393
362	54.14	56	53	0.449916	173.393
363	54.15	56	53	0.435194	173.166
364	54.15	56	53	0.435194	173.166
365	54.15	56	53	0.435194	173.166
366	54.15	56	53	0.435194	173.166
367	54.15	56	53	0.435194	173.166
368	54.15	56	53	0.435194	173.166
369	54.15	56	53	0.435194	173.166
370	54.16	56	54	0.419716	175.36
371	54.16	56	54	0.419716	175.36
372	54.16	56	54	0.419716	175.36
373	54.16	56	54	0.419716	175.198
374	54.16	56	54	0.419716	176.337
375	54.16	56	54	0.419716	176.337
376	54.16	56	54	0.419716	176.337
377	54.16	56	54	0.419716	176.337
378	54.16	56	54	0.419716	176.337
379	54.16	56	54	0.419716	175.134
380	54.16	56	54	0.419716	175.134
381	54.17	56	54	0.427703	173.067
382	54.17	56	54	0.427703	173.067
383	54.17	56	54	0.427703	170.205
384	54.17	56	54	0.427703	169.786
385	54.17	56	54	0.427703	169.786
386	54.17	56	54	0.427703	169.786
387	54.17	56	54	0.427703	172.959
388	54.17	56	54	0.427703	172.959
389	54.17	56	54	0.427703	175.33
390	54.17	56	54	0.427703	175.33
391	54.17	56	54	0.427703	176.857
392	54.17	56	54	0.427703	176.857
393	54.17	56	54	0.427703	176.857
394	54.17	56	54	0.427703	176.857
395	54.17	56	54	0.427703	176.857
396	54.17	56	54	0.427703	176.857
397	54.17	56	54	0.427703	176.857
398	54.17	56	54	0.427703	176.857
399	54.17	56	54	0.427703	176.857
400	54.17	56	54	0.427703	176.857
401	54.17	56	54	0.427703	176.857
402	54.17	56	54	0.427703	176.857
403	54.17	56	54	0.427703	176.857
404	54.17	56	54	0.427703	176.857
405	54.17	56	54	0.427703	177.485
406	54.17	56	54	0.427703	177.485
407	54.17	56	54	0.427703	177.485
408	54.17	56	54	0.427703	180.073
409	54.17	56	54	0.427703	179.407
410	54.17	56	54	0.427703	179.407
411	54.18	56	54	0.43531	181.054
412	54.18	56	54	0.43531	181.456
413	54.18	56	54	0.43531	181.456
414	54.18	56	54	0.43531	181.456
415	54.18	56	54	0.43531	181.456
416	54.18	56	54	0.43531	181.456
417	54.18	56	54	0.43531	181.456
418	54.18	56	54	0.43531	181.456
419	54.18	56	54	0.43531	178.94
420	54.18	56	54	0.43531	178.554
421	54.18	56	54	0.43531	178.554
422	54.18	56	54	0.43531	178.554
423	54.18	56	54	0.43531	178.554
424	54.18	56	54	0.43531	178.554
425	54.18	56	54	0.43531	178.554
426	54.18	56	54	0.43531	178.837
427	54.18	56	54	0.43531	178.837
428	54.18	56	54	0.43531	178.837
429	54.18	56	54	0.43531	178.837
430	54.18	56	54	0.43531	178.837
431	54.18	56	54	0.43531	179.571
432	54.18	56	54	0.43531	179.571
433	54.18	56	54	0.43531	179.571
434	54.18	56	54	0.43531	179.571
435	54.18	56	54	0.43531	181.322
436	54.18	56	54	0.43531	181.322
437	54.18	56	54	0.43531	181.322
438	54.18	56	54	0.43531	181.322
439	54.18	56	54	0.43531	181.322
440	54.18	56	54	0.43531	181.322
441	54.18	56	54	0.43531	181.322
442	54.18	56	54	0.43531	181.322
443	54.18	56	54	0.43531	181.322
444	54.18	56	54	0.43531	181.322
445	54.18	56	54	0.43531	181.109
446	54.18	56	54	0.43531	181.109
447	54.18	56	54	0.43531	181.109
448	54.18	56	54	0.43531	181.109
449	54.18	56	54	0.43531	179.916
450	54.18	56	54	0.43531	179.916
451	54.18	56	54	0.43531	178.443
452	54.18	56	54	0.43531	178.443
453	54.18	56	54	0.43531	178.443
454	54.18	56	54	0.43531	178.443
455	54.18	56	54	0.43531	178.443
456	54.18	56	54	0.43531	178.443
457	54.18	56	54	0.43531	178.443
458	54.18	56	54	0.43531	178.443
459	54.18	56	54	0.43531	176.465
460	54.18	56	54	0.43531	176.465
461	54.18	56	54	0.43531	176.465
462	54.18	56	54	0.43531	176.465
463	54.18	56	54	0.43531	176.465
464	54.18	56	54	0.43531	176.465
465	54.18	56	54	0.43531	176.465
466	54.18	56	54	0.43531	177.283
467	54.18	56	54	0.43531	177.283
468	54.18	56	54	0.43531	175.972
469	54.18	56	54	0.43531	175.972
470	54.18	56	54	0.43531	175.972
471	54.18	56	54	0.43531	175.972
472	54.18	56	54	0.43531	175.165
473	54.18	56	54	0.43531	175.165
474	54.18	56	54	0.43531	175.165
475	54.18	56	54	0.43531	176.808
476	54.18	56	54	0.43531	176.808
477	54.18	56	54	0.43531	176.808
478	54.18	56	54	0.43531	177.358
479	54.18	56	54	0.43531	177.358
480	54.18	56	54	0.43531	177.358
481	54.18	56	54	0.43531	177.515
482	54.18	56	54	0.43531	176.491
483	54.18	56	54	0.43531	176.491
484	54.18	56	54	0.43531	176.491
485	54.18	56	54	0.43531	174.22
486	54.18	56	54	0.43531	174.22
487	54.18	56	54	0.43531	174.22
488	54.18	56	54	0.43531	174.22
489	54.18	56	54	0.43531	174.22
490	54.19	56	54	0.44256	174.38
491	54.19	56	54	0.44256	176.536
492	54.19	56	54	0.44256	176.536
493	54.19	56	54	0.44256	177.019
494	54.19	56	54	0.44256	177.424
495	54.19	56	54	0.44256	178.189
496	54.19	56	54	0.44256	182.353
497	54.19	56	54	0.44256	181.698
498	54.19	56	54	0.44256	181.698
499	54.19	56	54	0.44256	181.698
500	54.19	56	54	0.44256	181.698
