0	40.97	50	30	4.60447	170.172
1	43.79	50	40	2.57923	144
2	44.76	53	42	2.25236	137.947
3	45.41	53	44	2.2612	135.288
4	45.77	53	44	2.39045	139.602
5	46.03	53	44	2.44311	129.774
6	46.56	53	44	2.47133	126.51
7	47.06	54	44	2.49371	120.367
8	47.34	54	44	2.40882	122.226
9	47.88	54	44	2.15688	115.139
10	48.41	54	46	1.7984	115.998
11	48.55	54	46	1.72548	113.795
12	49.12	54	46	1.38009	111.682
13	49.4	54	48	1.18918	107.938
14	49.52	54	48	1.15014	105.221
15	49.6	54	48	1.1101	106.451
16	49.78	56	48	1.24381	104.181
17	49.88	56	48	1.17447	103.072
18	50	56	48	1.08246	100.155
19	50.22	56	49	0.980414	102.405
20	50.29	56	49	0.945963	101.21
21	50.31	56	50	0.928722	100.861
22	50.32	56	50	0.930733	102.611
23	50.32	56	50	0.930733	101.246
24	50.33	56	50	0.93263	102.245
25	50.34	56	50	0.934415	107.418
26	50.34	56	50	0.934415	105.078
27	50.35	56	50	0.936088	106.119
28	50.35	56	50	0.936088	107.609
29	50.41	56	50	1.01598	116.221
30	50.42	56	50	1.01683	115.449
31	50.43	56	50	1.01757	113.599
32	50.46	56	50	1.01921	115.445
33	50.47	56	50	1.01956	117.59
34	50.47	56	50	1.01956	121.546
35	50.47	56	50	1.01956	122.694
36	50.47	56	50	1.01956	121.585
37	50.49	56	50	1.02981	123.715
38	50.51	56	50	1.03957	114.844
39	50.51	56	50	1.03957	113.357
40	50.54	56	50	1.04852	117.042
41	50.54	56	50	1.04852	116.393
42	50.56	56	50	1.04755	116.21
43	50.58	56	50	1.05582	114.84
44	50.6	56	50	1.06363	113.72
45	50.64	56	50	1.11482	104.883
46	50.64	56	50	1.11482	94.4572
47	50.64	56	50	1.11482	94.5487
48	50.64	56	50	1.11482	98.5552
49	50.65	56	50	1.11351	94.9927
50	50.69	56	50	1.16076	94.7263
51	50.73	56	50	1.20483	95.1669
52	50.74	56	50	1.20286	95.1356
53	50.74	56	50	1.20286	93.7857
54	50.75	56	50	1.2008	90.3442
55	50.75	56	50	1.2008	90.5794
56	50.75	56	50	1.2008	90.8881
57	50.75	56	50	1.2008	86.856
58	50.8	56	50	1.22268	80.2434
59	50.8	56	50	1.22268	83.7438
60	50.86	56	50	1.26347	87.384
61	50.88	56	50	1.26555	90.3448
62	50.89	56	50	1.26247	90.3212
63	50.95	56	50	1.29002	91.2147
64	50.96	56	50	1.28645	92.5541
65	50.98	56	50	1.28692	90.0052
66	51.04	56	50	1.31748	91.0465
67	51.04	56	50	1.31748	93.5337
68	51.04	56	50	1.31748	95.4891
69	51.04	56	50	1.31748	95.2604
70	51.04	56	50	1.31748	93.2737
71	51.04	56	50	1.31748	99.2651
72	51.07	56	50	1.31237	99.1099
73	51.08	56	50	1.30794	99.524
74	51.11	56	50	1.30186	100.773
75	51.13	56	50	1.3	103.248
76	51.13	56	50	1.3	103.437
77	51.13	56	50	1.3	102.615
78	51.13	56	50	1.3	103.274
79	51.13	56	50	1.3	98.958
80	51.18	56	50	1.321	96.8818
81	51.18	56	50	1.321	94.7743
82	51.19	56	50	1.31576	93.3925
83	51.19	56	50	1.31576	91.8378
84	51.2	56	50	1.31041	92.4263
85	51.21	56	50	1.30496	90.9861
86	51.21	56	50	1.30496	90.7182
87	51.22	56	50	1.29942	95.7309
88	51.23	56	50	1.29377	98.215
89	51.26	56	50	1.2762	95.6741
90	51.26	56	50	1.2762	95.3313
91	51.26	56	50	1.2762	92.9436
92	51.27	56	50	1.27013	93.0978
93	51.29	56	50	1.26567	96.0113
94	51.3	56	50	1.25931	94.04
95	51.32	56	50	1.24625	92.141
96	51.32	56	50	1.24625	92.8871
97	51.34	56	50	1.23272	101.231
98	51.35	56	50	1.22577	111.652
99	51.35	56	50	1.22577	113.209
100	51.37	56	50	1.21983	107.563
101	51.37	56	50	1.21983	104.551
102	51.37	56	50	1.21983	104.42
103	51.43	56	50	1.23301	102.259
104	51.43	56	50	1.23301	102.214
105	51.44	56	50	1.22532	100.474
106	51.46	56	50	1.20956	101.546
107	51.48	56	50	1.19325	98.9362
108	51.49	56	50	1.18488	101.965
109	51.51	56	50	1.16771	99.322
110	51.54	56	50	1.1408	102.011
111	51.55	56	50	1.1315	98.9012
112	51.59	56	50	1.09263	101.449
113	51.64	56	51	1.09655	102.546
114	51.64	56	51	1.09655	102.546
115	51.67	56	51	1.11966	101.629
116	51.67	56	51	1.11966	102.248
117	51.67	56	51	1.11966	102.248
118	51.68	56	51	1.11808	101.753
119	51.69	56	51	1.11641	102.646
120	51.69	56	51	1.11641	102.646
121	51.69	56	51	1.11641	102.646
122	51.69	56	51	1.11641	102.646
123	51.69	56	51	1.11641	102.646
124	51.69	56	51	1.11641	103.695
125	51.69	56	51	1.11641	109.792
126	51.69	56	51	1.11641	109.792
127	51.69	56	51	1.11641	107.936
128	51.69	56	51	1.11641	109.055
129	51.69	56	51	1.11641	109.055
130	51.69	56	51	1.11641	109.021
131	51.69	56	51	1.11641	109.021
132	51.7	56	51	1.11464	112.825
133	51.73	56	51	1.13578	111.914
134	51.73	56	51	1.13578	111.914
135	51.73	56	51	1.13578	112.088
136	51.73	56	51	1.13578	113.137
137	51.73	56	51	1.13578	113.137
138	51.73	56	51	1.13578	112.839
139	51.73	56	51	1.13578	113.579
140	51.73	56	51	1.13578	113.579
141	51.73	56	51	1.13578	114.518
142	51.73	56	51	1.13578	116.001
143	51.73	56	51	1.13578	116.001
144	51.73	56	51	1.13578	114.881
145	51.74	56	51	1.13369	115.084
146	51.77	56	51	1.15343	114.734
147	51.8	56	51	1.17207	114.764
148	51.85	56	51	1.24215	117.876
149	51.86	56	51	1.23926	118.461
150	51.86	56	51	1.23926	117.288
151	51.86	56	51	1.23926	117.288
152	51.86	56	51	1.23926	118.733
153	51.88	56	51	1.24137	123.613
154	51.88	56	51	1.24137	123.613
155	51.88	56	51	1.24137	123.372
156	51.88	56	51	1.24137	125.751
157	51.88	56	51	1.24137	121.695
158	51.88	56	51	1.24137	121.695
159	51.89	56	51	1.23824	121.818
160	51.89	56	51	1.23824	122.018
161	51.9	56	51	1.23501	123.942
162	51.91	56	51	1.23169	124.31
163	51.94	56	51	1.24576	126.384
164	51.94	56	51	1.24576	126.384
165	51.97	56	51	1.25895	127.287
166	52	56	51	1.27128	127.448
167	52	56	51	1.27128	125.482
168	52	56	51	1.27128	125.482
169	52	56	51	1.27128	120.9
170	52.03	56	51	1.28279	119.449
171	52.06	56	51	1.2935	118.552
172	52.06	56	51	1.2935	118.552
173	52.06	56	51	1.2935	119.286
174	52.06	56	51	1.2935	119.286
175	52.06	56	51	1.2935	118.101
176	52.06	56	51	1.2935	118.457
177	52.06	56	51	1.2935	118.267
178	52.07	56	51	1.28908	120.281
179	52.07	56	51	1.28908	120.281
180	52.08	56	51	1.28456	120.279
181	52.08	56	51	1.28456	120.279
182	52.08	56	51	1.28456	120.279
183	52.08	56	51	1.28456	120.862
184	52.1	56	51	1.28315	120.083
185	52.1	56	51	1.28315	119.573
186	52.1	56	51	1.28315	119.409
187	52.13	56	51	1.29221	120.049
188	52.13	56	51	1.29221	120.049
189	52.16	56	51	1.3005	119.569
190	52.17	56	51	1.29533	122.306
191	52.2	56	51	1.30268	122.725
192	52.2	56	51	1.30268	121.878
193	52.2	56	51	1.30268	121.878
194	52.2	56	51	1.30268	121.878
195	52.24	56	51	1.30361	122.874
196	52.24	56	51	1.30361	122.276
197	52.26	56	51	1.29193	119.504
198	52.26	56	51	1.29193	117.662
199	52.29	56	51	1.2972	113.935
200	52.29	56	51	1.2972	113.935
201	52.29	56	51	1.2972	113.935
202	52.33	56	51	1.31852	112.153
203	52.36	56	51	1.32207	115.945
204	52.39	56	51	1.3096	120.197
205	52.39	56	51	1.3096	120.197
206	52.39	56	51	1.3096	117.047
207	52.39	56	51	1.3096	117.047
208	52.39	56	51	1.3096	117.347
209	52.42	56	51	1.3118	116.735
210	52.43	56	51	1.30465	116.834
211	52.46	56	51	1.30593	116.764
212	52.46	56	51	1.30593	116.764
213	52.46	56	51	1.30593	116.252
214	52.46	56	51	1.30593	116.252
215	52.49	56	51	1.30651	117.308
216	52.49	56	51	1.30651	117.579
217	52.53	56	51	1.32158	117.724
218	52.56	56	51	1.32054	118.659
219	52.58	56	51	1.30407	118.66
220	52.62	56	51	1.29318	120.728
221	52.62	56	51	1.29318	120.728
222	52.62	56	51	1.29318	118.2
223	52.62	56	51	1.29318	114.306
224	52.65	56	51	1.29002	114.437
225	52.69	56	51	1.27679	114.386
226	52.69	56	51	1.27679	114.386
227	52.7	56	51	1.2673	115.383
228	52.71	56	51	1.25766	115.063
229	52.71	56	51	1.25766	115.596
230	52.71	56	51	1.25766	115.596
231	52.71	56	51	1.25766	115.596
232	52.71	56	51	1.25766	115.596
233	52.72	56	51	1.24787	115.272
234	52.74	56	51	1.22779	115.95
235	52.74	56	51	1.22779	115.95
236	52.75	56	51	1.21751	115.408
237	52.76	56	51	1.20705	114.748
238	52.79	56	51	1.20013	115.745
239	52.79	56	51	1.20013	115.745
240	52.79	56	51	1.20013	115.745
241	52.83	56	51	1.18112	115.001
242	52.92	56	51	1.1519	112.874
243	52.93	56	51	1.13933	112.532
244	52.98	56	51	1.16324	111.474
245	52.98	56	51	1.16324	111.474
246	52.99	56	51	1.15027	109.658
247	53.02	56	51	1.13689	109.776
248	53.05	56	52	1.12254	109.367
249	53.08	56	52	1.11627	109.833
250	53.08	56	52	1.11627	109.833
251	53.08	56	52	1.11627	109.833
252	53.08	56	52	1.11627	108.623
253	53.08	56	52	1.11627	105.094
254	53.08	56	52	1.11627	105.094
255	53.08	56	52	1.11627	105.094
256	53.08	56	52	1.11627	105.094
257	53.1	56	52	1.11464	107.569
258	53.1	56	52	1.11464	107.569
259	53.14	56	52	1.11934	107.136
260	53.14	56	52	1.11934	107.136
261	53.14	56	52	1.11934	107.136
262	53.14	56	52	1.11934	107.136
263	53.14	56	52	1.11934	107.136
264	53.14	56	52	1.11934	107.136
265	53.14	56	52	1.11934	107.136
266	53.14	56	52	1.11934	107.136
267	53.14	56	52	1.11934	107.136
268	53.14	56	52	1.11934	107.136
269	53.16	56	52	1.11663	111.447
270	53.16	56	52	1.11663	111.785
271	53.16	56	52	1.11663	111.785
272	53.18	56	52	1.11355	110.072
273	53.18	56	52	1.11355	110.072
274	53.18	56	52	1.11355	109.584
275	53.21	56	52	1.12182	109.363
276	53.21	56	52	1.12182	109.363
277	53.21	56	52	1.12182	109.363
278	53.21	56	52	1.12182	109.363
279	53.21	56	52	1.12182	107.897
280	53.23	56	52	1.11785	107.311
281	53.23	56	52	1.11785	105.386
282	53.23	56	52	1.11785	105.413
283	53.23	56	52	1.11785	105.413
284	53.23	56	52	1.11785	105.413
285	53.23	56	52	1.11785	105.413
286	53.23	56	52	1.11785	105.413
287	53.25	56	52	1.11351	105.452
288	53.27	56	52	1.10878	105.023
289	53.27	56	52	1.10878	105.675
290	53.27	56	52	1.10878	106.714
291	53.29	56	52	1.10367	112.243
292	53.29	56	52	1.10367	115.573
293	53.29	56	52	1.10367	115.823
294	53.29	56	52	1.10367	118.526
295	53.29	56	52	1.10367	118.526
296	53.29	56	52	1.10367	118.526
297	53.31	56	52	1.09816	116.315
298	53.31	56	52	1.09816	116.315
299	53.31	56	52	1.09816	116.315
300	53.31	56	52	1.09816	116.226
301	53.31	56	52	1.09816	116.226
302	53.33	56	52	1.09226	115.526
303	53.33	56	52	1.09226	115.526
304	53.33	56	52	1.09226	114.569
305	53.33	56	52	1.09226	114.879
306	53.38	56	52	1.08971	114.602
307	53.38	56	52	1.08971	113.709
308	53.38	56	52	1.08971	111.727
309	53.4	56	52	1.08246	108.87
310	53.44	56	52	1.06667	112.614
311	53.46	56	52	1.05811	112.566
312	53.48	56	52	1.0491	112.423
313	53.48	56	52	1.0491	112.316
314	53.49	56	52	1.03957	113.252
315	53.49	56	52	1.03957	114.203
316	53.49	56	52	1.03957	114.203
317	53.49	56	52	1.03957	114.203
318	53.49	56	52	1.03957	116.449
319	53.49	56	52	1.03957	116.449
320	53.49	56	52	1.03957	116.449
321	53.53	56	52	1.01956	116.048
322	53.55	56	52	1.0088	114.583
323	53.55	56	52	1.0088	114.583
324	53.57	56	52	0.997522	114.263
325	53.57	56	52	0.997522	114.263
326	53.57	56	52	0.997522	114.263
327	53.57	56	52	0.997522	114.263
328	53.57	56	52	0.997522	114.263
329	53.57	56	52	0.997522	114.263
330	53.61	56	52	1.01399	111.216
331	53.64	56	52	1.01025	104.599
332	53.66	56	52	0.997168	107.847
333	53.66	56	52	0.997168	107.623
334	53.7	56	52	0.969223	109.519
335	53.72	56	52	0.95431	109.287
336	53.72	56	52	0.95431	109.287
337	53.72	56	52	0.95431	110.546
338	53.72	56	52	0.95431	110.546
339	53.74	56	52	0.938729	110.618
340	53.74	56	52	0.938729	110.832
341	53.74	56	52	0.938729	110.832
342	53.74	56	52	0.938729	110.832
343	53.74	56	52	0.938729	109.802
344	53.74	56	52	0.938729	108.747
345	53.76	56	52	0.922447	108.691
346	53.76	56	52	0.922447	108.691
347	53.76	56	52	0.922447	108.691
348	53.76	56	52	0.922447	108.691
349	53.78	56	52	0.905427	109.057
350	53.78	56	52	0.905427	109.057
351	53.78	56	52	0.905427	109.057
352	53.8	56	52	0.887626	109
353	53.8	56	52	0.887626	107.942
354	53.8	56	52	0.887626	111.245
355	53.82	56	52	0.868995	110.429
356	53.82	56	52	0.868995	110.429
357	53.82	56	52	0.868995	110.429
358	53.82	56	52	0.868995	110.429
359	53.84	56	52	0.84948	107.978
360	53.88	56	52	0.807541	107.303
361	53.9	56	52	0.78496	109.205
362	53.92	56	52	0.76118	107.128
363	53.94	56	52	0.736084	107.214
364	53.96	56	52	0.709531	107.798
365	53.98	56	52	0.681354	107.268
366	53.98	56	52	0.681354	107.348
367	53.98	56	52	0.681354	107.756
368	54.02	56	52	0.619221	107.935
369	54.05	56	53	0.557321	108.165
370	54.05	56	53	0.557321	108.165
371	54.05	56	53	0.557321	108.165
372	54.06	56	53	0.54717	108.411
373	54.06	56	53	0.54717	108.411
374	54.06	56	53	0.54717	108.411
375	54.06	56	53	0.54717	108.411
376	54.06	56	53	0.54717	108.411
377	54.06	56	53	0.54717	108.411
378	54.07	56	53	0.536637	109.271
379	54.07	56	53	0.536637	109.271
380	54.07	56	53	0.536637	108.956
381	54.1	56	53	0.559582	108.884
382	54.1	56	53	0.559582	108.884
383	54.1	56	53	0.559582	108.031
384	54.1	56	53	0.559582	108.031
385	54.1	56	53	0.559582	108.031
386	54.1	56	53	0.559582	108.031
387	54.14	56	53	0.568891	107.51
388	54.14	56	53	0.568891	107.51
389	54.19	56	53	0.544857	105.3
390	54.19	56	53	0.544857	105.3
391	54.2	56	54	0.531817	104.636
392	54.2	56	54	0.531817	104.636
393	54.2	56	54	0.531817	104.636
394	54.2	56	54	0.531817	104.636
395	54.2	56	54	0.531817	104.636
396	54.2	56	54	0.531817	104.636
397	54.21	56	54	0.53739	101.295
398	54.21	56	54	0.53739	100.631
399	54.21	56	54	0.53739	99.4558
400	54.21	56	54	0.53739	99.4558
401	54.21	56	54	0.53739	99.4558
402	54.21	56	54	0.53739	99.4558
403	54.21	56	54	0.53739	99.4558
404	54.21	56	54	0.53739	99.4558
405	54.21	56	54	0.53739	99.4558
406	54.21	56	54	0.53739	99.5275
407	54.21	56	54	0.53739	99.5275
408	54.23	56	54	0.565954	102.716
409	54.23	56	54	0.565954	102.716
410	54.23	56	54	0.565954	102.716
411	54.23	56	54	0.565954	102.945
412	54.23	56	54	0.565954	104.452
413	54.23	56	54	0.565954	104.452
414	54.23	56	54	0.565954	104.556
415	54.23	56	54	0.565954	104.556
416	54.23	56	54	0.565954	104.556
417	54.23	56	54	0.565954	105.489
418	54.23	56	54	0.565954	105.489
419	54.23	56	54	0.565954	105.489
420	54.23	56	54	0.565954	105.489
421	54.23	56	54	0.565954	105.489
422	54.23	56	54	0.565954	105.489
423	54.23	56	54	0.565954	104.964
424	54.23	56	54	0.565954	104.964
425	54.23	56	54	0.565954	104.964
426	54.23	56	54	0.565954	104.843
427	54.25	56	54	0.592461	103.001
428	54.25	56	54	0.592461	103.001
429	54.25	56	54	0.592461	105.108
430	54.25	56	54	0.592461	105.407
431	54.25	56	54	0.592461	105.407
432	54.25	56	54	0.592461	105.407
433	54.25	56	54	0.592461	105.407
434	54.25	56	54	0.592461	105.407
435	54.25	56	54	0.592461	105.407
436	54.25	56	54	0.592461	105.407
437	54.25	56	54	0.592461	105.407
438	54.25	56	54	0.592461	104.743
439	54.25	56	54	0.592461	104.743
440	54.25	56	54	0.592461	104.743
441	54.25	56	54	0.592461	104.743
442	54.25	56	54	0.592461	110.467
443	54.25	56	54	0.592461	110.467
444	54.25	56	54	0.592461	109.538
445	54.25	56	54	0.592461	109.583
446	54.25	56	54	0.592461	109.583
447	54.25	56	54	0.592461	109.583
448	54.25	56	54	0.592461	105.693
449	54.25	56	54	0.592461	105.693
450	54.25	56	54	0.592461	105.693
451	54.25	56	54	0.592461	105.693
452	54.25	56	54	0.592461	105.693
453	54.25	56	54	0.592461	105.446
454	54.25	56	54	0.592461	105.446
455	54.25	56	54	0.592461	105.446
456	54.25	56	54	0.592461	97.7432
457	54.25	56	54	0.592461	97.5386
458	54.25	56	54	0.592461	97.5386
459	54.25	56	54	0.592461	97.5432
460	54.25	56	54	0.592461	96.6632
461	54.25	56	54	0.592461	96.6695
462	54.25	56	54	0.592461	96.6695
463	54.25	56	54	0.592461	98.6253
464	54.25	56	54	0.592461	98.6253
465	54.25	56	54	0.592461	98.6253
466	54.25	56	54	0.592461	98.6253
467	54.25	56	54	0.592461	98.6253
468	54.25	56	54	0.592461	98.6253
469	54.25	56	54	0.592461	98.6253
470	54.25	56	54	0.592461	98.6253
471	54.25	56	54	0.592461	98.6253
472	54.25	56	54	0.592461	98.6253
473	54.25	56	54	0.592461	98.6253
474	54.25	56	54	0.592461	98.6253
475	54.25	56	54	0.592461	98.6253
476	54.25	56	54	0.592461	97.2826
477	54.25	56	54	0.592461	97.2826
478	54.25	56	54	0.592461	97.2826
479	54.25	56	54	0.592461	97.1828
480	54.25	56	54	0.592461	97.1828
481	54.25	56	54	0.592461	97.1828
482	54.25	56	54	0.592461	97.1828
483	54.25	56	54	0.592461	97.1828
484	54.27	56	54	0.600589	98.0182
485	54.27	56	54	0.600589	98.0182
486	54.27	56	54	0.600589	97.3269
487	54.27	56	54	0.600589	97.3269
488	54.27	56	54	0.600589	94.3135
489	54.27	56	54	0.600589	94.3135
490	54.27	56	54	0.600589	94.5513
491	54.27	56	54	0.600589	96.1776
492	54.27	56	54	0.600589	95.7428
493	54.27	56	54	0.600589	96.4929
494	54.27	56	54	0.600589	96.4929
495	54.27	56	54	0.600589	96.1794
496	54.27	56	54	0.600589	96.1794
497	54.27	56	54	0.600589	96.1794
498	54.27	56	54	0.600589	96.1794
499	54.27	56	54	0.600589	96.1794
500	54.27	56	54	0.600589	96.1794
