0	40.97	50	30	4.60447	170.172
1	43.62	50	40	3.03774	153.141
2	44.74	50	42	2.3979	137.152
3	45.42	50	44	2.30143	133.193
4	45.87	51	44	2.43566	136.095
5	46.32	51	44	2.46134	134.661
6	46.73	51	44	2.42402	124.971
7	47.2	51	44	2.26078	117.51
8	47.43	51	44	2.14266	117.461
9	48.06	51	45	1.76852	110.047
10	48.45	52	46	1.61667	109.801
11	48.62	52	46	1.48242	110.571
12	48.83	52	46	1.34881	114.731
13	49.03	52	46	1.16736	114.612
14	49.25	52	48	0.998737	111.709
15	49.34	52	48	0.986986	109.082
16	49.46	52	48	0.978764	112.816
17	49.52	52	48	0.947938	108.891
18	49.66	52	48	0.867133	113.926
19	49.75	52	48	0.808728	113.617
20	49.86	52	48	0.738823	99.2745
21	49.98	53	48	0.681354	103.561
22	50.04	53	49	0.618241	102.377
23	50.09	53	49	0.604612	96.3871
24	50.15	53	49	0.538892	100.573
25	50.19	53	50	0.544857	102.158
26	50.19	53	50	0.544857	103.425
27	50.23	53	50	0.617177	105.836
28	50.24	53	50	0.621501	107.092
29	50.25	53	50	0.625631	108.205
30	50.25	53	50	0.625631	109.452
31	50.3	54	50	0.731679	111.879
32	50.31	54	50	0.734365	113.548
33	50.36	54	50	0.822905	113.768
34	50.36	54	50	0.822905	113.379
35	50.36	54	50	0.822905	114.563
36	50.4	54	50	0.898934	114.717
37	50.4	54	50	0.898934	116.679
38	50.41	54	50	0.899999	117.124
39	50.43	54	50	0.901793	115.91
40	50.44	54	50	0.90252	120.876
41	50.49	54	50	0.969173	129.333
42	50.51	54	50	0.969173	130.638
43	50.51	54	50	0.969173	136.579
44	50.51	54	50	0.969173	133.688
45	50.51	54	50	0.969173	133.573
46	50.55	54	50	1.02863	133.468
47	50.57	54	50	1.03724	135.952
48	50.57	54	50	1.03724	131.935
49	50.61	54	50	1.09078	124.953
50	50.62	54	50	1.08971	128.041
51	50.62	54	50	1.08971	131.187
52	50.64	54	50	1.09655	133.147
53	50.64	54	50	1.09655	134.148
54	50.65	54	50	1.09521	134.578
55	50.65	54	50	1.09521	133.875
56	50.65	54	50	1.09521	133.011
57	50.7	54	50	1.1415	127.309
58	50.7	54	50	1.1415	126.781
59	50.7	54	50	1.1415	126.289
60	50.72	54	50	1.14662	120.161
61	50.77	54	50	1.18794	113.387
62	50.77	54	50	1.18794	113.387
63	50.77	54	50	1.18794	118.13
64	50.81	54	50	1.18658	117.511
65	50.81	54	50	1.18658	116.652
66	50.82	54	50	1.1839	121.67
67	50.84	54	50	1.18679	125.626
68	50.88	54	50	1.22499	127.284
69	50.93	54	50	1.24117	120.368
70	50.93	54	50	1.24117	120.434
71	50.94	54	50	1.23763	127.187
72	50.96	54	50	1.23026	125.895
73	51.03	55	50	1.28279	124.206
74	51.03	55	50	1.28279	123.464
75	51.07	55	50	1.27331	125.826
76	51.08	55	50	1.26874	129.097
77	51.08	55	50	1.26874	125.284
78	51.13	55	50	1.3231	126.321
79	51.17	55	50	1.34881	130.095
80	51.18	55	50	1.34375	132.177
81	51.18	55	50	1.34375	132.672
82	51.18	55	50	1.34375	132.985
83	51.22	55	50	1.36759	135.05
84	51.22	55	50	1.36759	131.401
85	51.26	55	50	1.38986	131.588
86	51.28	55	50	1.37862	133.961
87	51.29	55	50	1.37286	135.221
88	51.33	55	50	1.39302	139.908
89	51.37	55	50	1.41175	137.049
90	51.37	55	50	1.41175	137.049
91	51.39	55	50	1.3991	132.723
92	51.41	55	50	1.38604	135.933
93	51.44	55	50	1.37305	135.12
94	51.46	55	50	1.35899	134.795
95	51.46	55	50	1.35899	133.056
96	51.5	55	50	1.34465	131.013
97	51.51	55	50	1.33708	132.968
98	51.52	55	50	1.32939	138.059
99	51.55	55	50	1.30558	136.902
100	51.56	55	50	1.29739	136.445
101	51.56	55	50	1.29739	134.303
102	51.6	55	50	1.27921	133.98
103	51.61	55	50	1.27045	136.213
104	51.65	55	50	1.24215	140.148
105	51.65	55	50	1.24215	140.795
106	51.71	55	50	1.23333	137.542
107	51.72	55	50	1.22334	140.853
108	51.75	55	50	1.21751	141.525
109	51.75	55	50	1.21751	141.208
110	51.76	55	50	1.20705	138.242
111	51.76	55	50	1.20705	137.791
112	51.76	55	50	1.20705	138.194
113	51.76	55	50	1.20705	136.999
114	51.76	55	50	1.20705	138.147
115	51.85	55	51	1.20918	136.873
116	51.86	55	51	1.20621	135.394
117	51.87	55	51	1.20315	128.569
118	51.87	55	51	1.20315	128.569
119	51.87	55	51	1.20315	128.569
120	51.87	55	51	1.20315	128.586
121	51.88	55	51	1.2	129.959
122	51.88	55	51	1.2	131.291
123	51.88	55	51	1.2	131.291
124	51.89	55	51	1.19675	131.438
125	51.9	55	51	1.19342	128.292
126	51.94	55	51	1.20454	128.451
127	51.94	55	51	1.20454	128.451
128	51.94	55	51	1.20454	128.451
129	51.94	55	51	1.20454	128.451
130	51.94	55	51	1.20454	135.067
131	51.95	55	51	1.2008	134.776
132	51.96	55	51	1.19697	132.082
133	51.99	55	51	1.21018	131.232
134	51.99	55	51	1.21018	131.232
135	51.99	55	51	1.21018	132.182
136	52.03	55	51	1.21817	133.716
137	52.03	55	51	1.21817	133.716
138	52.03	55	51	1.21817	133.716
139	52.11	55	51	1.25445	136.405
140	52.11	55	51	1.25445	136.405
141	52.11	55	51	1.25445	136.405
142	52.11	55	51	1.25445	136.263
143	52.12	55	51	1.24948	136.135
144	52.12	55	51	1.24948	136.135
145	52.13	55	51	1.24442	135.977
146	52.19	55	51	1.26087	132.766
147	52.19	55	51	1.26087	132.955
148	52.22	55	51	1.26794	132.827
149	52.22	55	51	1.26794	135.056
150	52.24	55	51	1.25626	135.134
151	52.29	55	51	1.24961	136.033
152	52.29	55	51	1.24961	137.314
153	52.3	55	51	1.24316	130.501
154	52.3	55	51	1.24316	130.501
155	52.34	55	51	1.24089	132.18
156	52.36	55	51	1.23517	131.663
157	52.36	55	51	1.23517	129.782
158	52.39	55	51	1.22181	130.145
159	52.39	55	51	1.22181	137.656
160	52.39	55	51	1.22181	137.694
161	52.39	55	51	1.22181	137.482
162	52.39	55	51	1.22181	135.967
163	52.39	55	51	1.22181	135.743
164	52.42	55	51	1.22417	135.55
165	52.43	55	51	1.21651	136.737
166	52.43	55	51	1.21651	136.699
167	52.43	55	51	1.21651	143.312
168	52.43	55	51	1.21651	142.976
169	52.44	55	51	1.20872	144.809
170	52.46	55	51	1.19274	153.36
171	52.46	55	51	1.19274	152.196
172	52.49	55	51	1.19337	149.398
173	52.5	55	51	1.18492	153.073
174	52.5	55	51	1.18492	153.073
175	52.51	55	51	1.17632	150.085
176	52.51	55	51	1.17632	150.744
177	52.51	55	51	1.17632	150.795
178	52.51	55	51	1.17632	150.795
179	52.51	55	51	1.17632	150.795
180	52.53	55	51	1.15867	149.739
181	52.56	55	51	1.1575	150.103
182	52.58	55	51	1.14751	142.94
183	52.58	55	51	1.14751	142.94
184	52.62	55	51	1.13511	142.313
185	52.66	55	51	1.12115	129.34
186	52.67	55	51	1.1106	121.752
187	52.68	55	51	1.09986	121.679
188	52.68	55	51	1.09986	122.373
189	52.68	55	51	1.09986	122.373
190	52.68	55	51	1.09986	122.373
191	52.7	55	51	1.07778	123.035
192	52.71	55	51	1.06643	117.238
193	52.74	55	51	1.06002	121.029
194	52.75	55	51	1.04809	122.446
195	52.75	55	51	1.04809	122.446
196	52.79	55	51	1.02784	122.221
197	52.83	55	51	1.00559	121.643
198	52.86	55	52	0.99514	124.312
199	52.86	55	52	0.99514	126.184
200	52.88	55	52	0.997775	127.206
201	52.88	55	52	0.997775	125.206
202	52.88	55	52	0.997775	125.206
203	52.88	55	52	0.997775	125.206
204	52.88	55	52	0.997775	125.368
205	52.88	55	52	0.997775	126.882
206	52.89	55	52	0.99387	127.717
207	52.91	55	52	0.995901	122.457
208	52.91	55	52	0.995901	122.457
209	52.92	55	52	0.991683	122.154
210	52.92	55	52	0.991683	122.154
211	52.92	55	52	0.991683	122.154
212	52.92	55	52	0.991683	122.154
213	52.94	55	52	0.993108	124.522
214	52.94	55	52	0.993108	124.522
215	52.94	55	52	0.993108	123.584
216	52.96	55	52	0.994124	124.307
217	52.96	55	52	0.994124	124.121
218	52.96	55	52	0.994124	126.037
219	52.96	55	52	0.994124	126.037
220	52.96	55	52	0.994124	126.037
221	52.96	55	52	0.994124	125.313
222	52.96	55	52	0.994124	125.313
223	52.96	55	52	0.994124	125.313
224	52.96	55	52	0.994124	125.313
225	52.96	55	52	0.994124	125.313
226	52.96	55	52	0.994124	125.309
227	52.96	55	52	0.994124	125.309
228	52.96	55	52	0.994124	125.309
229	52.96	55	52	0.994124	125.309
230	52.96	55	52	0.994124	125.309
231	52.96	55	52	0.994124	125.309
232	52.96	55	52	0.994124	124.339
233	52.96	55	52	0.994124	124.339
234	52.98	55	52	0.994733	123.73
235	53	55	52	0.994937	123.323
236	53	55	52	0.994937	124.364
237	53.03	55	52	1.0096	124.337
238	53.05	55	52	1.0088	124.33
239	53.05	55	52	1.0088	124.33
240	53.05	55	52	1.0088	121.997
241	53.05	55	52	1.0088	122.052
242	53.05	55	52	1.0088	122.052
243	53.07	55	52	1.0076	122.198
244	53.07	55	52	1.0076	122.198
245	53.09	55	52	1.00599	123.331
246	53.09	55	52	1.00599	123.951
247	53.11	55	52	1.00398	124.188
248	53.13	55	52	1.00156	119.993
249	53.13	55	52	1.00156	119.993
250	53.13	55	52	1.00156	121.048
251	53.13	55	52	1.00156	120.892
252	53.14	55	52	0.99514	121.956
253	53.15	55	52	0.988571	121.631
254	53.17	55	52	0.985296	121.865
255	53.18	55	52	0.978352	122.123
256	53.18	55	52	0.978352	122.979
257	53.2	55	52	0.974421	129.016
258	53.22	55	52	0.970057	128.229
259	53.24	55	52	0.965255	126.205
260	53.26	55	52	0.960008	126.168
261	53.26	55	52	0.960008	126.168
262	53.27	55	52	0.951925	125.761
263	53.27	55	52	0.951925	126.008
264	53.27	55	52	0.951925	126.008
265	53.27	55	52	0.951925	125.133
266	53.27	55	52	0.951925	125.133
267	53.27	55	52	0.951925	126.743
268	53.27	55	52	0.951925	126.743
269	53.27	55	52	0.951925	126.743
270	53.31	55	52	0.939536	119.906
271	53.31	55	52	0.939536	119.906
272	53.31	55	52	0.939536	119.906
273	53.31	55	52	0.939536	119.906
274	53.35	55	52	0.914253	118.223
275	53.36	55	52	0.904757	118.859
276	53.36	55	52	0.904757	119.127
277	53.36	55	52	0.904757	119.127
278	53.36	55	52	0.904757	119.127
279	53.36	55	52	0.904757	119.758
280	53.36	55	52	0.904757	119.626
281	53.39	55	52	0.908934	119.316
282	53.39	55	52	0.908934	119.316
283	53.39	55	52	0.908934	118.748
284	53.44	55	52	0.879853	116.268
285	53.44	55	52	0.879853	116.268
286	53.44	55	52	0.879853	116.268
287	53.44	55	52	0.879853	116.268
288	53.44	55	52	0.879853	116.268
289	53.44	55	52	0.879853	116.268
290	53.44	55	52	0.879853	116.268
291	53.44	55	52	0.879853	117.907
292	53.44	55	52	0.879853	117.907
293	53.44	55	52	0.879853	117.925
294	53.44	55	52	0.879853	117.925
295	53.44	55	52	0.879853	117.846
296	53.44	55	52	0.879853	119.299
297	53.44	55	52	0.879853	119.128
298	53.46	55	52	0.869459	116.013
299	53.46	55	52	0.869459	118.292
300	53.48	55	52	0.85847	118.44
301	53.48	55	52	0.85847	120.04
302	53.48	55	52	0.85847	120.04
303	53.48	55	52	0.85847	120.22
304	53.48	55	52	0.85847	120.22
305	53.48	55	52	0.85847	120.22
306	53.48	55	52	0.85847	122.999
307	53.48	55	52	0.85847	122.999
308	53.48	55	52	0.85847	122.999
309	53.48	55	52	0.85847	123.424
310	53.52	56	52	0.881688	123.587
311	53.54	56	52	0.869459	123.726
312	53.56	56	52	0.856585	119.353
313	53.56	56	52	0.856585	119.353
314	53.56	56	52	0.856585	118.007
315	53.56	56	52	0.856585	118.007
316	53.56	56	52	0.856585	118.007
317	53.58	56	52	0.843035	119.207
318	53.58	56	52	0.843035	119.207
319	53.58	56	52	0.843035	118.848
320	53.58	56	52	0.843035	118.848
321	53.6	56	52	0.828776	121.212
322	53.6	56	52	0.828776	121.212
323	53.6	56	52	0.828776	121.212
324	53.6	56	52	0.828776	121.212
325	53.6	56	52	0.828776	121.212
326	53.6	56	52	0.828776	121.785
327	53.6	56	52	0.828776	122.035
328	53.6	56	52	0.828776	126.077
329	53.6	56	52	0.828776	126.077
330	53.6	56	52	0.828776	126.077
331	53.63	56	52	0.82456	125.424
332	53.63	56	52	0.82456	125.424
333	53.63	56	52	0.82456	121.717
334	53.63	56	52	0.82456	121.717
335	53.63	56	52	0.82456	121.717
336	53.63	56	52	0.82456	121.717
337	53.63	56	52	0.82456	122.495
338	53.63	56	52	0.82456	122.495
339	53.65	56	52	0.808728	121.449
340	53.67	56	52	0.79207	117.389
341	53.67	56	52	0.79207	117.389
342	53.67	56	52	0.79207	117.389
343	53.7	56	52	0.758787	118.37
344	53.7	56	52	0.758787	118.485
345	53.7	56	52	0.758787	118.485
346	53.7	56	52	0.758787	118.485
347	53.7	56	52	0.758787	118.485
348	53.72	56	52	0.739643	118.06
349	53.75	56	52	0.729951	121.277
350	53.75	56	52	0.729951	120.938
351	53.77	56	52	0.708605	120.952
352	53.77	56	52	0.708605	121
353	53.77	56	52	0.708605	121
354	53.77	56	52	0.708605	120.544
355	53.77	56	52	0.708605	120.544
356	53.77	56	52	0.708605	123.121
357	53.77	56	52	0.708605	123.121
358	53.77	56	52	0.708605	123.121
359	53.77	56	52	0.708605	121.906
360	53.77	56	52	0.708605	121.906
361	53.77	56	52	0.708605	121.906
362	53.77	56	52	0.708605	122.599
363	53.77	56	52	0.708605	122.599
364	53.77	56	52	0.708605	121.108
365	53.78	56	52	0.690191	122.216
366	53.78	56	52	0.690191	122.216
367	53.78	56	52	0.690191	122.216
368	53.78	56	52	0.690191	122.216
369	53.78	56	52	0.690191	122.157
370	53.78	56	52	0.690191	122.157
371	53.78	56	52	0.690191	122.157
372	53.78	56	52	0.690191	122.157
373	53.78	56	52	0.690191	122.157
374	53.8	56	52	0.666667	121.005
375	53.8	56	52	0.666667	121.005
376	53.82	56	52	0.641652	122.018
377	53.84	56	52	0.614965	121.058
378	53.86	56	52	0.586377	120.557
379	53.88	56	53	0.555596	120.116
380	53.88	56	53	0.555596	120.116
381	53.88	56	53	0.555596	120.116
382	53.88	56	53	0.555596	120.116
383	53.88	56	53	0.555596	120.116
384	53.9	56	53	0.541229	118.576
385	53.9	56	53	0.541229	118.576
386	53.9	56	53	0.541229	118.576
387	53.9	56	53	0.541229	118.576
388	53.91	56	53	0.533617	118.55
389	53.92	56	53	0.525703	118.079
390	53.92	56	53	0.525703	118.079
391	53.94	56	53	0.508911	119.305
392	53.94	56	53	0.508911	119.305
393	53.94	56	53	0.508911	119.305
394	53.94	56	53	0.508911	119.305
395	53.96	56	53	0.490722	119.964
396	53.96	56	53	0.490722	119.964
397	53.96	56	53	0.490722	119.964
398	53.96	56	53	0.490722	119.964
399	53.96	56	53	0.490722	119.964
400	53.98	56	53	0.470975	119.698
401	53.99	56	53	0.460457	119.844
402	53.99	56	53	0.460457	118.485
403	53.99	56	53	0.460457	118.485
404	54	56	53	0.449467	116.068
405	54.01	56	53	0.437971	115.883
406	54.02	56	53	0.425927	116.659
407	54.02	56	53	0.425927	116.659
408	54.02	56	53	0.425927	116.659
409	54.02	56	53	0.425927	116.659
410	54.02	56	53	0.425927	116.659
411	54.02	56	53	0.425927	116.659
412	54.04	56	53	0.4	117.542
413	54.04	56	53	0.4	117.542
414	54.05	56	53	0.385992	119.104
415	54.05	56	53	0.385992	119.104
416	54.06	56	53	0.371184	117.694
417	54.06	56	53	0.371184	117.694
418	54.06	56	53	0.371184	117.694
419	54.07	56	53	0.355477	117.073
420	54.07	56	53	0.355477	117.073
421	54.07	56	53	0.355477	117.073
422	54.07	56	53	0.355477	117.073
423	54.08	56	53	0.338744	117.044
424	54.08	56	53	0.338744	117.044
425	54.09	56	54	0.320825	118.642
426	54.09	56	54	0.320825	118.642
427	54.09	56	54	0.320825	118.722
428	54.11	56	54	0.37322	118.002
429	54.11	56	54	0.37322	118.002
430	54.11	56	54	0.37322	118.002
431	54.11	56	54	0.37322	118.002
432	54.11	56	54	0.37322	120.228
433	54.11	56	54	0.37322	120.228
434	54.11	56	54	0.37322	120.228
435	54.11	56	54	0.37322	120.228
436	54.11	56	54	0.37322	120.228
437	54.11	56	54	0.37322	120.228
438	54.11	56	54	0.37322	120.228
439	54.11	56	54	0.37322	120.228
440	54.11	56	54	0.37322	120.228
441	54.11	56	54	0.37322	120.228
442	54.11	56	54	0.37322	120.228
443	54.11	56	54	0.37322	120.228
444	54.11	56	54	0.37322	120.228
445	54.11	56	54	0.37322	120.228
446	54.11	56	54	0.37322	120.228
447	54.11	56	54	0.37322	120.228
448	54.11	56	54	0.37322	120.228
449	54.11	56	54	0.37322	120.228
450	54.11	56	54	0.37322	120.228
451	54.11	56	54	0.37322	119.922
452	54.13	56	54	0.41815	119.604
453	54.13	56	54	0.41815	119.604
454	54.13	56	54	0.41815	120.539
455	54.13	56	54	0.41815	120.539
456	54.13	56	54	0.41815	120.539
457	54.13	56	54	0.41815	120.668
458	54.13	56	54	0.41815	120.668
459	54.13	56	54	0.41815	120.668
460	54.13	56	54	0.41815	120.668
461	54.13	56	54	0.41815	120.668
462	54.13	56	54	0.41815	120.668
463	54.13	56	54	0.41815	120.668
464	54.13	56	54	0.41815	121.681
465	54.13	56	54	0.41815	119.394
466	54.13	56	54	0.41815	119.816
467	54.13	56	54	0.41815	120.18
468	54.13	56	54	0.41815	120.18
469	54.13	56	54	0.41815	120.18
470	54.13	56	54	0.41815	120.18
471	54.13	56	54	0.41815	120.019
472	54.13	56	54	0.41815	120.019
473	54.13	56	54	0.41815	120.019
474	54.13	56	54	0.41815	120.019
475	54.13	56	54	0.41815	119.967
476	54.13	56	54	0.41815	119.967
477	54.13	56	54	0.41815	119.967
478	54.13	56	54	0.41815	119.967
479	54.13	56	54	0.41815	119.967
480	54.13	56	54	0.41815	119.967
481	54.13	56	54	0.41815	119.967
482	54.13	56	54	0.41815	119.977
483	54.13	56	54	0.41815	119.977
484	54.13	56	54	0.41815	119.865
485	54.13	56	54	0.41815	123.836
486	54.13	56	54	0.41815	123.41
487	54.13	56	54	0.41815	123.41
488	54.13	56	54	0.41815	123.41
489	54.13	56	54	0.41815	123.41
490	54.13	56	54	0.41815	123.41
491	54.13	56	54	0.41815	122.787
492	54.13	56	54	0.41815	122.787
493	54.13	56	54	0.41815	122.787
494	54.13	56	54	0.41815	122.787
495	54.13	56	54	0.41815	122.787
496	54.13	56	54	0.41815	122.789
497	54.13	56	54	0.41815	122.294
498	54.13	56	54	0.41815	122.186
499	54.13	56	54	0.41815	122.186
500	54.14	56	54	0.426875	122.492
