0	40.97	50	30	4.60447	170.172
1	43.7	50	40	2.7798	150.845
2	44.93	50	42	2.11896	137.953
3	45.32	50	44	1.97397	131.933
4	45.5	50	44	2.05726	124.524
5	45.7	50	44	2.17191	126.949
6	46.07	50	44	2.22136	131.792
7	46.48	52	44	2.27183	120.401
8	46.92	52	44	2.16342	127.477
9	47.43	52	44	2.01136	132.363
10	47.94	52	45	1.7513	129.791
11	48.13	52	46	1.70948	128.835
12	48.34	52	46	1.65889	127.231
13	48.68	52	46	1.57557	122.224
14	49.06	52	46	1.36936	118.128
15	49.2	52	46	1.19764	119.433
16	49.33	52	48	1.1106	117.831
17	49.4	52	48	1.08246	116.23
18	49.57	52	48	1.09411	116.691
19	49.67	52	48	1.0736	118.448
20	49.78	52	48	1.01085	113.145
21	49.86	54	48	1.06382	114.149
22	50.03	54	48	1.07736	110.151
23	50.12	54	48	1.03748	108.478
24	50.22	54	49	0.916515	107.185
25	50.33	54	49	0.817177	104.625
26	50.35	54	50	0.808727	107.387
27	50.36	54	50	0.810537	112.035
28	50.37	54	50	0.812217	118.422
29	50.41	54	50	0.842015	121.021
30	50.44	54	50	0.856584	120.796
31	50.45	54	50	0.857232	121.162
32	50.45	54	50	0.857232	125.023
33	50.45	54	50	0.857232	130.558
34	50.45	54	50	0.857232	130.13
35	50.46	54	50	0.857763	131.221
36	50.47	54	50	0.858175	129.332
37	50.48	54	50	0.85847	138.725
38	50.51	54	50	0.870331	134.081
39	50.54	54	50	0.881	135.548
40	50.56	54	50	0.879853	131.169
41	50.57	54	50	0.879106	131.689
42	50.6	54	50	0.910101	134.925
43	50.61	54	50	0.908934	142.289
44	50.64	54	50	0.915854	140.593
45	50.64	54	50	0.915854	138.228
46	50.66	54	50	0.923542	141.807
47	50.7	54	50	0.979588	152.434
48	50.76	54	50	1.03592	145.932
49	50.8	54	50	1.08246	144.843
50	50.83	54	50	1.08297	158.573
51	50.85	54	50	1.07661	157.277
52	50.88	54	50	1.07572	152.385
53	50.93	54	50	1.11242	157.066
54	50.93	54	50	1.11242	163.34
55	50.93	54	50	1.11242	166.385
56	50.94	54	50	1.10846	158.23
57	51	55	50	1.17207	162.312
58	51.03	55	50	1.16736	162.838
59	51.04	55	50	1.16272	162.021
60	51.07	55	50	1.15693	155.974
61	51.07	55	50	1.15693	156.292
62	51.07	55	50	1.15693	156.292
63	51.08	55	50	1.1519	164.783
64	51.1	55	50	1.1415	165.047
65	51.15	55	50	1.1315	167.382
66	51.15	55	50	1.1315	166.667
67	51.16	55	50	1.12564	164.226
68	51.18	55	50	1.12259	163.256
69	51.18	55	50	1.12259	152.012
70	51.2	55	50	1.1101	145.603
71	51.22	55	50	1.10627	140.04
72	51.23	55	50	1.09963	144.365
73	51.25	55	50	1.08595	145.826
74	51.27	55	50	1.0811	145.696
75	51.29	55	50	1.07586	145.259
76	51.35	55	50	1.08595	142.813
77	51.41	55	50	1.10183	143.374
78	51.41	55	50	1.10183	142.698
79	51.43	55	50	1.08483	142.221
80	51.53	55	50	1.02942	152.425
81	51.55	55	50	1.0088	147.991
82	51.55	55	50	1.0088	148.1
83	51.61	55	50	1.00398	147.178
84	51.63	55	50	0.991429	148.029
85	51.66	55	50	0.966301	147.912
86	51.67	55	51	0.954045	147.78
87	51.7	55	51	0.979588	149.968
88	51.7	55	51	0.979588	148.037
89	51.7	55	51	0.979588	148.037
90	51.71	55	51	0.977473	148.737
91	51.71	55	51	0.977473	148.737
92	51.71	55	51	0.977473	149.318
93	51.71	55	51	0.977473	146.881
94	51.71	55	51	0.977473	146.881
95	51.72	55	51	0.975249	155.891
96	51.72	55	51	0.975249	155.963
97	51.73	55	51	0.972915	157.377
98	51.74	55	51	0.970472	158.381
99	51.77	55	51	0.993465	157.568
100	51.8	55	51	1.01504	153.63
101	51.8	55	51	1.01504	153.63
102	51.8	55	51	1.01504	153.584
103	51.8	55	51	1.01504	153.584
104	51.8	55	51	1.01504	153.584
105	51.8	55	51	1.01504	153.584
106	51.87	55	51	1.07923	148.287
107	51.87	55	51	1.07923	148.287
108	51.89	55	51	1.08148	148.726
109	51.89	55	51	1.08148	146.775
110	51.91	55	51	1.07398	147.672
111	51.91	55	51	1.07398	147.672
112	51.91	55	51	1.07398	147.672
113	51.95	55	51	1.08595	146.895
114	51.95	55	51	1.08595	146.895
115	51.96	55	51	1.08171	143.929
116	51.96	55	51	1.08171	143.929
117	51.97	55	51	1.07736	142.549
118	51.97	55	51	1.07736	141.775
119	51.97	55	51	1.07736	141.775
120	51.97	55	51	1.07736	141.775
121	51.97	55	51	1.07736	141.775
122	52	55	51	1.09175	135.939
123	52	55	51	1.09175	135.939
124	52	55	51	1.09175	135.939
125	52	55	51	1.09175	136.933
126	52	55	51	1.09175	136.933
127	52.01	55	51	1.08707	136.775
128	52.01	55	51	1.08707	136.775
129	52.01	55	51	1.08707	136.775
130	52.01	55	51	1.08707	135.81
131	52.04	55	51	1.10023	136.857
132	52.07	55	51	1.11242	136.907
133	52.1	55	51	1.12367	136.94
134	52.15	55	51	1.1315	136.824
135	52.19	55	51	1.13436	138.213
136	52.19	55	51	1.13436	138.105
137	52.23	55	51	1.13578	137.858
138	52.26	55	51	1.14256	138.156
139	52.26	55	51	1.14256	138.156
140	52.26	55	51	1.14256	137.216
141	52.26	55	51	1.14256	137.216
142	52.26	55	51	1.14256	137.216
143	52.26	55	51	1.14256	137.108
144	52.29	55	51	1.14852	137.048
145	52.3	55	51	1.1415	137.676
146	52.3	55	51	1.1415	137.676
147	52.33	55	51	1.1464	141.184
148	52.37	55	51	1.14288	140.619
149	52.38	55	51	1.13511	140.465
150	52.39	55	51	1.12721	140.667
151	52.41	55	51	1.12002	141.143
152	52.41	55	51	1.12002	141.112
153	52.41	55	51	1.12002	141.112
154	52.42	55	51	1.11174	140.719
155	52.42	55	51	1.11174	140.719
156	52.42	55	51	1.11174	139.981
157	52.42	55	51	1.11174	139.981
158	52.44	55	51	1.10389	138.322
159	52.44	55	51	1.10389	138.322
160	52.47	55	51	1.10513	138.194
161	52.48	55	51	1.09618	138.385
162	52.48	55	51	1.09618	138.385
163	52.48	55	51	1.09618	138.385
164	52.48	55	51	1.09618	138.385
165	52.48	55	51	1.09618	139.237
166	52.48	55	51	1.09618	151.715
167	52.49	55	51	1.08707	146.441
168	52.49	55	51	1.08707	146.441
169	52.51	55	51	1.06832	147.059
170	52.51	55	51	1.06832	147.059
171	52.52	55	51	1.05868	137.337
172	52.52	55	51	1.05868	137.337
173	52.52	55	51	1.05868	137.337
174	52.52	55	51	1.05868	138.233
175	52.52	55	51	1.05868	138.233
176	52.52	55	51	1.05868	140.808
177	52.52	55	51	1.05868	140.808
178	52.57	55	51	1.03724	150.55
179	52.58	55	51	1.02671	149.483
180	52.58	55	51	1.02671	149.907
181	52.58	55	51	1.02671	149.907
182	52.58	55	51	1.02671	149.907
183	52.61	55	51	1.02391	150.305
184	52.64	55	51	1.0202	147.606
185	52.64	55	51	1.0202	144.92
186	52.64	55	51	1.0202	144.92
187	52.64	55	51	1.0202	145.008
188	52.64	55	51	1.0202	145.008
189	52.67	55	51	1.01559	145.184
190	52.73	55	51	1.00358	145.128
191	52.73	55	51	1.00358	145.128
192	52.73	55	51	1.00358	145.128
193	52.75	55	52	0.9783	146.33
194	52.77	55	52	0.983244	133.103
195	52.79	55	52	0.987753	135.393
196	52.79	55	52	0.987753	135.393
197	52.8	55	52	0.984732	134.309
198	52.8	55	52	0.984732	134.309
199	52.82	55	52	0.988623	133.36
200	52.82	55	52	0.988623	133.334
201	52.83	55	52	0.985296	132.285
202	52.85	55	52	0.988571	131.563
203	52.85	55	52	0.988571	131.563
204	52.85	55	52	0.988571	131.563
205	52.85	55	52	0.988571	131.563
206	52.85	55	52	0.988571	131.563
207	52.85	55	52	0.988571	131.563
208	52.85	55	52	0.988571	132.132
209	52.85	55	52	0.988571	131.544
210	52.87	55	52	0.991427	131.995
211	52.88	55	52	0.987599	133.712
212	52.88	55	52	0.987599	133.712
213	52.88	55	52	0.987599	133.712
214	52.88	55	52	0.987599	134.59
215	52.88	55	52	0.987599	132.372
216	52.88	55	52	0.987599	133.354
217	52.88	55	52	0.987599	133.354
218	52.92	55	52	0.991683	130.903
219	52.94	55	52	0.993108	130.768
220	52.94	55	52	0.993108	130.768
221	52.94	55	52	0.993108	130.768
222	52.98	55	52	0.994733	129.709
223	52.98	55	52	0.994733	129.415
224	52.98	55	52	0.994733	129.415
225	52.98	55	52	0.994733	129.415
226	52.98	55	52	0.994733	128.02
227	52.98	55	52	0.994733	128.641
228	52.98	55	52	0.994733	128.641
229	52.98	55	52	0.994733	128.641
230	52.98	55	52	0.994733	131.862
231	52.99	55	52	0.989796	132.619
232	53.01	55	52	0.989796	132.412
233	53.01	55	52	0.989796	130.24
234	53.01	55	52	0.989796	130.24
235	53.01	55	52	0.989796	130.24
236	53.03	55	52	0.989388	129.293
237	53.03	55	52	0.989388	127.47
238	53.03	55	52	0.989388	127.474
239	53.03	55	52	0.989388	127.474
240	53.03	55	52	0.989388	127.225
241	53.03	55	52	0.989388	127.225
242	53.05	55	52	0.988571	126.861
243	53.05	55	52	0.988571	125.844
244	53.07	55	52	0.987343	125.936
245	53.09	55	52	0.985706	125.705
246	53.09	55	52	0.985706	125.705
247	53.09	55	52	0.985706	126.34
248	53.09	55	52	0.985706	126.34
249	53.11	55	52	0.983654	126.023
250	53.13	55	52	0.981186	126.233
251	53.13	55	52	0.981186	126.233
252	53.15	55	52	0.978299	127.45
253	53.21	56	52	1.008	128.712
254	53.21	56	52	1.008	128.712
255	53.22	56	52	1.00081	128.281
256	53.22	56	52	1.00081	128.281
257	53.24	56	52	0.996154	130.508
258	53.24	56	52	0.996154	130.508
259	53.24	56	52	0.996154	130.793
260	53.24	56	52	0.996154	130.627
261	53.24	56	52	0.996154	130.627
262	53.24	56	52	0.996154	130.627
263	53.27	56	52	1.00358	136.876
264	53.27	56	52	1.00358	136.876
265	53.29	56	52	0.997927	136.832
266	53.29	56	52	0.997927	136.832
267	53.29	56	52	0.997927	136.832
268	53.31	56	52	0.991835	136.848
269	53.31	56	52	0.991835	136.848
270	53.33	56	52	0.985296	139.947
271	53.34	56	52	0.976698	140.924
272	53.34	56	52	0.976698	143.516
273	53.34	56	52	0.976698	143.516
274	53.38	56	52	0.961691	142.421
275	53.38	56	52	0.961691	143.975
276	53.4	56	52	0.953463	143.551
277	53.4	56	52	0.953463	143.551
278	53.42	56	52	0.944736	143.537
279	53.42	56	52	0.944736	143.537
280	53.44	56	52	0.935495	146.025
281	53.44	56	52	0.935495	146.025
282	53.44	56	52	0.935495	146.025
283	53.44	56	52	0.935495	146.025
284	53.44	56	52	0.935495	146.025
285	53.46	56	52	0.925727	146.171
286	53.46	56	52	0.925727	146.171
287	53.48	56	52	0.915413	146.348
288	53.48	56	52	0.915413	146.348
289	53.48	56	52	0.915413	145.488
290	53.5	56	52	0.904534	144.86
291	53.52	56	52	0.893071	144.478
292	53.54	56	52	0.881	142.951
293	53.54	56	52	0.881	138.971
294	53.54	56	52	0.881	141.258
295	53.56	56	52	0.868297	140.869
296	53.56	56	52	0.868297	139.9
297	53.56	56	52	0.868297	139.9
298	53.56	56	52	0.868297	140.048
299	53.56	56	52	0.868297	141.558
300	53.56	56	52	0.868297	141.558
301	53.56	56	52	0.868297	141.558
302	53.56	56	52	0.868297	141.439
303	53.58	56	52	0.854932	138.528
304	53.58	56	52	0.854932	138.44
305	53.58	56	52	0.854932	138.345
306	53.58	56	52	0.854932	138.345
307	53.58	56	52	0.854932	138.345
308	53.58	56	52	0.854932	138.345
309	53.58	56	52	0.854932	138.345
310	53.58	56	52	0.854932	138.345
311	53.58	56	52	0.854932	138.345
312	53.58	56	52	0.854932	138.345
313	53.62	56	52	0.873632	138.18
314	53.62	56	52	0.873632	138.18
315	53.62	56	52	0.873632	136.206
316	53.62	56	52	0.873632	136.131
317	53.62	56	52	0.873632	136.131
318	53.62	56	52	0.873632	136.131
319	53.62	56	52	0.873632	136.317
320	53.62	56	52	0.873632	136.317
321	53.62	56	52	0.873632	136.317
322	53.62	56	52	0.873632	136.345
323	53.64	56	52	0.85894	136.662
324	53.64	56	52	0.85894	136.231
325	53.64	56	52	0.85894	136.231
326	53.64	56	52	0.85894	136.231
327	53.66	56	52	0.843514	136.706
328	53.66	56	52	0.843514	136.706
329	53.66	56	52	0.843514	136.706
330	53.68	56	52	0.827312	134.516
331	53.68	56	52	0.827312	134.516
332	53.7	56	52	0.810288	134.014
333	53.7	56	52	0.810288	134.014
334	53.7	56	52	0.810288	134.014
335	53.72	56	52	0.792388	134.035
336	53.74	56	52	0.773552	134.265
337	53.74	56	52	0.773552	134.504
338	53.74	56	52	0.773552	134.504
339	53.74	56	52	0.773552	134.504
340	53.74	56	52	0.773552	134.504
341	53.74	56	52	0.773552	135.326
342	53.76	56	52	0.753711	135.475
343	53.78	56	52	0.732782	141.554
344	53.78	56	52	0.732782	141.554
345	53.78	56	52	0.732782	141.554
346	53.82	56	52	0.687258	138.162
347	53.82	56	52	0.687258	139.076
348	53.82	56	52	0.687258	139.076
349	53.82	56	52	0.687258	138.919
350	53.84	56	52	0.66241	138.496
351	53.86	56	52	0.63596	142.166
352	53.86	56	52	0.63596	142.166
353	53.87	56	52	0.613896	141.376
354	53.91	56	52	0.552222	140.186
355	53.91	56	52	0.552222	140.374
356	53.93	56	52	0.517473	142.014
357	53.93	56	52	0.517473	142.014
358	53.95	56	53	0.479372	141.99
359	53.95	56	53	0.479372	141.99
360	53.95	56	53	0.479372	141.99
361	53.95	56	53	0.479372	141.99
362	53.95	56	53	0.479372	141.99
363	53.95	56	53	0.479372	141.99
364	53.95	56	53	0.479372	141.99
365	53.96	56	53	0.469687	142.424
366	53.96	56	53	0.469687	142.424
367	53.96	56	53	0.469687	142.424
368	53.96	56	53	0.469687	142.424
369	53.97	56	53	0.459579	142.347
370	53.97	56	53	0.459579	142.347
371	54	56	53	0.492366	141.943
372	54	56	53	0.492366	141.943
373	54	56	53	0.492366	141.943
374	54	56	53	0.492366	141.943
375	54	56	53	0.492366	143.417
376	54	56	53	0.492366	143.417
377	54	56	53	0.492366	143.417
378	54	56	53	0.492366	143.417
379	54	56	53	0.492366	143.417
380	54	56	53	0.492366	143.417
381	54	56	53	0.492366	143.417
382	54	56	53	0.492366	143.417
383	54	56	53	0.492366	143.417
384	54	56	53	0.492366	143.417
385	54	56	53	0.492366	143.417
386	54	56	53	0.492366	143.417
387	54	56	53	0.492366	143.417
388	54	56	53	0.492366	143.417
389	54	56	53	0.492366	143.417
390	54	56	53	0.492366	143.417
391	54.02	56	53	0.470975	143.973
392	54.03	56	53	0.459579	143.189
393	54.04	56	53	0.447665	141.939
394	54.04	56	53	0.447665	141.939
395	54.04	56	53	0.447665	141.939
396	54.05	56	53	0.435194	140.605
397	54.05	56	53	0.435194	140.605
398	54.08	56	53	0.418752	141.09
399	54.09	56	53	0.404395	149.686
400	54.1	56	54	0.389249	149.65
401	54.1	56	54	0.389249	149.65
402	54.1	56	54	0.389249	149.65
403	54.11	56	54	0.399368	149.336
404	54.11	56	54	0.399368	149.336
405	54.11	56	54	0.399368	149.336
406	54.11	56	54	0.399368	149.336
407	54.11	56	54	0.399368	149.179
408	54.11	56	54	0.399368	149.803
409	54.11	56	54	0.399368	149.803
410	54.11	56	54	0.399368	149.803
411	54.11	56	54	0.399368	149.803
412	54.11	56	54	0.399368	149.803
413	54.11	56	54	0.399368	149.803
414	54.11	56	54	0.399368	149.803
415	54.11	56	54	0.399368	149.803
416	54.11	56	54	0.399368	149.803
417	54.11	56	54	0.399368	149.803
418	54.11	56	54	0.399368	150.065
419	54.11	56	54	0.399368	150.065
420	54.11	56	54	0.399368	149.513
421	54.11	56	54	0.399368	149.513
422	54.11	56	54	0.399368	149.513
423	54.12	56	54	0.40899	150.905
424	54.12	56	54	0.40899	150.905
425	54.12	56	54	0.40899	150.905
426	54.12	56	54	0.40899	150.905
427	54.12	56	54	0.40899	149.164
428	54.12	56	54	0.40899	149.164
429	54.12	56	54	0.40899	149.164
430	54.12	56	54	0.40899	149.164
431	54.12	56	54	0.40899	149.164
432	54.12	56	54	0.40899	148.992
433	54.12	56	54	0.40899	148.992
434	54.12	56	54	0.40899	148.992
435	54.12	56	54	0.40899	148.992
436	54.12	56	54	0.40899	148.992
437	54.12	56	54	0.40899	148.627
438	54.12	56	54	0.40899	148.627
439	54.12	56	54	0.40899	148.627
440	54.12	56	54	0.40899	147.299
441	54.12	56	54	0.40899	147.299
442	54.12	56	54	0.40899	147.299
443	54.12	56	54	0.40899	147.299
444	54.14	56	54	0.449916	147.774
445	54.14	56	54	0.449916	147.774
446	54.14	56	54	0.449916	147.774
447	54.14	56	54	0.449916	147.774
448	54.14	56	54	0.449916	147.774
449	54.14	56	54	0.449916	147.205
450	54.14	56	54	0.449916	147.205
451	54.14	56	54	0.449916	148.463
452	54.14	56	54	0.449916	148.463
453	54.14	56	54	0.449916	148.463
454	54.14	56	54	0.449916	146.927
455	54.14	56	54	0.449916	148.732
456	54.14	56	54	0.449916	148.732
457	54.16	56	54	0.486588	148.562
458	54.16	56	54	0.486588	148.562
459	54.16	56	54	0.486588	148.562
460	54.16	56	54	0.486588	148.562
461	54.16	56	54	0.486588	148.562
462	54.16	56	54	0.486588	148.145
463	54.16	56	54	0.486588	148.145
464	54.16	56	54	0.486588	148.145
465	54.16	56	54	0.486588	148.145
466	54.16	56	54	0.486588	148.145
467	54.16	56	54	0.486588	148.145
468	54.16	56	54	0.486588	148.145
469	54.16	56	54	0.486588	148.145
470	54.16	56	54	0.486588	148.145
471	54.16	56	54	0.486588	148.145
472	54.16	56	54	0.486588	148.145
473	54.16	56	54	0.486588	148.145
474	54.16	56	54	0.486588	148.145
475	54.16	56	54	0.486588	148.145
476	54.16	56	54	0.486588	148.145
477	54.16	56	54	0.486588	148.145
478	54.16	56	54	0.486588	148.141
479	54.16	56	54	0.486588	148.099
480	54.16	56	54	0.486588	148.262
481	54.16	56	54	0.486588	147.915
482	54.16	56	54	0.486588	146.538
483	54.16	56	54	0.486588	146.538
484	54.16	56	54	0.486588	146.538
485	54.16	56	54	0.486588	146.538
486	54.16	56	54	0.486588	146.538
487	54.16	56	54	0.486588	146.538
488	54.16	56	54	0.486588	146.593
489	54.16	56	54	0.486588	146.593
490	54.16	56	54	0.486588	146.582
491	54.16	56	54	0.486588	146.582
492	54.16	56	54	0.486588	146.582
493	54.16	56	54	0.486588	147.431
494	54.16	56	54	0.486588	150.105
495	54.16	56	54	0.486588	149.714
496	54.16	56	54	0.486588	149.714
497	54.16	56	54	0.486588	149.714
498	54.16	56	54	0.486588	149.714
499	54.17	56	54	0.493494	149.579
500	54.17	56	54	0.493494	149.579
