0	0.0271629	0.257001	0.00010001	0.0546289	-1
1	0.0539375	0.377482	0.00010001	0.0743204	-1
2	0.0765612	0.377482	0.00010001	0.0759742	-1
3	0.111494	0.377482	0.00010001	0.0718704	-1
4	0.144422	0.474868	0.0589993	0.0781223	-1
5	0.164684	0.843641	0.0700186	0.0994418	-1
6	0.177574	0.843641	0.099378	0.0979548	-1
7	0.186442	0.843641	0.110237	0.0974665	-1
8	0.192996	0.843641	0.117402	0.09811	-1
9	0.198354	0.843641	0.120593	0.0999713	-1
10	0.209858	0.843641	0.131505	0.0987074	-1
11	0.213351	0.843641	0.13849	0.097177	-1
12	0.221261	0.843641	0.143004	0.0944663	-1
13	0.224791	0.843641	0.148257	0.0944663	-1
14	0.234886	0.843641	0.151021	0.103648	-1
15	0.243868	0.843641	0.157477	0.105429	-1
16	0.251925	0.843641	0.16234	0.104621	-1
17	0.257212	0.843641	0.16843	0.103051	-1
18	0.265268	0.843641	0.17295	0.104871	-1
19	0.266552	0.843641	0.173931	0.105655	-1
20	0.278804	1.19901	0.175974	0.139695	-1
21	0.280673	1.19901	0.177171	0.139437	-1
22	0.286165	1.19901	0.180701	0.138596	-1
23	0.295048	1.19901	0.183877	0.147328	-1
24	0.300759	1.19901	0.187091	0.14664	-1
25	0.30404	1.19901	0.189407	0.145595	-1
26	0.305515	1.19901	0.196286	0.144843	-1
27	0.307608	1.19901	0.196981	0.144615	-1
28	0.320049	1.19901	0.203291	0.146869	-1
29	0.326667	1.19901	0.206104	0.14663	-1
30	0.328293	1.19901	0.207931	0.145614	-1
31	0.333257	1.19901	0.215246	0.144444	-1
32	0.335611	1.19901	0.218198	0.143497	-1
33	0.342296	1.19901	0.221624	0.145746	-1
34	0.345788	1.19901	0.222365	0.145706	-1
35	0.351939	1.19901	0.234456	0.146146	-1
36	0.363469	1.19901	0.242163	0.161298	-1
37	0.365588	1.19901	0.242163	0.165601	-1
38	0.371034	1.19901	0.248458	0.164717	-1
39	0.372113	1.19901	0.256818	0.164245	-1
40	0.373284	1.19901	0.257001	0.163697	-1
41	0.373379	1.19901	0.257807	0.163632	-1
42	0.381673	1.19901	0.25902	0.168078	-1
43	0.38831	1.19901	0.261357	0.174046	-1
44	0.390389	1.19901	0.261574	0.174961	-1
45	0.392045	1.19901	0.262156	0.174495	-1
46	0.39829	1.19901	0.262387	0.178047	-1
47	0.399987	1.19901	0.262454	0.178132	-1
48	0.400201	1.19901	0.263735	0.177981	-1
49	0.402727	1.19901	0.264083	0.177813	-1
50	0.404846	1.19901	0.265685	0.176939	-1
51	0.405925	1.19901	0.265685	0.176401	-1
52	0.410149	1.19901	0.266921	0.175761	-1
53	0.418865	1.19901	0.267609	0.18855	-1
54	0.422835	1.19901	0.267775	0.194245	-1
55	0.430864	1.19901	0.268141	0.19949	-1
56	0.432522	1.19901	0.271404	0.20153	-1
57	0.432532	1.19901	0.271404	0.201522	-1
58	0.43351	1.19901	0.27229	0.200968	-1
59	0.43401	1.19901	0.272785	0.200624	-1
60	0.441647	1.19901	0.276233	0.204812	-1
61	0.44498	1.19901	0.279024	0.205595	-1
62	0.445157	1.19901	0.279024	0.205531	-1
63	0.447478	1.19901	0.280097	0.204617	-1
64	0.447653	1.19901	0.282766	0.204499	-1
65	0.449917	1.19901	0.282852	0.203881	-1
66	0.451547	1.19901	0.284113	0.203139	-1
67	0.452066	1.19901	0.284587	0.202774	-1
68	0.452649	1.19901	0.28656	0.202361	-1
69	0.457183	1.19901	0.291146	0.201651	-1
70	0.457923	1.19901	0.291733	0.201861	-1
71	0.457923	1.19901	0.291733	0.201861	-1
72	0.471925	1.19901	0.293715	0.213593	-1
73	0.475536	1.19901	0.293883	0.218004	-1
74	0.47616	1.19901	0.293883	0.219719	-1
75	0.478106	1.19901	0.299354	0.218949	-1
76	0.479877	1.19901	0.30091	0.217981	-1
77	0.47994	1.19901	0.30091	0.217949	-1
78	0.479964	1.19901	0.303283	0.217929	-1
79	0.479964	1.19901	0.303283	0.217929	-1
80	0.479964	1.19901	0.303283	0.217929	-1
81	0.483972	1.19901	0.304373	0.216478	-1
82	0.484164	1.19901	0.304373	0.216405	-1
83	0.484173	1.19901	0.305317	0.216397	-1
84	0.484173	1.19901	0.305317	0.216397	-1
85	0.485363	1.19901	0.308134	0.215645	-1
86	0.485411	1.19901	0.308134	0.215618	-1
87	0.486887	1.19901	0.311426	0.214896	-1
88	0.486927	1.19901	0.311426	0.214881	-1
89	0.489567	1.19901	0.312378	0.214324	-1
90	0.48971	1.19901	0.312378	0.214262	-1
91	0.48971	1.19901	0.312378	0.214262	-1
92	0.489937	1.19901	0.313757	0.214085	-1
93	0.490543	1.19901	0.313841	0.213667	-1
94	0.490544	1.19901	0.313841	0.213665	-1
95	0.490544	1.19901	0.313841	0.213665	-1
96	0.490544	1.19901	0.313841	0.213665	-1
97	0.490544	1.19901	0.313841	0.213665	-1
98	0.491098	1.19901	0.314777	0.213274	-1
99	0.499125	1.19901	0.325374	0.210805	-1
100	0.499333	1.19901	0.326651	0.210763	-1
101	0.499333	1.19901	0.326651	0.210763	-1
102	0.499333	1.19901	0.326651	0.210763	-1
103	0.500254	1.19901	0.329389	0.210157	-1
104	0.501619	1.19901	0.330457	0.209465	-1
105	0.501716	1.19901	0.330457	0.209415	-1
106	0.509814	1.19901	0.334085	0.216824	-1
107	0.511886	1.19901	0.334157	0.220107	-1
108	0.511912	1.19901	0.334157	0.220089	-1
109	0.512816	1.19901	0.338573	0.219416	-1
110	0.512914	1.19901	0.339274	0.219346	-1
111	0.512924	1.19901	0.339274	0.219339	-1
112	0.512924	1.19901	0.339274	0.219339	-1
113	0.512924	1.19901	0.339274	0.219339	-1
114	0.512924	1.19901	0.339274	0.219339	-1
115	0.513519	1.19901	0.340616	0.218903	-1
116	0.513547	1.19901	0.340616	0.218884	-1
117	0.513547	1.19901	0.340616	0.218884	-1
118	0.513865	1.19901	0.341821	0.218654	-1
119	0.513867	1.19901	0.341821	0.218652	-1
120	0.513867	1.19901	0.341821	0.218652	-1
121	0.513918	1.19901	0.344494	0.218611	-1
122	0.513918	1.19901	0.344494	0.218611	-1
123	0.518182	1.19901	0.346499	0.21702	-1
124	0.518207	1.19901	0.346499	0.217006	-1
125	0.518207	1.19901	0.346499	0.217006	-1
126	0.518207	1.19901	0.346499	0.217006	-1
127	0.518207	1.19901	0.346499	0.217006	-1
128	0.518804	1.19901	0.346985	0.21661	-1
129	0.521518	1.19901	0.3477	0.216118	-1
130	0.528083	1.19901	0.347879	0.220256	-1
131	0.530337	1.19901	0.349221	0.221028	-1
132	0.535819	1.19901	0.354686	0.222059	-1
133	0.535932	1.19901	0.354686	0.222055	-1
134	0.535932	1.19901	0.354686	0.222055	-1
135	0.537201	1.19901	0.35725	0.22137	-1
136	0.537261	1.19901	0.35725	0.221337	-1
137	0.554212	1.20541	0.360168	0.23889	-1
138	0.556873	1.20541	0.360168	0.243712	-1
139	0.556892	1.20541	0.360168	0.243698	-1
140	0.557038	1.20541	0.360357	0.243582	-1
141	0.557054	1.20541	0.360357	0.24357	-1
142	0.557063	1.20541	0.360357	0.243564	-1
143	0.558804	1.20541	0.362089	0.242705	-1
144	0.559012	1.20541	0.362089	0.242589	-1
145	0.566494	1.20541	0.365684	0.247926	-1
146	0.568628	1.20541	0.365684	0.249956	-1
147	0.56924	1.20541	0.365684	0.251058	-1
148	0.570718	1.20541	0.36823	0.250282	-1
149	0.570812	1.20541	0.36823	0.250227	-1
150	0.570812	1.20541	0.36823	0.250227	-1
