0	0.0325112	0.234331	0.00010001	0.0577487	-1
1	0.0662903	0.484223	0.00010001	0.086924	-1
2	0.0926031	0.484223	0.00010001	0.0797557	-1
3	0.126674	0.484223	0.0507813	0.0737264	-1
4	0.138266	0.484223	0.0673397	0.0702931	-1
5	0.166271	0.635105	0.0865236	0.0854158	-1
6	0.174582	0.635105	0.0976406	0.0817299	-1
7	0.177614	0.635105	0.104756	0.0805831	-1
8	0.19806	0.635105	0.120387	0.0856674	-1
9	0.208206	0.635105	0.125669	0.090327	-1
10	0.21809	0.683961	0.132973	0.0996034	-1
11	0.229272	0.683961	0.143394	0.104567	-1
12	0.236542	0.683961	0.147386	0.105215	-1
13	0.23795	0.683961	0.150934	0.104367	-1
14	0.244211	0.683961	0.157773	0.103182	-1
15	0.26544	0.907891	0.164937	0.132975	-1
16	0.278835	1.08729	0.168089	0.155825	-1
17	0.288544	1.08729	0.169226	0.163943	-1
18	0.303637	1.08729	0.178535	0.167491	-1
19	0.313301	1.08729	0.182058	0.168016	-1
20	0.31594	1.08729	0.186291	0.167761	-1
21	0.317064	1.08729	0.191772	0.167001	-1
22	0.317255	1.08729	0.19216	0.166867	-1
23	0.317961	1.08729	0.1926	0.166478	-1
24	0.324088	1.08729	0.197653	0.166313	-1
25	0.324896	1.08729	0.197897	0.165894	-1
26	0.325788	1.08729	0.203948	0.165307	-1
27	0.330288	1.08729	0.208726	0.165547	-1
28	0.334484	1.08729	0.211548	0.165846	-1
29	0.334583	1.08729	0.212105	0.165827	-1
30	0.335182	1.08729	0.213096	0.165442	-1
31	0.336091	1.08729	0.214655	0.165008	-1
32	0.33923	1.08729	0.215896	0.163523	-1
33	0.342039	1.08729	0.219	0.16332	-1
34	0.342203	1.08729	0.219	0.163314	-1
35	0.344978	1.08729	0.221347	0.161954	-1
36	0.345964	1.08729	0.225316	0.161309	-1
37	0.352391	1.08729	0.230084	0.159042	-1
38	0.354527	1.08729	0.230724	0.158483	-1
39	0.355969	1.08729	0.231904	0.157952	-1
40	0.359745	1.08729	0.234081	0.157109	-1
41	0.360534	1.08729	0.234081	0.157293	-1
42	0.3608	1.08729	0.234331	0.157101	-1
43	0.36796	1.08729	0.237905	0.155455	-1
44	0.376489	1.08729	0.242166	0.154859	-1
45	0.376819	1.08729	0.244682	0.154977	-1
46	0.376848	1.08729	0.244682	0.15497	-1
47	0.376848	1.08729	0.244682	0.15497	-1
48	0.377162	1.08729	0.244682	0.154731	-1
49	0.387912	1.11002	0.24669	0.170155	-1
50	0.396234	1.11002	0.247977	0.175243	-1
51	0.396581	1.11002	0.248216	0.175058	-1
52	0.396581	1.11002	0.248216	0.175058	-1
53	0.396914	1.11002	0.251942	0.174804	-1
54	0.39693	1.11002	0.251942	0.174793	-1
55	0.407347	1.11002	0.254002	0.178561	-1
56	0.41446	1.11002	0.260093	0.182704	-1
57	0.421137	1.11002	0.260302	0.187106	-1
58	0.423328	1.11002	0.263586	0.185903	-1
59	0.423435	1.11002	0.263586	0.185865	-1
60	0.427261	1.11002	0.266101	0.185014	-1
61	0.427637	1.11002	0.266356	0.184958	-1
62	0.42858	1.11002	0.269748	0.184307	-1
63	0.429113	1.11002	0.271131	0.183917	-1
64	0.430131	1.11002	0.271187	0.183294	-1
65	0.431141	1.11002	0.272338	0.182678	-1
66	0.431418	1.11002	0.272752	0.18246	-1
67	0.43143	1.11002	0.272752	0.182451	-1
68	0.436266	1.11002	0.276025	0.182215	-1
69	0.439544	1.11002	0.278759	0.182183	-1
70	0.439867	1.11002	0.279705	0.182074	-1
71	0.442767	1.11002	0.281949	0.180725	-1
72	0.446132	1.11002	0.288162	0.179252	-1
73	0.446701	1.11002	0.290426	0.179004	-1
74	0.446706	1.11002	0.290426	0.179	-1
75	0.447302	1.11002	0.290813	0.178527	-1
76	0.450327	1.11002	0.290941	0.17829	-1
77	0.450795	1.11002	0.291437	0.178259	-1
78	0.452833	1.11002	0.292838	0.177253	-1
79	0.455356	1.11002	0.294539	0.176632	-1
80	0.457595	1.11002	0.296774	0.175893	-1
81	0.463222	1.11002	0.302792	0.173977	-1
82	0.463292	1.11002	0.302792	0.173931	-1
83	0.465481	1.11002	0.304179	0.172573	-1
84	0.474266	1.1708	0.306206	0.185587	-1
85	0.498554	1.1708	0.309929	0.20892	-1
86	0.499288	1.1708	0.309929	0.21027	-1
87	0.499463	1.1708	0.309929	0.210825	-1
88	0.499637	1.1708	0.313911	0.210674	-1
89	0.500271	1.1708	0.315939	0.210201	-1
90	0.500284	1.1708	0.315939	0.21019	-1
91	0.502169	1.1708	0.316794	0.209363	-1
92	0.509842	1.1708	0.31869	0.20925	-1
93	0.516654	1.1708	0.321388	0.207251	-1
94	0.521567	1.1708	0.325184	0.205317	-1
95	0.522363	1.1708	0.325346	0.204786	-1
96	0.526883	1.1708	0.337986	0.202172	-1
97	0.527355	1.1708	0.337986	0.202047	-1
98	0.53726	1.26871	0.341718	0.213796	-1
99	0.539964	1.26871	0.341718	0.218529	-1
100	0.539964	1.26871	0.341718	0.218529	-1
101	0.540992	1.26871	0.341718	0.217828	-1
102	0.551658	1.26871	0.353295	0.213988	-1
103	0.569941	1.26871	0.365264	0.224741	-1
104	0.572826	1.26871	0.365553	0.225162	-1
105	0.574206	1.26871	0.366263	0.224251	-1
106	0.577015	1.26871	0.367846	0.222965	-1
107	0.577535	1.26871	0.367846	0.222827	-1
108	0.582612	1.26871	0.369295	0.223578	-1
109	0.584057	1.26871	0.369295	0.223938	-1
110	0.588101	1.26871	0.369295	0.221886	-1
111	0.592896	1.26871	0.370292	0.221662	-1
112	0.601527	1.26871	0.371687	0.221701	-1
113	0.60327	1.26871	0.374839	0.221524	-1
114	0.608156	1.26871	0.376205	0.219572	-1
115	0.608988	1.26871	0.376205	0.219643	-1
116	0.609549	1.26871	0.381865	0.219153	-1
117	0.609778	1.26871	0.381865	0.219146	-1
118	0.609808	1.26871	0.384836	0.219115	-1
119	0.609808	1.26871	0.384836	0.219115	-1
120	0.613648	1.26871	0.384836	0.218496	-1
121	0.617621	1.26871	0.385137	0.217424	-1
122	0.618495	1.26871	0.390031	0.216936	-1
123	0.618522	1.26871	0.392747	0.216907	-1
124	0.618533	1.26871	0.39385	0.216895	-1
125	0.618614	1.26871	0.397875	0.216812	-1
126	0.631706	1.26871	0.39822	0.222819	-1
127	0.635988	1.26871	0.400822	0.224166	-1
128	0.638761	1.26871	0.403354	0.223184	-1
129	0.639196	1.26871	0.403354	0.222927	-1
130	0.641595	1.26871	0.406349	0.22117	-1
131	0.64329	1.26871	0.413539	0.219831	-1
132	0.643625	1.26871	0.413539	0.219602	-1
133	0.643684	1.26871	0.413539	0.219572	-1
134	0.643684	1.26871	0.413539	0.219572	-1
135	0.645073	1.26871	0.413862	0.218317	-1
136	0.650835	1.26871	0.414782	0.219232	-1
137	0.652861	1.26871	0.414782	0.219696	-1
138	0.656728	1.26871	0.416011	0.218793	-1
139	0.65806	1.26871	0.416011	0.219083	-1
140	0.661453	1.26871	0.419601	0.216585	-1
141	0.668548	1.26871	0.42347	0.21964	-1
142	0.677192	1.26871	0.43946	0.22272	-1
143	0.679532	1.26871	0.43946	0.224226	-1
144	0.679654	1.26871	0.43946	0.224192	-1
145	0.680346	1.26871	0.444504	0.223549	-1
146	0.680472	1.26871	0.444504	0.22344	-1
147	0.680472	1.26871	0.444504	0.22344	-1
148	0.682331	1.26871	0.445875	0.222227	-1
149	0.69537	1.26871	0.453277	0.220479	-1
150	0.696802	1.26871	0.453277	0.220658	-1
