0	44.35	50	30	4.94898	170.172
1	46.35	50	42	3.17304	137.526
2	46.92	50	43	2.72912	130.041
3	47.41	52	44	2.55483	122.724
4	47.96	52	44	2.24697	132.016
5	48.76	52	46	1.68247	133.55
6	49.32	52	46	1.26235	121.919
7	49.74	54	48	1.08823	128.679
8	50.1	54	48	0.979589	129.08
9	50.46	54	50	1.03884	130.803
10	50.68	54	50	1.22169	137.834
11	51.11	55	50	1.48321	135.962
12	51.22	55	50	1.51478	140.67
13	51.55	55	50	1.60413	134.244
14	52.04	55	50	1.59494	117.611
15	52.56	55	50	1.45866	120.335
16	52.92	55	51	1.23648	118.71
17	53.32	56	52	1.0433	130.715
18	53.61	56	52	0.897753	132.831
19	53.87	56	52	0.691288	124.287
20	54.08	56	53	0.338744	129.676
21	54.15	56	54	0.411329	136.647
22	54.19	56	54	0.464824	131.993
23	54.2	56	54	0.471405	136.554
24	54.21	56	54	0.477684	142.757
25	54.24	56	54	0.494821	142.062
26	54.32	56	54	0.548276	141.351
27	54.42	56	54	0.589128	129.417
28	54.51	56	54	0.594503	128.797
29	54.57	56	54	0.590411	125.784
30	54.64	56	54	0.5777	128.503
31	54.79	57	54	0.607944	131.069
32	54.88	57	54	0.573488	132.38
33	55.01	57	54	0.522136	135.509
34	55.1	57	54	0.438085	135.183
35	55.15	57	55	0.385992	134.284
36	55.18	57	55	0.411452	129.883
37	55.19	57	55	0.419114	129.825
38	55.23	57	55	0.468288	133.593
39	55.25	57	55	0.479372	138.293
40	55.25	57	55	0.479372	132.565
41	55.29	57	55	0.498381	132.44
42	55.34	57	55	0.535979	130.314
43	55.42	57	55	0.571725	134.962
44	55.5	57	55	0.594588	126.22
45	55.54	57	55	0.626357	128.268
46	55.66	57	55	0.639129	134.449
47	55.75	57	55	0.609272	138.919
48	55.84	57	55	0.598314	141.032
49	55.97	57	55	0.521362	149.718
50	56.02	57	55	0.470975	149.867
51	56.05	57	55	0.435194	146.322
52	56.13	57	56	0.337997	152.263
53	56.15	57	56	0.35887	143.564
54	56.16	57	56	0.368452	154.489
55	56.19	57	56	0.394277	174.833
56	56.2	57	56	0.402015	176.259
57	56.24	57	56	0.429234	178.067
58	56.25	57	56	0.435194	177.71
59	56.26	57	56	0.440844	181.849
60	56.28	57	56	0.451261	188.804
61	56.33	57	56	0.472582	188.912
62	56.36	57	56	0.482418	191.852
63	56.42	58	56	0.516007	179.432
64	56.46	58	56	0.520683	179.18
65	56.47	58	56	0.521362	177.357
66	56.49	58	56	0.522136	179.18
67	56.52	58	56	0.521846	163.753
68	56.58	58	56	0.516007	179.472
69	56.64	58	56	0.502921	171.046
70	56.69	58	56	0.486069	166.969
71	56.72	58	56	0.473116	165.081
72	56.75	58	56	0.457817	165.717
73	56.79	58	56	0.433333	162.183
74	56.83	58	56	0.403395	162.538
75	56.88	58	56	0.356186	156.477
76	56.96	58	56	0.242878	170.981
77	56.98	58	56	0.2	173.167
78	57.01	58	57	0.0999999	182.195
79	57.01	58	57	0.0999999	185.435
80	57.01	58	57	0.0999999	185.908
81	57.02	58	57	0.140705	182.129
82	57.02	58	57	0.140705	183.666
83	57.02	58	57	0.140705	183.804
84	57.02	58	57	0.140705	182.276
85	57.02	58	57	0.140705	173.326
86	57.03	58	57	0.171447	178.188
87	57.03	58	57	0.171447	177.25
88	57.04	58	57	0.196946	178.271
89	57.04	58	57	0.196946	179.103
90	57.05	58	57	0.219043	177.542
91	57.06	58	57	0.238683	176.62
92	57.06	58	57	0.238683	172.302
93	57.06	58	57	0.238683	162.81
94	57.07	58	57	0.256432	159.657
95	57.07	58	57	0.256432	159.653
96	57.08	58	57	0.27266	157.195
97	57.09	58	57	0.287623	147.433
98	57.09	58	57	0.287623	139.785
99	57.09	58	57	0.287623	141.246
100	57.09	58	57	0.287623	139.458
101	57.09	58	57	0.287623	137.985
102	57.11	58	57	0.314466	135.72
103	57.11	58	57	0.314466	140.878
104	57.12	58	57	0.326598	145.959
105	57.12	58	57	0.326598	147.684
106	57.12	58	57	0.326598	149.625
107	57.13	58	57	0.337997	146.971
108	57.14	58	57	0.348735	150.071
109	57.14	58	57	0.348735	151.161
110	57.14	58	57	0.348735	163.393
111	57.15	58	57	0.35887	165.542
112	57.15	58	57	0.35887	165.611
113	57.15	58	57	0.35887	168.377
114	57.18	58	57	0.386123	168.906
115	57.18	58	57	0.386123	166.732
116	57.2	58	57	0.402015	167.05
117	57.21	58	57	0.40936	165.971
118	57.24	58	57	0.429234	163.516
119	57.28	58	57	0.451261	161.271
120	57.29	58	57	0.456048	161.839
121	57.31	58	57	0.464824	163.43
122	57.33	58	57	0.472582	159.55
123	57.34	58	57	0.476096	162.238
124	57.37	58	57	0.485237	168.034
125	57.39	58	57	0.490207	167.947
126	57.42	58	57	0.496045	175.181
127	57.45	58	57	0.5	177.603
128	57.47	58	57	0.501614	178.282
129	57.47	58	57	0.501614	182.14
130	57.5	58	57	0.502519	183.122
131	57.51	58	57	0.502418	184.202
132	57.53	58	57	0.501614	185.436
133	57.55	58	57	0.5	184.74
134	57.56	58	57	0.498888	184.339
135	57.59	58	57	0.494311	185.375
136	57.61	58	57	0.490207	191.113
137	57.62	58	57	0.487832	195.152
138	57.63	58	57	0.485237	195.668
139	57.64	58	57	0.482418	194.749
140	57.66	58	57	0.476095	189.315
141	57.69	58	57	0.464823	187.906
142	57.74	58	57	0.440844	197.328
143	57.8	58	57	0.402015	209.466
144	57.86	58	57	0.348735	207.235
145	57.9	58	57	0.301511	208.042
146	57.92	58	57	0.27266	205.011
147	57.96	58	57	0.196946	208.941
148	57.96	58	57	0.196946	208.098
149	58	58	58	0	211.361
150	58	58	58	0	211.497
151	58	58	58	0	210.815
152	58	58	58	0	205.029
153	58	58	58	0	204.564
154	58	58	58	0	209.137
155	58	58	58	0	207.449
156	58	58	58	0	203.052
157	58	58	58	0	202.397
158	58	58	58	0	202.291
159	58	58	58	0	201.62
160	58	58	58	0	199.489
161	58	58	58	0	197.984
162	58	58	58	0	207.076
163	58	58	58	0	205.812
164	58	58	58	0	208.445
165	58	58	58	0	205.307
166	58	58	58	0	206.045
167	58	58	58	0	209.949
168	58	58	58	0	204.51
169	58	58	58	0	207.548
170	58	58	58	0	208.108
171	58	58	58	0	207.134
172	58	58	58	0	207.37
173	58	58	58	0	205.54
174	58	58	58	0	201.99
175	58	58	58	0	201.598
176	58	58	58	0	202.475
177	58	58	58	0	204.594
178	58	58	58	0	199.654
179	58	58	58	0	199.998
180	58	58	58	0	194.957
181	58	58	58	0	194.957
182	58	58	58	0	195.811
183	58	58	58	0	195.476
184	58	58	58	0	193.456
185	58	58	58	0	192.244
186	58	58	58	0	190.083
187	58	58	58	0	190.925
188	58	58	58	0	192.302
189	58	58	58	0	191.12
190	58	58	58	0	187.268
191	58	58	58	0	186.637
192	58	58	58	0	181.574
193	58	58	58	0	176.435
194	58	58	58	0	177.411
195	58	58	58	0	185.083
196	58	58	58	0	181.867
197	58	58	58	0	182.719
198	58	58	58	0	190.199
199	58	58	58	0	184.695
200	58	58	58	0	185.966
201	58	58	58	0	183.921
202	58	58	58	0	183.976
203	58	58	58	0	183.976
204	58	58	58	0	185.183
205	58	58	58	0	183.406
206	58	58	58	0	181.885
207	58	58	58	0	179.723
208	58	58	58	0	179.73
209	58	58	58	0	176.438
210	58	58	58	0	176.438
211	58	58	58	0	173.943
212	58	58	58	0	175.128
213	58	58	58	0	175.777
214	58	58	58	0	179.247
215	58	58	58	0	175.512
216	58	58	58	0	176.15
217	58	58	58	0	178.468
218	58	58	58	0	178.704
219	58	58	58	0	180.18
220	58	58	58	0	178.748
221	58	58	58	0	178.918
222	58	58	58	0	178.198
223	58	58	58	0	177.729
224	58	58	58	0	176.917
225	58	58	58	0	177.907
226	58	58	58	0	178.602
227	58	58	58	0	179.086
228	58	58	58	0	177.361
229	58	58	58	0	177.077
230	58	58	58	0	177.116
231	58	58	58	0	180.948
232	58	58	58	0	180.414
233	58	58	58	0	181.584
234	58	58	58	0	181.558
235	58	58	58	0	184.78
236	58	58	58	0	187.447
237	58	58	58	0	185.962
238	58	58	58	0	185.582
239	58	58	58	0	185.696
240	58	58	58	0	187.613
241	58	58	58	0	188.634
242	58	58	58	0	187.353
243	58	58	58	0	187.088
244	58	58	58	0	188.279
245	58	58	58	0	190.076
246	58	58	58	0	191.295
247	58	58	58	0	192.442
248	58	58	58	0	196.139
249	58	58	58	0	195.661
250	58	58	58	0	197.514
