0	44.35	50	30	4.94898	170.172
1	46.31	51	42	3.09348	151.388
2	47.06	51	44	2.63933	143.103
3	47.41	51	44	2.53897	143.34
4	48.03	51	44	2.13889	139.924
5	48.7	51	46	1.72621	134.97
6	49.15	54	46	1.50672	140.972
7	49.74	54	48	0.949428	123.596
8	50	54	48	0.828775	116.162
9	50.19	54	50	0.630776	110.418
10	50.21	54	50	0.640311	111.608
11	50.3	54	50	0.758787	103.343
12	50.43	54	50	0.879105	93.4216
13	50.53	54	50	0.904032	88.644
14	50.71	54	50	1.01797	93.3162
15	50.96	54	50	1.12744	91.1905
16	51.07	54	50	1.1033	92.5669
17	51.29	55	50	1.16597	95.7091
18	51.62	56	50	1.2373	88.3479
19	51.85	56	51	1.29782	84.9909
20	52.16	57	51	1.46832	88.6232
21	52.39	57	51	1.51687	91.2846
22	52.8	57	51	1.48392	86.0822
23	53.02	57	51	1.39248	86.2154
24	53.43	57	52	1.14816	87.3954
25	53.71	57	52	1.008	91.3273
26	53.93	57	52	0.843933	85.5958
27	54.16	57	53	0.614965	90.8071
28	54.24	57	54	0.552679	90.1996
29	54.29	57	54	0.591095	89.5889
30	54.3	57	54	0.594589	90.5859
31	54.32	57	54	0.601009	95.5806
32	54.34	57	54	0.606697	92.3743
33	54.35	57	54	0.609272	94.6925
34	54.37	57	54	0.613896	95.7046
35	54.39	57	54	0.617833	100.08
36	54.41	57	54	0.621094	102.065
37	54.44	57	54	0.624743	105.192
38	54.49	57	54	0.643459	109.415
39	54.49	57	54	0.643459	111.006
40	54.51	57	54	0.643459	111.425
41	54.52	57	54	0.643225	110.935
42	54.55	57	54	0.657129	111.818
43	54.57	57	54	0.655281	111.343
44	54.64	57	54	0.6745	118.519
45	54.68	57	54	0.679869	113.037
46	54.71	57	54	0.671121	108.461
47	54.77	57	54	0.649087	105.799
48	54.81	57	54	0.630777	101.593
49	54.84	57	54	0.614965	95.6881
50	54.9	57	54	0.57735	95.4543
51	54.96	57	54	0.530295	92.8392
52	54.99	57	54	0.502418	92.2681
53	55.03	57	54	0.481056	95.8596
54	55.08	57	54	0.442216	96.7747
55	55.13	57	55	0.366666	98.6044
56	55.14	57	55	0.376588	97.7812
57	55.16	57	55	0.394917	100.615
58	55.16	57	55	0.394917	102.952
59	55.17	57	55	0.403394	105.884
60	55.17	57	55	0.403394	108.306
61	55.19	57	55	0.419114	107.686
62	55.22	57	55	0.439927	106.052
63	55.23	57	55	0.446196	109.147
64	55.23	57	55	0.446196	112.244
65	55.24	57	55	0.452155	109.826
66	55.26	57	55	0.46319	114.365
67	55.27	57	55	0.468288	113.527
68	55.31	57	55	0.486069	122.247
69	55.32	57	55	0.489898	120.54
70	55.34	57	55	0.496859	128.13
71	55.34	57	55	0.496859	133.193
72	55.34	57	55	0.496859	136.994
73	55.36	57	55	0.502921	138.662
74	55.37	57	55	0.505625	141.772
75	55.41	57	55	0.533618	139.349
76	55.42	57	55	0.535224	143.129
77	55.43	57	55	0.536637	147.789
78	55.43	57	55	0.536637	150.743
79	55.46	57	55	0.539734	154.224
80	55.46	57	55	0.539734	153.901
81	55.48	57	55	0.540856	149.959
82	55.48	57	55	0.540856	150.996
83	55.5	57	55	0.559581	146.529
84	55.51	57	55	0.559491	136.739
85	55.51	57	55	0.559491	145.64
86	55.53	57	55	0.558769	143.551
87	55.53	57	55	0.558769	143.28
88	55.54	57	55	0.558136	141.454
89	55.57	57	55	0.555141	156.403
90	55.58	57	55	0.553775	158.585
91	55.61	57	55	0.548552	159.516
92	55.64	57	55	0.541603	167.911
93	55.64	57	55	0.541603	168.314
94	55.66	57	55	0.535978	170.04
95	55.69	57	55	0.525991	165.577
96	55.73	57	55	0.509605	165.342
97	55.76	57	55	0.494822	167.055
98	55.8	57	55	0.471405	168.318
99	55.83	57	55	0.472581	178.872
100	55.85	57	55	0.457817	180.278
101	55.87	57	55	0.441645	173.991
102	55.87	57	55	0.441645	174.591
103	55.92	57	55	0.393893	176.865
104	55.95	57	55	0.35887	176.787
105	55.97	57	55	0.331967	180.065
106	56	57	55	0.284268	173.672
107	56.04	57	56	0.196946	174.031
108	56.04	57	56	0.196946	183.996
109	56.04	57	56	0.196946	184.179
110	56.05	57	56	0.219043	184.291
111	56.05	57	56	0.219043	184.291
112	56.05	57	56	0.219043	183.053
113	56.05	57	56	0.219043	192.703
114	56.05	57	56	0.219043	188.815
115	56.05	57	56	0.219043	192.546
116	56.05	57	56	0.219043	192.546
117	56.05	57	56	0.219043	199.235
118	56.05	57	56	0.219043	193.294
119	56.05	57	56	0.219043	190.146
120	56.05	57	56	0.219043	179.15
121	56.05	57	56	0.219043	175.316
122	56.05	57	56	0.219043	179.857
123	56.06	57	56	0.238683	179.427
124	56.06	57	56	0.238683	179.806
125	56.06	57	56	0.238683	175.208
126	56.06	57	56	0.238683	175.477
127	56.06	57	56	0.238683	169.748
128	56.06	57	56	0.238683	177.192
129	56.06	57	56	0.238683	176.377
130	56.06	57	56	0.238683	176.377
131	56.06	57	56	0.238683	178.88
132	56.06	57	56	0.238683	184.459
133	56.06	57	56	0.238683	183.538
134	56.06	57	56	0.238683	183.854
135	56.06	57	56	0.238683	187.297
136	56.06	57	56	0.238683	195.075
137	56.06	57	56	0.238683	201.237
138	56.06	57	56	0.238683	200.074
139	56.06	57	56	0.238683	201.345
140	56.06	57	56	0.238683	202.255
141	56.06	57	56	0.238683	197.202
142	56.06	57	56	0.238683	197.976
143	56.07	57	56	0.256432	197.715
144	56.07	57	56	0.256432	203.879
145	56.07	57	56	0.256432	197.334
146	56.07	57	56	0.256432	184.138
147	56.07	57	56	0.256432	178.146
148	56.07	57	56	0.256432	171.401
149	56.07	57	56	0.256432	171.393
150	56.07	57	56	0.256432	180.539
151	56.07	57	56	0.256432	173.989
152	56.07	57	56	0.256432	175.794
153	56.08	57	56	0.27266	175.895
154	56.08	57	56	0.27266	172.368
155	56.08	57	56	0.27266	173.648
156	56.08	57	56	0.27266	176.933
157	56.08	57	56	0.27266	178.087
158	56.08	57	56	0.27266	167.998
159	56.08	57	56	0.27266	166.713
160	56.09	57	56	0.287623	169.213
161	56.1	57	56	0.301511	164.071
162	56.1	57	56	0.301511	165.269
163	56.1	57	56	0.301511	162.223
164	56.11	57	56	0.314466	163.422
165	56.11	57	56	0.314466	159.609
166	56.11	57	56	0.314466	157.74
167	56.11	57	56	0.314466	150.494
168	56.12	57	56	0.326598	159.619
169	56.12	57	56	0.326598	159.498
170	56.12	57	56	0.326598	157.223
171	56.12	57	56	0.326598	158.371
172	56.12	57	56	0.326598	160.436
173	56.12	57	56	0.326598	164.985
174	56.13	57	56	0.337997	164.227
175	56.13	57	56	0.337997	165.624
176	56.13	57	56	0.337997	160.515
177	56.14	57	56	0.348735	165.251
178	56.15	57	56	0.35887	176.957
179	56.15	57	56	0.35887	178.228
180	56.15	57	56	0.35887	180.398
181	56.16	57	56	0.368452	187.136
182	56.16	57	56	0.368452	191.636
183	56.17	57	56	0.377525	191.628
184	56.17	57	56	0.377525	192.029
185	56.17	57	56	0.377525	194.751
186	56.17	57	56	0.377525	196.005
187	56.17	57	56	0.377525	198.72
188	56.17	57	56	0.377525	191.725
189	56.18	57	56	0.386123	195.827
190	56.19	57	56	0.394277	204.598
191	56.19	57	56	0.394277	201.561
192	56.19	57	56	0.394277	196.807
193	56.19	57	56	0.394277	196.803
194	56.19	57	56	0.394277	198.144
195	56.19	57	56	0.394277	197.383
196	56.19	57	56	0.394277	194.656
197	56.2	57	56	0.402015	194.982
198	56.22	57	56	0.416334	186.401
199	56.24	57	56	0.429234	183.843
200	56.24	57	56	0.429234	175.701
201	56.25	57	56	0.435194	177.771
202	56.25	57	56	0.435194	174.399
203	56.26	57	56	0.440844	179.637
204	56.3	57	56	0.460566	172.457
205	56.31	57	56	0.464824	172.52
206	56.32	57	56	0.468826	172.613
207	56.33	57	56	0.472582	181.001
208	56.38	57	56	0.487832	171.906
209	56.39	57	56	0.490207	167.203
210	56.42	57	56	0.496045	156.715
211	56.42	57	56	0.496045	160.347
212	56.45	57	56	0.5	163.047
213	56.46	57	56	0.500908	161.783
214	56.47	57	56	0.501614	161.02
215	56.48	57	56	0.502117	165.953
216	56.5	57	56	0.502519	164.586
217	56.52	57	56	0.502117	171.196
218	56.55	57	56	0.5	167.926
219	56.62	57	56	0.487832	163.807
220	56.68	57	56	0.468826	180.996
221	56.7	57	56	0.460566	181.761
222	56.75	57	56	0.435194	181.197
223	56.76	57	56	0.429235	181.851
224	56.8	57	56	0.402015	185.293
225	56.83	57	56	0.377525	187.548
226	56.88	57	56	0.326599	196.674
227	56.93	57	56	0.256432	213.717
228	56.95	57	56	0.219043	221.663
229	57	57	57	0	213.287
230	57	57	57	0	213.461
231	57	57	57	0	211.742
232	57	57	57	0	218.649
233	57	57	57	0	219.072
234	57	57	57	0	219.072
235	57.01	58	57	0.0999999	221.274
236	57.01	58	57	0.0999999	219.45
237	57.01	58	57	0.0999999	220.299
238	57.01	58	57	0.0999999	224.446
239	57.01	58	57	0.0999999	226.772
240	57.01	58	57	0.0999999	227.151
241	57.01	58	57	0.0999999	225.916
242	57.01	58	57	0.0999999	224.889
243	57.01	58	57	0.0999999	226.02
244	57.01	58	57	0.0999999	219.448
245	57.01	58	57	0.0999999	216.115
246	57.01	58	57	0.0999999	214.54
247	57.01	58	57	0.0999999	214.199
248	57.01	58	57	0.0999999	214.139
249	57.01	58	57	0.0999999	202.447
250	57.01	58	57	0.0999999	202.133
