0	0.0619521	0.975412	0.00010001	0.154899	-1
1	0.112469	0.975412	0.00010001	0.177926	-1
2	0.16508	0.990423	0.00010001	0.195906	-1
3	0.200986	1.09172	0.0685823	0.20565	-1
4	0.2299	1.09172	0.0934717	0.211202	-1
5	0.277125	1.09172	0.114628	0.240083	-1
6	0.281116	1.09172	0.12109	0.241342	-1
7	0.319784	1.09172	0.131181	0.261686	-1
8	0.325969	1.09172	0.138226	0.259249	-1
9	0.350956	1.09172	0.144839	0.27236	-1
10	0.378558	1.09172	0.153134	0.281089	-1
11	0.388177	1.09172	0.161101	0.277301	-1
12	0.404444	1.09172	0.167868	0.282605	-1
13	0.412332	1.09172	0.170751	0.278188	-1
14	0.425077	1.09172	0.178235	0.274172	-1
15	0.426173	1.09172	0.183172	0.27329	-1
16	0.447925	1.09172	0.19167	0.275129	-1
17	0.461974	1.09172	0.201557	0.275686	-1
18	0.471905	1.09172	0.208805	0.271964	-1
19	0.480397	1.09172	0.213648	0.270514	-1
20	0.482847	1.09172	0.215828	0.268452	-1
21	0.490905	1.09172	0.221217	0.266373	-1
22	0.498363	1.09172	0.239162	0.262494	-1
23	0.506406	1.09172	0.242487	0.262067	-1
24	0.51991	1.09172	0.247981	0.259789	-1
25	0.525407	1.09172	0.254749	0.25816	-1
26	0.539674	1.09172	0.271707	0.255237	-1
27	0.556114	1.09172	0.280469	0.255819	-1
28	0.560463	1.09172	0.286415	0.252868	-1
29	0.571744	1.09172	0.294651	0.247579	-1
30	0.571744	1.09172	0.294651	0.247579	-1
31	0.590043	1.09172	0.300117	0.244526	-1
32	0.606448	1.09172	0.317033	0.240331	-1
33	0.606956	1.09172	0.317033	0.240722	-1
34	0.615147	1.09172	0.319672	0.236696	-1
35	0.618656	1.09172	0.337053	0.234095	-1
36	0.622264	1.09172	0.337896	0.23113	-1
37	0.624041	1.09172	0.341738	0.229376	-1
38	0.624171	1.09172	0.346139	0.229217	-1
39	0.624435	1.09172	0.349713	0.228909	-1
40	0.624857	1.09172	0.350631	0.228436	-1
41	0.633731	1.09172	0.360255	0.225082	-1
42	0.635693	1.09172	0.360784	0.223545	-1
43	0.637863	1.09172	0.363508	0.221123	-1
44	0.640437	1.09172	0.364884	0.219388	-1
45	0.641636	1.09172	0.369977	0.218162	-1
46	0.651184	1.09172	0.376233	0.21682	-1
47	0.667469	1.09172	0.390154	0.216223	-1
48	0.680234	1.09172	0.394245	0.20943	-1
49	0.685128	1.09172	0.394751	0.208395	-1
50	0.696896	1.09172	0.418997	0.202663	-1
51	0.702555	1.09172	0.419122	0.20088	-1
52	0.708271	1.09172	0.419612	0.200396	-1
53	0.710294	1.09172	0.420894	0.198571	-1
54	0.720821	1.09172	0.421323	0.19631	-1
55	0.733884	1.13277	0.426225	0.193703	-1
56	0.737476	1.13277	0.429106	0.192132	-1
57	0.742266	1.13277	0.430041	0.190184	-1
58	0.745621	1.13277	0.436898	0.186611	-1
59	0.751019	1.13277	0.443232	0.184867	-1
60	0.752476	1.13277	0.451636	0.18337	-1
61	0.752476	1.13277	0.451636	0.18337	-1
62	0.759635	1.13277	0.462063	0.178458	-1
63	0.760571	1.13277	0.47062	0.177282	-1
64	0.765453	1.13277	0.471569	0.175933	-1
65	0.768397	1.13277	0.473105	0.173524	-1
66	0.768402	1.13277	0.473105	0.17352	-1
67	0.774573	1.13277	0.494142	0.169159	-1
68	0.775152	1.13277	0.514942	0.168516	-1
69	0.775152	1.13277	0.514942	0.168516	-1
70	0.777814	1.13277	0.519593	0.16638	-1
71	0.792762	1.13277	0.527675	0.160623	-1
72	0.793293	1.13277	0.527675	0.160903	-1
73	0.799295	1.13277	0.537523	0.156493	-1
74	0.802933	1.13277	0.538521	0.154395	-1
75	0.804429	1.13277	0.538997	0.152589	-1
76	0.804586	1.13277	0.538997	0.152419	-1
77	0.805113	1.13277	0.540099	0.15158	-1
78	0.805127	1.13277	0.54149	0.151556	-1
79	0.809795	1.13277	0.552433	0.149904	-1
80	0.810347	1.13277	0.552433	0.149772	-1
81	0.811395	1.13277	0.56177	0.148308	-1
82	0.811543	1.13277	0.56177	0.148138	-1
83	0.811543	1.13277	0.56177	0.148138	-1
84	0.811543	1.13277	0.56177	0.148138	-1
85	0.814142	1.13277	0.565345	0.145976	-1
86	0.814285	1.13277	0.565345	0.14583	-1
87	0.814285	1.13277	0.565345	0.14583	-1
88	0.816448	1.13277	0.575191	0.143101	-1
89	0.8221	1.13277	0.591716	0.141597	-1
90	0.822635	1.13277	0.591716	0.141904	-1
91	0.822635	1.13277	0.591716	0.141904	-1
92	0.842484	1.13277	0.616025	0.132976	-1
93	0.843501	1.13277	0.616025	0.134017	-1
94	0.843597	1.13277	0.619994	0.133857	-1
95	0.845632	1.13277	0.620905	0.131956	-1
96	0.848194	1.13277	0.625554	0.129916	-1
97	0.854442	1.13277	0.634738	0.126215	-1
98	0.857954	1.13277	0.640035	0.124414	-1
99	0.869583	1.13277	0.663777	0.117653	-1
100	0.869958	1.13277	0.663777	0.117569	-1
101	0.870005	1.13277	0.663777	0.117503	-1
102	0.874124	1.13277	0.679506	0.114423	-1
103	0.881267	1.13277	0.698553	0.109372	-1
104	0.884304	1.13277	0.702031	0.108158	-1
105	0.884667	1.13277	0.702031	0.108121	-1
106	0.884794	1.13277	0.702031	0.107925	-1
107	0.887317	1.13277	0.706722	0.106273	-1
108	0.887773	1.13277	0.706722	0.106049	-1
109	0.889961	1.13277	0.711641	0.1045	-1
110	0.892145	1.13277	0.71339	0.102899	-1
111	0.892208	1.13277	0.71339	0.102891	-1
112	0.89222	1.13277	0.71339	0.102873	-1
113	0.895746	1.13277	0.726118	0.100976	-1
114	0.896159	1.13277	0.726118	0.100965	-1
115	0.896159	1.13277	0.726118	0.100965	-1
116	0.896159	1.13277	0.726118	0.100965	-1
117	0.896159	1.13277	0.726118	0.100965	-1
118	0.896257	1.13277	0.727262	0.100803	-1
119	0.904904	1.13277	0.735895	0.0956958	-1
120	0.905217	1.13277	0.735895	0.0955775	-1
121	0.907533	1.13277	0.735995	0.0942293	-1
122	0.910597	1.13277	0.747242	0.0914167	-1
123	0.910791	1.13277	0.747242	0.091221	-1
124	0.910791	1.13277	0.747242	0.091221	-1
125	0.910791	1.13277	0.747242	0.091221	-1
126	0.913362	1.13277	0.755414	0.0901824	-1
127	0.917292	1.13277	0.762971	0.0864871	-1
128	0.917345	1.13277	0.762971	0.0864721	-1
129	0.917385	1.13277	0.767011	0.0864002	-1
130	0.917385	1.13277	0.767011	0.0864002	-1
131	0.917385	1.13277	0.767011	0.0864002	-1
132	0.917385	1.13277	0.767011	0.0864002	-1
133	0.91916	1.13277	0.767011	0.0850932	-1
134	0.921951	1.13277	0.777781	0.0825743	-1
135	0.922158	1.13277	0.777781	0.0824743	-1
136	0.922158	1.13277	0.777781	0.0824743	-1
137	0.9241	1.13277	0.778791	0.0813188	-1
138	0.925883	1.13277	0.782938	0.0792627	-1
139	0.927093	1.13277	0.783615	0.0779519	-1
140	0.927111	1.13277	0.783615	0.0779353	-1
141	0.927111	1.13277	0.783615	0.0779353	-1
142	0.927111	1.13277	0.783615	0.0779353	-1
143	0.927111	1.13277	0.783615	0.0779353	-1
144	0.927111	1.13277	0.783615	0.0779353	-1
145	0.927111	1.13277	0.783615	0.0779353	-1
146	0.927111	1.13277	0.783615	0.0779353	-1
147	0.927111	1.13277	0.783615	0.0779353	-1
148	0.927111	1.13277	0.783615	0.0779353	-1
149	0.928969	1.13277	0.783677	0.0766841	-1
150	0.929216	1.13277	0.783677	0.0766473	-1
