0	0.044839	0.937886	0.00010001	0.111182	-1
1	0.0921123	0.937886	0.00010001	0.136221	-1
2	0.127233	0.937886	0.00010001	0.128681	-1
3	0.164368	0.937886	0.0669678	0.134691	-1
4	0.20516	1.00224	0.0883493	0.180192	-1
5	0.238066	1.00224	0.100688	0.191319	-1
6	0.25194	1.00224	0.112601	0.19982	-1
7	0.272756	1.00224	0.121312	0.211626	-1
8	0.279573	1.00224	0.128328	0.209793	-1
9	0.316152	1.00224	0.140405	0.232372	-1
10	0.326324	1.00224	0.145212	0.236646	-1
11	0.360514	1.00224	0.158728	0.237058	-1
12	0.373271	1.00224	0.165342	0.233633	-1
13	0.378601	1.00224	0.17008	0.231511	-1
14	0.395104	1.00224	0.177255	0.231833	-1
15	0.400832	1.00224	0.183154	0.228508	-1
16	0.406619	1.00224	0.18575	0.22584	-1
17	0.436389	1.00224	0.197914	0.233831	-1
18	0.451429	1.00224	0.214106	0.228109	-1
19	0.467052	1.00224	0.234741	0.223858	-1
20	0.469623	1.00224	0.236342	0.222719	-1
21	0.482443	1.00224	0.240082	0.221298	-1
22	0.486835	1.00224	0.243078	0.218798	-1
23	0.516304	1.00224	0.262178	0.216827	-1
24	0.531408	1.09637	0.270811	0.219449	-1
25	0.555536	1.09637	0.300805	0.224379	-1
26	0.570857	1.09637	0.308125	0.22841	-1
27	0.572223	1.09637	0.312626	0.227984	-1
28	0.579634	1.09637	0.316595	0.2272	-1
29	0.584451	1.09637	0.317761	0.224333	-1
30	0.593411	1.09637	0.324617	0.222339	-1
31	0.604825	1.09637	0.335692	0.223313	-1
32	0.620662	1.09637	0.342171	0.223699	-1
33	0.626488	1.09637	0.347885	0.221991	-1
34	0.628695	1.09637	0.352246	0.220519	-1
35	0.637544	1.09637	0.359289	0.218696	-1
36	0.644431	1.09637	0.362838	0.219467	-1
37	0.644981	1.09637	0.362838	0.219824	-1
38	0.654069	1.09637	0.373329	0.21835	-1
39	0.660416	1.09637	0.376824	0.218529	-1
40	0.668761	1.09637	0.380591	0.217094	-1
41	0.669707	1.09637	0.380591	0.217459	-1
42	0.67189	1.09637	0.383805	0.215073	-1
43	0.674302	1.09637	0.399953	0.212548	-1
44	0.674419	1.09637	0.399953	0.212423	-1
45	0.674939	1.09637	0.405219	0.211835	-1
46	0.679749	1.09637	0.40608	0.211109	-1
47	0.688002	1.09637	0.414894	0.207189	-1
48	0.695124	1.09637	0.420457	0.20178	-1
49	0.695394	1.09637	0.420457	0.201724	-1
50	0.707251	1.09637	0.432718	0.195761	-1
51	0.707618	1.09637	0.432718	0.195987	-1
52	0.713082	1.09637	0.43534	0.195861	-1
53	0.727599	1.09637	0.448848	0.190226	-1
54	0.732296	1.09637	0.454826	0.188932	-1
55	0.73272	1.09637	0.454826	0.188569	-1
56	0.73272	1.09637	0.454826	0.188569	-1
57	0.745395	1.09637	0.486961	0.177871	-1
58	0.74872	1.09637	0.491341	0.174508	-1
59	0.753582	1.09637	0.498659	0.173106	-1
60	0.759956	1.09637	0.500719	0.17149	-1
61	0.765376	1.09637	0.508744	0.170345	-1
62	0.770528	1.09637	0.510062	0.169454	-1
63	0.771693	1.09637	0.510062	0.169529	-1
64	0.772276	1.09637	0.511738	0.168719	-1
65	0.772337	1.09637	0.511738	0.168629	-1
66	0.772338	1.09637	0.511867	0.168627	-1
67	0.772338	1.09637	0.511867	0.168627	-1
68	0.774496	1.09637	0.511867	0.166629	-1
69	0.778973	1.09637	0.517456	0.16528	-1
70	0.780145	1.09637	0.517456	0.165267	-1
71	0.78358	1.09637	0.521915	0.16331	-1
72	0.793395	1.09637	0.5233	0.158062	-1
73	0.80156	1.09637	0.554643	0.151551	-1
74	0.811067	1.09637	0.568323	0.146178	-1
75	0.811805	1.09637	0.576982	0.145775	-1
76	0.811819	1.09637	0.576982	0.145785	-1
77	0.819343	1.09637	0.578452	0.143131	-1
78	0.825817	1.15753	0.579065	0.14481	-1
79	0.83107	1.15753	0.57981	0.143763	-1
80	0.832162	1.15753	0.57981	0.143857	-1
81	0.832309	1.15753	0.589549	0.143604	-1
82	0.836413	1.15753	0.592124	0.142456	-1
83	0.837443	1.15753	0.592124	0.142545	-1
84	0.841181	1.15753	0.594546	0.140939	-1
85	0.841936	1.15753	0.594546	0.140984	-1
86	0.841936	1.15753	0.594546	0.140984	-1
87	0.84548	1.15753	0.601336	0.139145	-1
88	0.849281	1.15753	0.606358	0.137229	-1
89	0.849911	1.15753	0.606358	0.136762	-1
90	0.849911	1.15753	0.606358	0.136762	-1
91	0.849911	1.15753	0.606358	0.136762	-1
92	0.849911	1.15753	0.606358	0.136762	-1
93	0.849911	1.15753	0.606358	0.136762	-1
94	0.853989	1.15753	0.61085	0.134551	-1
95	0.854475	1.15753	0.61085	0.134308	-1
96	0.856422	1.15753	0.614982	0.131821	-1
97	0.863438	1.15753	0.637906	0.128053	-1
98	0.866456	1.15753	0.637927	0.125825	-1
99	0.872002	1.15753	0.644563	0.119738	-1
100	0.876121	1.15753	0.646003	0.114134	-1
101	0.877352	1.15753	0.647531	0.112272	-1
102	0.879709	1.15753	0.667585	0.109379	-1
103	0.880152	1.15753	0.667585	0.109058	-1
104	0.880152	1.15753	0.667585	0.109058	-1
105	0.880407	1.15753	0.669724	0.108585	-1
106	0.884702	1.15753	0.673208	0.103001	-1
107	0.894656	1.15753	0.693079	0.0960496	-1
108	0.897081	1.15753	0.702042	0.09394	-1
109	0.897592	1.15753	0.702042	0.0935693	-1
110	0.897592	1.15753	0.702042	0.0935693	-1
111	0.898789	1.15753	0.716805	0.0917909	-1
112	0.898941	1.15753	0.716805	0.091619	-1
113	0.898941	1.15753	0.716805	0.091619	-1
114	0.898941	1.15753	0.716805	0.091619	-1
115	0.898941	1.15753	0.716805	0.091619	-1
116	0.899515	1.15753	0.725783	0.0906414	-1
117	0.902569	1.15753	0.727655	0.0898457	-1
118	0.905843	1.15753	0.741458	0.0881968	-1
119	0.906818	1.15753	0.742839	0.0873552	-1
120	0.907429	1.15753	0.746582	0.0863933	-1
121	0.90743	1.15753	0.746582	0.0863909	-1
122	0.908141	1.15753	0.74943	0.0853404	-1
123	0.908153	1.15753	0.74943	0.0853224	-1
124	0.908291	1.15753	0.756455	0.0850683	-1
125	0.908454	1.15753	0.757165	0.0847898	-1
126	0.908505	1.15753	0.757165	0.0847006	-1
127	0.910751	1.15753	0.762193	0.0836181	-1
128	0.911604	1.15753	0.762193	0.0833175	-1
129	0.911604	1.15753	0.762193	0.0833175	-1
130	0.912911	1.15753	0.762193	0.0819641	-1
131	0.913025	1.15753	0.762193	0.0818873	-1
132	0.914046	1.15753	0.763639	0.0806139	-1
133	0.914286	1.15753	0.763639	0.0803772	-1
134	0.914316	1.15753	0.766653	0.0803207	-1
135	0.915884	1.15753	0.766653	0.0789273	-1
136	0.916128	1.15753	0.766653	0.0787625	-1
137	0.920613	1.15753	0.772742	0.0743018	-1
138	0.92092	1.15753	0.772742	0.0741883	-1
139	0.921156	1.15753	0.774172	0.0737482	-1
140	0.921156	1.15753	0.774172	0.0737482	-1
141	0.921156	1.15753	0.774172	0.0737482	-1
142	0.921156	1.15753	0.774172	0.0737482	-1
143	0.921156	1.15753	0.774172	0.0737482	-1
144	0.923048	1.15753	0.780906	0.0714585	-1
145	0.923399	1.15753	0.780906	0.0711742	-1
146	0.923861	1.15753	0.781073	0.0703857	-1
147	0.923897	1.15753	0.781073	0.0703314	-1
148	0.923897	1.15753	0.781073	0.0703314	-1
149	0.923897	1.15753	0.781073	0.0703314	-1
150	0.927181	1.15753	0.792548	0.0682715	-1
