0	0.0371789	0.967975	0.00010001	0.113746	-1
1	0.0853923	0.967975	0.00010001	0.171825	-1
2	0.12767	0.967975	0.00010001	0.18226	-1
3	0.177966	0.967975	0.0501558	0.177244	-1
4	0.21129	0.967975	0.0744452	0.18302	-1
5	0.25149	0.967975	0.101614	0.196755	-1
6	0.297614	0.967975	0.118329	0.231303	-1
7	0.320592	0.967975	0.127572	0.243675	-1
8	0.328151	0.967975	0.132316	0.243041	-1
9	0.350725	0.967975	0.149035	0.243012	-1
10	0.375808	0.967975	0.159958	0.249793	-1
11	0.408902	0.967975	0.172099	0.250549	-1
12	0.427095	0.967975	0.1926	0.245024	-1
13	0.446538	1.02706	0.201784	0.248464	-1
14	0.466984	1.02706	0.217145	0.247737	-1
15	0.47354	1.02706	0.223583	0.244405	-1
16	0.485702	1.02706	0.227395	0.24394	-1
17	0.504148	1.02706	0.239853	0.241126	-1
18	0.50756	1.02706	0.241557	0.239872	-1
19	0.51855	1.02706	0.256312	0.233092	-1
20	0.544265	1.02706	0.271188	0.227639	-1
21	0.549733	1.02706	0.27417	0.224072	-1
22	0.567391	1.02706	0.282727	0.224778	-1
23	0.572274	1.02706	0.283936	0.222703	-1
24	0.599374	1.02706	0.29903	0.214185	-1
25	0.604825	1.02706	0.302122	0.212365	-1
26	0.630605	1.02706	0.311908	0.200949	-1
27	0.638831	1.02706	0.316167	0.199521	-1
28	0.644651	1.02706	0.316517	0.198422	-1
29	0.646586	1.02706	0.320147	0.196784	-1
30	0.648052	1.02706	0.349132	0.194712	-1
31	0.648057	1.02706	0.349132	0.194706	-1
32	0.648966	1.02706	0.352144	0.193505	-1
33	0.657676	1.02706	0.3861	0.184381	-1
34	0.663067	1.02706	0.396959	0.183756	-1
35	0.672356	1.02706	0.406488	0.182265	-1
36	0.674025	1.02706	0.406488	0.183075	-1
37	0.674025	1.02706	0.406488	0.183075	-1
38	0.674025	1.02706	0.406488	0.183075	-1
39	0.674025	1.02706	0.406488	0.183075	-1
40	0.674879	1.02706	0.411946	0.182011	-1
41	0.674985	1.02706	0.411946	0.181875	-1
42	0.678245	1.02706	0.413466	0.179724	-1
43	0.679814	1.02706	0.418849	0.178157	-1
44	0.679959	1.02706	0.418849	0.177974	-1
45	0.685256	1.02706	0.419457	0.178007	-1
46	0.695521	1.02706	0.428545	0.170495	-1
47	0.695962	1.02706	0.428545	0.170217	-1
48	0.695962	1.02706	0.428545	0.170217	-1
49	0.696924	1.02706	0.42985	0.168957	-1
50	0.698647	1.02706	0.432547	0.167033	-1
51	0.707649	1.02706	0.442326	0.163575	-1
52	0.710219	1.02706	0.452366	0.163114	-1
53	0.710429	1.02706	0.452366	0.162835	-1
54	0.722657	1.02935	0.45713	0.161226	-1
55	0.72527	1.02935	0.459956	0.161194	-1
56	0.727089	1.02935	0.465882	0.159159	-1
57	0.735634	1.02935	0.482353	0.156134	-1
58	0.737305	1.02935	0.491888	0.155106	-1
59	0.738731	1.02935	0.494511	0.153454	-1
60	0.755693	1.02935	0.521581	0.142432	-1
61	0.759098	1.02935	0.52968	0.138243	-1
62	0.763719	1.02935	0.52968	0.138064	-1
63	0.765148	1.02935	0.52968	0.138678	-1
64	0.768161	1.02935	0.532912	0.13559	-1
65	0.784242	1.14594	0.553007	0.13472	-1
66	0.789191	1.14594	0.567892	0.131855	-1
67	0.797494	1.14594	0.589008	0.126234	-1
68	0.802898	1.14594	0.603989	0.122728	-1
69	0.80513	1.14594	0.612986	0.121404	-1
70	0.809932	1.14594	0.620951	0.117566	-1
71	0.81066	1.14594	0.620951	0.117405	-1
72	0.816228	1.14594	0.630583	0.114779	-1
73	0.817201	1.14594	0.630583	0.114544	-1
74	0.817248	1.14594	0.630583	0.114579	-1
75	0.820709	1.14594	0.632276	0.114082	-1
76	0.825101	1.14594	0.634264	0.113124	-1
77	0.82634	1.14594	0.634264	0.113278	-1
78	0.827699	1.14594	0.639233	0.111756	-1
79	0.828058	1.14594	0.639233	0.111411	-1
80	0.83182	1.14594	0.643824	0.111322	-1
81	0.833468	1.14594	0.643824	0.111911	-1
82	0.834479	1.14594	0.655808	0.11063	-1
83	0.834713	1.14594	0.655808	0.110343	-1
84	0.834713	1.14594	0.655808	0.110343	-1
85	0.834764	1.14594	0.660836	0.110261	-1
86	0.834764	1.14594	0.660836	0.110261	-1
87	0.835393	1.14594	0.660836	0.109435	-1
88	0.838612	1.14594	0.669845	0.108643	-1
89	0.839844	1.14594	0.672181	0.108259	-1
90	0.842519	1.14594	0.675877	0.107375	-1
91	0.843944	1.14594	0.678971	0.106765	-1
92	0.848475	1.14594	0.691707	0.104366	-1
93	0.852157	1.14594	0.695671	0.103659	-1
94	0.8535	1.14594	0.696575	0.10361	-1
95	0.854963	1.14594	0.697161	0.102398	-1
96	0.85952	1.14594	0.699992	0.100364	-1
97	0.867036	1.14594	0.716287	0.0969804	-1
98	0.869117	1.14594	0.720519	0.0956317	-1
99	0.869491	1.14594	0.720519	0.0954795	-1
100	0.876278	1.14594	0.725069	0.0926684	-1
101	0.879841	1.14594	0.728415	0.0901309	-1
102	0.883231	1.14594	0.728565	0.0893128	-1
103	0.890043	1.14594	0.73572	0.087125	-1
104	0.895415	1.14594	0.741634	0.0835323	-1
105	0.896529	1.14594	0.741634	0.0833321	-1
106	0.899624	1.14594	0.744923	0.0830049	-1
107	0.900593	1.14594	0.744923	0.0832232	-1
108	0.900703	1.14594	0.744923	0.0833135	-1
109	0.900814	1.14594	0.744923	0.0834036	-1
110	0.900996	1.14594	0.744923	0.0835923	-1
111	0.901053	1.14594	0.744923	0.0836445	-1
112	0.901118	1.14594	0.744923	0.0836788	-1
113	0.901322	1.14594	0.746472	0.0837629	-1
114	0.905178	1.14594	0.755716	0.0804667	-1
115	0.907771	1.14594	0.760637	0.0786841	-1
116	0.91158	1.14594	0.760772	0.0788852	-1
117	0.914498	1.14594	0.766639	0.0786337	-1
118	0.915284	1.14594	0.766639	0.0779053	-1
119	0.915394	1.14594	0.769883	0.077884	-1
120	0.915963	1.14594	0.769883	0.0771019	-1
121	0.91648	1.14594	0.769883	0.0766708	-1
122	0.9173	1.14594	0.78386	0.0756081	-1
123	0.91751	1.14594	0.78386	0.0753306	-1
124	0.922222	1.14594	0.80189	0.070217	-1
125	0.92243	1.14594	0.80189	0.0700617	-1
126	0.922515	1.14594	0.80189	0.0700621	-1
127	0.922584	1.14594	0.80189	0.0701157	-1
128	0.922601	1.14594	0.80189	0.0701307	-1
129	0.922628	1.14594	0.80189	0.070154	-1
130	0.924807	1.14594	0.803475	0.0697485	-1
131	0.92586	1.14594	0.803475	0.0697882	-1
132	0.92587	1.14594	0.803964	0.0697708	-1
133	0.925887	1.14594	0.803964	0.0697412	-1
134	0.925887	1.14594	0.803964	0.0697412	-1
135	0.925887	1.14594	0.803964	0.0697412	-1
136	0.925887	1.14594	0.803964	0.0697412	-1
137	0.925887	1.14594	0.803964	0.0697412	-1
138	0.926803	1.14594	0.803964	0.0687175	-1
139	0.927128	1.14594	0.803964	0.0683733	-1
140	0.927696	1.14594	0.805656	0.0675708	-1
141	0.927815	1.14594	0.805656	0.0674057	-1
142	0.932217	1.14594	0.810218	0.0642089	-1
143	0.935766	1.14594	0.819631	0.0621047	-1
144	0.936521	1.14594	0.819631	0.061806	-1
145	0.938522	1.14594	0.831563	0.0608991	-1
146	0.940092	1.14594	0.831956	0.0600111	-1
147	0.94035	1.14594	0.831956	0.0598033	-1
148	0.942318	1.14594	0.838133	0.0594075	-1
149	0.943185	1.14594	0.838133	0.0596527	-1
150	0.945433	1.14594	0.842665	0.0570715	-1
