0	41.9	51	34	5.85852	175.622
1	46.4	51	42	3.13404	136.933
2	46.5	51	42	3.2059	116.6
3	46.7	51	44	2.94581	130.267
4	46.7	51	44	2.94581	130.267
5	47.5	52	44	3.2059	123.8
6	48.2	52	44	3.08401	112.867
7	50.4	54	48	1.64655	146.711
8	50.4	54	48	1.64655	147.289
9	50.6	54	49	1.42984	146.867
10	51.1	54	50	1.66333	160.133
11	51.1	54	50	1.66333	160.133
12	51.1	54	50	1.66333	160.133
13	51.3	54	50	1.63639	159.489
14	51.7	54	50	1.76698	150.844
15	52.1	54	50	1.79196	147.822
16	52.5	54	50	1.71594	136.556
17	53.3	54	51	1.1595	106.956
18	53.6	54	52	0.843274	107.111
19	53.6	54	52	0.843274	107.111
20	54	54	54	0	86.9333
21	54	54	54	0	90.1778
22	54	54	54	0	90.1778
23	54	54	54	0	90.1778
24	54	54	54	0	94.1778
25	54	54	54	0	94.1778
26	54	54	54	0	94.1778
27	54	54	54	0	109.489
28	54	54	54	0	109.489
29	54	54	54	0	95.0444
30	54	54	54	0	95.0444
31	54	54	54	0	92.9556
32	54	54	54	0	89.5778
33	54	54	54	0	89.5778
34	54	54	54	0	89.5778
35	54	54	54	0	89.5778
36	54	54	54	0	147.533
37	54	54	54	0	147.533
38	54	54	54	0	146.511
39	54	54	54	0	148.311
40	54	54	54	0	148.311
41	54	54	54	0	166.267
42	54	54	54	0	165
43	54	54	54	0	179.911
44	54	54	54	0	179.911
45	54	54	54	0	179.911
46	54	54	54	0	187.178
47	54	54	54	0	186.444
48	54	54	54	0	185.289
49	54	54	54	0	185.289
50	54	54	54	0	184.089
51	54	54	54	0	190.156
52	54	54	54	0	189.156
53	54	54	54	0	189.156
54	54	54	54	0	189.156
55	54	54	54	0	189.156
56	54	54	54	0	189.156
57	54	54	54	0	200.511
58	54	54	54	0	200.511
59	54	54	54	0	200.511
60	54	54	54	0	197.8
61	54	54	54	0	197.8
62	54	54	54	0	212.889
63	54	54	54	0	211.8
64	54	54	54	0	211.8
65	54	54	54	0	211.8
66	54	54	54	0	194.733
67	54	54	54	0	194.733
68	54	54	54	0	181.356
69	54	54	54	0	181.356
70	54	54	54	0	157.733
71	54	54	54	0	167.8
72	54	54	54	0	162.933
73	54	54	54	0	163.444
74	54	54	54	0	163.444
75	54	54	54	0	163.444
76	54.1	55	54	0.316228	150.578
77	54.1	55	54	0.316228	147.267
78	54.2	55	54	0.421637	129.733
79	54.2	55	54	0.421637	129.2
80	54.2	55	54	0.421637	122.6
81	54.2	55	54	0.421637	109.244
82	54.2	55	54	0.421637	90.8222
83	54.2	55	54	0.421637	104.756
84	54.2	55	54	0.421637	117.311
85	54.2	55	54	0.421637	117.311
86	54.2	55	54	0.421637	125.622
87	54.2	55	54	0.421637	125.622
88	54.2	55	54	0.421637	125.622
89	54.2	55	54	0.421637	125.622
90	54.2	55	54	0.421637	151.689
91	54.2	55	54	0.421637	151.689
92	54.3	55	54	0.483046	111.556
93	54.3	55	54	0.483046	111.556
94	54.3	55	54	0.483046	111.556
95	54.3	55	54	0.483046	111.556
96	54.3	55	54	0.483046	111.556
97	54.3	55	54	0.483046	111.556
98	54.4	55	54	0.516398	128.289
99	54.4	55	54	0.516398	131.2
100	54.5	55	54	0.527046	138.244
101	54.5	55	54	0.527046	138.244
102	54.6	55	54	0.516398	140.689
103	54.6	55	54	0.516398	140.689
104	54.6	55	54	0.516398	140.689
105	54.6	55	54	0.516398	167.956
106	54.6	55	54	0.516398	167.956
107	54.7	55	54	0.483046	176.333
108	54.7	55	54	0.483046	200.311
109	54.8	55	54	0.421637	217.156
110	54.8	55	54	0.421637	217.156
111	54.8	55	54	0.421637	217.156
112	54.8	55	54	0.421637	217.156
113	54.8	55	54	0.421637	217.156
114	54.8	55	54	0.421637	230.222
115	54.8	55	54	0.421637	230.222
116	54.8	55	54	0.421637	230.222
117	55	55	55	0	190.422
118	55	55	55	0	190.422
119	55	55	55	0	190.422
120	55	55	55	0	190.422
121	55	55	55	0	190.422
122	55	55	55	0	190.422
123	55	55	55	0	190.422
124	55	55	55	0	190.422
125	55	55	55	0	190.422
126	55	55	55	0	190.422
127	55	55	55	0	190.422
128	55.1	56	55	0.316228	176.733
129	55.1	56	55	0.316228	186.756
130	55.1	56	55	0.316228	186.756
131	55.1	56	55	0.316228	186.756
132	55.1	56	55	0.316228	186.756
133	55.1	56	55	0.316228	186.756
134	55.1	56	55	0.316228	186.756
135	55.1	56	55	0.316228	186.756
136	55.1	56	55	0.316228	186.756
137	55.1	56	55	0.316228	186.756
138	55.1	56	55	0.316228	186.756
139	55.1	56	55	0.316228	186.756
140	55.1	56	55	0.316228	219.133
141	55.1	56	55	0.316228	219.133
142	55.1	56	55	0.316228	202.178
143	55.1	56	55	0.316228	202.178
144	55.1	56	55	0.316228	202.178
145	55.1	56	55	0.316228	202.178
146	55.1	56	55	0.316228	202.178
147	55.1	56	55	0.316228	202.178
148	55.1	56	55	0.316228	173.689
149	55.1	56	55	0.316228	173.689
150	55.1	56	55	0.316228	173.689
151	55.2	56	55	0.421637	169.067
152	55.2	56	55	0.421637	169.067
153	55.2	56	55	0.421637	169.067
154	55.2	56	55	0.421637	163.289
155	55.2	56	55	0.421637	156.222
156	55.3	56	55	0.483046	157.311
157	55.3	56	55	0.483046	157.311
158	55.4	56	55	0.516398	142.6
159	55.4	56	55	0.516398	142.6
160	55.4	56	55	0.516398	142.6
161	55.4	56	55	0.516398	142.6
162	55.4	56	55	0.516398	142.6
163	55.4	56	55	0.516398	142.6
164	55.5	56	55	0.527046	135.733
165	55.5	56	55	0.527046	135.733
166	55.5	56	55	0.527046	135.733
167	55.5	56	55	0.527046	135.733
168	55.5	56	55	0.527046	135.733
169	55.5	56	55	0.527046	96.6
170	55.5	56	55	0.527046	96.6
171	55.6	56	55	0.516398	62.1111
172	55.6	56	55	0.516398	62.1111
173	55.6	56	55	0.516398	62.1111
174	55.6	56	55	0.516398	90.1111
175	55.7	56	55	0.483046	91
176	55.7	56	55	0.483046	91
177	55.8	56	55	0.421637	82
178	55.8	56	55	0.421637	82
179	55.9	56	55	0.316228	83.2222
180	55.9	56	55	0.316228	83.2222
181	56.1	57	56	0.316228	86.5556
182	56.2	57	56	0.421637	90.6444
183	56.2	57	56	0.421637	89.8444
184	56.2	57	56	0.421637	89.8444
185	56.2	57	56	0.421637	89.8444
186	56.3	57	56	0.483046	102.2
187	56.4	57	56	0.516398	102.8
188	56.4	57	56	0.516398	102.8
189	56.4	57	56	0.516398	102.8
190	56.4	57	56	0.516398	102.8
191	56.4	57	56	0.516398	102.8
192	56.4	57	56	0.516398	102.8
193	56.4	57	56	0.516398	102.8
194	56.4	57	56	0.516398	102.8
195	56.4	57	56	0.516398	67.0222
196	56.4	57	56	0.516398	67.0222
197	56.4	57	56	0.516398	74.4222
198	56.5	57	56	0.527046	86.9111
199	56.5	57	56	0.527046	119.333
200	56.5	57	56	0.527046	92.4222
201	56.6	57	56	0.516398	66.4667
202	56.6	57	56	0.516398	66.4667
203	56.6	57	56	0.516398	66.4667
204	56.6	57	56	0.516398	66.4667
205	56.6	57	56	0.516398	66.4667
206	56.7	57	56	0.483046	83.6889
207	56.7	57	56	0.483046	83.6889
208	56.8	57	56	0.421637	147.644
209	56.8	57	56	0.421637	147.644
210	56.8	57	56	0.421637	147.644
211	56.8	57	56	0.421637	147.644
212	56.9	57	56	0.316228	137.044
213	56.9	57	56	0.316228	142.222
214	56.9	57	56	0.316228	143.244
215	56.9	57	56	0.316228	143.244
216	56.9	57	56	0.316228	143.244
217	56.9	57	56	0.316228	143.244
218	56.9	57	56	0.316228	143.244
219	56.9	57	56	0.316228	143.244
220	56.9	57	56	0.316228	143.244
221	57	57	57	0	137.578
222	57	57	57	0	137.578
223	57	57	57	0	137.578
224	57	57	57	0	169.467
225	57	57	57	0	169.467
226	57	57	57	0	169.467
227	57	57	57	0	169.467
228	57	57	57	0	169.467
229	57	57	57	0	169.467
230	57	57	57	0	169.467
231	57	57	57	0	169.467
232	57	57	57	0	169.467
233	57	57	57	0	169.467
234	57	57	57	0	169.467
235	57	57	57	0	169.467
236	57	57	57	0	189.267
237	57	57	57	0	189.267
238	57	57	57	0	189.267
239	57	57	57	0	182.422
240	57	57	57	0	169.333
241	57	57	57	0	169.333
242	57	57	57	0	196.044
243	57	57	57	0	196.044
244	57	57	57	0	196.044
245	57	57	57	0	191.956
246	57	57	57	0	198.622
247	57	57	57	0	198.622
248	57	57	57	0	198.622
249	57	57	57	0	198.622
250	57	57	57	0	224.622
