0	41.07	50	30	4.69097	170.172
1	44.11	50	40	2.90557	149.464
2	45.18	51	42	2.60295	145.396
3	46	51	44	2.5146	137.999
4	46.52	51	44	2.62652	140.417
5	46.94	51	44	2.6811	143.234
6	47.53	54	44	2.69476	132.729
7	47.72	54	44	2.60954	129.895
8	48.38	54	44	2.14042	133.724
9	49.01	54	46	1.94622	125.149
10	49.26	54	46	1.72691	122.614
11	49.44	54	46	1.51304	122.837
12	49.62	54	48	1.38374	120.89
13	49.69	54	48	1.34611	122.595
14	49.74	54	48	1.31518	123.12
15	49.78	54	48	1.29162	126.602
16	49.89	54	48	1.21352	129.331
17	49.99	54	48	1.13258	126.69
18	50.07	54	48	1.05653	131.296
19	50.12	54	48	0.997774	129.506
20	50.27	54	49	0.993463	128.931
21	50.35	54	50	0.925235	129.287
22	50.35	54	50	0.925235	128.242
23	50.37	54	50	0.928289	128.052
24	50.37	54	50	0.928289	130.037
25	50.4	54	50	0.932035	128.361
26	50.44	54	50	0.956845	129.264
27	50.44	54	50	0.956845	128.252
28	50.44	54	50	0.956845	129.719
29	50.48	54	50	0.979384	128.412
30	50.48	54	50	0.979384	128.931
31	50.48	54	50	0.979384	137.7
32	50.56	54	50	1.09471	141.004
33	50.6	54	50	1.1101	146.996
34	50.6	54	50	1.1101	150.89
35	50.6	54	50	1.1101	152.022
36	50.62	54	50	1.1081	150.323
37	50.62	54	50	1.1081	151.102
38	50.71	54	50	1.20013	144.182
39	50.71	54	50	1.20013	142.418
40	50.74	54	50	1.19443	145.962
41	50.79	54	50	1.20013	144.891
42	50.81	54	50	1.19507	145.58
43	50.85	54	50	1.2008	144.419
44	50.85	54	50	1.2008	145.199
45	50.87	54	50	1.19473	145.043
46	50.87	54	50	1.19473	146.437
47	50.89	54	50	1.18828	147.714
48	50.89	54	50	1.18828	148.967
49	50.89	54	50	1.18828	145.758
50	50.91	54	50	1.18147	146.62
51	50.91	54	50	1.18147	141.806
52	50.94	54	50	1.17051	137.47
53	50.96	54	50	1.16272	139.23
54	51.04	54	50	1.23026	139.652
55	51.04	54	50	1.23026	139.26
56	51.04	54	50	1.23026	148.349
57	51.06	54	50	1.22119	150.844
58	51.08	54	50	1.21173	154.62
59	51.1	54	50	1.20185	156.458
60	51.15	54	50	1.19236	153.939
61	51.18	54	50	1.17534	148.069
62	51.18	54	50	1.17534	148.206
63	51.2	54	50	1.16342	153.586
64	51.24	54	50	1.15575	152.732
65	51.24	54	50	1.15575	152.732
66	51.24	54	50	1.15575	151.375
67	51.28	54	50	1.14662	149.798
68	51.28	54	50	1.14662	148.217
69	51.3	54	50	1.13262	143.66
70	51.3	54	50	1.13262	140.256
71	51.3	54	50	1.13262	138.693
72	51.3	54	50	1.13262	134.149
73	51.33	54	50	1.1106	136.733
74	51.35	54	50	1.09521	136.104
75	51.37	54	50	1.07924	138.941
76	51.37	54	50	1.07924	140.506
77	51.4	54	50	1.05409	138.492
78	51.49	54	50	1.08707	138.692
79	51.49	54	50	1.08707	138.692
80	51.49	54	50	1.08707	142.236
81	51.49	54	50	1.08707	141.645
82	51.51	54	50	1.06832	140.145
83	51.58	54	50	1.02671	142.454
84	51.62	54	51	1.00282	141.071
85	51.62	54	51	1.00282	139.892
86	51.62	54	51	1.00282	139.892
87	51.62	54	51	1.00282	139.892
88	51.64	54	51	1.0002	138.158
89	51.64	54	51	1.0002	138.158
90	51.64	54	51	1.0002	138.158
91	51.64	54	51	1.0002	138.158
92	51.66	54	51	0.997168	139.6
93	51.66	54	51	0.997168	139.6
94	51.66	54	51	0.997168	139.6
95	51.66	54	51	0.997168	140.16
96	51.66	54	51	0.997168	140.16
97	51.66	54	51	0.997168	140.16
98	51.66	54	51	0.997168	139.446
99	51.69	54	51	0.991835	136.543
100	51.69	54	51	0.991835	136.543
101	51.69	54	51	0.991835	136.902
102	51.75	54	51	1.0384	136.186
103	51.75	54	51	1.0384	136.186
104	51.75	54	51	1.0384	136.649
105	51.75	54	51	1.0384	137.23
106	51.75	54	51	1.0384	135.826
107	51.75	54	51	1.0384	135.826
108	51.75	54	51	1.0384	136.493
109	51.75	54	51	1.0384	136.493
110	51.77	54	51	1.03333	136.35
111	51.77	54	51	1.03333	136.105
112	51.83	54	51	1.0736	132.994
113	51.86	54	51	1.06382	133.855
114	51.86	54	51	1.06382	134.26
115	51.86	54	51	1.06382	134.26
116	51.86	54	51	1.06382	134.26
117	51.86	54	51	1.06382	134.26
118	51.88	54	51	1.05677	129.953
119	51.88	54	51	1.05677	131.905
120	51.88	54	51	1.05677	133.186
121	51.88	54	51	1.05677	131.748
122	51.9	54	51	1.04929	132.002
123	51.9	54	51	1.04929	132.002
124	51.92	54	51	1.04137	134.92
125	51.92	54	51	1.04137	134.92
126	51.92	54	51	1.04137	134.92
127	51.92	54	51	1.04137	134.92
128	52.01	54	51	1.08707	137.168
129	52.01	54	51	1.08707	137.168
130	52.01	54	51	1.08707	137.168
131	52.01	54	51	1.08707	136.716
132	52.07	54	51	1.11242	138.804
133	52.11	54	51	1.10914	138.909
134	52.14	54	51	1.09194	137.463
135	52.16	54	51	1.07984	138.229
136	52.16	54	51	1.07984	138.229
137	52.16	54	51	1.07984	138.229
138	52.16	54	51	1.07984	138.229
139	52.22	54	51	1.0971	141.018
140	52.26	54	51	1.08823	140.318
141	52.28	54	51	1.07384	140.607
142	52.34	54	51	1.08451	141.396
143	52.34	54	51	1.08451	141.061
144	52.34	54	51	1.08451	141.061
145	52.34	54	51	1.08451	141.061
146	52.4	54	51	1.09175	139.932
147	52.46	54	51	1.09563	137.413
148	52.46	54	51	1.09563	134.822
149	52.46	54	51	1.09563	134.624
150	52.5	54	51	1.07778	133.883
151	52.56	54	51	1.07609	130.872
152	52.56	54	51	1.07609	130.872
153	52.56	54	51	1.07609	130.559
154	52.64	54	51	1.05906	129.817
155	52.68	54	51	1.03358	129.58
156	52.74	54	51	1.02119	128.248
157	52.74	54	51	1.02119	128.248
158	52.74	54	51	1.02119	128.248
159	52.74	54	51	1.02119	128.248
160	52.74	54	51	1.02119	128.248
161	52.74	54	51	1.02119	128.248
162	52.74	54	51	1.02119	128.248
163	52.8	54	51	1.00504	129.863
164	52.8	54	51	1.00504	129.863
165	52.86	54	51	0.984937	128.563
166	52.86	54	51	0.984937	128.563
167	52.86	54	51	0.984937	128.563
168	52.86	54	51	0.984937	128.563
169	52.88	54	51	0.956424	130.314
170	52.88	54	51	0.956424	130.314
171	52.89	54	52	0.941683	130.526
172	52.89	54	52	0.941683	130.795
173	52.89	54	52	0.941683	131.261
174	52.89	54	52	0.941683	132.936
175	52.89	54	52	0.941683	132.936
176	52.89	54	52	0.941683	132.936
177	52.89	54	52	0.941683	134.006
178	52.93	54	52	0.945536	132.032
179	52.97	54	52	0.947671	131.052
180	52.99	54	52	0.937383	131.656
181	53.01	54	52	0.926544	132.13
182	53.01	54	52	0.926544	132.13
183	53.05	54	52	0.925235	128.847
184	53.05	54	52	0.925235	128.847
185	53.05	54	52	0.925235	128.424
186	53.05	54	52	0.925235	128.424
187	53.09	54	52	0.922173	129.368
188	53.09	54	52	0.922173	129.368
189	53.09	54	52	0.922173	129.368
190	53.09	54	52	0.922173	129.368
191	53.09	54	52	0.922173	129.368
192	53.15	54	52	0.914253	129.539
193	53.15	54	52	0.914253	129.539
194	53.15	54	52	0.914253	129.539
195	53.15	54	52	0.914253	129.539
196	53.15	54	52	0.914253	129.539
197	53.15	54	52	0.914253	134.381
198	53.19	54	52	0.906709	134.241
199	53.19	54	52	0.906709	134.241
200	53.19	54	52	0.906709	134.241
201	53.19	54	52	0.906709	134.384
202	53.19	54	52	0.906709	134.384
203	53.19	54	52	0.906709	134.384
204	53.27	56	52	0.972916	136.089
205	53.27	56	52	0.972916	136.089
206	53.27	56	52	0.972916	136.089
207	53.27	56	52	0.972916	136.089
208	53.27	56	52	0.972916	136.089
209	53.27	56	52	0.972916	136.089
210	53.27	56	52	0.972916	136.089
211	53.27	56	52	0.972916	136.089
212	53.27	56	52	0.972916	136.089
213	53.31	56	52	0.960797	134.333
214	53.31	56	52	0.960797	134.333
215	53.31	56	52	0.960797	134.333
216	53.35	56	52	0.946818	131.928
217	53.35	56	52	0.946818	131.928
218	53.35	56	52	0.946818	131.928
219	53.35	56	52	0.946818	131.928
220	53.35	56	52	0.946818	131.928
221	53.35	56	52	0.946818	131.928
222	53.35	56	52	0.946818	131.928
223	53.35	56	52	0.946818	131.928
224	53.35	56	52	0.946818	131.928
225	53.39	56	52	0.930895	137.529
226	53.39	56	52	0.930895	137.529
227	53.39	56	52	0.930895	137.529
228	53.39	56	52	0.930895	137.529
229	53.41	56	52	0.911154	137.71
230	53.45	56	52	0.891883	143.05
231	53.45	56	52	0.891883	143.05
232	53.45	56	52	0.891883	143.05
233	53.5	56	52	0.858705	147.371
234	53.5	56	52	0.858705	147.974
235	53.5	56	52	0.858705	147.974
236	53.5	56	52	0.858705	147.974
237	53.5	56	52	0.858705	147.974
238	53.54	56	52	0.833879	145.197
239	53.54	56	52	0.833879	143.007
240	53.54	56	52	0.833879	143.007
241	53.54	56	52	0.833879	143.007
242	53.56	56	52	0.808041	136.136
243	53.56	56	52	0.808041	136.136
244	53.56	56	52	0.808041	137.839
245	53.6	56	52	0.778499	137.677
246	53.6	56	52	0.778499	137.677
247	53.62	56	52	0.749141	134.957
248	53.62	56	52	0.749141	134.957
249	53.66	56	52	0.713789	134.617
250	53.66	56	52	0.713789	134.617
251	53.66	56	52	0.713789	134.617
252	53.66	56	52	0.713789	134.617
253	53.66	56	52	0.713789	134.617
254	53.66	56	52	0.713789	134.617
255	53.66	56	52	0.713789	134.617
256	53.66	56	52	0.713789	134.617
257	53.66	56	52	0.713789	135.63
258	53.66	56	52	0.713789	135.63
259	53.66	56	52	0.713789	135.63
260	53.74	56	52	0.74698	134.919
261	53.79	56	52	0.686007	140.93
262	53.79	56	52	0.686007	140.93
263	53.79	56	52	0.686007	143.512
264	53.79	56	52	0.686007	141.225
265	53.79	56	52	0.686007	141.225
266	53.79	56	52	0.686007	141.225
267	53.79	56	52	0.686007	141.795
268	53.79	56	52	0.686007	141.795
269	53.79	56	52	0.686007	141.795
270	53.83	56	52	0.636516	141.663
271	53.83	56	52	0.636516	142.251
272	53.83	56	52	0.636516	142.251
273	53.83	56	52	0.636516	142.251
274	53.84	56	53	0.614965	140.068
275	53.84	56	53	0.614965	140.068
276	53.84	56	53	0.614965	140.068
277	53.84	56	53	0.614965	140.068
278	53.86	56	53	0.603358	140.282
279	53.86	56	53	0.603358	140.282
280	53.86	56	53	0.603358	140.282
281	53.86	56	53	0.603358	140.282
282	53.86	56	53	0.603358	140.282
283	53.86	56	53	0.603358	140.282
284	53.86	56	53	0.603358	140.282
285	53.86	56	53	0.603358	140.282
286	53.88	56	53	0.59084	141.236
287	53.88	56	53	0.59084	141.236
288	53.88	56	53	0.59084	141.236
289	53.88	56	53	0.59084	141.236
290	53.88	56	53	0.59084	141.236
291	53.9	56	53	0.577351	142.431
292	53.9	56	53	0.577351	142.431
293	53.92	56	53	0.562822	142.205
294	53.92	56	53	0.562822	142.205
295	53.92	56	53	0.562822	142.205
296	53.94	56	53	0.54717	142.082
297	53.94	56	53	0.54717	142.082
298	53.94	56	53	0.54717	142.082
299	53.94	56	53	0.54717	142.082
300	53.94	56	53	0.54717	142.082
301	53.94	56	53	0.54717	142.082
302	53.94	56	53	0.54717	142.082
303	53.96	56	53	0.530295	140.284
304	53.96	56	53	0.530295	140.284
305	53.96	56	53	0.530295	140.284
306	53.98	56	53	0.512077	141.352
307	53.98	56	53	0.512077	141.352
308	53.98	56	53	0.512077	141.352
309	53.98	56	53	0.512077	141.352
310	53.98	56	53	0.512077	141.352
311	53.98	56	53	0.512077	141.352
312	53.98	56	53	0.512077	141.352
313	53.98	56	53	0.512077	141.352
314	53.98	56	53	0.512077	141.352
315	53.98	56	53	0.512077	141.352
316	53.98	56	53	0.512077	141.352
317	53.98	56	53	0.512077	141.352
318	53.98	56	53	0.512077	141.352
319	53.98	56	53	0.512077	141.352
320	54	56	53	0.492366	143.183
321	54	56	53	0.492366	143.183
322	54.02	56	53	0.470975	144.461
323	54.02	56	53	0.470975	144.461
324	54.02	56	53	0.470975	144.461
325	54.02	56	53	0.470975	144.461
326	54.02	56	53	0.470975	144.461
327	54.02	56	53	0.470975	144.461
328	54.02	56	53	0.470975	144.461
329	54.02	56	53	0.470975	144.461
330	54.02	56	53	0.470975	144.461
331	54.02	56	53	0.470975	144.461
332	54.02	56	53	0.470975	144.461
333	54.04	56	53	0.447665	147.664
334	54.04	56	53	0.447665	147.664
335	54.06	56	53	0.422116	150.013
336	54.06	56	53	0.422116	150.013
337	54.06	56	53	0.422116	150.013
338	54.06	56	53	0.422116	150.013
339	54.06	56	53	0.422116	150.013
340	54.08	56	54	0.393893	151.88
341	54.08	56	54	0.393893	151.88
342	54.08	56	54	0.393893	151.88
343	54.08	56	54	0.393893	151.88
344	54.08	56	54	0.393893	151.88
345	54.08	56	54	0.393893	151.88
346	54.08	56	54	0.393893	151.88
347	54.08	56	54	0.393893	151.983
348	54.08	56	54	0.393893	151.983
349	54.08	56	54	0.393893	151.983
350	54.08	56	54	0.393893	151.983
351	54.08	56	54	0.393893	151.983
352	54.08	56	54	0.393893	151.983
353	54.08	56	54	0.393893	151.983
354	54.08	56	54	0.393893	157.357
355	54.08	56	54	0.393893	157.357
356	54.08	56	54	0.393893	157.357
357	54.08	56	54	0.393893	157.357
358	54.08	56	54	0.393893	157.357
359	54.08	56	54	0.393893	157.357
360	54.08	56	54	0.393893	157.357
361	54.08	56	54	0.393893	159.33
362	54.1	56	54	0.414388	163.092
363	54.1	56	54	0.414388	163.73
364	54.1	56	54	0.414388	163.73
365	54.1	56	54	0.414388	163.73
366	54.1	56	54	0.414388	163.73
367	54.1	56	54	0.414388	163.73
368	54.1	56	54	0.414388	163.73
369	54.1	56	54	0.414388	163.73
370	54.1	56	54	0.414388	163.73
371	54.1	56	54	0.414388	163.73
372	54.1	56	54	0.414388	163.73
373	54.1	56	54	0.414388	163.73
374	54.1	56	54	0.414388	163.73
375	54.1	56	54	0.414388	163.73
376	54.1	56	54	0.414388	163.73
377	54.1	56	54	0.414388	161.741
378	54.1	56	54	0.414388	161.741
379	54.1	56	54	0.414388	161.741
380	54.1	56	54	0.414388	161.741
381	54.1	56	54	0.414388	161.741
382	54.1	56	54	0.414388	161.741
383	54.1	56	54	0.414388	156.61
384	54.1	56	54	0.414388	156.61
385	54.1	56	54	0.414388	156.61
386	54.1	56	54	0.414388	156.61
387	54.1	56	54	0.414388	156.61
388	54.1	56	54	0.414388	156.61
389	54.1	56	54	0.414388	156.233
390	54.1	56	54	0.414388	156.233
391	54.1	56	54	0.414388	156.705
392	54.1	56	54	0.414388	156.705
393	54.1	56	54	0.414388	156.705
394	54.1	56	54	0.414388	156.705
395	54.1	56	54	0.414388	156.705
396	54.1	56	54	0.414388	156.705
397	54.1	56	54	0.414388	156.705
398	54.1	56	54	0.414388	156.705
399	54.1	56	54	0.414388	156.705
400	54.1	56	54	0.414388	156.705
401	54.1	56	54	0.414388	156.705
402	54.1	56	54	0.414388	155.981
403	54.1	56	54	0.414388	157.138
404	54.1	56	54	0.414388	158.114
405	54.1	56	54	0.414388	158.622
406	54.1	56	54	0.414388	158.622
407	54.1	56	54	0.414388	158.644
408	54.1	56	54	0.414388	158.644
409	54.1	56	54	0.414388	158.644
410	54.1	56	54	0.414388	158.644
411	54.1	56	54	0.414388	158.644
412	54.1	56	54	0.414388	158.644
413	54.1	56	54	0.414388	158.644
414	54.1	56	54	0.414388	158.644
415	54.1	56	54	0.414388	159.408
416	54.1	56	54	0.414388	159.408
417	54.1	56	54	0.414388	159.408
418	54.1	56	54	0.414388	159.408
419	54.1	56	54	0.414388	159.408
420	54.1	56	54	0.414388	157.954
421	54.1	56	54	0.414388	157.954
422	54.1	56	54	0.414388	154.985
423	54.1	56	54	0.414388	154.985
424	54.1	56	54	0.414388	154.985
425	54.1	56	54	0.414388	154.985
426	54.1	56	54	0.414388	154.985
427	54.14	56	54	0.492776	148.049
428	54.14	56	54	0.492776	148.049
429	54.14	56	54	0.492776	147.829
430	54.14	56	54	0.492776	147.829
431	54.14	56	54	0.492776	147.829
432	54.14	56	54	0.492776	147.829
433	54.14	56	54	0.492776	147.275
434	54.14	56	54	0.492776	147.275
435	54.14	56	54	0.492776	147.275
436	54.14	56	54	0.492776	148.671
437	54.14	56	54	0.492776	154.024
438	54.14	56	54	0.492776	154.024
439	54.14	56	54	0.492776	154.024
440	54.14	56	54	0.492776	154.024
441	54.14	56	54	0.492776	154.024
442	54.14	56	54	0.492776	156.99
443	54.14	56	54	0.492776	156.99
444	54.14	56	54	0.492776	156.99
445	54.14	56	54	0.492776	156.99
446	54.14	56	54	0.492776	156.99
447	54.14	56	54	0.492776	153.659
448	54.14	56	54	0.492776	153.659
449	54.14	56	54	0.492776	153.659
450	54.14	56	54	0.492776	153.659
451	54.14	56	54	0.492776	153.659
452	54.14	56	54	0.492776	153.659
453	54.14	56	54	0.492776	153.659
454	54.14	56	54	0.492776	153.659
455	54.14	56	54	0.492776	153.659
456	54.14	56	54	0.492776	153.637
457	54.14	56	54	0.492776	148.227
458	54.14	56	54	0.492776	148.227
459	54.14	56	54	0.492776	148.227
460	54.14	56	54	0.492776	148.227
461	54.14	56	54	0.492776	155.439
462	54.14	56	54	0.492776	155.439
463	54.14	56	54	0.492776	155.439
464	54.14	56	54	0.492776	155.439
465	54.14	56	54	0.492776	155.439
466	54.14	56	54	0.492776	155.439
467	54.14	56	54	0.492776	155.439
468	54.14	56	54	0.492776	155.439
469	54.14	56	54	0.492776	155.439
470	54.14	56	54	0.492776	155.439
471	54.14	56	54	0.492776	155.439
472	54.14	56	54	0.492776	149.643
473	54.14	56	54	0.492776	149.643
474	54.14	56	54	0.492776	149.643
475	54.14	56	54	0.492776	149.643
476	54.14	56	54	0.492776	149.643
477	54.14	56	54	0.492776	149.746
478	54.14	56	54	0.492776	149.746
479	54.14	56	54	0.492776	153.61
480	54.14	56	54	0.492776	153.61
481	54.14	56	54	0.492776	153.61
482	54.14	56	54	0.492776	153.61
483	54.14	56	54	0.492776	153.61
484	54.14	56	54	0.492776	153.61
485	54.14	56	54	0.492776	153.61
486	54.14	56	54	0.492776	153.61
487	54.14	56	54	0.492776	153.61
488	54.14	56	54	0.492776	153.61
489	54.14	56	54	0.492776	153.61
490	54.14	56	54	0.492776	153.61
491	54.14	56	54	0.492776	148.283
492	54.14	56	54	0.492776	148.283
493	54.14	56	54	0.492776	148.283
494	54.14	56	54	0.492776	148.283
495	54.14	56	54	0.492776	147.914
496	54.14	56	54	0.492776	147.914
497	54.14	56	54	0.492776	147.719
498	54.14	56	54	0.492776	147.719
499	54.14	56	54	0.492776	147.719
500	54.14	56	54	0.492776	147.719
