0	41.07	50	30	4.69097	170.172
1	43.95	52	40	3.01637	158.448
2	44.96	52	42	2.28707	143.926
3	45.48	52	44	2.35908	147.023
4	45.82	52	44	2.42204	136.37
5	46.14	52	44	2.44544	136.664
6	46.56	52	44	2.40505	138.731
7	47.1	52	44	2.35488	134.249
8	47.72	52	44	2.24319	124.096
9	48.08	52	45	2.0235	127.679
10	48.34	52	46	1.89214	128.834
11	48.65	52	46	1.79435	134.038
12	48.91	52	46	1.63975	131.621
13	49.11	52	46	1.5102	133.029
14	49.45	53	47	1.35121	132.819
15	49.59	53	48	1.24799	132.153
16	49.67	53	48	1.23137	131.497
17	49.86	54	48	1.31825	134.123
18	49.91	54	48	1.27996	133.316
19	49.95	54	48	1.25025	136.883
20	50.15	54	48	1.26631	126.872
21	50.27	54	48	1.17941	128.046
22	50.38	54	49	1.05198	131.578
23	50.46	54	49	0.999193	133.852
24	50.48	54	50	0.979384	130.097
25	50.48	54	50	0.979384	130.188
26	50.51	54	50	0.97954	129.079
27	50.51	54	50	0.97954	129.727
28	50.51	54	50	0.97954	127.129
29	50.58	54	50	1.03651	127.399
30	50.58	54	50	1.03651	127.399
31	50.63	54	50	1.05078	130.64
32	50.63	54	50	1.05078	136.114
33	50.63	54	50	1.05078	135.087
34	50.63	54	50	1.05078	134.79
35	50.65	54	50	1.04809	141.645
36	50.65	54	50	1.04809	140.138
37	50.7	54	50	1.05887	138.923
38	50.74	54	50	1.0695	151.045
39	50.82	54	50	1.15802	162.76
40	50.9	54	50	1.23501	164.772
41	50.9	54	50	1.23501	170.015
42	50.92	54	50	1.22829	168.296
43	50.97	54	50	1.22643	169.071
44	50.97	54	50	1.22643	170.168
45	50.97	54	50	1.22643	171.195
46	50.97	54	50	1.22643	179.052
47	51.02	54	50	1.22252	178.701
48	51.02	54	50	1.22252	179.301
49	51.04	54	50	1.21373	170.037
50	51.04	54	50	1.21373	165.807
51	51.08	54	50	1.21173	154.167
52	51.08	54	50	1.21173	152.189
53	51.14	54	50	1.19781	155.94
54	51.16	54	50	1.18679	146.916
55	51.18	54	50	1.17534	148.817
56	51.18	54	50	1.17534	147.532
57	51.18	54	50	1.17534	146.886
58	51.18	54	50	1.17534	151.14
59	51.22	54	50	1.16844	148.48
60	51.31	54	50	1.21185	157.69
61	51.31	54	50	1.21185	157.69
62	51.31	54	50	1.21185	165.128
63	51.31	54	50	1.21185	161.513
64	51.31	54	50	1.21185	154.835
65	51.33	54	50	1.1981	160.022
66	51.33	54	50	1.1981	158.594
67	51.33	54	50	1.1981	158.594
68	51.35	54	50	1.18386	168.183
69	51.35	54	50	1.18386	168.865
70	51.35	54	50	1.18386	164.109
71	51.35	54	50	1.18386	164.791
72	51.37	54	50	1.16909	159.414
73	51.39	54	50	1.15378	146.099
74	51.39	54	50	1.15378	142.498
75	51.39	54	50	1.15378	143.144
76	51.39	54	50	1.15378	143.285
77	51.43	54	50	1.13933	143.06
78	51.43	54	50	1.13933	142.571
79	51.49	54	50	1.1055	144.148
80	51.51	54	50	1.08707	144.372
81	51.56	54	50	1.05715	154.405
82	51.58	54	50	1.03651	154.989
83	51.61	54	50	1.00398	159.613
84	51.63	54	50	0.981188	156.807
85	51.63	54	50	0.981188	157.809
86	51.63	54	50	0.981188	157.08
87	51.65	54	51	0.957426	157.273
88	51.65	54	51	0.957426	158.346
89	51.65	54	51	0.957426	156.064
90	51.65	54	51	0.957426	156.064
91	51.65	54	51	0.957426	156.064
92	51.65	54	51	0.957426	156.064
93	51.69	54	51	0.971253	158.807
94	51.69	54	51	0.971253	158.807
95	51.69	54	51	0.971253	163.404
96	51.69	54	51	0.971253	163.404
97	51.69	54	51	0.971253	163.404
98	51.69	54	51	0.971253	156.871
99	51.69	54	51	0.971253	156.871
100	51.69	54	51	0.971253	151.546
101	51.69	54	51	0.971253	151.681
102	51.69	54	51	0.971253	151.924
103	51.69	54	51	0.971253	152.078
104	51.69	54	51	0.971253	150.78
105	51.69	54	51	0.971253	149.742
106	51.69	54	51	0.971253	149.742
107	51.69	54	51	0.971253	149.742
108	51.69	54	51	0.971253	148.802
109	51.77	55	51	1.07172	146.615
110	51.79	55	51	1.06643	147.804
111	51.79	55	51	1.06643	147.804
112	51.81	55	51	1.06073	147.889
113	51.81	55	51	1.06073	146.188
114	51.81	55	51	1.06073	146.813
115	51.81	55	51	1.06073	146.813
116	51.81	55	51	1.06073	146.813
117	51.87	55	51	1.09779	146.538
118	51.87	55	51	1.09779	146.538
119	51.89	55	51	1.09078	144.352
120	51.89	55	51	1.09078	144.352
121	51.89	55	51	1.09078	144.352
122	51.95	55	51	1.12254	146.017
123	51.95	55	51	1.12254	146.017
124	51.97	55	51	1.11423	148.675
125	51.99	55	51	1.1055	150.793
126	51.99	55	51	1.1055	148.32
127	52.01	55	51	1.09632	147.588
128	52.01	55	51	1.09632	147.588
129	52.03	55	51	1.0867	144.849
130	52.03	55	51	1.0867	150.2
131	52.03	55	51	1.0867	149.541
132	52.05	55	51	1.07661	150.167
133	52.07	55	51	1.06605	144.066
134	52.09	55	51	1.055	142.102
135	52.09	55	51	1.055	142.053
136	52.09	55	51	1.055	142.053
137	52.09	55	51	1.055	142.053
138	52.09	55	51	1.055	142.053
139	52.09	55	51	1.055	142.053
140	52.09	55	51	1.055	143.283
141	52.09	55	51	1.055	143.283
142	52.11	55	51	1.04345	139.637
143	52.11	55	51	1.04345	139.637
144	52.11	55	51	1.04345	140.848
145	52.11	55	51	1.04345	140.848
146	52.11	55	51	1.04345	141.094
147	52.13	55	51	1.03138	142.431
148	52.13	55	51	1.03138	142.431
149	52.13	55	51	1.03138	142.431
150	52.19	55	51	1.05117	142.371
151	52.19	55	51	1.05117	140.724
152	52.19	55	51	1.05117	140.724
153	52.21	55	51	1.03762	140.988
154	52.21	55	51	1.03762	140.988
155	52.21	55	51	1.03762	140.988
156	52.21	55	51	1.03762	140.988
157	52.21	55	51	1.03762	140.988
158	52.21	55	51	1.03762	140.988
159	52.21	55	51	1.03762	140.988
160	52.21	55	51	1.03762	140.551
161	52.21	55	51	1.03762	140.551
162	52.21	55	51	1.03762	145.57
163	52.21	55	51	1.03762	146.252
164	52.21	55	51	1.03762	147.641
165	52.21	55	51	1.03762	147.641
166	52.23	55	51	1.02351	149.567
167	52.23	55	51	1.02351	149.467
168	52.23	55	51	1.02351	149.467
169	52.23	55	51	1.02351	149.467
170	52.3	55	51	1.02986	148.592
171	52.3	55	51	1.02986	148.592
172	52.34	55	51	1.01723	148.833
173	52.34	55	51	1.01723	148.119
174	52.34	55	51	1.01723	148.119
175	52.34	55	51	1.01723	149.632
176	52.36	55	51	1.0002	152.604
177	52.36	55	51	1.0002	152.604
178	52.36	55	51	1.0002	146.471
179	52.36	55	51	1.0002	144.719
180	52.36	55	51	1.0002	143.601
181	52.42	55	51	1.00685	147.386
182	52.42	55	51	1.00685	147.386
183	52.42	55	51	1.00685	147.386
184	52.45	55	51	0.978299	148.827
185	52.52	55	51	0.969015	149.483
186	52.52	55	51	0.969015	149.483
187	52.52	55	51	0.969015	149.483
188	52.52	55	51	0.969015	148.696
189	52.52	55	51	0.969015	148.696
190	52.52	55	51	0.969015	148.696
191	52.54	55	51	0.947298	149.441
192	52.54	55	51	0.947298	149.441
193	52.54	55	51	0.947298	149.55
194	52.54	55	51	0.947298	149.55
195	52.54	55	51	0.947298	149.55
196	52.54	55	51	0.947298	149.827
197	52.54	55	51	0.947298	149.827
198	52.54	55	51	0.947298	149.827
199	52.54	55	51	0.947298	149.643
200	52.54	55	51	0.947298	149.643
201	52.54	55	51	0.947298	149.643
202	52.54	55	51	0.947298	149.643
203	52.54	55	51	0.947298	149.643
204	52.54	55	51	0.947298	149.643
205	52.6	55	51	0.94281	149.959
206	52.6	55	51	0.94281	150.992
207	52.6	55	51	0.94281	151.142
208	52.62	55	52	0.918717	150.014
209	52.62	55	52	0.918717	150.014
210	52.62	55	52	0.918717	150.014
211	52.62	55	52	0.918717	150.532
212	52.62	55	52	0.918717	150.532
213	52.66	55	52	0.934415	151.698
214	52.66	55	52	0.934415	151.698
215	52.7	55	52	0.94815	148.846
216	52.7	55	52	0.94815	148.846
217	52.7	55	52	0.94815	148.846
218	52.7	55	52	0.94815	148.846
219	52.7	55	52	0.94815	148.846
220	52.7	55	52	0.94815	148.228
221	52.7	55	52	0.94815	147.048
222	52.7	55	52	0.94815	147.048
223	52.7	55	52	0.94815	147.048
224	52.72	55	52	0.943666	147.816
225	52.72	55	52	0.943666	147.816
226	52.72	55	52	0.943666	147.816
227	52.72	55	52	0.943666	147.816
228	52.72	55	52	0.943666	147.816
229	52.72	55	52	0.943666	147.816
230	52.72	55	52	0.943666	147.816
231	52.72	55	52	0.943666	147.816
232	52.72	55	52	0.943666	147.816
233	52.72	55	52	0.943666	147.816
234	52.72	55	52	0.943666	147.816
235	52.72	55	52	0.943666	147.816
236	52.72	55	52	0.943666	147.816
237	52.72	55	52	0.943666	147.816
238	52.72	55	52	0.943666	147.816
239	52.72	55	52	0.943666	147.816
240	52.72	55	52	0.943666	147.816
241	52.72	55	52	0.943666	147.816
242	52.72	55	52	0.943666	147.816
243	52.72	55	52	0.943666	147.811
244	52.72	55	52	0.943666	147.693
245	52.72	55	52	0.943666	147.693
246	52.72	55	52	0.943666	147.693
247	52.72	55	52	0.943666	147.693
248	52.72	55	52	0.943666	147.693
249	52.72	55	52	0.943666	147.693
250	52.72	55	52	0.943666	146.884
251	52.72	55	52	0.943666	146.884
252	52.72	55	52	0.943666	146.884
253	52.76	55	52	0.954733	145.904
254	52.78	55	52	0.949003	146.941
255	52.78	55	52	0.949003	146.941
256	52.8	55	52	0.942809	148.479
257	52.8	55	52	0.942809	148.479
258	52.8	55	52	0.942809	148.479
259	52.8	55	52	0.942809	148.479
260	52.8	55	52	0.942809	148.479
261	52.8	55	52	0.942809	148.479
262	52.82	55	52	0.936143	153.408
263	52.82	55	52	0.936143	153.408
264	52.82	55	52	0.936143	153.408
265	52.82	55	52	0.936143	153.408
266	52.82	55	52	0.936143	153.408
267	52.82	55	52	0.936143	153.408
268	52.82	55	52	0.936143	153.408
269	52.88	55	52	0.945804	154.117
270	52.88	55	52	0.945804	154.117
271	52.88	55	52	0.945804	154.117
272	52.88	55	52	0.945804	154.117
273	52.88	55	52	0.945804	154.117
274	52.88	55	52	0.945804	154.259
275	52.88	55	52	0.945804	154.259
276	52.88	55	52	0.945804	154.259
277	52.88	55	52	0.945804	154.259
278	52.88	55	52	0.945804	154.259
279	52.88	55	52	0.945804	154.259
280	52.88	55	52	0.945804	154.259
281	52.88	55	52	0.945804	154.259
282	52.88	55	52	0.945804	154.259
283	52.88	55	52	0.945804	153.67
284	52.88	55	52	0.945804	153.67
285	52.88	55	52	0.945804	153.67
286	52.88	55	52	0.945804	153.67
287	52.88	55	52	0.945804	153.67
288	52.88	55	52	0.945804	153.67
289	52.92	55	52	0.950067	151.588
290	52.92	55	52	0.950067	152.862
291	52.92	55	52	0.950067	152.862
292	52.92	55	52	0.950067	152.848
293	52.92	55	52	0.950067	152.848
294	52.96	55	52	0.952615	155.441
295	52.96	55	52	0.952615	155.441
296	52.96	55	52	0.952615	155.441
297	52.96	55	52	0.952615	155.441
298	52.96	55	52	0.952615	155.441
299	52.96	55	52	0.952615	155.441
300	52.96	55	52	0.952615	155.441
301	52.98	55	52	0.942594	155.578
302	52.98	55	52	0.942594	155.578
303	52.98	55	52	0.942594	155.578
304	52.98	55	52	0.942594	155.578
305	52.98	55	52	0.942594	155.578
306	52.98	55	52	0.942594	154.94
307	52.98	55	52	0.942594	163.137
308	52.98	55	52	0.942594	163.137
309	53.02	55	52	0.942594	160.736
310	53.04	55	52	0.931166	163.658
311	53.04	55	52	0.931166	163.658
312	53.04	55	52	0.931166	163.658
313	53.04	55	52	0.931166	163.658
314	53.1	55	52	0.958745	163.983
315	53.1	55	52	0.958745	163.983
316	53.1	55	52	0.958745	163.983
317	53.1	55	52	0.958745	163.983
318	53.1	55	52	0.958745	163.983
319	53.1	55	52	0.958745	163.983
320	53.1	55	52	0.958745	162.787
321	53.1	55	52	0.958745	162.787
322	53.1	55	52	0.958745	162.787
323	53.1	55	52	0.958745	162.787
324	53.1	55	52	0.958745	162.787
325	53.14	55	52	0.953674	162.318
326	53.14	55	52	0.953674	162.318
327	53.2	55	52	0.942809	160.512
328	53.2	55	52	0.942809	160.512
329	53.2	55	52	0.942809	160.512
330	53.2	55	52	0.942809	160.512
331	53.2	55	52	0.942809	160.512
332	53.2	55	52	0.942809	160.512
333	53.2	55	52	0.942809	160.684
334	53.24	55	52	0.933334	160.131
335	53.24	55	52	0.933334	160.131
336	53.24	55	52	0.933334	160.131
337	53.24	55	52	0.933334	160.131
338	53.24	55	52	0.933334	151.913
339	53.24	55	52	0.933334	151.913
340	53.3	55	52	0.948151	148.748
341	53.3	55	52	0.948151	148.748
342	53.3	55	52	0.948151	147.581
343	53.3	55	52	0.948151	147.581
344	53.3	55	52	0.948151	147.581
345	53.3	55	52	0.948151	152.303
346	53.34	55	52	0.934415	154.068
347	53.34	55	52	0.934415	154.068
348	53.34	55	52	0.934415	154.068
349	53.34	55	52	0.934415	154.068
350	53.34	55	52	0.934415	154.068
351	53.34	55	52	0.934415	155.9
352	53.34	55	52	0.934415	155.9
353	53.34	55	52	0.934415	155.9
354	53.4	55	52	0.9101	157.934
355	53.4	55	52	0.9101	157.934
356	53.4	55	52	0.9101	157.934
357	53.4	55	52	0.9101	157.934
358	53.44	55	52	0.89126	157.718
359	53.44	55	52	0.89126	157.718
360	53.44	55	52	0.89126	157.718
361	53.44	55	52	0.89126	157.718
362	53.44	55	52	0.89126	157.718
363	53.44	55	52	0.89126	157.718
364	53.44	55	52	0.89126	157.185
365	53.48	55	52	0.870156	161.695
366	53.48	55	52	0.870156	161.695
367	53.48	55	52	0.870156	161.55
368	53.48	55	52	0.870156	161.55
369	53.52	55	52	0.846622	157.915
370	53.52	55	52	0.846622	157.915
371	53.52	55	52	0.846622	157.915
372	53.52	55	52	0.846622	157.915
373	53.52	55	52	0.846622	157.915
374	53.56	55	52	0.820446	159.586
375	53.56	55	52	0.820446	159.586
376	53.56	55	52	0.820446	157.827
377	53.56	55	52	0.820446	157.827
378	53.56	55	52	0.820446	157.827
379	53.56	55	52	0.820446	157.827
380	53.56	55	52	0.820446	157.827
381	53.56	55	52	0.820446	157.827
382	53.56	55	52	0.820446	157.827
383	53.56	55	52	0.820446	157.827
384	53.56	55	52	0.820446	157.827
385	53.6	55	52	0.791368	156.094
386	53.62	55	52	0.762505	156.353
387	53.62	55	52	0.762505	156.353
388	53.62	55	52	0.762505	156.353
389	53.62	55	52	0.762505	156.353
390	53.62	55	52	0.762505	156.353
391	53.62	55	52	0.762505	156.353
392	53.62	55	52	0.762505	156.353
393	53.62	55	52	0.762505	156.353
394	53.62	55	52	0.762505	156.353
395	53.64	55	52	0.731955	155.025
396	53.68	55	52	0.694568	156.267
397	53.72	55	52	0.652579	161.117
398	53.72	55	52	0.652579	158.404
399	53.72	55	52	0.652579	157.655
400	53.72	55	52	0.652579	157.655
401	53.72	55	52	0.652579	157.655
402	53.72	55	52	0.652579	159.564
403	53.72	55	52	0.652579	159.564
404	53.76	55	52	0.605029	156.932
405	53.76	55	52	0.605029	156.932
406	53.76	55	52	0.605029	158.306
407	53.82	55	53	0.519907	156.802
408	53.82	55	53	0.519907	156.802
409	53.82	55	53	0.519907	156.802
410	53.82	55	53	0.519907	156.802
411	53.82	55	53	0.519907	156.802
412	53.82	55	53	0.519907	156.802
413	53.82	55	53	0.519907	156.802
414	53.82	55	53	0.519907	156.802
415	53.82	55	53	0.519907	156.802
416	53.82	55	53	0.519907	156.802
417	53.82	55	53	0.519907	156.802
418	53.82	55	53	0.519907	156.802
419	53.84	55	53	0.506922	152.622
420	53.84	55	53	0.506922	152.622
421	53.84	55	53	0.506922	152.622
422	53.84	55	53	0.506922	152.622
423	53.86	55	53	0.492776	149.664
424	53.86	55	53	0.492776	149.664
425	53.86	55	53	0.492776	149.664
426	53.86	55	53	0.492776	149.664
427	53.86	55	53	0.492776	149.664
428	53.86	55	53	0.492776	149.664
429	53.86	55	53	0.492776	149.664
430	53.86	55	53	0.492776	149.664
431	53.86	55	53	0.492776	149.664
432	53.86	55	53	0.492776	149.664
433	53.86	55	53	0.492776	149.664
434	53.86	55	53	0.492776	149.664
435	53.86	55	53	0.492776	149.664
436	53.86	55	53	0.492776	149.664
437	53.86	55	53	0.492776	149.664
438	53.86	55	53	0.492776	149.664
439	53.86	55	53	0.492776	149.664
440	53.88	55	53	0.477366	149.61
441	53.9	55	53	0.460566	151.195
442	53.9	55	53	0.460566	151.195
443	53.9	55	53	0.460566	151.195
444	53.9	55	53	0.460566	151.195
445	53.92	55	53	0.442216	147.947
446	53.94	55	53	0.422116	147.935
447	53.94	55	53	0.422116	147.935
448	53.94	55	53	0.422116	147.935
449	53.94	55	53	0.422116	147.935
450	53.94	55	53	0.422116	147.935
451	53.94	55	53	0.422116	147.935
452	53.94	55	53	0.422116	147.935
453	53.94	55	53	0.422116	147.935
454	53.94	55	53	0.422116	147.935
455	53.94	55	53	0.422116	147.935
456	53.94	55	53	0.422116	147.935
457	53.94	55	53	0.422116	147.935
458	53.94	55	53	0.422116	147.935
459	53.94	55	53	0.422116	147.935
460	53.94	55	53	0.422116	147.935
461	53.94	55	53	0.422116	147.935
462	53.94	55	53	0.422116	147.935
463	53.94	55	53	0.422116	147.935
464	53.94	55	53	0.422116	147.935
465	53.94	55	53	0.422116	147.935
466	53.94	55	53	0.422116	147.935
467	53.94	55	53	0.422116	147.935
468	53.94	55	53	0.422116	147.935
469	53.98	55	53	0.425927	141.24
470	53.98	55	53	0.425927	141.24
471	54	55	53	0.402015	141.138
472	54	55	53	0.402015	141.138
473	54.03	55	53	0.361115	141.044
474	54.03	55	53	0.361115	141.044
475	54.05	55	53	0.329524	141.487
476	54.05	55	53	0.329524	141.487
477	54.05	55	53	0.329524	141.487
478	54.05	55	53	0.329524	141.487
479	54.05	55	53	0.329524	141.487
480	54.05	55	53	0.329524	141.487
481	54.07	55	53	0.293189	140.303
482	54.07	55	53	0.293189	140.303
483	54.08	55	54	0.27266	139.855
484	54.08	55	54	0.27266	139.855
485	54.08	55	54	0.27266	139.855
486	54.08	55	54	0.27266	139.855
487	54.08	55	54	0.27266	139.855
488	54.08	55	54	0.27266	139.855
489	54.08	55	54	0.27266	141.063
490	54.08	55	54	0.27266	141.063
491	54.08	55	54	0.27266	141.063
492	54.08	55	54	0.27266	141.063
493	54.08	55	54	0.27266	141.063
494	54.08	55	54	0.27266	141.063
495	54.08	55	54	0.27266	140.405
496	54.08	55	54	0.27266	140.405
497	54.08	55	54	0.27266	140.405
498	54.08	55	54	0.27266	140.405
499	54.08	55	54	0.27266	142.191
500	54.08	55	54	0.27266	142.191
