0	41.07	50	30	4.69097	170.172
1	43.81	50	40	3.12272	159.389
2	45.13	54	42	2.70673	135.358
3	45.82	54	44	2.53612	128.822
4	46.21	54	44	2.77542	123.139
5	46.37	54	44	2.74379	124.091
6	46.74	54	44	2.76201	124.944
7	47.14	54	44	2.74145	128.606
8	47.81	54	44	2.54533	137.067
9	48.27	54	45	2.21954	138.02
10	48.5	54	45	2.09135	137.734
11	48.63	54	46	2.00834	137.693
12	48.82	54	46	1.87692	137.295
13	48.95	54	46	1.78306	133.06
14	49.15	54	46	1.73132	128.987
15	49.33	54	46	1.55735	127.322
16	49.54	54	48	1.40288	126.624
17	49.64	54	48	1.38185	128.003
18	49.88	54	48	1.41621	125.664
19	50.02	54	48	1.37789	122.314
20	50.12	54	48	1.29708	122.623
21	50.3	54	48	1.15032	120.39
22	50.43	54	49	1.0076	125.438
23	50.45	54	50	0.98857	129.378
24	50.45	54	50	0.98857	126.795
25	50.47	54	50	0.989388	125.685
26	50.55	54	50	1.1044	128.152
27	50.55	54	50	1.1044	131.411
28	50.57	54	50	1.1033	130.761
29	50.57	54	50	1.1033	130.081
30	50.59	54	50	1.10183	130.188
31	50.59	54	50	1.10183	123.425
32	50.61	54	50	1.1	122.732
33	50.61	54	50	1.1	125.736
34	50.61	54	50	1.1	127.932
35	50.61	54	50	1.1	127.545
36	50.61	54	50	1.1	127.201
37	50.61	54	50	1.1	127.495
38	50.61	54	50	1.1	127.378
39	50.61	54	50	1.1	125.674
40	50.61	54	50	1.1	123.773
41	50.69	54	50	1.19507	122.924
42	50.69	54	50	1.19507	122.912
43	50.71	54	50	1.19168	128.014
44	50.73	54	50	1.18794	129.831
45	50.73	54	50	1.18794	129.391
46	50.73	54	50	1.18794	129.239
47	50.73	54	50	1.18794	129.079
48	50.77	54	50	1.19642	130.368
49	50.77	54	50	1.19642	130.676
50	50.77	54	50	1.19642	130.545
51	50.77	54	50	1.19642	132.298
52	50.8	54	50	1.18918	136.202
53	50.8	54	50	1.18918	138.567
54	50.82	54	50	1.1839	142.831
55	50.86	54	50	1.18935	138.444
56	50.88	54	50	1.18304	140.528
57	50.9	54	50	1.17637	138.226
58	51	54	50	1.23909	139.809
59	51.03	54	50	1.22643	134.066
60	51.03	54	50	1.22643	131.97
61	51.03	54	50	1.22643	128.124
62	51.03	54	50	1.22643	125.643
63	51.03	54	50	1.22643	125.766
64	51.06	54	50	1.21289	126.166
65	51.06	54	50	1.21289	125.955
66	51.14	54	50	1.27144	126.997
67	51.18	54	50	1.26635	130.636
68	51.22	54	50	1.25995	128.645
69	51.34	55	50	1.34254	129.207
70	51.34	55	50	1.34254	128.059
71	51.42	55	50	1.37936	127.873
72	51.42	55	50	1.37936	123.626
73	51.42	55	50	1.37936	127.088
74	51.46	55	50	1.36641	126.973
75	51.48	55	50	1.35199	129.606
76	51.48	55	50	1.35199	129.606
77	51.5	55	50	1.33712	130.241
78	51.52	55	50	1.32177	130.759
79	51.54	55	50	1.30593	127.842
80	51.54	55	50	1.30593	132.174
81	51.54	55	50	1.30593	131.182
82	51.54	55	50	1.30593	130.786
83	51.56	55	50	1.28958	129.815
84	51.58	55	50	1.27271	127.728
85	51.66	55	50	1.29662	126.679
86	51.73	55	50	1.25412	125.843
87	51.73	55	50	1.25412	126.753
88	51.75	55	50	1.23399	122.339
89	51.75	55	50	1.23399	125.677
90	51.83	55	50	1.24766	122.755
91	51.85	55	51	1.22578	122.516
92	51.85	55	51	1.22578	122.516
93	51.87	55	51	1.21983	121.901
94	51.87	55	51	1.21983	121.901
95	51.87	55	51	1.21983	121.901
96	51.93	55	51	1.24928	120.91
97	51.93	55	51	1.24928	120.91
98	51.93	55	51	1.24928	120.91
99	51.93	55	51	1.24928	120.91
100	51.95	55	51	1.24215	121.315
101	51.95	55	51	1.24215	119.691
102	51.95	55	51	1.24215	119.691
103	51.95	55	51	1.24215	119.691
104	51.99	55	51	1.24312	118.713
105	51.99	55	51	1.24312	119.807
106	52.01	55	51	1.23497	119.361
107	52.01	55	51	1.23497	119.668
108	52.01	55	51	1.23497	119.668
109	52.03	55	51	1.22643	112.925
110	52.05	55	51	1.21751	112.674
111	52.05	55	51	1.21751	112.674
112	52.05	55	51	1.21751	113.362
113	52.07	55	51	1.20818	108.543
114	52.07	55	51	1.20818	111.642
115	52.07	55	51	1.20818	111.642
116	52.07	55	51	1.20818	111.642
117	52.15	55	51	1.26631	116.476
118	52.18	55	51	1.25029	119.641
119	52.18	55	51	1.25029	119.641
120	52.18	55	51	1.25029	120.365
121	52.18	55	51	1.25029	120.518
122	52.18	55	51	1.25029	120.518
123	52.2	55	51	1.23909	122.025
124	52.2	55	51	1.23909	121.176
125	52.2	55	51	1.23909	121.176
126	52.22	55	51	1.22746	120.873
127	52.22	55	51	1.22746	118.279
128	52.22	55	51	1.22746	118.279
129	52.29	55	51	1.23333	115.709
130	52.29	55	51	1.23333	115.709
131	52.29	55	51	1.23333	114.872
132	52.31	55	51	1.22016	110.037
133	52.31	55	51	1.22016	110.037
134	52.33	55	51	1.20651	111.686
135	52.33	55	51	1.20651	111.686
136	52.37	55	51	1.19473	109.591
137	52.39	55	51	1.17975	110.071
138	52.47	55	51	1.21817	111.378
139	52.53	55	51	1.21817	113.255
140	52.53	55	51	1.21817	113.255
141	52.53	55	51	1.21817	113.255
142	52.53	55	51	1.21817	113.255
143	52.53	55	51	1.21817	113.255
144	52.53	55	51	1.21817	117.637
145	52.53	55	51	1.21817	117.637
146	52.53	55	51	1.21817	117.578
147	52.53	55	51	1.21817	119.888
148	52.53	55	51	1.21817	119.888
149	52.53	55	51	1.21817	120.553
150	52.53	55	51	1.21817	120.553
151	52.56	55	51	1.19189	121.243
152	52.62	55	51	1.18731	119.624
153	52.62	55	51	1.18731	119.624
154	52.62	55	51	1.18731	118.953
155	52.62	55	51	1.18731	118.953
156	52.64	55	51	1.16792	118.909
157	52.64	55	51	1.16792	116.973
158	52.7	55	51	1.15907	112.683
159	52.7	55	51	1.15907	110.238
160	52.78	55	51	1.13333	108.621
161	52.78	55	51	1.13333	108.621
162	52.78	55	51	1.13333	108.621
163	52.8	55	51	1.1101	108.835
164	52.8	55	51	1.1101	109.676
165	52.8	55	51	1.1101	109.792
166	52.8	55	51	1.1101	109.792
167	52.8	55	51	1.1101	110.177
168	52.86	55	51	1.09194	113.034
169	52.86	55	51	1.09194	113.034
170	52.94	55	51	1.09931	111.163
171	52.94	55	51	1.09931	111.163
172	52.94	55	51	1.09931	111.163
173	52.94	55	51	1.09931	107.436
174	52.95	55	52	1.08595	107.495
175	52.99	55	52	1.08707	109.216
176	52.99	55	52	1.08707	109.216
177	52.99	55	52	1.08707	109.216
178	52.99	55	52	1.08707	108.782
179	52.99	55	52	1.08707	108.782
180	53.03	55	52	1.0867	111.947
181	53.03	55	52	1.0867	111.947
182	53.03	55	52	1.0867	110.924
183	53.03	55	52	1.0867	111.729
184	53.03	55	52	1.0867	111.729
185	53.03	55	52	1.0867	111.729
186	53.07	55	52	1.08484	112.215
187	53.07	55	52	1.08484	112.215
188	53.07	55	52	1.08484	109.755
189	53.11	55	52	1.08148	106.642
190	53.11	55	52	1.08148	106.642
191	53.11	55	52	1.08148	106.642
192	53.11	55	52	1.08148	106.642
193	53.11	55	52	1.08148	106.642
194	53.11	55	52	1.08148	106.642
195	53.11	55	52	1.08148	106.642
196	53.11	55	52	1.08148	106.642
197	53.11	55	52	1.08148	106.642
198	53.11	55	52	1.08148	106.642
199	53.11	55	52	1.08148	106.642
200	53.11	55	52	1.08148	106.642
201	53.11	55	52	1.08148	106.642
202	53.11	55	52	1.08148	107.286
203	53.11	55	52	1.08148	107.286
204	53.11	55	52	1.08148	107.286
205	53.11	55	52	1.08148	107.286
206	53.11	55	52	1.08148	107.286
207	53.11	55	52	1.08148	108.458
208	53.11	55	52	1.08148	108.458
209	53.15	55	52	1.07661	107.716
210	53.15	55	52	1.07661	107.716
211	53.17	55	52	1.06415	109.747
212	53.17	55	52	1.06415	109.747
213	53.17	55	52	1.06415	109.747
214	53.17	55	52	1.06415	110.3
215	53.17	55	52	1.06415	110.3
216	53.17	55	52	1.06415	111.308
217	53.17	55	52	1.06415	111.308
218	53.17	55	52	1.06415	111.308
219	53.19	55	52	1.05117	111.886
220	53.19	55	52	1.05117	111.502
221	53.19	55	52	1.05117	111.008
222	53.19	55	52	1.05117	111.008
223	53.19	55	52	1.05117	111.008
224	53.19	55	52	1.05117	111.008
225	53.19	55	52	1.05117	111.008
226	53.19	55	52	1.05117	111.008
227	53.23	55	52	1.04306	110.781
228	53.27	55	52	1.03333	113.176
229	53.27	55	52	1.03333	113.176
230	53.27	55	52	1.03333	116.24
231	53.27	55	52	1.03333	116.462
232	53.27	55	52	1.03333	116.462
233	53.27	55	52	1.03333	116.462
234	53.27	55	52	1.03333	116.462
235	53.27	55	52	1.03333	116.462
236	53.31	55	52	1.02193	114.079
237	53.39	55	52	0.99387	114.08
238	53.43	55	52	0.97706	112.535
239	53.47	55	52	0.958271	108.832
240	53.47	55	52	0.958271	108.832
241	53.47	55	52	0.958271	108.832
242	53.47	55	52	0.958271	108.832
243	53.47	55	52	0.958271	109.203
244	53.47	55	52	0.958271	107.246
245	53.47	55	52	0.958271	107.246
246	53.47	55	52	0.958271	107.246
247	53.47	55	52	0.958271	107.246
248	53.47	55	52	0.958271	107.246
249	53.47	55	52	0.958271	107.246
250	53.47	55	52	0.958271	107.246
251	53.47	55	52	0.958271	107.246
252	53.47	55	52	0.958271	107.246
253	53.47	55	52	0.958271	107.246
254	53.47	55	52	0.958271	107.246
255	53.47	55	52	0.958271	107.246
256	53.47	55	52	0.958271	107.246
257	53.47	55	52	0.958271	107.246
258	53.47	55	52	0.958271	107.246
259	53.47	55	52	0.958271	107.246
260	53.47	55	52	0.958271	107.246
261	53.51	55	52	0.937383	105.709
262	53.51	55	52	0.937383	105.709
263	53.51	55	52	0.937383	105.709
264	53.51	55	52	0.937383	105.405
265	53.51	55	52	0.937383	106.942
266	53.51	55	52	0.937383	106.942
267	53.51	55	52	0.937383	106.942
268	53.51	55	52	0.937383	106.942
269	53.51	55	52	0.937383	110.79
270	53.51	55	52	0.937383	110.79
271	53.55	55	52	0.914253	112.26
272	53.55	55	52	0.914253	109.932
273	53.59	55	52	0.888706	109.649
274	53.59	55	52	0.888706	110.797
275	53.59	55	52	0.888706	110.797
276	53.59	55	52	0.888706	110.797
277	53.59	55	52	0.888706	110.797
278	53.59	55	52	0.888706	110.797
279	53.59	55	52	0.888706	110.2
280	53.59	55	52	0.888706	109.99
281	53.59	55	52	0.888706	109.791
282	53.59	55	52	0.888706	109.791
283	53.59	55	52	0.888706	109.791
284	53.59	55	52	0.888706	109.791
285	53.59	55	52	0.888706	109.791
286	53.59	55	52	0.888706	109.791
287	53.59	55	52	0.888706	108.933
288	53.59	55	52	0.888706	108.933
289	53.59	55	52	0.888706	108.354
290	53.59	55	52	0.888706	108.354
291	53.59	55	52	0.888706	108.354
292	53.59	55	52	0.888706	108.354
293	53.63	55	52	0.860526	107.655
294	53.63	55	52	0.860526	107.655
295	53.63	55	52	0.860526	107.655
296	53.63	55	52	0.860526	108.489
297	53.63	55	52	0.860526	108.489
298	53.63	55	52	0.860526	108.489
299	53.63	55	52	0.860526	108.489
300	53.63	55	52	0.860526	108.924
301	53.63	55	52	0.860526	108.924
302	53.63	55	52	0.860526	108.924
303	53.63	55	52	0.860526	108.924
304	53.63	55	52	0.860526	108.924
305	53.67	55	52	0.829446	110.177
306	53.67	55	52	0.829446	110.177
307	53.67	55	52	0.829446	110.177
308	53.67	55	52	0.829446	111.1
309	53.67	55	52	0.829446	111.1
310	53.67	55	52	0.829446	112.549
311	53.67	55	52	0.829446	111.441
312	53.71	55	52	0.795124	111.384
313	53.71	55	52	0.795124	111.384
314	53.71	55	52	0.795124	111.384
315	53.71	55	52	0.795124	111.384
316	53.71	55	52	0.795124	111.384
317	53.71	55	52	0.795124	111.384
318	53.71	55	52	0.795124	112.308
319	53.71	55	52	0.795124	112.995
320	53.71	55	52	0.795124	112.995
321	53.71	55	52	0.795124	112.995
322	53.71	55	52	0.795124	112.995
323	53.73	55	52	0.763498	114.348
324	53.73	55	52	0.763498	114.348
325	53.77	55	52	0.722719	115.611
326	53.77	55	52	0.722719	115.611
327	53.77	55	52	0.722719	115.611
328	53.77	55	52	0.722719	115.611
329	53.77	55	52	0.722719	115.611
330	53.81	55	52	0.677115	112.475
331	53.85	55	52	0.625631	115.839
332	53.85	55	52	0.625631	116.623
333	53.85	55	52	0.625631	116.623
334	53.85	55	52	0.625631	116.623
335	53.85	55	52	0.625631	116.623
336	53.85	55	52	0.625631	116.623
337	53.89	55	52	0.566667	122.205
338	53.89	55	52	0.566667	122.205
339	53.89	55	52	0.566667	122.205
340	53.89	55	52	0.566667	122.205
341	53.89	55	52	0.566667	122.205
342	53.89	55	52	0.566667	122.205
343	53.89	55	52	0.566667	121.941
344	53.89	55	52	0.566667	121.941
345	53.89	55	52	0.566667	121.941
346	53.89	55	52	0.566667	121.941
347	53.89	55	52	0.566667	121.941
348	53.89	55	52	0.566667	121.941
349	53.89	55	52	0.566667	121.905
350	53.89	55	52	0.566667	121.905
351	53.89	55	52	0.566667	121.905
352	53.89	55	52	0.566667	121.905
353	53.89	55	52	0.566667	121.905
354	53.91	55	52	0.51434	124.631
355	53.91	55	52	0.51434	124.697
356	53.91	55	52	0.51434	124.799
357	53.91	55	52	0.51434	124.799
358	53.91	55	52	0.51434	124.799
359	53.91	55	52	0.51434	126.011
360	53.91	55	52	0.51434	126.011
361	53.91	55	52	0.51434	126.011
362	53.94	55	53	0.467532	127.317
363	53.94	55	53	0.467532	127.317
364	53.94	55	53	0.467532	127.317
365	53.94	55	53	0.467532	127.317
366	53.94	55	53	0.467532	127.317
367	53.94	55	53	0.467532	127.317
368	53.94	55	53	0.467532	127.317
369	53.94	55	53	0.467532	127.317
370	53.94	55	53	0.467532	127.317
371	53.94	55	53	0.467532	127.317
372	53.94	55	53	0.467532	127.317
373	53.94	55	53	0.467532	127.317
374	53.96	55	53	0.447665	126.424
375	53.96	55	53	0.447665	126.424
376	53.96	55	53	0.447665	126.424
377	53.96	55	53	0.447665	126.424
378	53.96	55	53	0.447665	126.424
379	53.96	55	53	0.447665	126.424
380	53.96	55	53	0.447665	126.424
381	53.96	55	53	0.447665	126.424
382	53.96	55	53	0.447665	126.424
383	53.96	55	53	0.447665	126.424
384	53.96	55	53	0.447665	126.424
385	53.96	55	53	0.447665	126.424
386	53.98	55	53	0.425927	126.035
387	53.98	55	53	0.425927	126.035
388	53.98	55	53	0.425927	126.035
389	53.98	55	53	0.425927	126.035
390	53.98	55	53	0.425927	126.035
391	53.98	55	53	0.425927	126.035
392	53.98	55	53	0.425927	126.035
393	53.98	55	53	0.425927	126.035
394	53.98	55	53	0.425927	126.035
395	53.98	55	53	0.425927	126.035
396	53.98	55	53	0.425927	126.035
397	53.98	55	53	0.425927	126.035
398	54.02	55	53	0.425927	126.072
399	54.02	55	53	0.425927	129.506
400	54.02	55	53	0.425927	129.506
401	54.02	55	53	0.425927	129.991
402	54.02	55	53	0.425927	129.991
403	54.02	55	53	0.425927	129.991
404	54.02	55	53	0.425927	129.991
405	54.02	55	53	0.425927	129.991
406	54.02	55	53	0.425927	129.991
407	54.02	55	53	0.425927	129.991
408	54.04	55	53	0.4	130.719
409	54.1	56	53	0.460566	133.172
410	54.1	56	53	0.460566	133.172
411	54.1	56	53	0.460566	133.172
412	54.1	56	53	0.460566	133.172
413	54.1	56	53	0.460566	133.172
414	54.1	56	53	0.460566	133.172
415	54.1	56	53	0.460566	133.172
416	54.1	56	53	0.460566	133.172
417	54.1	56	53	0.460566	133.172
418	54.1	56	53	0.460566	133.172
419	54.1	56	53	0.460566	131.565
420	54.1	56	53	0.460566	131.565
421	54.1	56	53	0.460566	131.565
422	54.12	56	53	0.432983	128.678
423	54.12	56	53	0.432983	128.678
424	54.12	56	53	0.432983	128.678
425	54.12	56	53	0.432983	128.678
426	54.14	56	54	0.402517	129.681
427	54.14	56	54	0.402517	129.313
428	54.14	56	54	0.402517	129.313
429	54.14	56	54	0.402517	129.313
430	54.14	56	54	0.402517	129.313
431	54.14	56	54	0.402517	129.313
432	54.14	56	54	0.402517	129.313
433	54.14	56	54	0.402517	129.313
434	54.14	56	54	0.402517	129.313
435	54.14	56	54	0.402517	129.313
436	54.14	56	54	0.402517	129.313
437	54.14	56	54	0.402517	129.313
438	54.14	56	54	0.402517	129.313
439	54.14	56	54	0.402517	129.313
440	54.14	56	54	0.402517	129.313
441	54.14	56	54	0.402517	129.313
442	54.14	56	54	0.402517	129.313
443	54.14	56	54	0.402517	129.313
444	54.14	56	54	0.402517	129.313
445	54.18	56	54	0.479478	129.299
446	54.18	56	54	0.479478	129.299
447	54.18	56	54	0.479478	129.299
448	54.18	56	54	0.479478	129.299
449	54.18	56	54	0.479478	129.299
450	54.18	56	54	0.479478	129.299
451	54.18	56	54	0.479478	127.915
452	54.18	56	54	0.479478	127.915
453	54.18	56	54	0.479478	127.915
454	54.18	56	54	0.479478	127.915
455	54.18	56	54	0.479478	127.915
456	54.18	56	54	0.479478	127.915
457	54.18	56	54	0.479478	127.915
458	54.18	56	54	0.479478	127.915
459	54.18	56	54	0.479478	127.915
460	54.18	56	54	0.479478	127.915
461	54.18	56	54	0.479478	127.915
462	54.18	56	54	0.479478	127.915
463	54.18	56	54	0.479478	127.915
464	54.18	56	54	0.479478	127.304
465	54.18	56	54	0.479478	127.304
466	54.18	56	54	0.479478	127.304
467	54.18	56	54	0.479478	127.304
468	54.18	56	54	0.479478	127.304
469	54.18	56	54	0.479478	127.304
470	54.18	56	54	0.479478	127.304
471	54.18	56	54	0.479478	127.304
472	54.18	56	54	0.479478	127.304
473	54.18	56	54	0.479478	127.304
474	54.18	56	54	0.479478	125.01
475	54.18	56	54	0.479478	124.367
476	54.18	56	54	0.479478	124.367
477	54.18	56	54	0.479478	124.367
478	54.18	56	54	0.479478	124.367
479	54.18	56	54	0.479478	124.367
480	54.18	56	54	0.479478	124.367
481	54.18	56	54	0.479478	124.367
482	54.18	56	54	0.479478	124.367
483	54.22	56	54	0.542721	122.238
484	54.22	56	54	0.542721	122.238
485	54.22	56	54	0.542721	122.238
486	54.22	56	54	0.542721	122.238
487	54.22	56	54	0.542721	122.238
488	54.22	56	54	0.542721	122.238
489	54.22	56	54	0.542721	122.238
490	54.22	56	54	0.542721	122.238
491	54.22	56	54	0.542721	122.238
492	54.22	56	54	0.542721	122.238
493	54.22	56	54	0.542721	123.538
494	54.22	56	54	0.542721	123.538
495	54.22	56	54	0.542721	123.538
496	54.22	56	54	0.542721	123.538
497	54.22	56	54	0.542721	123.538
498	54.22	56	54	0.542721	133.254
499	54.22	56	54	0.542721	133.254
500	54.22	56	54	0.542721	133.708
