0	41.07	50	30	4.69097	170.172
1	44.3	50	40	2.77252	149.884
2	44.95	50	42	2.41366	135.66
3	45.51	50	44	2.30281	133.869
4	45.97	50	44	2.42651	130.876
5	46.64	52	44	2.53668	121.102
6	47.01	52	44	2.51659	122.13
7	47.4	52	44	2.4037	113.451
8	47.95	52	44	2.10038	109.763
9	48.44	52	46	1.731	118.126
10	48.8	52	46	1.69967	111.319
11	49.08	52	46	1.52209	112.065
12	49.28	52	46	1.32635	111.441
13	49.61	54	48	1.3096	108.98
14	49.79	54	48	1.20851	113.227
15	49.85	54	48	1.16667	111.143
16	49.92	54	48	1.10719	110.428
17	50.04	54	48	0.994124	109.187
18	50.18	54	49	0.857291	112.739
19	50.22	54	49	0.823641	112.14
20	50.24	54	49	0.805537	112.56
21	50.29	54	50	0.756052	112.505
22	50.29	54	50	0.756052	113.781
23	50.29	54	50	0.756052	115.267
24	50.29	54	50	0.756052	114.621
25	50.33	54	50	0.79207	114.001
26	50.35	54	50	0.796139	108.762
27	50.35	54	50	0.796139	107.358
28	50.39	54	50	0.827495	107.492
29	50.39	54	50	0.827495	107.503
30	50.39	54	50	0.827495	106.885
31	50.39	54	50	0.827495	105.449
32	50.41	54	50	0.829932	107.84
33	50.41	54	50	0.829932	108.962
34	50.41	54	50	0.829932	109.72
35	50.43	54	50	0.831876	111.053
36	50.45	54	50	0.833333	112.477
37	50.45	54	50	0.833333	108.027
38	50.47	54	50	0.834303	104.812
39	50.52	54	50	0.85847	102.444
40	50.54	54	50	0.857763	103.346
41	50.59	54	50	0.877265	104.294
42	50.61	54	50	0.87496	102.613
43	50.61	54	50	0.87496	104.947
44	50.63	54	50	0.872185	101.544
45	50.63	54	50	0.872185	98.7352
46	50.63	54	50	0.872185	100.237
47	50.63	54	50	0.872185	101.365
48	50.69	54	50	0.928722	102.924
49	50.71	54	50	0.924361	101.976
50	50.83	55	50	1.09226	103.857
51	50.83	55	50	1.09226	105.511
52	50.87	55	50	1.09779	105.072
53	50.89	55	50	1.09078	110.97
54	50.89	55	50	1.09078	111.169
55	50.89	55	50	1.09078	111.445
56	50.95	55	50	1.08595	109.612
57	50.99	55	50	1.08707	106.183
58	51.01	55	50	1.07774	104.386
59	51.1	55	50	1.1415	110.567
60	51.12	55	50	1.13066	112.17
61	51.15	55	50	1.11351	119.14
62	51.28	55	50	1.18986	123.446
63	51.3	55	50	1.17637	116.353
64	51.32	55	50	1.16237	114.961
65	51.32	55	50	1.16237	114.42
66	51.32	55	50	1.16237	115.231
67	51.32	55	50	1.16237	117.296
68	51.35	55	50	1.1404	108.594
69	51.43	55	50	1.18283	110.937
70	51.43	55	50	1.18283	110.228
71	51.49	55	50	1.18488	113.843
72	51.52	55	50	1.15889	114.455
73	51.52	55	50	1.15889	113.612
74	51.52	55	50	1.15889	113.768
75	51.52	55	50	1.15889	114.853
76	51.54	55	50	1.1408	117.871
77	51.56	55	50	1.12205	116.547
78	51.58	55	50	1.10261	118.44
79	51.58	55	50	1.10261	116.484
80	51.68	55	50	1.11808	113.271
81	51.7	55	51	1.09637	112.663
82	51.7	55	51	1.09637	112.092
83	51.72	55	51	1.09249	110.541
84	51.72	55	51	1.09249	108.918
85	51.72	55	51	1.09249	108.918
86	51.72	55	51	1.09249	107.367
87	51.74	55	51	1.08823	107.291
88	51.8	55	51	1.12815	107.822
89	51.82	55	51	1.12259	108.834
90	51.82	55	51	1.12259	108.834
91	51.82	55	51	1.12259	110.487
92	51.82	55	51	1.12259	110.487
93	51.82	55	51	1.12259	110.487
94	51.82	55	51	1.12259	110.487
95	51.82	55	51	1.12259	111.903
96	51.82	55	51	1.12259	111.842
97	51.82	55	51	1.12259	112.331
98	51.85	55	51	1.11351	113.272
99	51.85	55	51	1.11351	113.272
100	51.85	55	51	1.11351	113.506
101	51.85	55	51	1.11351	115.949
102	51.85	55	51	1.11351	115.949
103	51.85	55	51	1.11351	116.434
104	51.85	55	51	1.11351	116.434
105	51.85	55	51	1.11351	114.362
106	51.85	55	51	1.11351	111.663
107	51.85	55	51	1.11351	110.312
108	51.85	55	51	1.11351	110.312
109	51.85	55	51	1.11351	110.312
110	51.85	55	51	1.11351	110.312
111	51.85	55	51	1.11351	110.312
112	51.85	55	51	1.11351	110.312
113	51.85	55	51	1.11351	112.898
114	51.85	55	51	1.11351	112.898
115	51.85	55	51	1.11351	110.203
116	51.85	55	51	1.11351	110.203
117	51.85	55	51	1.11351	110.203
118	51.85	55	51	1.11351	109.4
119	51.85	55	51	1.11351	112.031
120	51.85	55	51	1.11351	112.031
121	51.85	55	51	1.11351	112.031
122	51.85	55	51	1.11351	112.031
123	51.85	55	51	1.11351	114.307
124	51.85	55	51	1.11351	114.307
125	51.85	55	51	1.11351	114.307
126	51.87	55	51	1.10696	114.121
127	51.87	55	51	1.10696	114.121
128	51.95	55	51	1.1404	110.866
129	51.95	55	51	1.1404	110.006
130	51.97	55	51	1.13222	110.302
131	51.97	55	51	1.13222	110.302
132	52.06	55	51	1.17051	110.911
133	52.06	55	51	1.17051	110.911
134	52.06	55	51	1.17051	110.911
135	52.06	55	51	1.17051	110.911
136	52.08	55	51	1.16063	111.371
137	52.1	55	51	1.15032	111.573
138	52.1	55	51	1.15032	111.573
139	52.1	55	51	1.15032	111.573
140	52.1	55	51	1.15032	110.982
141	52.1	55	51	1.15032	110.982
142	52.1	55	51	1.15032	110.982
143	52.1	55	51	1.15032	110.982
144	52.1	55	51	1.15032	108.203
145	52.1	55	51	1.15032	110.781
146	52.1	55	51	1.15032	110.781
147	52.12	55	51	1.13955	109.798
148	52.12	55	51	1.13955	109.798
149	52.12	55	51	1.13955	109.798
150	52.12	55	51	1.13955	112.759
151	52.15	55	51	1.12254	112.381
152	52.17	55	51	1.1106	112.847
153	52.17	55	51	1.1106	112.847
154	52.17	55	51	1.1106	110.608
155	52.19	55	51	1.09816	113.667
156	52.19	55	51	1.09816	113.667
157	52.19	55	51	1.09816	113.667
158	52.19	55	51	1.09816	113.667
159	52.19	55	51	1.09816	113.667
160	52.21	55	51	1.08521	118.179
161	52.27	55	51	1.09963	117.17
162	52.35	55	51	1.14922	120.764
163	52.37	55	51	1.134	123.034
164	52.39	55	51	1.11821	123.204
165	52.41	55	51	1.10183	125.152
166	52.41	55	51	1.10183	125.152
167	52.43	55	51	1.08483	125.944
168	52.43	55	51	1.08483	125.944
169	52.43	55	51	1.08483	125.944
170	52.43	55	51	1.08483	123.546
171	52.43	55	51	1.08483	124.045
172	52.43	55	51	1.08483	124.045
173	52.43	55	51	1.08483	126.735
174	52.43	55	51	1.08483	126.735
175	52.52	55	51	1.08693	128.278
176	52.54	55	51	1.06761	130.537
177	52.56	55	51	1.04756	131.748
178	52.58	55	51	1.02671	129.032
179	52.58	55	51	1.02671	129.032
180	52.58	55	51	1.02671	129.184
181	52.64	55	51	1.0202	129.674
182	52.64	55	51	1.0202	132.977
183	52.64	55	51	1.0202	132.977
184	52.66	55	51	0.997168	129.184
185	52.67	55	52	0.985296	128.342
186	52.67	55	52	0.985296	130.339
187	52.67	55	52	0.985296	130.339
188	52.67	55	52	0.985296	130.339
189	52.67	55	52	0.985296	130.339
190	52.67	55	52	0.985296	130.339
191	52.76	55	52	1.05524	129.879
192	52.78	55	52	1.05006	132.662
193	52.78	55	52	1.05006	130.13
194	52.78	55	52	1.05006	130.13
195	52.78	55	52	1.05006	130.13
196	52.78	55	52	1.05006	130.13
197	52.82	55	52	1.05773	131.096
198	52.86	55	52	1.06382	132.451
199	52.86	55	52	1.06382	132.451
200	52.86	55	52	1.06382	132.451
201	52.86	55	52	1.06382	131.928
202	52.86	55	52	1.06382	131.614
203	52.91	55	52	1.06453	129.738
204	52.91	55	52	1.06453	129.738
205	52.91	55	52	1.06453	130.151
206	52.91	55	52	1.06453	130.151
207	52.91	55	52	1.06453	130.151
208	52.91	55	52	1.06453	130.151
209	52.91	55	52	1.06453	130.151
210	52.91	55	52	1.06453	130.151
211	52.95	55	52	1.06719	129.208
212	52.99	55	52	1.06832	128.173
213	52.99	55	52	1.06832	128.173
214	52.99	55	52	1.06832	128.173
215	53.05	55	52	1.09522	126.76
216	53.05	55	52	1.09522	126.76
217	53.05	55	52	1.09522	126.76
218	53.05	55	52	1.09522	126.76
219	53.05	55	52	1.09522	126.76
220	53.05	55	52	1.09522	126.76
221	53.05	55	52	1.09522	126.76
222	53.05	55	52	1.09522	126.76
223	53.05	55	52	1.09522	126.76
224	53.05	55	52	1.09522	126.76
225	53.05	55	52	1.09522	126.76
226	53.09	55	52	1.09263	130.1
227	53.09	55	52	1.09263	130.02
228	53.09	55	52	1.09263	130.02
229	53.09	55	52	1.09263	130.02
230	53.09	55	52	1.09263	130.02
231	53.09	55	52	1.09263	128.99
232	53.09	55	52	1.09263	128.99
233	53.09	55	52	1.09263	128.872
234	53.09	55	52	1.09263	128.872
235	53.09	55	52	1.09263	128.489
236	53.09	55	52	1.09263	128.489
237	53.09	55	52	1.09263	128.489
238	53.09	55	52	1.09263	128.489
239	53.09	55	52	1.09263	128.188
240	53.09	55	52	1.09263	128.188
241	53.09	55	52	1.09263	128.188
242	53.09	55	52	1.09263	128.188
243	53.13	55	52	1.08855	131.133
244	53.17	55	52	1.08297	131.671
245	53.17	55	52	1.08297	130.771
246	53.17	55	52	1.08297	130.771
247	53.17	55	52	1.08297	129.68
248	53.17	55	52	1.08297	129.68
249	53.17	55	52	1.08297	128.364
250	53.21	55	52	1.07586	127.524
251	53.21	55	52	1.07586	129.028
252	53.21	55	52	1.07586	129.307
253	53.21	55	52	1.07586	129.307
254	53.27	55	52	1.09041	126.714
255	53.27	55	52	1.09041	126.714
256	53.27	55	52	1.09041	126.432
257	53.27	55	52	1.09041	126.432
258	53.27	55	52	1.09041	126.432
259	53.27	55	52	1.09041	126.432
260	53.27	55	52	1.09041	126.432
261	53.27	55	52	1.09041	126.432
262	53.33	55	52	1.0736	127.572
263	53.33	55	52	1.0736	127.572
264	53.37	55	52	1.06035	124.64
265	53.37	55	52	1.06035	124.64
266	53.37	55	52	1.06035	124.64
267	53.37	55	52	1.06035	124.64
268	53.37	55	52	1.06035	126.996
269	53.43	55	52	1.06605	129.291
270	53.47	55	52	1.04886	129.494
271	53.47	55	52	1.04886	129.494
272	53.47	55	52	1.04886	129.494
273	53.47	55	52	1.04886	129.494
274	53.51	55	52	1.02981	129.581
275	53.51	55	52	1.02981	129.581
276	53.53	55	52	1.0096	129.873
277	53.53	55	52	1.0096	129.873
278	53.53	55	52	1.0096	129.873
279	53.53	55	52	1.0096	129.873
280	53.53	55	52	1.0096	131.582
281	53.53	55	52	1.0096	131.582
282	53.53	55	52	1.0096	135.315
283	53.53	55	52	1.0096	135.315
284	53.53	55	52	1.0096	131.372
285	53.53	55	52	1.0096	131.372
286	53.53	55	52	1.0096	131.372
287	53.53	55	52	1.0096	131.372
288	53.53	55	52	1.0096	131.372
289	53.55	55	52	0.988571	131.518
290	53.55	55	52	0.988571	131.518
291	53.55	55	52	0.988571	131.518
292	53.55	55	52	0.988571	131.518
293	53.55	55	52	0.988571	131.518
294	53.55	55	52	0.988571	131.518
295	53.55	55	52	0.988571	131.518
296	53.55	55	52	0.988571	131.518
297	53.55	55	52	0.988571	131.518
298	53.55	55	52	0.988571	131.518
299	53.55	55	52	0.988571	131.518
300	53.55	55	52	0.988571	131.518
301	53.59	55	52	0.964993	130.962
302	53.63	55	52	0.939106	131.374
303	53.63	55	52	0.939106	131.374
304	53.63	55	52	0.939106	133.77
305	53.63	55	52	0.939106	133.77
306	53.63	55	52	0.939106	133.77
307	53.63	55	52	0.939106	133.77
308	53.67	55	52	0.910711	133.107
309	53.69	55	52	0.884148	130.796
310	53.69	55	52	0.884148	128.363
311	53.69	55	52	0.884148	128.363
312	53.69	55	52	0.884148	128.363
313	53.73	55	52	0.851084	128.704
314	53.73	55	52	0.851084	128.704
315	53.73	55	52	0.851084	128.704
316	53.77	55	52	0.814701	125.768
317	53.77	55	52	0.814701	125.768
318	53.77	55	52	0.814701	128.474
319	53.77	55	52	0.814701	128.474
320	53.77	55	52	0.814701	128.474
321	53.77	55	52	0.814701	128.474
322	53.77	55	52	0.814701	128.474
323	53.77	55	52	0.814701	128.474
324	53.77	55	52	0.814701	128.474
325	53.77	55	52	0.814701	128.474
326	53.77	55	52	0.814701	128.474
327	53.77	55	52	0.814701	128.474
328	53.77	55	52	0.814701	128.474
329	53.77	55	52	0.814701	128.474
330	53.77	55	52	0.814701	126.797
331	53.81	55	52	0.774532	125.389
332	53.81	55	52	0.774532	124.593
333	53.81	55	52	0.774532	124.593
334	53.81	55	52	0.774532	124.593
335	53.85	55	52	0.729951	124.826
336	53.85	55	52	0.729951	124.826
337	53.85	55	52	0.729951	123.449
338	53.85	55	52	0.729951	123.449
339	53.89	55	52	0.680092	123.568
340	53.95	55	52	0.592461	123.215
341	53.95	55	52	0.592461	123.215
342	53.95	55	52	0.592461	123.215
343	53.95	55	52	0.592461	123.215
344	53.97	55	53	0.540389	123.244
345	53.97	55	53	0.540389	123.244
346	53.97	55	53	0.540389	123.244
347	53.97	55	53	0.540389	123.244
348	53.97	55	53	0.540389	123.244
349	53.97	55	53	0.540389	123.244
350	53.99	55	53	0.522136	123.73
351	53.99	55	53	0.522136	123.73
352	53.99	55	53	0.522136	123.73
353	53.99	55	53	0.522136	123.73
354	53.99	55	53	0.522136	123.73
355	53.99	55	53	0.522136	123.73
356	54.05	56	53	0.57516	126.778
357	54.05	56	53	0.57516	126.778
358	54.05	56	53	0.57516	126.778
359	54.05	56	53	0.57516	126.778
360	54.05	56	53	0.57516	126.778
361	54.05	56	53	0.57516	126.778
362	54.05	56	53	0.57516	126.778
363	54.05	56	53	0.57516	126.778
364	54.05	56	53	0.57516	126.778
365	54.05	56	53	0.57516	126.778
366	54.05	56	53	0.57516	126.778
367	54.05	56	53	0.57516	126.778
368	54.05	56	53	0.57516	126.778
369	54.07	56	53	0.555141	126.577
370	54.07	56	53	0.555141	126.577
371	54.07	56	53	0.555141	126.577
372	54.07	56	53	0.555141	126.577
373	54.07	56	53	0.555141	126.577
374	54.07	56	53	0.555141	126.577
375	54.09	56	53	0.533618	124.895
376	54.09	56	53	0.533618	124.895
377	54.09	56	53	0.533618	124.895
378	54.09	56	53	0.533618	124.895
379	54.09	56	53	0.533618	124.895
380	54.09	56	53	0.533618	124.895
381	54.09	56	53	0.533618	124.895
382	54.09	56	53	0.533618	124.895
383	54.11	56	53	0.510397	126.266
384	54.11	56	53	0.510397	126.266
385	54.13	56	53	0.485237	126.657
386	54.13	56	53	0.485237	126.657
387	54.13	56	53	0.485237	126.657
388	54.13	56	53	0.485237	126.657
389	54.13	56	53	0.485237	126.657
390	54.13	56	53	0.485237	131.212
391	54.15	56	53	0.457817	127.427
392	54.15	56	53	0.457817	127.427
393	54.15	56	53	0.457817	127.427
394	54.15	56	53	0.457817	127.427
395	54.15	56	53	0.457817	127.427
396	54.15	56	53	0.457817	127.427
397	54.15	56	53	0.457817	127.427
398	54.15	56	53	0.457817	127.427
399	54.15	56	53	0.457817	127.427
400	54.15	56	53	0.457817	127.427
401	54.15	56	53	0.457817	127.427
402	54.15	56	53	0.457817	127.427
403	54.15	56	53	0.457817	127.427
404	54.21	56	54	0.498381	128.107
405	54.21	56	54	0.498381	128.107
406	54.21	56	54	0.498381	128.107
407	54.21	56	54	0.498381	128.107
408	54.21	56	54	0.498381	128.107
409	54.21	56	54	0.498381	128.107
410	54.21	56	54	0.498381	128.107
411	54.21	56	54	0.498381	128.107
412	54.21	56	54	0.498381	128.107
413	54.21	56	54	0.498381	130.449
414	54.21	56	54	0.498381	130.449
415	54.21	56	54	0.498381	130.449
416	54.21	56	54	0.498381	130.507
417	54.21	56	54	0.498381	130.525
418	54.21	56	54	0.498381	130.525
419	54.21	56	54	0.498381	130.525
420	54.21	56	54	0.498381	130.525
421	54.21	56	54	0.498381	130.525
422	54.23	56	54	0.509605	131.562
423	54.23	56	54	0.509605	131.562
424	54.23	56	54	0.509605	131.562
425	54.23	56	54	0.509605	131.562
426	54.23	56	54	0.509605	131.361
427	54.23	56	54	0.509605	131.361
428	54.23	56	54	0.509605	129.766
429	54.23	56	54	0.509605	129.766
430	54.23	56	54	0.509605	129.766
431	54.23	56	54	0.509605	129.766
432	54.23	56	54	0.509605	129.766
433	54.23	56	54	0.509605	129.766
434	54.23	56	54	0.509605	129.761
435	54.23	56	54	0.509605	129.761
436	54.23	56	54	0.509605	129.761
437	54.23	56	54	0.509605	129.761
438	54.23	56	54	0.509605	131.464
439	54.23	56	54	0.509605	131.464
440	54.23	56	54	0.509605	131.464
441	54.23	56	54	0.509605	129.68
442	54.23	56	54	0.509605	129.68
443	54.23	56	54	0.509605	129.68
444	54.23	56	54	0.509605	129.68
445	54.23	56	54	0.509605	129.68
446	54.23	56	54	0.509605	129.68
447	54.23	56	54	0.509605	129.68
448	54.23	56	54	0.509605	129.68
449	54.23	56	54	0.509605	129.68
450	54.23	56	54	0.509605	129.68
451	54.23	56	54	0.509605	129.68
452	54.23	56	54	0.509605	132.081
453	54.23	56	54	0.509605	132.081
454	54.23	56	54	0.509605	130.959
455	54.23	56	54	0.509605	130.959
456	54.23	56	54	0.509605	130.959
457	54.23	56	54	0.509605	130.959
458	54.23	56	54	0.509605	130.959
459	54.23	56	54	0.509605	130.959
460	54.23	56	54	0.509605	130.959
461	54.23	56	54	0.509605	130.176
462	54.23	56	54	0.509605	130.176
463	54.23	56	54	0.509605	130.176
464	54.23	56	54	0.509605	130.176
465	54.23	56	54	0.509605	128.32
466	54.23	56	54	0.509605	128.32
467	54.23	56	54	0.509605	128.32
468	54.23	56	54	0.509605	128.32
469	54.23	56	54	0.509605	128.32
470	54.23	56	54	0.509605	128.32
471	54.23	56	54	0.509605	128.32
472	54.23	56	54	0.509605	128.32
473	54.23	56	54	0.509605	128.32
474	54.23	56	54	0.509605	128.32
475	54.23	56	54	0.509605	128.933
476	54.23	56	54	0.509605	128.933
477	54.23	56	54	0.509605	128.933
478	54.23	56	54	0.509605	128.933
479	54.23	56	54	0.509605	128.933
480	54.23	56	54	0.509605	128.933
481	54.23	56	54	0.509605	128.933
482	54.23	56	54	0.509605	128.251
483	54.23	56	54	0.509605	128.667
484	54.23	56	54	0.509605	128.667
485	54.23	56	54	0.509605	128.667
486	54.23	56	54	0.509605	128.667
487	54.23	56	54	0.509605	128.667
488	54.23	56	54	0.509605	128.667
489	54.23	56	54	0.509605	132.665
490	54.23	56	54	0.509605	132.665
491	54.23	56	54	0.509605	132.665
492	54.23	56	54	0.509605	132.665
493	54.23	56	54	0.509605	132.665
494	54.23	56	54	0.509605	132.665
495	54.23	56	54	0.509605	135.827
496	54.23	56	54	0.509605	135.827
497	54.23	56	54	0.509605	135.827
498	54.23	56	54	0.509605	135.919
499	54.23	56	54	0.509605	135.919
500	54.23	56	54	0.509605	135.919
